
APPLY DATE and TIME
------------------------------
11-27-2024 10:06:02


NAME	  OPEN_MODE	       DATABASE_ROLE
--------- -------------------- ----------------
GINESYS   MOUNTED	       PRIMARY


Archive Applied
------------------------------------------------------------------------
Last Archive Sequence Applied : 290809

ORA-00279: change 102042190098 generated at 11/27/2024 09:04:01 needed for
thread 1
ORA-00289: suggestion :
/arch/GINESYS/archivelog/2024_11_27/o1_mf_1_290810_mnf40xyq_.arc
ORA-00280: change 102042190098 for thread 1 is in sequence #290810


ORA-00279: change 102042364924 generated at 11/27/2024 09:06:01 needed for
thread 1
ORA-00289: suggestion :
/arch/GINESYS/archivelog/2024_11_27/o1_mf_1_290811_mnf44o5w_.arc
ORA-00280: change 102042364924 for thread 1 is in sequence #290811
ORA-00278: log file
'/arch/GINESYS/archivelog/2024_11_27/o1_mf_1_290810_mnf40xyq_.arc' no longer
needed for this recovery


ORA-00279: change 102042491987 generated at 11/27/2024 09:08:01 needed for
thread 1
ORA-00289: suggestion :
/arch/GINESYS/archivelog/2024_11_27/o1_mf_1_290812_mnf48f9m_.arc
ORA-00280: change 102042491987 for thread 1 is in sequence #290812
ORA-00278: log file
'/arch/GINESYS/archivelog/2024_11_27/o1_mf_1_290811_mnf44o5w_.arc' no longer
needed for this recovery


ORA-00279: change 102042497768 generated at 11/27/2024 09:10:01 needed for
thread 1
ORA-00289: suggestion :
/arch/GINESYS/archivelog/2024_11_27/o1_mf_1_290813_mnf4d60h_.arc
ORA-00280: change 102042497768 for thread 1 is in sequence #290813
ORA-00278: log file
'/arch/GINESYS/archivelog/2024_11_27/o1_mf_1_290812_mnf48f9m_.arc' no longer
needed for this recovery


ORA-00279: change 102042508402 generated at 11/27/2024 09:12:02 needed for
thread 1
ORA-00289: suggestion :
/arch/GINESYS/archivelog/2024_11_27/o1_mf_1_290814_mnf4hx2r_.arc
ORA-00280: change 102042508402 for thread 1 is in sequence #290814
ORA-00278: log file
'/arch/GINESYS/archivelog/2024_11_27/o1_mf_1_290813_mnf4d60h_.arc' no longer
needed for this recovery


ORA-00279: change 102042549706 generated at 11/27/2024 09:14:01 needed for
thread 1
ORA-00289: suggestion :
/arch/GINESYS/archivelog/2024_11_27/o1_mf_1_290815_mnf4m2nb_.arc
ORA-00280: change 102042549706 for thread 1 is in sequence #290815
ORA-00278: log file
'/arch/GINESYS/archivelog/2024_11_27/o1_mf_1_290814_mnf4hx2r_.arc' no longer
needed for this recovery


ORA-00279: change 102042650838 generated at 11/27/2024 09:15:42 needed for
thread 1
ORA-00289: suggestion :
/arch/GINESYS/archivelog/2024_11_27/o1_mf_1_290816_mnf4moc4_.arc
ORA-00280: change 102042650838 for thread 1 is in sequence #290816
ORA-00278: log file
'/arch/GINESYS/archivelog/2024_11_27/o1_mf_1_290815_mnf4m2nb_.arc' no longer
needed for this recovery


ORA-00279: change 102042686526 generated at 11/27/2024 09:16:01 needed for
thread 1
ORA-00289: suggestion :
/arch/GINESYS/archivelog/2024_11_27/o1_mf_1_290817_mnf4nmth_.arc
ORA-00280: change 102042686526 for thread 1 is in sequence #290817
ORA-00278: log file
'/arch/GINESYS/archivelog/2024_11_27/o1_mf_1_290816_mnf4moc4_.arc' no longer
needed for this recovery


ORA-00279: change 102042915655 generated at 11/27/2024 09:16:31 needed for
thread 1
ORA-00289: suggestion :
/arch/GINESYS/archivelog/2024_11_27/o1_mf_1_290818_mnf4qfsn_.arc
ORA-00280: change 102042915655 for thread 1 is in sequence #290818
ORA-00278: log file
'/arch/GINESYS/archivelog/2024_11_27/o1_mf_1_290817_mnf4nmth_.arc' no longer
needed for this recovery


ORA-00279: change 102042971555 generated at 11/27/2024 09:18:01 needed for
thread 1
ORA-00289: suggestion :
/arch/GINESYS/archivelog/2024_11_27/o1_mf_1_290819_mnf4v586_.arc
ORA-00280: change 102042971555 for thread 1 is in sequence #290819
ORA-00278: log file
'/arch/GINESYS/archivelog/2024_11_27/o1_mf_1_290818_mnf4qfsn_.arc' no longer
needed for this recovery


ORA-00279: change 102042984221 generated at 11/27/2024 09:20:01 needed for
thread 1
ORA-00289: suggestion :
/arch/GINESYS/archivelog/2024_11_27/o1_mf_1_290820_mnf4yx2t_.arc
ORA-00280: change 102042984221 for thread 1 is in sequence #290820
ORA-00278: log file
'/arch/GINESYS/archivelog/2024_11_27/o1_mf_1_290819_mnf4v586_.arc' no longer
needed for this recovery


ORA-00279: change 102043134297 generated at 11/27/2024 09:22:01 needed for
thread 1
ORA-00289: suggestion :
/arch/GINESYS/archivelog/2024_11_27/o1_mf_1_290821_mnf52ov3_.arc
ORA-00280: change 102043134297 for thread 1 is in sequence #290821
ORA-00278: log file
'/arch/GINESYS/archivelog/2024_11_27/o1_mf_1_290820_mnf4yx2t_.arc' no longer
needed for this recovery


ORA-00279: change 102043281722 generated at 11/27/2024 09:24:01 needed for
thread 1
ORA-00289: suggestion :
/arch/GINESYS/archivelog/2024_11_27/o1_mf_1_290822_mnf56fv2_.arc
ORA-00280: change 102043281722 for thread 1 is in sequence #290822
ORA-00278: log file
'/arch/GINESYS/archivelog/2024_11_27/o1_mf_1_290821_mnf52ov3_.arc' no longer
needed for this recovery


ORA-00279: change 102043346316 generated at 11/27/2024 09:26:01 needed for
thread 1
ORA-00289: suggestion :
/arch/GINESYS/archivelog/2024_11_27/o1_mf_1_290823_mnf5b528_.arc
ORA-00280: change 102043346316 for thread 1 is in sequence #290823
ORA-00278: log file
'/arch/GINESYS/archivelog/2024_11_27/o1_mf_1_290822_mnf56fv2_.arc' no longer
needed for this recovery


ORA-00279: change 102043364032 generated at 11/27/2024 09:28:01 needed for
thread 1
ORA-00289: suggestion :
/arch/GINESYS/archivelog/2024_11_27/o1_mf_1_290824_mnf5fy60_.arc
ORA-00280: change 102043364032 for thread 1 is in sequence #290824
ORA-00278: log file
'/arch/GINESYS/archivelog/2024_11_27/o1_mf_1_290823_mnf5b528_.arc' no longer
needed for this recovery


ORA-00279: change 102043376827 generated at 11/27/2024 09:30:02 needed for
thread 1
ORA-00289: suggestion :
/arch/GINESYS/archivelog/2024_11_27/o1_mf_1_290825_mnf5ko50_.arc
ORA-00280: change 102043376827 for thread 1 is in sequence #290825
ORA-00278: log file
'/arch/GINESYS/archivelog/2024_11_27/o1_mf_1_290824_mnf5fy60_.arc' no longer
needed for this recovery


ORA-00279: change 102043390804 generated at 11/27/2024 09:32:01 needed for
thread 1
ORA-00289: suggestion :
/arch/GINESYS/archivelog/2024_11_27/o1_mf_1_290826_mnf5ofy2_.arc
ORA-00280: change 102043390804 for thread 1 is in sequence #290826
ORA-00278: log file
'/arch/GINESYS/archivelog/2024_11_27/o1_mf_1_290825_mnf5ko50_.arc' no longer
needed for this recovery


ORA-00279: change 102043396931 generated at 11/27/2024 09:34:01 needed for
thread 1
ORA-00289: suggestion :
/arch/GINESYS/archivelog/2024_11_27/o1_mf_1_290827_mnf5s5o5_.arc
ORA-00280: change 102043396931 for thread 1 is in sequence #290827
ORA-00278: log file
'/arch/GINESYS/archivelog/2024_11_27/o1_mf_1_290826_mnf5ofy2_.arc' no longer
needed for this recovery


ORA-00279: change 102043403026 generated at 11/27/2024 09:36:01 needed for
thread 1
ORA-00289: suggestion :
/arch/GINESYS/archivelog/2024_11_27/o1_mf_1_290828_mnf5wxqy_.arc
ORA-00280: change 102043403026 for thread 1 is in sequence #290828
ORA-00278: log file
'/arch/GINESYS/archivelog/2024_11_27/o1_mf_1_290827_mnf5s5o5_.arc' no longer
needed for this recovery


ORA-00279: change 102043469273 generated at 11/27/2024 09:38:01 needed for
thread 1
ORA-00289: suggestion :
/arch/GINESYS/archivelog/2024_11_27/o1_mf_1_290829_mnf60oc9_.arc
ORA-00280: change 102043469273 for thread 1 is in sequence #290829
ORA-00278: log file
'/arch/GINESYS/archivelog/2024_11_27/o1_mf_1_290828_mnf5wxqy_.arc' no longer
needed for this recovery


ORA-00279: change 102043666318 generated at 11/27/2024 09:40:01 needed for
thread 1
ORA-00289: suggestion :
/arch/GINESYS/archivelog/2024_11_27/o1_mf_1_290830_mnf64g5m_.arc
ORA-00280: change 102043666318 for thread 1 is in sequence #290830
ORA-00278: log file
'/arch/GINESYS/archivelog/2024_11_27/o1_mf_1_290829_mnf60oc9_.arc' no longer
needed for this recovery


ORA-00279: change 102043784985 generated at 11/27/2024 09:42:02 needed for
thread 1
ORA-00289: suggestion :
/arch/GINESYS/archivelog/2024_11_27/o1_mf_1_290831_mnf685yw_.arc
ORA-00280: change 102043784985 for thread 1 is in sequence #290831
ORA-00278: log file
'/arch/GINESYS/archivelog/2024_11_27/o1_mf_1_290830_mnf64g5m_.arc' no longer
needed for this recovery


ORA-00279: change 102043792855 generated at 11/27/2024 09:44:01 needed for
thread 1
ORA-00289: suggestion :
/arch/GINESYS/archivelog/2024_11_27/o1_mf_1_290832_mnf6cxqw_.arc
ORA-00280: change 102043792855 for thread 1 is in sequence #290832
ORA-00278: log file
'/arch/GINESYS/archivelog/2024_11_27/o1_mf_1_290831_mnf685yw_.arc' no longer
needed for this recovery


ORA-00279: change 102043800722 generated at 11/27/2024 09:46:01 needed for
thread 1
ORA-00289: suggestion :
/arch/GINESYS/archivelog/2024_11_27/o1_mf_1_290833_mnf6hokc_.arc
ORA-00280: change 102043800722 for thread 1 is in sequence #290833
ORA-00278: log file
'/arch/GINESYS/archivelog/2024_11_27/o1_mf_1_290832_mnf6cxqw_.arc' no longer
needed for this recovery


ORA-00279: change 102043819962 generated at 11/27/2024 09:48:01 needed for
thread 1
ORA-00289: suggestion :
/arch/GINESYS/archivelog/2024_11_27/o1_mf_1_290834_mnf6mfd4_.arc
ORA-00280: change 102043819962 for thread 1 is in sequence #290834
ORA-00278: log file
'/arch/GINESYS/archivelog/2024_11_27/o1_mf_1_290833_mnf6hokc_.arc' no longer
needed for this recovery


ORA-00279: change 102043825970 generated at 11/27/2024 09:50:01 needed for
thread 1
ORA-00289: suggestion :
/arch/GINESYS/archivelog/2024_11_27/o1_mf_1_290835_mnf6q52s_.arc
ORA-00280: change 102043825970 for thread 1 is in sequence #290835
ORA-00278: log file
'/arch/GINESYS/archivelog/2024_11_27/o1_mf_1_290834_mnf6mfd4_.arc' no longer
needed for this recovery


ORA-00279: change 102043857551 generated at 11/27/2024 09:52:01 needed for
thread 1
ORA-00289: suggestion :
/arch/GINESYS/archivelog/2024_11_27/o1_mf_1_290836_mnf6ty0v_.arc
ORA-00280: change 102043857551 for thread 1 is in sequence #290836
ORA-00278: log file
'/arch/GINESYS/archivelog/2024_11_27/o1_mf_1_290835_mnf6q52s_.arc' no longer
needed for this recovery


ORA-00279: change 102043871888 generated at 11/27/2024 09:54:02 needed for
thread 1
ORA-00289: suggestion :
/arch/GINESYS/archivelog/2024_11_27/o1_mf_1_290837_mnf6yod1_.arc
ORA-00280: change 102043871888 for thread 1 is in sequence #290837
ORA-00278: log file
'/arch/GINESYS/archivelog/2024_11_27/o1_mf_1_290836_mnf6ty0v_.arc' no longer
needed for this recovery


ORA-00279: change 102043983786 generated at 11/27/2024 09:56:01 needed for
thread 1
ORA-00289: suggestion :
/arch/GINESYS/archivelog/2024_11_27/o1_mf_1_290838_mnf72f29_.arc
ORA-00280: change 102043983786 for thread 1 is in sequence #290838
ORA-00278: log file
'/arch/GINESYS/archivelog/2024_11_27/o1_mf_1_290837_mnf6yod1_.arc' no longer
needed for this recovery


ORA-00279: change 102044190724 generated at 11/27/2024 09:58:01 needed for
thread 1
ORA-00289: suggestion :
/arch/GINESYS/archivelog/2024_11_27/o1_mf_1_290839_mnf765y7_.arc
ORA-00280: change 102044190724 for thread 1 is in sequence #290839
ORA-00278: log file
'/arch/GINESYS/archivelog/2024_11_27/o1_mf_1_290838_mnf72f29_.arc' no longer
needed for this recovery


ORA-00279: change 102044276508 generated at 11/27/2024 10:00:01 needed for
thread 1
ORA-00289: suggestion :
/arch/GINESYS/archivelog/2024_11_27/o1_mf_1_290840_mnf79xx0_.arc
ORA-00280: change 102044276508 for thread 1 is in sequence #290840
ORA-00278: log file
'/arch/GINESYS/archivelog/2024_11_27/o1_mf_1_290839_mnf765y7_.arc' no longer
needed for this recovery


ORA-00279: change 102044295479 generated at 11/27/2024 10:02:01 needed for
thread 1
ORA-00289: suggestion :
/arch/GINESYS/archivelog/2024_11_27/o1_mf_1_290841_mnf7forl_.arc
ORA-00280: change 102044295479 for thread 1 is in sequence #290841
ORA-00278: log file
'/arch/GINESYS/archivelog/2024_11_27/o1_mf_1_290840_mnf79xx0_.arc' no longer
needed for this recovery


ORA-00279: change 102044323538 generated at 11/27/2024 10:04:01 needed for
thread 1
ORA-00289: suggestion :
/arch/GINESYS/archivelog/2024_11_27/o1_mf_1_290842_mnf7glsc_.arc
ORA-00280: change 102044323538 for thread 1 is in sequence #290842
ORA-00278: log file
'/arch/GINESYS/archivelog/2024_11_27/o1_mf_1_290841_mnf7forl_.arc' no longer
needed for this recovery


ORA-00279: change 102044419005 generated at 11/27/2024 10:04:30 needed for
thread 1
ORA-00289: suggestion :
/arch/GINESYS/archivelog/2024_11_27/o1_mf_1_290843_mnf7gpxn_.arc
ORA-00280: change 102044419005 for thread 1 is in sequence #290843
ORA-00278: log file
'/arch/GINESYS/archivelog/2024_11_27/o1_mf_1_290842_mnf7glsc_.arc' no longer
needed for this recovery


ORA-00279: change 102044518965 generated at 11/27/2024 10:04:34 needed for
thread 1
ORA-00289: suggestion :
/arch/GINESYS/archivelog/2024_11_27/o1_mf_1_290844_%u_.arc
ORA-00280: change 102044518965 for thread 1 is in sequence #290844
ORA-00278: log file
'/arch/GINESYS/archivelog/2024_11_27/o1_mf_1_290843_mnf7gpxn_.arc' no longer
needed for this recovery


ORA-00308: cannot open archived log
'/arch/GINESYS/archivelog/2024_11_27/o1_mf_1_290844_%u_.arc'
ORA-27037: unable to obtain file status
Linux-x86_64 Error: 2: No such file or directory
Additional information: 3



Archive Applied
------------------------------------------------------------------------
Last Archive Sequence Applied : 290843


Finished DATE and TIME
------------------------------
11-27-2024 10:07:54

