
APPLY DATE and TIME
------------------------------
12-31-2024 14:06:01


NAME	  OPEN_MODE	       DATABASE_ROLE
--------- -------------------- ----------------
GINESYS   MOUNTED	       PRIMARY


Archive Applied
------------------------------------------------------------------------
Last Archive Sequence Applied : 320920

ORA-00279: change 104372011969 generated at 12/31/2024 13:04:01 needed for
thread 1
ORA-00289: suggestion :
/arch/GINESYS/archivelog/2024_12_31/o1_mf_1_320921_mq76t0dg_.arc
ORA-00280: change 104372011969 for thread 1 is in sequence #320921


ORA-00279: change 104372107152 generated at 12/31/2024 13:05:32 needed for
thread 1
ORA-00289: suggestion :
/arch/GINESYS/archivelog/2024_12_31/o1_mf_1_320922_mq76txdj_.arc
ORA-00280: change 104372107152 for thread 1 is in sequence #320922
ORA-00278: log file
'/arch/GINESYS/archivelog/2024_12_31/o1_mf_1_320921_mq76t0dg_.arc' no longer
needed for this recovery


ORA-00279: change 104372108147 generated at 12/31/2024 13:06:01 needed for
thread 1
ORA-00289: suggestion :
/arch/GINESYS/archivelog/2024_12_31/o1_mf_1_320923_mq76yohq_.arc
ORA-00280: change 104372108147 for thread 1 is in sequence #320923
ORA-00278: log file
'/arch/GINESYS/archivelog/2024_12_31/o1_mf_1_320922_mq76txdj_.arc' no longer
needed for this recovery


ORA-00279: change 104372196707 generated at 12/31/2024 13:08:01 needed for
thread 1
ORA-00289: suggestion :
/arch/GINESYS/archivelog/2024_12_31/o1_mf_1_320924_mq772f7h_.arc
ORA-00280: change 104372196707 for thread 1 is in sequence #320924
ORA-00278: log file
'/arch/GINESYS/archivelog/2024_12_31/o1_mf_1_320923_mq76yohq_.arc' no longer
needed for this recovery


ORA-00279: change 104372461234 generated at 12/31/2024 13:10:01 needed for
thread 1
ORA-00289: suggestion :
/arch/GINESYS/archivelog/2024_12_31/o1_mf_1_320925_mq774zpr_.arc
ORA-00280: change 104372461234 for thread 1 is in sequence #320925
ORA-00278: log file
'/arch/GINESYS/archivelog/2024_12_31/o1_mf_1_320924_mq772f7h_.arc' no longer
needed for this recovery


ORA-00279: change 104372563267 generated at 12/31/2024 13:11:23 needed for
thread 1
ORA-00289: suggestion :
/arch/GINESYS/archivelog/2024_12_31/o1_mf_1_320926_mq7756rf_.arc
ORA-00280: change 104372563267 for thread 1 is in sequence #320926
ORA-00278: log file
'/arch/GINESYS/archivelog/2024_12_31/o1_mf_1_320925_mq774zpr_.arc' no longer
needed for this recovery


ORA-00279: change 104372663254 generated at 12/31/2024 13:11:30 needed for
thread 1
ORA-00289: suggestion :
/arch/GINESYS/archivelog/2024_12_31/o1_mf_1_320927_mq775fj1_.arc
ORA-00280: change 104372663254 for thread 1 is in sequence #320927
ORA-00278: log file
'/arch/GINESYS/archivelog/2024_12_31/o1_mf_1_320926_mq7756rf_.arc' no longer
needed for this recovery


ORA-00279: change 104372765712 generated at 12/31/2024 13:11:37 needed for
thread 1
ORA-00289: suggestion :
/arch/GINESYS/archivelog/2024_12_31/o1_mf_1_320928_mq77658d_.arc
ORA-00280: change 104372765712 for thread 1 is in sequence #320928
ORA-00278: log file
'/arch/GINESYS/archivelog/2024_12_31/o1_mf_1_320927_mq775fj1_.arc' no longer
needed for this recovery


ORA-00279: change 104372794574 generated at 12/31/2024 13:12:01 needed for
thread 1
ORA-00289: suggestion :
/arch/GINESYS/archivelog/2024_12_31/o1_mf_1_320929_mq779xhb_.arc
ORA-00280: change 104372794574 for thread 1 is in sequence #320929
ORA-00278: log file
'/arch/GINESYS/archivelog/2024_12_31/o1_mf_1_320928_mq77658d_.arc' no longer
needed for this recovery


ORA-00279: change 104372882529 generated at 12/31/2024 13:14:01 needed for
thread 1
ORA-00289: suggestion :
/arch/GINESYS/archivelog/2024_12_31/o1_mf_1_320930_mq77fobo_.arc
ORA-00280: change 104372882529 for thread 1 is in sequence #320930
ORA-00278: log file
'/arch/GINESYS/archivelog/2024_12_31/o1_mf_1_320929_mq779xhb_.arc' no longer
needed for this recovery


ORA-00279: change 104372890593 generated at 12/31/2024 13:16:01 needed for
thread 1
ORA-00289: suggestion :
/arch/GINESYS/archivelog/2024_12_31/o1_mf_1_320931_mq77kfcs_.arc
ORA-00280: change 104372890593 for thread 1 is in sequence #320931
ORA-00278: log file
'/arch/GINESYS/archivelog/2024_12_31/o1_mf_1_320930_mq77fobo_.arc' no longer
needed for this recovery


ORA-00279: change 104372897705 generated at 12/31/2024 13:18:01 needed for
thread 1
ORA-00289: suggestion :
/arch/GINESYS/archivelog/2024_12_31/o1_mf_1_320932_mq77o5oc_.arc
ORA-00280: change 104372897705 for thread 1 is in sequence #320932
ORA-00278: log file
'/arch/GINESYS/archivelog/2024_12_31/o1_mf_1_320931_mq77kfcs_.arc' no longer
needed for this recovery


ORA-00279: change 104372967667 generated at 12/31/2024 13:20:01 needed for
thread 1
ORA-00289: suggestion :
/arch/GINESYS/archivelog/2024_12_31/o1_mf_1_320933_mq77rxo4_.arc
ORA-00280: change 104372967667 for thread 1 is in sequence #320933
ORA-00278: log file
'/arch/GINESYS/archivelog/2024_12_31/o1_mf_1_320932_mq77o5oc_.arc' no longer
needed for this recovery


ORA-00279: change 104373328194 generated at 12/31/2024 13:22:01 needed for
thread 1
ORA-00289: suggestion :
/arch/GINESYS/archivelog/2024_12_31/o1_mf_1_320934_mq77wor8_.arc
ORA-00280: change 104373328194 for thread 1 is in sequence #320934
ORA-00278: log file
'/arch/GINESYS/archivelog/2024_12_31/o1_mf_1_320933_mq77rxo4_.arc' no longer
needed for this recovery


ORA-00279: change 104373336590 generated at 12/31/2024 13:24:01 needed for
thread 1
ORA-00289: suggestion :
/arch/GINESYS/archivelog/2024_12_31/o1_mf_1_320935_mq780fsr_.arc
ORA-00280: change 104373336590 for thread 1 is in sequence #320935
ORA-00278: log file
'/arch/GINESYS/archivelog/2024_12_31/o1_mf_1_320934_mq77wor8_.arc' no longer
needed for this recovery


ORA-00279: change 104373342155 generated at 12/31/2024 13:26:01 needed for
thread 1
ORA-00289: suggestion :
/arch/GINESYS/archivelog/2024_12_31/o1_mf_1_320936_mq7845gs_.arc
ORA-00280: change 104373342155 for thread 1 is in sequence #320936
ORA-00278: log file
'/arch/GINESYS/archivelog/2024_12_31/o1_mf_1_320935_mq780fsr_.arc' no longer
needed for this recovery


ORA-00279: change 104373358865 generated at 12/31/2024 13:28:01 needed for
thread 1
ORA-00289: suggestion :
/arch/GINESYS/archivelog/2024_12_31/o1_mf_1_320937_mq787x3q_.arc
ORA-00280: change 104373358865 for thread 1 is in sequence #320937
ORA-00278: log file
'/arch/GINESYS/archivelog/2024_12_31/o1_mf_1_320936_mq7845gs_.arc' no longer
needed for this recovery


ORA-00279: change 104373368657 generated at 12/31/2024 13:30:01 needed for
thread 1
ORA-00289: suggestion :
/arch/GINESYS/archivelog/2024_12_31/o1_mf_1_320938_mq78coqh_.arc
ORA-00280: change 104373368657 for thread 1 is in sequence #320938
ORA-00278: log file
'/arch/GINESYS/archivelog/2024_12_31/o1_mf_1_320937_mq787x3q_.arc' no longer
needed for this recovery


ORA-00279: change 104373383962 generated at 12/31/2024 13:32:01 needed for
thread 1
ORA-00289: suggestion :
/arch/GINESYS/archivelog/2024_12_31/o1_mf_1_320939_mq78hfdd_.arc
ORA-00280: change 104373383962 for thread 1 is in sequence #320939
ORA-00278: log file
'/arch/GINESYS/archivelog/2024_12_31/o1_mf_1_320938_mq78coqh_.arc' no longer
needed for this recovery


ORA-00279: change 104373390498 generated at 12/31/2024 13:34:01 needed for
thread 1
ORA-00289: suggestion :
/arch/GINESYS/archivelog/2024_12_31/o1_mf_1_320940_mq78m5wd_.arc
ORA-00280: change 104373390498 for thread 1 is in sequence #320940
ORA-00278: log file
'/arch/GINESYS/archivelog/2024_12_31/o1_mf_1_320939_mq78hfdd_.arc' no longer
needed for this recovery


ORA-00279: change 104373707334 generated at 12/31/2024 13:36:01 needed for
thread 1
ORA-00289: suggestion :
/arch/GINESYS/archivelog/2024_12_31/o1_mf_1_320941_mq78py3z_.arc
ORA-00280: change 104373707334 for thread 1 is in sequence #320941
ORA-00278: log file
'/arch/GINESYS/archivelog/2024_12_31/o1_mf_1_320940_mq78m5wd_.arc' no longer
needed for this recovery


ORA-00279: change 104373728916 generated at 12/31/2024 13:38:02 needed for
thread 1
ORA-00289: suggestion :
/arch/GINESYS/archivelog/2024_12_31/o1_mf_1_320942_mq78tp5g_.arc
ORA-00280: change 104373728916 for thread 1 is in sequence #320942
ORA-00278: log file
'/arch/GINESYS/archivelog/2024_12_31/o1_mf_1_320941_mq78py3z_.arc' no longer
needed for this recovery


ORA-00279: change 104373738348 generated at 12/31/2024 13:40:02 needed for
thread 1
ORA-00289: suggestion :
/arch/GINESYS/archivelog/2024_12_31/o1_mf_1_320943_mq78yfmn_.arc
ORA-00280: change 104373738348 for thread 1 is in sequence #320943
ORA-00278: log file
'/arch/GINESYS/archivelog/2024_12_31/o1_mf_1_320942_mq78tp5g_.arc' no longer
needed for this recovery


ORA-00279: change 104373755937 generated at 12/31/2024 13:42:01 needed for
thread 1
ORA-00289: suggestion :
/arch/GINESYS/archivelog/2024_12_31/o1_mf_1_320944_mq79262l_.arc
ORA-00280: change 104373755937 for thread 1 is in sequence #320944
ORA-00278: log file
'/arch/GINESYS/archivelog/2024_12_31/o1_mf_1_320943_mq78yfmn_.arc' no longer
needed for this recovery


ORA-00279: change 104373773966 generated at 12/31/2024 13:44:02 needed for
thread 1
ORA-00289: suggestion :
/arch/GINESYS/archivelog/2024_12_31/o1_mf_1_320945_mq795xmy_.arc
ORA-00280: change 104373773966 for thread 1 is in sequence #320945
ORA-00278: log file
'/arch/GINESYS/archivelog/2024_12_31/o1_mf_1_320944_mq79262l_.arc' no longer
needed for this recovery


ORA-00279: change 104373776585 generated at 12/31/2024 13:46:01 needed for
thread 1
ORA-00289: suggestion :
/arch/GINESYS/archivelog/2024_12_31/o1_mf_1_320946_mq799oo9_.arc
ORA-00280: change 104373776585 for thread 1 is in sequence #320946
ORA-00278: log file
'/arch/GINESYS/archivelog/2024_12_31/o1_mf_1_320945_mq795xmy_.arc' no longer
needed for this recovery


ORA-00279: change 104373895913 generated at 12/31/2024 13:48:01 needed for
thread 1
ORA-00289: suggestion :
/arch/GINESYS/archivelog/2024_12_31/o1_mf_1_320947_mq79ffvf_.arc
ORA-00280: change 104373895913 for thread 1 is in sequence #320947
ORA-00278: log file
'/arch/GINESYS/archivelog/2024_12_31/o1_mf_1_320946_mq799oo9_.arc' no longer
needed for this recovery


ORA-00279: change 104374047529 generated at 12/31/2024 13:50:01 needed for
thread 1
ORA-00289: suggestion :
/arch/GINESYS/archivelog/2024_12_31/o1_mf_1_320948_mq79k5q0_.arc
ORA-00280: change 104374047529 for thread 1 is in sequence #320948
ORA-00278: log file
'/arch/GINESYS/archivelog/2024_12_31/o1_mf_1_320947_mq79ffvf_.arc' no longer
needed for this recovery


ORA-00279: change 104374071093 generated at 12/31/2024 13:52:01 needed for
thread 1
ORA-00289: suggestion :
/arch/GINESYS/archivelog/2024_12_31/o1_mf_1_320949_mq79nxq1_.arc
ORA-00280: change 104374071093 for thread 1 is in sequence #320949
ORA-00278: log file
'/arch/GINESYS/archivelog/2024_12_31/o1_mf_1_320948_mq79k5q0_.arc' no longer
needed for this recovery


ORA-00279: change 104374114636 generated at 12/31/2024 13:54:01 needed for
thread 1
ORA-00289: suggestion :
/arch/GINESYS/archivelog/2024_12_31/o1_mf_1_320950_mq79pt61_.arc
ORA-00280: change 104374114636 for thread 1 is in sequence #320950
ORA-00278: log file
'/arch/GINESYS/archivelog/2024_12_31/o1_mf_1_320949_mq79nxq1_.arc' no longer
needed for this recovery


ORA-00279: change 104374210116 generated at 12/31/2024 13:55:02 needed for
thread 1
ORA-00289: suggestion :
/arch/GINESYS/archivelog/2024_12_31/o1_mf_1_320951_mq79pzjc_.arc
ORA-00280: change 104374210116 for thread 1 is in sequence #320951
ORA-00278: log file
'/arch/GINESYS/archivelog/2024_12_31/o1_mf_1_320950_mq79pt61_.arc' no longer
needed for this recovery


ORA-00279: change 104374308473 generated at 12/31/2024 13:55:07 needed for
thread 1
ORA-00289: suggestion :
/arch/GINESYS/archivelog/2024_12_31/o1_mf_1_320952_mq79rok3_.arc
ORA-00280: change 104374308473 for thread 1 is in sequence #320952
ORA-00278: log file
'/arch/GINESYS/archivelog/2024_12_31/o1_mf_1_320951_mq79pzjc_.arc' no longer
needed for this recovery


ORA-00279: change 104374354243 generated at 12/31/2024 13:56:01 needed for
thread 1
ORA-00289: suggestion :
/arch/GINESYS/archivelog/2024_12_31/o1_mf_1_320953_mq79wfoy_.arc
ORA-00280: change 104374354243 for thread 1 is in sequence #320953
ORA-00278: log file
'/arch/GINESYS/archivelog/2024_12_31/o1_mf_1_320952_mq79rok3_.arc' no longer
needed for this recovery


ORA-00279: change 104374392918 generated at 12/31/2024 13:58:01 needed for
thread 1
ORA-00289: suggestion :
/arch/GINESYS/archivelog/2024_12_31/o1_mf_1_320954_mq79xd35_.arc
ORA-00280: change 104374392918 for thread 1 is in sequence #320954
ORA-00278: log file
'/arch/GINESYS/archivelog/2024_12_31/o1_mf_1_320953_mq79wfoy_.arc' no longer
needed for this recovery


ORA-00279: change 104374438971 generated at 12/31/2024 13:58:32 needed for
thread 1
ORA-00289: suggestion :
/arch/GINESYS/archivelog/2024_12_31/o1_mf_1_320955_mq7b05wg_.arc
ORA-00280: change 104374438971 for thread 1 is in sequence #320955
ORA-00278: log file
'/arch/GINESYS/archivelog/2024_12_31/o1_mf_1_320954_mq79xd35_.arc' no longer
needed for this recovery


ORA-00279: change 104374649285 generated at 12/31/2024 14:00:01 needed for
thread 1
ORA-00289: suggestion :
/arch/GINESYS/archivelog/2024_12_31/o1_mf_1_320956_mq7b3xxm_.arc
ORA-00280: change 104374649285 for thread 1 is in sequence #320956
ORA-00278: log file
'/arch/GINESYS/archivelog/2024_12_31/o1_mf_1_320955_mq7b05wg_.arc' no longer
needed for this recovery


ORA-00279: change 104374801019 generated at 12/31/2024 14:02:01 needed for
thread 1
ORA-00289: suggestion :
/arch/GINESYS/archivelog/2024_12_31/o1_mf_1_320957_mq7b7ogf_.arc
ORA-00280: change 104374801019 for thread 1 is in sequence #320957
ORA-00278: log file
'/arch/GINESYS/archivelog/2024_12_31/o1_mf_1_320956_mq7b3xxm_.arc' no longer
needed for this recovery


ORA-00279: change 104374819711 generated at 12/31/2024 14:04:01 needed for
thread 1
ORA-00289: suggestion :
/arch/GINESYS/archivelog/2024_12_31/o1_mf_1_320958_%u_.arc
ORA-00280: change 104374819711 for thread 1 is in sequence #320958
ORA-00278: log file
'/arch/GINESYS/archivelog/2024_12_31/o1_mf_1_320957_mq7b7ogf_.arc' no longer
needed for this recovery


ORA-00308: cannot open archived log
'/arch/GINESYS/archivelog/2024_12_31/o1_mf_1_320958_%u_.arc'
ORA-27037: unable to obtain file status
Linux-x86_64 Error: 2: No such file or directory
Additional information: 3



Archive Applied
------------------------------------------------------------------------
Last Archive Sequence Applied : 320957


Finished DATE and TIME
------------------------------
12-31-2024 14:08:08

