PRODUCTION SERVER DISK SPACE START
********************************************************************************************************************************************************************

Filesystem                                  Size  Used Avail Use% Mounted on
/dev/sda4                                   293G  5.5G  288G   2% /
devtmpfs                                     63G     0   63G   0% /dev
tmpfs                                        63G     0   63G   0% /dev/shm
tmpfs                                        63G  3.2G   60G   6% /run
tmpfs                                        63G     0   63G   0% /sys/fs/cgroup
/dev/sda2                                   994M  206M  788M  21% /boot
/dev/sda1                                   512M  9.8M  502M   2% /boot/efi
/dev/mapper/rhel_lenovo--la0x1017-redo1      15G  1.2G   14G   8% /redo1
/dev/mapper/rhel_lenovo--la0x1017-tempfile  200G   33M  200G   1% /tempfile
/dev/mapper/rhel_lenovo--la0x1017-redo2      15G  1.3G   14G   9% /redo2
/dev/mapper/rhel_lenovo--la0x1017-arch      800G  378G  423G  48% /arch
/dev/mapper/rhel_lenovo--la0x1017-datafile  1.0T  866G  158G  85% /datafile
/dev/mapper/rhel_lenovo--la0x1017-backup    900G  868G   32G  97% /backup
/dev/mapper/rhel_lenovo--la0x1017-u01       150G   59G   92G  40% /u01
tmpfs                                        13G   32K   13G   1% /run/user/1000
tmpfs                                        13G     0   13G   0% /run/user/0
PRODUCTION SERVER DISK SPACE END
********************************************************************************************************************************************************************

BACKUP SERVER DISK SPACE START
********************************************************************************************************************************************************************

Filesystem                       Size  Used Avail Use% Mounted on
/dev/mapper/rhel_bkp-root        197G   30G  158G  16% /
devtmpfs                         126G     0  126G   0% /dev
tmpfs                            126G     0  126G   0% /dev/shm
tmpfs                            126G  1.5G  125G   2% /run
tmpfs                            126G     0  126G   0% /sys/fs/cgroup
/dev/sda2                        2.0G  145M  1.7G   8% /boot
/dev/sda1                        2.0G  9.8M  2.0G   1% /boot/efi
/dev/mapper/rhel_bkp-u02         493G   73M  467G   1% /u02
/dev/mapper/rhel_bkp-redo1        15G   41M   14G   1% /redo1
/dev/mapper/rhel_bkp-redo2        15G   41M   14G   1% /redo2
/dev/mapper/rhel_bkp-u03         2.2T   85M  2.1T   1% /u03
/dev/mapper/rhel_bkp-arch       1008G  378G  580G  40% /arch
/dev/mapper/rhel_bkp-datafile   1008G  553G  405G  58% /datafile
/dev/mapper/rhel_bkp-u01         197G   13G  175G   7% /u01
/dev/mapper/vg_backup-lv_backup  1.7T  865G  700G  56% /backup
tmpfs                             26G   32K   26G   1% /run/user/1001
BACKUP SERVER DISK SPACE END
********************************************************************************************************************************************************************

***PRODUCTION LOAD**************************************************************************
top - 17:00:02 up 140 days,  3:25,  3 users,  load average: 1.63, 1.81, 1.82
Tasks: 889 total,   2 running, 887 sleeping,   0 stopped,   0 zombie
%Cpu(s):  1.6 us,  0.2 sy,  0.0 ni, 98.2 id,  0.0 wa,  0.0 hi,  0.0 si,  0.0 st
KiB Mem : 13148129+total,  1427744 free,  9774868 used, 12027868+buff/cache
KiB Swap: 13312000+total, 12229569+free, 10824296 used. 67423544 avail Mem 

   PID USER      PR  NI    VIRT    RES    SHR S  %CPU %MEM     TIME+ COMMAND
163797 oracle    20   0 30.606g 3.029g 2.750g R 100.0  2.4   0:23.58 ora_j002_+
165417 oracle    20   0  158404   2728   1472 R  18.8  0.0   0:00.04 top
     1 root      20   0  195820   3492   2008 S   0.0  0.0 106:22.41 systemd
     2 root      20   0       0      0      0 S   0.0  0.0   1:10.86 kthreadd
     3 root      20   0       0      0      0 S   0.0  0.0   9:02.93 ksoftirqd+
     5 root       0 -20       0      0      0 S   0.0  0.0   0:00.00 kworker/0+
     6 root      20   0       0      0      0 S   0.0  0.0   0:00.00 kworker/u+
     8 root      rt   0       0      0      0 S   0.0  0.0   0:52.70 migration+
     9 root      20   0       0      0      0 S   0.0  0.0   0:00.00 rcu_bh
    10 root      20   0       0      0      0 S   0.0  0.0  77:31.87 rcu_sched
    11 root      rt   0       0      0      0 S   0.0  0.0   0:24.17 watchdog/0
    12 root      rt   0       0      0      0 S   0.0  0.0   0:24.64 watchdog/1
    13 root      rt   0       0      0      0 S   0.0  0.0   2:45.23 migration+
********************************************************************************************************************************************************************
********************************************************************************************************************************************************************
###LONG RUNNING QUERY FOR MORE THAN ONE MINUTE###
********************************************************************************************************************************************************************

no rows selected


no rows selected

********************************************************************************************************************************************************************
###LONG RUNNING QUERY FOR MORE THAN ONE MINUTE###
********************************************************************************************************************************************************************
###LOCKING SESSION###
********************************************************************************************************************************************************************

no rows selected


no rows selected

###LOCKING SESSION###
********************************************************************************************************************************************************************
###KILLED SESSION###
***********************************************************************************************************************

  COUNT(1) KILL_TIME	       SESSION_LOGON_TIME
---------- ------------------- -------------------
	 1 2024-05-29 13:00:03 2024-05-29 11:13:42
	 1 2024-05-29 12:30:03 2024-05-29 10:56:02

***********************************************************************************************************************
###KILLED SESSION###
***********************************************************************************************************************
********************************************************************************************************************************************************************
###TEMP TABLESPACE###
********************************************************************************************************************************************************************

TABLESPACE			 MB_TOTAL    MB_USED	MB_FREE
------------------------------ ---------- ---------- ----------
TEMP			       32767.9844	   1 32766.9844

********************************************************************************************************************************************************************
###TEMP TABLESPACE###
********************************************************************************************************************************************************************
********************************************************************************************************************************************************************
###SESSION USING TEMP###
********************************************************************************************************************************************************************

SID_SERIAL	USERNAME	OSUSER		     SPID      MODULE			 PROGRAM	    MB_USED TABLESPACE	    STATEMENTS
--------------- --------------- -------------------- --------- ------------------------- --------------- ---------- --------------- ----------
2008,2559	MRIL		Administrator	     243309    TOAD 12.9.0.71		 oracle@PRODDB		  1 TEMP	    1

********************************************************************************************************************************************************************
###SESSION USING TEMP###
********************************************************************************************************************************************************************
###UNDO TABLESPACE###
********************************************************************************************************************************************************************

TABLESPACE_NAME 		   SIZEMB    USAGEMB	 FREEMB
------------------------------ ---------- ---------- ----------
UNDOTBS1		       32767.9844   1565.375 31202.6094

********************************************************************************************************************************************************************
###SESSION USING UNDO###
********************************************************************************************************************************************************************

no rows selected

********************************************************************************************************************************************************************
###UNDO SEGMENT STATUS###
********************************************************************************************************************************************************************

TABLESPACE		       STATUS	  SUM_IN_MB	COUNTS
------------------------------ --------- ---------- ----------
UNDOTBS1		       EXPIRED	   1328.375	   326
UNDOTBS1		       UNEXPIRED	237	   117

********************************************************************************************************************************************************************
********************************************************************************************************************************************************************
###MV LAST REFRESH TIME###
********************************************************************************************************************************************************************

OWNER		MVIEW_NAME		       LAST_REFRESH_DATE
--------------- ------------------------------ -------------------
MRIL		SITE_DETAIL_MV		       2024-12-31 16:22:01
MRIL		SITE_MV 		       2024-12-31 16:58:03
MRIL		COST_SHEET_MV		       2024-12-31 16:58:01
MRIL		FACT_POS_SALE_DET_MV	       2024-12-31 17:00:01
MRIL		INVGRP_MV		       2024-12-31 16:58:03
MRIL		LEDGER_MV		       2024-12-31 16:58:01
MRIL		POS_CUSTOMER_MV 	       2024-12-31 16:58:03
MRIL		PRICE_CHART_MV		       2024-12-31 16:58:03
MRIL		ROUTE_MV		       2024-12-31 16:58:03
MRIL		SALESPERSON_MV		       2024-12-31 16:58:03
MRIL		ADMOU_MV		       2024-12-31 16:58:02
MRIL		COA_MV			       2024-12-31 16:58:01
MRIL		ITEM_MV 		       2024-12-31 16:58:02
MRIL		CONTROL_SL_MV		       2024-12-31 16:58:02

14 rows selected.


no rows selected

********************************************************************************************************************************************************************
###MV LAST REFRESH TIME###
********************************************************************************************************************************************************************
###PROGRAM WISE SESSIONS###
********************************************************************************************************************************************************************

PROGRAM 			    TOTAL_SESSIONS ACTIVE_SESSIONS INACTIVE_SESSIONS
----------------------------------- -------------- --------------- -----------------
oracle@PRODDB (J001)				 1		 1		   0
sqlplus@PRODDB (TNS V1-V3)			 1		 1		   0
oracle@PRODDB (J003)				 1		 1		   0
oracle@PRODDB (J002)				 1		 1		   0
oracle@PRODDB (J005)				 1		 1		   0
oracle@PRODDB (J000)				 1		 1		   0
oracle@PRODDB (J007)				 1		 1		   0
oracle@PRODDB (J006)				 1		 1		   0
oracle@PRODDB (J004)				 1		 1		   0
oracle@PRODDB (J008)				 1		 1		   0
Planning.Service.exe				 1		 0		   1
dis51usr.exe					 1		 0		   1
LicenseManager.Service.exe			 1		 0		   1
w3wp.exe					 8		 0		   8
GNFS.Service.exe				 1		 0		   1
eWebReportsScheduler.exe			 3		 0		   3
Ginesys.API					 1		 0		   1
Toad.exe					 1		 0		   1
oracle@PRODDB (TNS V1-V3)			 2		 0		   2
GinApps.Scheduler.exe				 2		 0		   2

20 rows selected.

********************************************************************************************************************************************************************
###TOP CPU CONSUMING SESSION(PROGRAM WISE) START###
********************************************************************************************************************************************************************

      RANK	  SID	 SERIAL# PROGRAM		 CPUMINS LOGON_TIME  ACTION		  EVENT 	       TERMINAL   WAIT_CLASS
---------- ---------- ---------- -------------------- ---------- ----------- -------------------- -------------------- ---------- ---------------
	 1	 3895	   12186 eWebReportsScheduler	 8163.67 13-AUG-2024			  SQL*Net message from MRIL	  Idle
	 2	 3423	    8846 oracle@PRODDB (MMNL)	  985.37 13-AUG-2024			  rdbms ipc message    UNKNOWN	  Idle
	 3	 1063	   31669 oracle@PRODDB (DBRM)	  802.42 13-AUG-2024			  rdbms ipc message    UNKNOWN	  Idle
	 4	 3305	   52771 oracle@PRODDB (MMON)	  196.93 13-AUG-2024			  rdbms ipc message    UNKNOWN	  Idle
	 5	 4721	   48278 oracle@PRODDB (TNS V	   92.04 13-AUG-2024			  SQL*Net message from		  Idle
	 6	 5075	   39302 oracle@PRODDB (CJQ0)	   48.58 13-AUG-2024			  rdbms ipc message    UNKNOWN	  Idle
	 7	 6963	   40294 eWebReportsScheduler	   35.05 13-AUG-2024			  SQL*Net message from MRIL	  Idle
	 8	 6845	     777 oracle@PRODDB (TNS V	   12.71 13-AUG-2024			  SQL*Net message from		  Idle
	 9	 2715	   60705 oracle@PRODDB (SMON)	    7.79 13-AUG-2024			  smon timer	       UNKNOWN	  Idle
	10	 2126	   21667 w3wp.exe		    5.63 31-DEC-2024			  SQL*Net message from MRIL	  Idle

10 rows selected.

###TOP CPU CONSUMING SESSION(PROGRAM WISE) END###
********************************************************************************************************************************************************************
###Today Cube Refresh status START###
********************************************************************************************************************************************************************

      CODE DATACUBE_CODE  CUBE_CODE START_TIM END_TIME	RUN_DURATI CREATOR		STATUS		   ERROR_REASON
---------- ------------- ---------- --------- --------- ---------- -------------------- ------------------ ----------------------------------------
    110271	      36	217 31-DEC-24 31-DEC-24 00:01:48   SINCY RAJAN		Refresh completed
    110270	      36	217 31-DEC-24 31-DEC-24 00:00:56   rakesh Chauhan	Refresh completed
    110269	      36	217 31-DEC-24 31-DEC-24 00:06:55   rakesh Chauhan	Refresh completed
    110268	       1	138 31-DEC-24 31-DEC-24 00:00:52   rakesh Chauhan	Refresh completed
    110267	      31	150 31-DEC-24 31-DEC-24 00:00:06   Rohit Gaur		Refresh completed
    110266	      62	171 31-DEC-24 31-DEC-24 00:00:51   Rohit Gaur		Refresh completed
    110265	      77	221 31-DEC-24 31-DEC-24 00:36:12   Vijay		Refresh completed
    110264	      25	159 31-DEC-24 31-DEC-24 00:36:53   Rohit Gaur		Refresh completed
    110263	      25	142 31-DEC-24 31-DEC-24 00:00:10   Rohit Gaur		Refresh completed
    110262	      83	149 31-DEC-24 31-DEC-24 00:22:31   DHARMENDER		Refresh completed
    110261	      22	  8 31-DEC-24 31-DEC-24 00:00:02   Rohit Gaur		Refresh completed
    110260	      21	154 31-DEC-24 31-DEC-24 00:02:32   Rohit Gaur		Refresh completed
    110259	      22	144 31-DEC-24 31-DEC-24 00:00:02   Rohit Gaur		Refresh completed
    110258	      63	136 31-DEC-24 31-DEC-24 00:03:31   Rohit Gaur		Refresh completed
    110257	      21	146 31-DEC-24 31-DEC-24 00:00:02   Rohit Gaur		Refresh completed
    110256	       5	 60 31-DEC-24 31-DEC-24 00:01:09   Rohit Gaur		Refresh completed
    110255	      29	 37 31-DEC-24 31-DEC-24 00:02:38   Reetesh		Refresh completed
    110254	      77	 52 31-DEC-24 31-DEC-24 00:19:05   Rohit Gaur		Refresh completed
    110253	      29	131 31-DEC-24 31-DEC-24 00:00:29   Rohit Gaur		Refresh completed

19 rows selected.

###Today Cube Refresh status END###
********************************************************************************************************************************************************************
********************************************************************************************************************************************************************
###CURRENT ARCHIVE GENERATED###
********************************************************************************************************************************************************************

DAY	    NUM_ARCHIVES_GENERATED ARCHIVE_SIZE_GB
----------- ---------------------- ---------------
2024-12-31		       916	     49.86
2024-12-30		      2152	    154.69
2024-12-29		      1226	     57.46
2024-12-28		      1206	     57.38
2024-12-27		      1224	     57.97

********************************************************************************************************************************************************************
###CURRENT ARCHIVE GENERATED###
********************************************************************************************************************************************************************
