********************************************************************************************************************************************************************
###TABLESPACE INFORMATION START###
********************************************************************************************************************************************************************

TABLESPACE_NAME        TOTAL_GB    USED_GB    FREE_GB	TMAXSIZE      USED%
-------------------- ---------- ---------- ---------- ---------- ----------
USERS			    188        121	   67	     192	 64
INDX			    165        116	   49	     192	 70
GINOLAP 		    116 	78	   38	     128	 67
SYSAUX			     46 	30	   16	      64	 65
TEMP			     32 	 0	   32	      32	  0
UNDOTBS1		     32 	 2	   30	      32	  6
SYSTEM			      3 	 2	    1	      32	 67
GIN_TS_TX_DATA		      1 	 0	    1	      32	  0
GIN_TS_NOLOGGING	      1 	 0	    1	      32	  0
GIN_TS_SUMMARY		      1 	 0	    1	      32	  0

10 rows selected.


no rows selected

********************************************************************************************************************************************************************
###TABLESPACE INFORMATION END###
********************************************************************************************************************************************************************
********************************************************************************************************************************************************************
###RMAN BACKUP INFORMATION START###
********************************************************************************************************************************************************************

COMMAND_ID	     START_TIME 	   TIME_TAKEN_DISPLAY	STATUS		INPUT_TYPE    OUTPUT_DEVICE_TYP INPUT_BYTES_DISPLAY  OUTPUT_BYTES_DISPLAY
-------------------- --------------------- -------------------- --------------- ------------- ----------------- -------------------- --------------------
2024-12-31T00:10:01  31-DEC-24 12:10:33 AM 03:37:51		COMPLETED	DB FULL       DISK		  552.50G	       116.63G
2024-12-30T00:10:01  30-DEC-24 12:10:29 AM 03:38:11		COMPLETED	DB FULL       DISK		  552.50G	       116.70G
2024-12-29T00:10:02  29-DEC-24 12:10:32 AM 03:38:11		COMPLETED	DB FULL       DISK		  552.50G	       116.63G
2024-12-28T00:10:01  28-DEC-24 12:10:31 AM 03:38:12		COMPLETED	DB FULL       DISK		  552.50G	       116.69G
2024-12-27T00:10:01  27-DEC-24 12:10:34 AM 03:38:21		COMPLETED	DB FULL       DISK		  552.50G	       116.87G
2024-12-26T00:10:01  26-DEC-24 12:10:31 AM 03:38:12		COMPLETED	DB FULL       DISK		  552.50G	       116.76G
2024-12-25T00:10:01  25-DEC-24 12:10:32 AM 03:38:21		COMPLETED	DB FULL       DISK		  552.50G	       116.76G
2024-12-24T00:10:01  24-DEC-24 12:10:34 AM 03:38:31		COMPLETED	DB FULL       DISK		  552.50G	       116.87G
2024-12-23T00:10:01  23-DEC-24 12:10:32 AM 03:40:01		COMPLETED	DB FULL       DISK		  552.50G	       116.66G
2024-12-22T00:10:02  22-DEC-24 12:10:30 AM 03:38:01		COMPLETED	DB FULL       DISK		  552.50G	       116.71G

10 rows selected.

********************************************************************************************************************************************************************
###RMAN BACKUP INFORMATION END###
********************************************************************************************************************************************************************
********************************************************************************************************************************************************************
### SCHEMA SIZE INFORMATION START ###
********************************************************************************************************************************************************************

OWNER		     SCHEMA_SIZE_MB SCHEMA_SIZE_GB
-------------------- -------------- --------------
MRIL			  239693.19	    234.08
MISRETAIL		   78683.19	     76.84
AUDSYS			   26933.19	      26.3
SYS			    7154.81	      6.99
GINARCHIVE		    2098.44	      2.05
GATEWAY 		     322.81	       .32
APEX_040200			194	       .19
MDSYS			      78.69	       .08
XDB			       68.5	       .07
GINVIEW 		      35.63	       .03
SYSTEM			      32.19	       .03
ORDDATA 		      16.13	       .02
WMSYS			       7.19	       .01
DVSYS			       4.44		 0
CTXSYS			       3.81		 0
GSMADMIN_INTERNAL	       1.38		 0
DBSNMP				.81		 0
OUTLN				.56		 0
ORDSYS				.44		 0
OJVMSYS 			.38		 0
SCOTT				.38		 0
LBACSYS 			.31		 0

22 rows selected.

********************************************************************************************************************************************************************
### SCHEMA SIZE INFORMATION END ###
********************************************************************************************************************************************************************
********************************************************************************************************************************************************************
### DATA DELETION  INFORMATION START ###
********************************************************************************************************************************************************************

OWNER SEGMENT_NAME		     SEGMENT_TY TABLE_NAME		       COLUMN_NAME	    TABLESPA SCHEMA_SIZE_MB SCHEMA_SIZE_GIG
----- ------------------------------ ---------- ------------------------------ -------------------- -------- -------------- ---------------
MRIL  SYS_LOB0000096195C00002$$      LOBSEGMENT DXRECEIVEDATA		       FILEDATA 	    USERS	    3297.13	       3.22
MRIL  SYS_LOB0000096203C00002$$      LOBSEGMENT DXSENDDATA		       FILEDATA 	    USERS	    1284.13	       1.25
MRIL  ADMERRAUDIT		     TABLE							    USERS		975		.95
MRIL  PSITE_EMRTRANSACTION_LOG	     TABLE							    USERS		806		.79
MRIL  DXSENDDATA		     TABLE							    USERS		334		.33
MRIL  DXRECEIVEDATA		     TABLE							    USERS		 72		.07
MRIL  GDS2_EVENT_TRACK_ARCHIVE	     TABLE							    USERS		 56		.05
MRIL  INT$ERROR_LOG		     TABLE							    USERS		  9		.01
MRIL  MLOG$_PSITE_POSBILL	     TABLE							    USERS		  8		.01
MRIL  SYS_LOB0015947285C00014$$      LOBSEGMENT GDS2_WEBHOOK_FAILURE	       REQUEST_DATA	    USERS		.13		  0
MRIL  SYS_LOB0002204629C00003$$      LOBSEGMENT GDS_INBOUND_QUEUE	       REQUESTDATA	    USERS		.13		  0
MRIL  SYS_LOB0015947223C00010$$      LOBSEGMENT INBOUND_API_LOG 	       USER_AGENT	    USERS		.13		  0
MRIL  SYS_LOB0015947690C00016$$      LOBSEGMENT DXSEND2 		       SENDDATA 	    USERS		.13		  0
MRIL  SYS_LOB0015947285C00018$$      LOBSEGMENT GDS2_WEBHOOK_FAILURE	       RESPONSE_MSG	    USERS		.13		  0
MRIL  SYS_LOB0015947164C00017$$      LOBSEGMENT GDS2_WEBHOOK_SUCCESS	       RESPONSE_MSG	    USERS		.13		  0

15 rows selected.

********************************************************************************************************************************************************************
### DATA DELETION  INFORMATION END ###
********************************************************************************************************************************************************************
********************************************************************************************************************************************************************
### OBJECT INFORMATION ###
********************************************************************************************************************************************************************

SNAP_TIME   OBJECT_NAME 														     BLOCK_CHANGED
----------- -------------------------------------------------------------------------------------------------------------------------------- -------------
24-12-30 14 T$POSBILLDET_225															  34176112
24-12-30 15 T$POSBILLDET_225															  31510288
24-12-30 14 INX_T$POSBILLDET_225_BAR_02 													  27598480
24-12-30 14 INX_T$POSBILLDET_225_01														  27534816
24-12-30 15 INX_T$POSBILLDET_225_BAR_02 													  25357936
24-12-30 15 INX_T$POSBILLDET_225_01														  25255408
24-12-30 04 SEQ$																  22686560

7 rows selected.

********************************************************************************************************************************************************************
### OBJECT INFORMATION ###
********************************************************************************************************************************************************************
********************************************************************************************************************************************************************
### OBJECT INFORMATION ###
********************************************************************************************************************************************************************

SNAP_TIME   OBJECT_NAME 														     BLOCK_CHANGED
----------- -------------------------------------------------------------------------------------------------------------------------------- -------------
24-12-30 14 T$POSBILLDET_225															  34176112
24-12-30 15 T$POSBILLDET_225															  31510288
24-12-30 14 INX_T$POSBILLDET_225_BAR_02 													  27598480
24-12-30 14 INX_T$POSBILLDET_225_01														  27534816
24-12-30 15 INX_T$POSBILLDET_225_BAR_02 													  25357936
24-12-30 15 INX_T$POSBILLDET_225_01														  25255408
24-12-30 04 SEQ$																  22686560

7 rows selected.

********************************************************************************************************************************************************************
### OBJECT INFORMATION ###
********************************************************************************************************************************************************************
********************************************************************************************************************************************************************
###MOST MODIFIED TABLES###
********************************************************************************************************************************************************************

TABLE_NAME				    INSERTS TIMESTAMP LAST_ANALYZED
---------------------------------------- ---------- --------- ---------------
OBJECT_SEGMENT				      55614 31-DEC-24 28-DEC-24
PSITE_POSSTLMAUDIT_HO			      15015 31-DEC-24 28-DEC-24
STAGING_SETTLEMENTDATA			       5332 31-DEC-24 30-DEC-24
ADMERRAUDIT				       5313 31-DEC-24 27-DEC-24
PSITE_POSSTLMSTOCKINFO_HO			939 31-DEC-24 28-DEC-24
PSITE_POSBILLITEM				693 30-DEC-24 28-DEC-24
INVSTOCK					482 30-DEC-24 28-DEC-24
SALCSDET					479 30-DEC-24 28-DEC-24
PSITE_POSBILLMOP				213 30-DEC-24 28-DEC-24
PSITE_POSBILL					198 30-DEC-24 28-DEC-24
DXSESSIONLOG					140 31-DEC-24 27-DEC-24
TEMP_PSITE_POSSTLM				131 31-DEC-24 30-DEC-24
PSITE_POSSTLMOTH				100 30-DEC-24 28-DEC-24
OLAP_CUBE_REFRESH_HISTORY			 73 31-DEC-24 28-DEC-24
PSITE_POSSTLMAUDIT_POS				 63 30-DEC-24 28-DEC-24
FINPOST 					 57 30-DEC-24 28-DEC-24
DXRECEIVE					 44 30-DEC-24 27-DEC-24
DXRECEIVEDATA					 44 30-DEC-24 27-DEC-24
FINCOSTTAG					 41 30-DEC-24 28-DEC-24
PSITE_POSSTLMSTOCKRECO_POS			 33 30-DEC-24 28-DEC-24
OLAP_CUBESET_REFRESH_STATUS			 32 31-DEC-24 30-DEC-24
PSITE_POSSTLMDETAIL				 28 30-DEC-24 28-DEC-24
POSJOURNAL_DETAIL				 26 30-DEC-24 28-DEC-24
FINPOST_CHECK					 23 30-DEC-24 28-DEC-24
FINCOSTTAG_CHECK				 21 30-DEC-24 28-DEC-24
OLAP_CUBE_SESSION				 16 31-DEC-24 30-DEC-24
PSITE_PTCBILL					 14 30-DEC-24 28-DEC-24
FINVCHDET					 13 30-DEC-24 27-DEC-24
POSJOURNAL					 13 30-DEC-24 28-DEC-24
FINVCHMAIN					 13 30-DEC-24 27-DEC-24
PSITE_POSSESSION				 10 30-DEC-24 28-DEC-24
SALCSMOP					 10 30-DEC-24 28-DEC-24
PSITE_POSSTLMSESSION				 10 30-DEC-24 28-DEC-24
FINNAR						  7 30-DEC-24 27-DEC-24
PSITE_POSSTLMSTOCKINFO_POS			  5 30-DEC-24 28-DEC-24
PSITE_SYSINFO					  4 30-DEC-24 28-DEC-24
SALCSMAIN					  3 30-DEC-24 28-DEC-24
DXSEND						  2 30-DEC-24 27-DEC-24
DXSENDDATA					  2 30-DEC-24 27-DEC-24
FINTAG						  1 30-DEC-24 27-DEC-24
SALINVDET					  1 30-DEC-24 28-DEC-24
SALINVCHG_ITEM					  1 30-DEC-24 28-DEC-24
SALINVCHG					  1 30-DEC-24 28-DEC-24
PSITE_EVENT_ARCHIVE				  1 30-DEC-24 28-DEC-24
INVSTOCK_ONHAND_STOCKPOINT_AGG			  1 30-DEC-24 28-DEC-24
INVSTOCK_ONHAND_AGG				  1 30-DEC-24 28-DEC-24
INVDCMAIN					  1 30-DEC-24 28-DEC-24
INVDCDET					  1 30-DEC-24 28-DEC-24
INVAGEING					  1 30-DEC-24 27-DEC-24
GST_DOCNO_CHECK 				  1 30-DEC-24 27-DEC-24

50 rows selected.


TABLE_NAME				    UPDATES TIMESTAMP LAST_ANALYZED
---------------------------------------- ---------- --------- ---------------
PSITE_POSBILLVOID			      11438 31-DEC-24 30-DEC-24
PSITE_POSSTLM				       5590 31-DEC-24 30-DEC-24
STAGING_SETTLEMENTDATA			       5332 31-DEC-24 30-DEC-24
INVSTOCK					963 30-DEC-24 28-DEC-24
INVSTOCK_ONHAND_STOCKPOINT_AGG			838 30-DEC-24 28-DEC-24
INVSTOCK_ONHAND_AGG				838 30-DEC-24 28-DEC-24
DXSESSIONLOG					280 31-DEC-24 27-DEC-24
FINPOST 					164 30-DEC-24 28-DEC-24
ER_LASTPOSBILLSYNCINFO				 81 31-DEC-24 30-DEC-24
OLAP_DATACUBE_LIST				 80 31-DEC-24 30-DEC-24
OLAP_CUBE_REFRESH_HISTORY			 73 31-DEC-24 28-DEC-24
FINCOSTTAG_CHECK				 64 30-DEC-24 28-DEC-24
FINPOST_CHECK					 58 30-DEC-24 28-DEC-24
DXRECEIVE					 44 30-DEC-24 27-DEC-24
OLAP_CUBESET					 32 31-DEC-24 30-DEC-24
OLAP_CUBE_SESSION				 16 31-DEC-24 30-DEC-24
ADMLASTDOC					 15 30-DEC-24 27-DEC-24
POSJOURNAL					 13 30-DEC-24 28-DEC-24
FINVCHMAIN					 13 30-DEC-24 27-DEC-24
PSITE_PROMO_ASSIGN				  7 30-DEC-24 28-DEC-24
SALCSMAIN					  6 30-DEC-24 28-DEC-24
SALINVMAIN					  5 30-DEC-24 28-DEC-24
ADMCMP						  5 31-DEC-24 30-DEC-24
ADMLASTNO					  5 30-DEC-24 27-DEC-24
ADMTERMINAL					  5 31-DEC-24 30-DEC-24
GRIDSTATE					  4 30-DEC-24 27-DEC-24
INVDCMAIN					  3 30-DEC-24 28-DEC-24
DXSEND						  3 30-DEC-24 27-DEC-24
PURSRVMAIN					  1 30-DEC-24 28-DEC-24
FINVCHDET					  1 30-DEC-24 27-DEC-24
INVDCDET					  1 30-DEC-24 28-DEC-24
TEMP_PSITE_POSSTLM				  0 31-DEC-24 30-DEC-24
PSITE_POSSTLMSTOCKINFO_HO			  0 31-DEC-24 28-DEC-24
PSITE_POSSTLMSESSION				  0 30-DEC-24 28-DEC-24
PSITE_POSSTLMOTH				  0 30-DEC-24 28-DEC-24
PSITE_POSSTLMDETAIL				  0 30-DEC-24 28-DEC-24
PSITE_POSSTLMAUDIT_POS				  0 30-DEC-24 28-DEC-24
PSITE_POSSTLMAUDIT_HO				  0 31-DEC-24 28-DEC-24
PSITE_POSSESSION				  0 30-DEC-24 28-DEC-24
PSITE_POSBILLMOP				  0 30-DEC-24 28-DEC-24
PSITE_POSBILLITEM				  0 30-DEC-24 28-DEC-24
PSITE_POSBILL					  0 30-DEC-24 28-DEC-24
PSITE_EVENT_ARCHIVE				  0 30-DEC-24 28-DEC-24
POSJOURNAL_DETAIL				  0 30-DEC-24 28-DEC-24
OLAP_CUBESET_REFRESH_STATUS			  0 31-DEC-24 30-DEC-24
OBJECT_SEGMENT					  0 31-DEC-24 28-DEC-24
INVAGEING					  0 30-DEC-24 27-DEC-24
GST_DOCNO_CHECK 				  0 30-DEC-24 27-DEC-24
FINTAG						  0 30-DEC-24 27-DEC-24
FINNAR						  0 30-DEC-24 27-DEC-24

50 rows selected.


TABLE_NAME				    DELETES TIMESTAMP LAST_ANALYZED
---------------------------------------- ---------- --------- ---------------
PSITE_POSSTLMAUDIT_HO			      14952 31-DEC-24 28-DEC-24
STAGING_SETTLEMENTDATA			       5332 31-DEC-24 30-DEC-24
PSITE_POSSTLMSTOCKINFO_HO			934 31-DEC-24 28-DEC-24
TEMP_PSITE_POSSTLM				131 31-DEC-24 30-DEC-24
OLAP_CUBE_REFRESH_HISTORY			 73 31-DEC-24 28-DEC-24
OLAP_CUBESET_REFRESH_STATUS			 32 31-DEC-24 30-DEC-24
OLAP_CUBE_SESSION				 16 31-DEC-24 30-DEC-24
PSITE_SYSINFO					  4 30-DEC-24 28-DEC-24
FINCOSTTAG					  3 30-DEC-24 28-DEC-24
FINCOSTTAG_CHECK				  2 30-DEC-24 28-DEC-24
FINPOST_CHECK					  1 30-DEC-24 28-DEC-24
ADMCMP						  0 31-DEC-24 30-DEC-24
ADMTERMINAL					  0 31-DEC-24 30-DEC-24
DXRECEIVE					  0 30-DEC-24 27-DEC-24
DXRECEIVEDATA					  0 30-DEC-24 27-DEC-24
DXSEND						  0 30-DEC-24 27-DEC-24
DXSENDDATA					  0 30-DEC-24 27-DEC-24
DXSESSIONLOG					  0 31-DEC-24 27-DEC-24
ER_LASTPOSBILLSYNCINFO				  0 31-DEC-24 30-DEC-24
FINNAR						  0 30-DEC-24 27-DEC-24
FINPOST 					  0 30-DEC-24 28-DEC-24
FINTAG						  0 30-DEC-24 27-DEC-24
FINVCHDET					  0 30-DEC-24 27-DEC-24
FINVCHMAIN					  0 30-DEC-24 27-DEC-24
GRIDSTATE					  0 30-DEC-24 27-DEC-24
GST_DOCNO_CHECK 				  0 30-DEC-24 27-DEC-24
INVAGEING					  0 30-DEC-24 27-DEC-24
INVDCDET					  0 30-DEC-24 28-DEC-24
INVDCMAIN					  0 30-DEC-24 28-DEC-24
INVSTOCK					  0 30-DEC-24 28-DEC-24
INVSTOCK_ONHAND_AGG				  0 30-DEC-24 28-DEC-24
INVSTOCK_ONHAND_STOCKPOINT_AGG			  0 30-DEC-24 28-DEC-24
OBJECT_SEGMENT					  0 31-DEC-24 28-DEC-24
OLAP_CUBESET					  0 31-DEC-24 30-DEC-24
OLAP_DATACUBE_LIST				  0 31-DEC-24 30-DEC-24
POSJOURNAL					  0 30-DEC-24 28-DEC-24
POSJOURNAL_DETAIL				  0 30-DEC-24 28-DEC-24
PSITE_EVENT_ARCHIVE				  0 30-DEC-24 28-DEC-24
PSITE_POSBILL					  0 30-DEC-24 28-DEC-24
PSITE_POSBILLITEM				  0 30-DEC-24 28-DEC-24
PSITE_POSBILLMOP				  0 30-DEC-24 28-DEC-24
PSITE_POSBILLVOID				  0 31-DEC-24 30-DEC-24
PSITE_POSSESSION				  0 30-DEC-24 28-DEC-24
PSITE_POSSTLM					  0 31-DEC-24 30-DEC-24
PSITE_POSSTLMAUDIT_POS				  0 30-DEC-24 28-DEC-24
PSITE_POSSTLMDETAIL				  0 30-DEC-24 28-DEC-24
PSITE_POSSTLMOTH				  0 30-DEC-24 28-DEC-24
PSITE_POSSTLMSESSION				  0 30-DEC-24 28-DEC-24
PSITE_POSSTLMSTOCKINFO_POS			  0 30-DEC-24 28-DEC-24
PSITE_POSSTLMSTOCKRECO_POS			  0 30-DEC-24 28-DEC-24

50 rows selected.

********************************************************************************************************************************************************************
###MOST MODIFIED TABLES###
********************************************************************************************************************************************************************
********************************************************************************************************************************************************************
###MST_STATTAB LAST ANALYZED ###
********************************************************************************************************************************************************************

TABLE_NAME				 DBA_STATISTICS  DBA_TABLES
---------------------------------------- --------------- ---------------
INVSTOCK				 28-DEC-24	 28-DEC-24
PURINVCHG_ITEM				 28-DEC-24	 28-DEC-24
PURINVCHG				 28-DEC-24	 28-DEC-24
PURINVMAIN				 28-DEC-24	 28-DEC-24
PURINVDET				 28-DEC-24	 28-DEC-24
INVGRCCHG_ITEM				 28-DEC-24	 28-DEC-24
INVGRCCHG				 28-DEC-24	 28-DEC-24
INVGRCMAIN				 28-DEC-24	 28-DEC-24
INVGRCDET				 28-DEC-24	 28-DEC-24
SALCSDET				 28-DEC-24	 28-DEC-24
SALCSMAIN				 28-DEC-24	 28-DEC-24
PSITE_POSBILLITEM			 28-DEC-24	 28-DEC-24
PSITE_POSBILL				 28-DEC-24	 28-DEC-24
PSITE_POSBILLMOP			 28-DEC-24	 28-DEC-24
FINPOST 				 28-DEC-24	 28-DEC-24
INVDCDET				 28-DEC-24	 28-DEC-24
TEMP_INVDCSO_CHECK			 28-DEC-24	 28-DEC-24
INVDCMAIN				 28-DEC-24	 28-DEC-24
SALORDDET				 28-DEC-24	 28-DEC-24
SALORDMAIN				 28-DEC-24	 28-DEC-24
SALINVCHG_ITEM				 28-DEC-24	 28-DEC-24
SALINVCHG				 28-DEC-24	 28-DEC-24
SALINVMAIN				 28-DEC-24	 28-DEC-24
SALINVDET				 28-DEC-24	 28-DEC-24
FINPOST_CHECK				 28-DEC-24	 28-DEC-24
TEMP_ALLOC_CUSTOMER			 28-DEC-24	 28-DEC-24
PSITE_GRCCHGITEM			 28-DEC-24	 28-DEC-24
PSITE_GRCITEM				 28-DEC-24	 28-DEC-24
PSITE_GRC				 28-DEC-24	 28-DEC-24
PSITE_GRCCHG				 28-DEC-24	 28-DEC-24
SALORDCHG_ITEM				 28-DEC-24	 28-DEC-24
SALORDCHG				 28-DEC-24	 28-DEC-24
INT$STG_CREATEPO_ALL_FLD		 28-DEC-24	 28-DEC-24
INVITEMLASTINWARD			 28-DEC-24	 28-DEC-24
TEMP_ALLOC_ITEM 			 28-DEC-24	 28-DEC-24
PSITE_AUDITJOURNALITEM			 28-DEC-24	 28-DEC-24
PSITE_AUDITJOURNAL			 28-DEC-24	 28-DEC-24
INT$STG_CREATEITEM_ALL_FLD		 28-DEC-24	 28-DEC-24
PURRTCHG_ITEM				 28-DEC-24	 28-DEC-24
PURRTCHG				 28-DEC-24	 28-DEC-24
PURRTMAIN				 28-DEC-24	 28-DEC-24
PURRTDET				 28-DEC-24	 28-DEC-24
FINCOSTTAG_CHECK			 28-DEC-24	 28-DEC-24
INVGRTCHG_ITEM				 28-DEC-24	 28-DEC-24
INVGRTCHG				 28-DEC-24	 28-DEC-24
INVGRTMAIN				 28-DEC-24	 28-DEC-24
INVGRTDET				 28-DEC-24	 28-DEC-24
FINCOSTTAG				 28-DEC-24	 28-DEC-24
PSITE_ALLOC_ITEM			 28-DEC-24	 28-DEC-24
PSITE_CUSTOMER				 28-DEC-24	 28-DEC-24
PRDLOTOPERATION 			 28-DEC-24	 28-DEC-24
PRDBOMDET				 28-DEC-24	 28-DEC-24
INVBARCODELOG				 28-DEC-24	 28-DEC-24
PSITE_CUSTOMER_DIST			 28-DEC-24	 28-DEC-24
PRDLOTBOM				 28-DEC-24	 28-DEC-24
INVSTOCK_INTRA				 28-DEC-24	 28-DEC-24
PRDWIPTRANS				 28-DEC-24	 28-DEC-24
INVBINSTOCK_ONHAND			 28-DEC-24	 28-DEC-24
SALRTCHG_ITEM				 28-DEC-24	 28-DEC-24
SALRTMAIN				 28-DEC-24	 28-DEC-24
SALRTCHG				 28-DEC-24	 28-DEC-24
SALRTDET				 28-DEC-24	 28-DEC-24
PROMO_ASSORTMENT_INCLUDE		 28-DEC-24	 28-DEC-24
PROMO_ASSORTMENT_EXCLUDE		 28-DEC-24	 28-DEC-24
INVPICKLISTDET				 28-DEC-24	 28-DEC-24
INVPICKLISTMAIN 			 28-DEC-24	 28-DEC-24
PSITE_DELIVERYSLIPITEM			 28-DEC-24	 28-DEC-24
PURORDCHG_ITEM				 28-DEC-24	 28-DEC-24
PURORDCHG				 28-DEC-24	 28-DEC-24
PURORDMAIN				 28-DEC-24	 28-DEC-24
PURORDDET				 28-DEC-24	 28-DEC-24
PSITE_POSSTLMAUDIT_POS			 28-DEC-24	 28-DEC-24
PSITE_POSSTLMAUDIT_HO			 28-DEC-24	 28-DEC-24
PSITE_PACKETITEM			 28-DEC-24	 28-DEC-24
PSITE_PACKET				 28-DEC-24	 28-DEC-24
PSITE_EMRSUBMIT_QUEUE			 28-DEC-24	 28-DEC-24
PSITE_SALESPERSON			 28-DEC-24	 28-DEC-24
PSITE_DELIVERYSLIPITEMVOID		 28-DEC-24	 28-DEC-24
PSITE_POSSTLM				 30-DEC-24	 30-DEC-24
TEMP_SALINVDET_STAGING			 30-DEC-24	 30-DEC-24

80 rows selected.

********************************************************************************************************************************************************************
###MST_STATTAB LAST ANALYZED ###
********************************************************************************************************************************************************************
********************************************************************************************************************************************************************
###Archive INFORMATION START###
********************************************************************************************************************************************************************

NAME		     SPACE_LIMIT SPACE_USED SPACE_RECLIMABLE NUMBER_OF_FILES
-------------------- ----------- ---------- ---------------- ---------------
/arch			     750	376		 327		6445

********************************************************************************************************************************************************************
###Archive INFORMATION END###
********************************************************************************************************************************************************************
