********************************************************************************************************************************************************************
###TABLESPACE INFORMATION START###
********************************************************************************************************************************************************************

TABLESPACE_NAME        TOTAL_GB    USED_GB    FREE_GB	TMAXSIZE      USED%
-------------------- ---------- ---------- ---------- ---------- ----------
USERS			    702        669	   33	     704	 95
INDX			    446        416	   30	     448	 93
TEMP			    140 	 0	  140	     160	  0
SYSAUX			     64 	18	   46	      64	 28
UNDOTBS1		     64 	 7	   57	      64	 11
GIN_TS_SUMMARY		     15 	 9	    6	      32	 60
GINOLAP 		     11 	 9	    2	      32	 82
GOLDENGATE		      6 	 6	    0	      32	100
SYSTEM			      3 	 2	    1	      32	 67
GIN_TS_NOLOGGING	      2 	 1	    1	      32	 50
GIN_TS_TX_DATA		      2 	 0	    2	      32	  0

11 rows selected.


no rows selected

********************************************************************************************************************************************************************
###TABLESPACE INFORMATION END###
********************************************************************************************************************************************************************
********************************************************************************************************************************************************************
###RMAN BACKUP INFORMATION START###
********************************************************************************************************************************************************************

COMMAND_ID	     START_TIME 	   TIME_TAKEN_DISPLAY	STATUS		INPUT_TYPE    OUTPUT_DEVICE_TYP INPUT_BYTES_DISPLAY  OUTPUT_BYTES_DISPLAY
-------------------- --------------------- -------------------- --------------- ------------- ----------------- -------------------- --------------------
2024-12-31T00:10:02  31-DEC-24 12:10:40 AM 01:28:21		COMPLETED	DB FULL       DISK		    1.28T		 1.16T
2024-12-30T00:10:01  30-DEC-24 12:10:41 AM 01:28:38		COMPLETED	DB FULL       DISK		    1.28T		 1.16T
2024-12-29T00:10:07  29-DEC-24 12:10:44 AM 01:33:21		COMPLETED	DB FULL       DISK		    1.28T		 1.16T
2024-12-28T00:10:01  28-DEC-24 12:10:40 AM 01:30:39		COMPLETED	DB FULL       DISK		    1.28T		 1.16T
2024-12-27T00:10:02  27-DEC-24 12:10:39 AM 01:35:03		COMPLETED	DB FULL       DISK		    1.23T		 1.15T
2024-12-26T00:10:02  26-DEC-24 12:10:41 AM 01:28:33		COMPLETED	DB FULL       DISK		    1.23T		 1.16T
2024-12-25T00:10:02  25-DEC-24 12:10:38 AM 06:50:46		COMPLETED	DB FULL       DISK		    1.23T	       232.18G
2024-12-24T00:10:01  24-DEC-24 12:10:40 AM 01:30:19		COMPLETED	DB FULL       DISK		    1.23T		 1.15T
2024-12-23T00:10:02  23-DEC-24 12:10:42 AM 01:27:13		COMPLETED	DB FULL       DISK		    1.23T		 1.15T
2024-12-22T00:10:02  22-DEC-24 12:10:39 AM 01:32:33		COMPLETED	DB FULL       DISK		    1.23T		 1.15T

10 rows selected.

********************************************************************************************************************************************************************
###RMAN BACKUP INFORMATION END###
********************************************************************************************************************************************************************
********************************************************************************************************************************************************************
### SCHEMA SIZE INFORMATION START ###
********************************************************************************************************************************************************************

OWNER		     SCHEMA_SIZE_MB SCHEMA_SIZE_GB
-------------------- -------------- --------------
RSBR			 1093787.75	   1068.15
GINARCHIVE		   17191.06	     16.79
SYS			   14848.25	      14.5
AUDSYS			   12518.19	     12.22
GINVIEW 		    9740.44	      9.51
MISRETAIL		    8781.06	      8.58
GOLDENGATE		    5991.81	      5.85
COGS_MIGRATION		    1551.75	      1.52
GININTG 		     506.81	       .49
MISCUSTOM		     289.63	       .28
APEX_040200			194	       .19
MDSYS			      78.69	       .08
XDB			       68.5	       .07
GINLOG				 45	       .04
SYSTEM			      32.19	       .03
GSLMIS				 22	       .02
ORDDATA 		      16.13	       .02
WMSYS			       7.19	       .01
DVSYS			       4.44		 0
CTXSYS			       3.81		 0
GSMADMIN_INTERNAL	       1.38		 0
GATEWAY 		       1.25		 0
DBSNMP				.88		 0
OUTLN				.56		 0
ORDSYS				.44		 0
OJVMSYS 			.38		 0
SCOTT				.38		 0
LBACSYS 			.31		 0

28 rows selected.

********************************************************************************************************************************************************************
### SCHEMA SIZE INFORMATION END ###
********************************************************************************************************************************************************************
********************************************************************************************************************************************************************
### DATA DELETION  INFORMATION START ###
********************************************************************************************************************************************************************

OWNER SEGMENT_NAME		     SEGMENT_TY TABLE_NAME		       COLUMN_NAME	    TABLESPA SCHEMA_SIZE_MB SCHEMA_SIZE_GIG
----- ------------------------------ ---------- ------------------------------ -------------------- -------- -------------- ---------------
RSBR  SYS_LOB0000671227C00008$$      LOBSEGMENT GDS2_EVENT_QUEUE_DATA	       BATCH_DATA	    USERS	   20613.13	      20.13
RSBR  SYS_LOB0012308323C00010$$      LOBSEGMENT DXRECEIVE2		       RECEIVEDATA	    USERS	    4162.13	       4.06
RSBR  MLOG$_PSITE_POSBILL	     TABLE							    USERS	       4161	       4.06
RSBR  SYS_LOB0012308335C00016$$      LOBSEGMENT DXSEND2 		       SENDDATA 	    USERS	    2545.13	       2.49
RSBR  GDS2_EVENT_TRACK_ARCHIVE	     TABLE							    USERS	       1671	       1.63
RSBR  GDS2_WEBHOOK_FAILURE	     TABLE							    USERS	       1668	       1.63
RSBR  INBOUND_API_LOG		     TABLE							    USERS	       1215	       1.19
RSBR  GDS2_WEBHOOK_SUCCESS	     TABLE							    USERS	     972.44		.95
RSBR  GDS2_EVENT_QUEUE_ARCHIVE	     TABLE							    USERS		804		.79
RSBR  PSITE_EMRTRANSACTION_LOG	     TABLE							    USERS		374		.37
RSBR  SYS_LOB0008449628C00014$$      LOBSEGMENT GDS2_WEBHOOK_FAILURE	       REQUEST_DATA	    USERS	     255.13		.25
RSBR  DXRECEIVE2		     TABLE							    USERS		252		.25
RSBR  DXSENDDATA		     TABLE							    USERS		225		.22
RSBR  DXSEND2			     TABLE							    USERS		211		.21
RSBR  SYS_LOB0008449628C00018$$      LOBSEGMENT GDS2_WEBHOOK_FAILURE	       RESPONSE_MSG	    USERS	     146.19		.14

15 rows selected.

********************************************************************************************************************************************************************
### DATA DELETION  INFORMATION END ###
********************************************************************************************************************************************************************
********************************************************************************************************************************************************************
### OBJECT INFORMATION ###
********************************************************************************************************************************************************************

SNAP_TIME   OBJECT_NAME 														     BLOCK_CHANGED
----------- -------------------------------------------------------------------------------------------------------------------------------- -------------
24-12-30 17 GDS2_EVENT_QUEUE_LK01														  30404976
24-12-30 17 INVITEM_STAGE_IDX1															  29300464
24-12-30 09 SEQ$																  27621360
24-12-30 08 SEQ$																  19614960
24-12-30 17 INVSTOCK_LOG															  18951712
24-12-30 19 CT_YTD_MTD_DIV															  12183968
24-12-30 17 SEQ$																  12182352

7 rows selected.

********************************************************************************************************************************************************************
### OBJECT INFORMATION ###
********************************************************************************************************************************************************************
********************************************************************************************************************************************************************
###MOST MODIFIED TABLES###
********************************************************************************************************************************************************************

TABLE_NAME				    INSERTS TIMESTAMP LAST_ANALYZED
---------------------------------------- ---------- --------- ---------------
PSITE_DELIVERYSLIP			    1545952 30-DEC-24 30-NOV-24
INVSTOCK				     661948 31-DEC-24 28-DEC-24
PBI_SIA_TRACK				     563872 30-DEC-24 28-DEC-24
PSITE_POSBILLITEM			     371860 30-DEC-24 28-DEC-24
SI_PSITE_POSBILLITEM			     325685 31-DEC-24 28-DEC-24
INVGRCCHG_ITEM				     275846 30-DEC-24 28-DEC-24
PSITE_DELIVERYSLIPITEM			     254372 30-DEC-24 28-DEC-24
SALCSDET				     185862 30-DEC-24 28-DEC-24
PSITE_EVENT_ARCHIVE			     114093 31-DEC-24 28-DEC-24
PSITE_POSBILLMOP			     107755 30-DEC-24 28-DEC-24
PURINVCHG_ITEM				     100301 30-DEC-24 28-DEC-24
PSITE_POSBILL				      98875 31-DEC-24 28-DEC-24
INVSTOCK_ONHAND_AGG			      93025 31-DEC-24 28-DEC-24
TEMP_SALINVDET_STAGING			      86300 30-DEC-24 28-DEC-24
INVSTOCK_INTRA				      62266 31-DEC-24 28-DEC-24
INVSTOCK_ONHAND_STOCKPOINT_AGG		      61239 31-DEC-24 28-DEC-24
OBJECT_SEGMENT				      51278 31-DEC-24 28-DEC-24
INVSTOCK_ONHAND_INTRA_AGG		      41466 31-DEC-24 28-DEC-24
PSITE_WEB_EVENT_ARCHIVE 		      39708 31-DEC-24 28-DEC-24
FINCOSTTAG				      32026 30-DEC-24 28-DEC-24
PSITE_PACKETITEM			      30532 31-DEC-24 28-DEC-24
PSITE_CUSTOMER_DIST			      28919 31-DEC-24 28-DEC-24
DS_JOB_QUEUE				      28544 31-DEC-24 30-DEC-24
INVDCDET				      28089 30-DEC-24 28-DEC-24
FINPOST 				      24584 30-DEC-24 28-DEC-24
PURINVDET				      23575 30-DEC-24 28-DEC-24
PSITE_AUDITJOURNALITEM			      20966 31-DEC-24 28-DEC-24
INVBARCODELOG				      17799 30-DEC-24 28-DEC-24
PSITE_CUSTOMER				      17312 31-DEC-24 28-DEC-24
INVGRCCHG				      16939 30-DEC-24 28-DEC-24
INVGRCDET				      15770 30-DEC-24 28-DEC-24
PSITE_DELIVERYSLIPVOID			      13899 30-DEC-24 28-DEC-24
INVITEM 				      13158 30-DEC-24 28-DEC-24
PURINVCHG				      12398 30-DEC-24 28-DEC-24
INVSTOCK_LOG				      10391 31-DEC-24 30-DEC-24
PURORDCHG_ITEM				       9586 30-DEC-24 28-DEC-24
TEMP_DUPLICATE_CUSTOMER 		       8935 31-DEC-24 30-DEC-24
INVSTOCK_INTRA_LOG			       8766 31-DEC-24 30-DEC-24
PROMO_ASSORTMENT_INCLUDE		       8696 30-DEC-24 28-DEC-24
STAGING2_AUDITJOURNALITEM		       8650 31-DEC-24 29-DEC-24
FINPOST_CHECK				       7888 30-DEC-24 28-DEC-24
INVITEMLASTINWARD			       7532 30-DEC-24 28-DEC-24
FINTAG					       7204 30-DEC-24 28-DEC-24
INVGRTCHG_ITEM				       7084 30-DEC-24 28-DEC-24
FINCOSTTAG_CHECK			       6346 30-DEC-24 28-DEC-24
ADMERRAUDIT				       6266 31-DEC-24 29-DEC-24
INVITEM_PRICE				       5915 30-DEC-24 28-DEC-24
PSITE_POSBILLITEMRETURN 		       5845 30-DEC-24 28-DEC-24
INVCOSTADJ				       5532 30-DEC-24 28-DEC-24
DXSESSIONLOG2				       4863 31-DEC-24 27-DEC-24

50 rows selected.


TABLE_NAME				    UPDATES TIMESTAMP LAST_ANALYZED
---------------------------------------- ---------- --------- ---------------
INVSTOCK				    5043347 31-DEC-24 28-DEC-24
SALCSDET				    1604025 30-DEC-24 28-DEC-24
INVITEM 				     606659 30-DEC-24 28-DEC-24
INVSTOCK_ONHAND_AGG			     583394 31-DEC-24 28-DEC-24
INVSTOCK_ONHAND_STOCKPOINT_AGG		     426447 31-DEC-24 28-DEC-24
FINPOST 				     170458 30-DEC-24 28-DEC-24
FINPOST_CHECK				     142420 30-DEC-24 28-DEC-24
FINCOSTTAG_CHECK			     139462 30-DEC-24 28-DEC-24
INVGRCDET				      75114 30-DEC-24 28-DEC-24
INVDCDET				      66383 30-DEC-24 28-DEC-24
PRDIS					      44014 30-DEC-24 28-DEC-24
INVITEMLASTINWARD			      29978 30-DEC-24 28-DEC-24
PURINVCHG				      24796 30-DEC-24 28-DEC-24
PURINVDET				      23955 30-DEC-24 28-DEC-24
PSITE_POSBILL				      23732 31-DEC-24 28-DEC-24
INVSTOCK_ONHAND_INTRA_AGG		      20048 31-DEC-24 28-DEC-24
DS_POS_STATISTICS			      16040 31-DEC-24 30-DEC-24
PSITE_AUDITJOURNALITEM			      16012 31-DEC-24 28-DEC-24
INVDCMAIN				      15711 30-DEC-24 28-DEC-24
PSITE_CUSTOMER				      14343 31-DEC-24 28-DEC-24
INVLGTNOTE				      12233 30-DEC-24 28-DEC-24
PURINVMAIN				      12148 30-DEC-24 28-DEC-24
INVSTOCK_LOG				      10391 31-DEC-24 30-DEC-24
DXSESSIONLOG2				       9726 31-DEC-24 27-DEC-24
INVGRCMAIN				       9448 30-DEC-24 28-DEC-24
INVGATEIN				       9102 31-DEC-24 28-DEC-24
INVSTOCK_INTRA_LOG			       8766 31-DEC-24 30-DEC-24
FINVCHDET				       6915 30-DEC-24 28-DEC-24
PSITE_PACKET				       6670 31-DEC-24 28-DEC-24
FINJRNDET				       6320 30-DEC-24 27-DEC-24
PSITE_POSBILLCN 			       6071 31-DEC-24 28-DEC-24
MAILJOB 				       5176 31-DEC-24 30-DEC-24
PURSRVCHG				       4727 30-DEC-24 28-DEC-24
FINJRNMAIN				       4525 30-DEC-24 27-DEC-24
INVITEM_PRICE				       4087 30-DEC-24 28-DEC-24
INVMISCDET				       3571 30-DEC-24 28-DEC-24
FINVCHMAIN				       3356 30-DEC-24 28-DEC-24
POSJOURNAL				       3338 30-DEC-24 28-DEC-24
PSITE_CUSTOMER_MERGE			       2945 31-DEC-24 28-DEC-24
PURSRVMAIN				       2219 30-DEC-24 28-DEC-24
DXRECEIVE2				       2164 31-DEC-24 30-DEC-24
PRDRC					       2021 30-DEC-24 28-DEC-24
PURORDDET				       1888 30-DEC-24 28-DEC-24
PSITE_EVENT_TRACKING2			       1722 31-DEC-24 30-DEC-24
NFS$TASKS				       1294 31-DEC-24 30-DEC-24
PRDORD						893 30-DEC-24 28-DEC-24
PURSRVDET					791 30-DEC-24 28-DEC-24
INVGRTDET					762 30-DEC-24 28-DEC-24
PSITE_CUS_BULK_MERGE_SESSION			692 31-DEC-24 30-DEC-24
FINCOSTTAG					658 30-DEC-24 28-DEC-24

50 rows selected.


TABLE_NAME				    DELETES TIMESTAMP LAST_ANALYZED
---------------------------------------- ---------- --------- ---------------
INVGRCCHG_ITEM				     205142 30-DEC-24 28-DEC-24
INVSTOCK				     183324 31-DEC-24 28-DEC-24
PSITE_DELIVERYSLIP			      78283 30-DEC-24 30-NOV-24
DS_JOB_QUEUE				      28544 31-DEC-24 30-DEC-24
PSITE_POSBILLITEM			      19888 30-DEC-24 28-DEC-24
FINCOSTTAG				      15138 30-DEC-24 28-DEC-24
PSITE_DELIVERYSLIPITEM			      14331 30-DEC-24 28-DEC-24
INVSTOCK_LOG				      10391 31-DEC-24 30-DEC-24
TEMP_DUPLICATE_CUSTOMER 		       9607 31-DEC-24 30-DEC-24
INVCOSTADJ				       9568 30-DEC-24 28-DEC-24
INVGRCCHG				       9458 30-DEC-24 28-DEC-24
INVSTOCK_INTRA_LOG			       8766 31-DEC-24 30-DEC-24
STAGING2_AUDITJOURNALITEM		       8650 31-DEC-24 29-DEC-24
PROMO_ASSORTMENT_INCLUDE		       7386 30-DEC-24 28-DEC-24
PSITE_POSBILLMOP			       5859 30-DEC-24 28-DEC-24
PSITE_POSBILL				       4595 31-DEC-24 28-DEC-24
INVGRTCHG_ITEM				       4306 30-DEC-24 28-DEC-24
PSITE_CUSTOMER_DIST			       4082 31-DEC-24 28-DEC-24
PSITE_CUSTOMER				       2714 31-DEC-24 28-DEC-24
PSITE_TERMINAL				       2153 31-DEC-24 30-DEC-24
PURORDCHG_ITEM				       1945 30-DEC-24 28-DEC-24
PSITE_EVENT_TRACKING2			       1722 31-DEC-24 30-DEC-24
PSITE_PTCBILL				       1138 30-DEC-24 28-DEC-24
STAGING2_DELIVERYSLIPVOID		       1029 30-DEC-24 30-DEC-24
PSITE_WEB_EVENT 				859 31-DEC-24 30-DEC-24
PURINVCHG_ITEM					739 30-DEC-24 28-DEC-24
PSITE_POSBILLITEM_PARK				684 30-DEC-24 30-DEC-24
INVGRCDET					684 30-DEC-24 28-DEC-24
FINTAG						551 30-DEC-24 28-DEC-24
INVDCDET					333 30-DEC-24 28-DEC-24
FINCOSTTAG_CHECK				330 30-DEC-24 28-DEC-24
TEMP_ALLOC_CUSTOMER				318 31-DEC-24 30-DEC-24
PURSRVCHG					299 30-DEC-24 28-DEC-24
PSITE_POSBILLITEMRETURN 			294 30-DEC-24 28-DEC-24
FINPOST_CHECK					288 30-DEC-24 28-DEC-24
FINPOST 					257 30-DEC-24 28-DEC-24
PURORDCHG					253 30-DEC-24 28-DEC-24
PURSRVCHG_ITEM					191 30-DEC-24 28-DEC-24
HRDEMP_OU					184 30-DEC-24 28-DEC-24
PSITE_POSREPRINTBILLAUDIT			176 30-DEC-24 28-DEC-24
PSITE_POSBILLCNADJ				173 30-DEC-24 28-DEC-24
SALINVCHG					124 30-DEC-24 28-DEC-24
PSITE_POSBILLMOP_PARK				113 30-DEC-24 30-DEC-24
FINGL_SITE					101 30-DEC-24 27-DEC-24
PSITE_POSBILL_PARK				 92 30-DEC-24 30-DEC-24
INVGRTCHG					 78 30-DEC-24 28-DEC-24
TEMP_ALLOC_ARTICLE				 75 30-DEC-24 28-DEC-24
ADMOU_DOCSCHEME 				 68 30-DEC-24 27-DEC-24
PSITE_POSSTLMAUDIT_POS				 63 30-DEC-24 28-DEC-24
PSITE_EVENT_TRACKING				 54 31-DEC-24 30-DEC-24

50 rows selected.

********************************************************************************************************************************************************************
###MOST MODIFIED TABLES###
********************************************************************************************************************************************************************
********************************************************************************************************************************************************************
###MST_STATTAB LAST ANALYZED ###
********************************************************************************************************************************************************************

TABLE_NAME				 DBA_STATISTICS  DBA_TABLES
---------------------------------------- --------------- ---------------
INVSTOCK_ONHAND_STOCKPOINT_AGG		 28-DEC-24	 28-DEC-24
INVSTOCK				 28-DEC-24	 28-DEC-24
INVSTOCK_ONHAND_AGG			 28-DEC-24	 28-DEC-24
PURINVCHG_ITEM				 28-DEC-24	 28-DEC-24
PURINVCHG				 28-DEC-24	 28-DEC-24
PURINVMAIN				 28-DEC-24	 28-DEC-24
PURINVDET				 28-DEC-24	 28-DEC-24
INVGRCCHG_ITEM				 28-DEC-24	 28-DEC-24
INVGRCCHG				 28-DEC-24	 28-DEC-24
INVGRCMAIN				 28-DEC-24	 28-DEC-24
INVGRCDET				 28-DEC-24	 28-DEC-24
SALCSDET				 28-DEC-24	 28-DEC-24
SALCSMAIN				 28-DEC-24	 28-DEC-24
PSITE_POSBILLITEM			 28-DEC-24	 28-DEC-24
PSITE_POSBILL				 28-DEC-24	 28-DEC-24
PSITE_POSBILLMOP			 28-DEC-24	 28-DEC-24
FINPOST 				 28-DEC-24	 28-DEC-24
INVDCDET				 28-DEC-24	 28-DEC-24
TEMP_INVDCSO_CHECK			 28-DEC-24	 28-DEC-24
TEMP_SALINVDET_STAGING			 28-DEC-24	 28-DEC-24
INVDCMAIN				 28-DEC-24	 28-DEC-24
SALORDDET				 28-DEC-24	 28-DEC-24
SALORDMAIN				 28-DEC-24	 28-DEC-24
SALINVCHG				 28-DEC-24	 28-DEC-24
FINPOST_CHECK				 28-DEC-24	 28-DEC-24
PSITE_GRCCHG				 28-DEC-24	 28-DEC-24
SALORDCHG				 28-DEC-24	 28-DEC-24
SALORDCHG_ITEM				 28-DEC-24	 28-DEC-24
INT$STG_CREATEPO_ALL_FLD		 28-DEC-24	 28-DEC-24
INVITEMLASTINWARD			 28-DEC-24	 28-DEC-24
TEMP_ALLOC_ITEM 			 28-DEC-24	 28-DEC-24
PSITE_AUDITJOURNALITEM			 28-DEC-24	 28-DEC-24
PSITE_AUDITJOURNAL			 28-DEC-24	 28-DEC-24
PURRTCHG_ITEM				 28-DEC-24	 28-DEC-24
PURRTCHG				 28-DEC-24	 28-DEC-24
PURRTMAIN				 28-DEC-24	 28-DEC-24
PURRTDET				 28-DEC-24	 28-DEC-24
FINCOSTTAG_CHECK			 28-DEC-24	 28-DEC-24
INVGRTCHG_ITEM				 28-DEC-24	 28-DEC-24
INVGRTCHG				 28-DEC-24	 28-DEC-24
INVGRTMAIN				 28-DEC-24	 28-DEC-24
INVGRTDET				 28-DEC-24	 28-DEC-24
FINCOSTTAG				 28-DEC-24	 28-DEC-24
PSITE_ALLOC_ITEM			 28-DEC-24	 28-DEC-24
PSITE_CUSTOMER				 28-DEC-24	 28-DEC-24
INVBARCODELOG				 28-DEC-24	 28-DEC-24
PRDLOTOPERATION 			 28-DEC-24	 28-DEC-24
PRDBOMDET				 28-DEC-24	 28-DEC-24
PSITE_CUSTOMER_DIST			 28-DEC-24	 28-DEC-24
PRDLOTBOM				 28-DEC-24	 28-DEC-24
INVSTOCK_INTRA				 28-DEC-24	 28-DEC-24
PRDWIPTRANS				 28-DEC-24	 28-DEC-24
INVBINSTOCK_ONHAND			 28-DEC-24	 28-DEC-24
SALRTCHG_ITEM				 28-DEC-24	 28-DEC-24
SALRTCHG				 28-DEC-24	 28-DEC-24
INVSTOCK_ONHAND_INTRA_AGG		 28-DEC-24	 28-DEC-24
PSITE_POSSTLM				 28-DEC-24	 28-DEC-24
PROMO_ASSORTMENT_INCLUDE		 28-DEC-24	 28-DEC-24
INVPICKLISTDET				 28-DEC-24	 28-DEC-24
INVPICKLISTMAIN 			 28-DEC-24	 28-DEC-24
PSITE_DELIVERYSLIPITEM			 28-DEC-24	 28-DEC-24
PURORDCHG_ITEM				 28-DEC-24	 28-DEC-24
PURORDCHG				 28-DEC-24	 28-DEC-24
PURORDMAIN				 28-DEC-24	 28-DEC-24
PURORDDET				 28-DEC-24	 28-DEC-24
PSITE_POSSTLMAUDIT_POS			 28-DEC-24	 28-DEC-24
PSITE_POSSTLMAUDIT_HO			 28-DEC-24	 28-DEC-24
PSITE_PACKETITEM			 28-DEC-24	 28-DEC-24
PSITE_PACKET				 28-DEC-24	 28-DEC-24
PSITE_SALESPERSON			 28-DEC-24	 28-DEC-24
PSITE_EMRSUBMIT_QUEUE			 28-DEC-24	 28-DEC-24
PSITE_DELIVERYSLIPITEMVOID		 28-DEC-24	 28-DEC-24
PSITE_GRCCHGITEM			 30-DEC-24	 30-DEC-24
SALRTMAIN				 30-DEC-24	 30-DEC-24
INVSTOCK_LOG				 30-DEC-24	 30-DEC-24
INT$STG_CREATEITEM_ALL_FLD		 30-DEC-24	 30-DEC-24
TEMP_ALLOC_CUSTOMER			 30-DEC-24	 30-DEC-24
PROMO_ASSORTMENT_EXCLUDE		 30-DEC-24	 30-DEC-24
SALINVDET				 30-DEC-24	 30-DEC-24
PSITE_GRCITEM				 30-DEC-24	 30-DEC-24
SALINVMAIN				 30-DEC-24	 30-DEC-24
PSITE_GRC				 30-DEC-24	 30-DEC-24
SALRTDET				 30-DEC-24	 30-DEC-24
SALINVCHG_ITEM				 30-DEC-24	 30-DEC-24

84 rows selected.

********************************************************************************************************************************************************************
###MST_STATTAB LAST ANALYZED ###
********************************************************************************************************************************************************************
********************************************************************************************************************************************************************
###Archive INFORMATION START###
********************************************************************************************************************************************************************

NAME		     SPACE_LIMIT SPACE_USED SPACE_RECLIMABLE NUMBER_OF_FILES
-------------------- ----------- ---------- ---------------- ---------------
/arch			     950	760		 740		8896

********************************************************************************************************************************************************************
###Archive INFORMATION END###
********************************************************************************************************************************************************************
