********************************************************************************************************************************************************************
###TABLESPACE INFORMATION START###
********************************************************************************************************************************************************************

TABLESPACE_NAME        TOTAL_GB    USED_GB    FREE_GB	TMAXSIZE      USED%
-------------------- ---------- ---------- ---------- ---------- ----------
USERS			    448        428	   20	     448	 96
INDX			    178        161	   17	     192	 90
GINOLAP 		     35 	30	    5	      64	 86
TEMP			     32 	 2	   30	      32	  6
UNDOTBS1		     32 	32	    0	      32	100
SYSAUX			     24 	 9	   15	      32	 38
SYSTEM			      3 	 2	    1	      32	 67
GIN_TS_SUMMARY		      2 	 2	    0	      32	100
GIN_TS_TX_DATA		      1 	 0	    1	      32	  0
GIN_TS_NOLOGGING	      1 	 0	    1	      32	  0

10 rows selected.


TABLESPACE_NAME 	USED_GB   TMAXSIZE	ALERT
-------------------- ---------- ---------- ----------
UNDOTBS1		  31.52 	32	    0

********************************************************************************************************************************************************************
###TABLESPACE INFORMATION END###
********************************************************************************************************************************************************************
********************************************************************************************************************************************************************
###RMAN BACKUP INFORMATION START###
********************************************************************************************************************************************************************

COMMAND_ID	     START_TIME 	   TIME_TAKEN_DISPLAY	STATUS		INPUT_TYPE    OUTPUT_DEVICE_TYP INPUT_BYTES_DISPLAY  OUTPUT_BYTES_DISPLAY
-------------------- --------------------- -------------------- --------------- ------------- ----------------- -------------------- --------------------
2024-12-31T00:10:01  31-DEC-24 12:10:11 AM 07:20:42		COMPLETED	DB FULL       DISK		  723.66G	       288.98G
2024-12-30T00:10:01  30-DEC-24 12:10:12 AM 07:16:33		COMPLETED	DB FULL       DISK		  723.66G	       288.87G
2024-12-29T00:10:01  29-DEC-24 12:10:11 AM 07:17:03		COMPLETED	DB FULL       DISK		  723.66G	       288.55G
2024-12-28T00:10:01  28-DEC-24 12:10:11 AM 07:16:24		COMPLETED	DB FULL       DISK		  723.66G	       288.48G
2024-12-27T00:10:02  27-DEC-24 12:10:11 AM 07:15:24		COMPLETED	DB FULL       DISK		  723.66G	       288.07G
2024-12-26T00:10:02  26-DEC-24 12:10:12 AM 07:14:32		COMPLETED	DB FULL       DISK		  723.66G	       287.46G
2024-12-25T00:10:01  25-DEC-24 12:10:11 AM 07:19:33		COMPLETED	DB FULL       DISK		  723.66G	       287.34G
2024-12-24T00:10:01  24-DEC-24 12:10:11 AM 07:15:13		COMPLETED	DB FULL       DISK		  723.66G	       287.15G
2024-12-23T00:10:01  23-DEC-24 12:10:13 AM 07:15:22		COMPLETED	DB FULL       DISK		  723.56G	       287.02G
2024-12-22T00:10:01  22-DEC-24 12:10:13 AM 07:14:34		COMPLETED	DB FULL       DISK		  723.56G	       287.44G

10 rows selected.

********************************************************************************************************************************************************************
###RMAN BACKUP INFORMATION END###
********************************************************************************************************************************************************************
********************************************************************************************************************************************************************
### SCHEMA SIZE INFORMATION START ###
********************************************************************************************************************************************************************

OWNER		     SCHEMA_SIZE_MB SCHEMA_SIZE_GB
-------------------- -------------- --------------
GVHO			  590924.38	    577.07
SYS			   39062.69	     38.15
MISRETAIL		   29342.06	     28.65
GINARCHIVE		   11606.94	     11.33
AUDSYS			    3695.19	      3.61
GINVIEW 		     2217.5	      2.17
GININTG 		     958.44	       .94
COGS_MIGRATION		     456.06	       .45
APEX_040200			194	       .19
MDSYS			      78.69	       .08
XDB			       68.5	       .07
SYSTEM			      32.19	       .03
ORDDATA 		      16.13	       .02
WMSYS			       7.19	       .01
DVSYS			       4.44		 0
CTXSYS			       3.81		 0
GSMADMIN_INTERNAL	       1.38		 0
GATEWAY 			.88		 0
DBSNMP				.81		 0
OUTLN				.56		 0
SCOTT				 .5		 0
ORDSYS				.44		 0
OJVMSYS 			.38		 0
GVT_ANALYTICS			.38		 0
LBACSYS 			.31		 0

25 rows selected.

********************************************************************************************************************************************************************
### SCHEMA SIZE INFORMATION END ###
********************************************************************************************************************************************************************
********************************************************************************************************************************************************************
### DATA DELETION  INFORMATION START ###
********************************************************************************************************************************************************************

OWNER SEGMENT_NAME		     SEGMENT_TY TABLE_NAME		       COLUMN_NAME	    TABLESPA SCHEMA_SIZE_MB SCHEMA_SIZE_GIG
----- ------------------------------ ---------- ------------------------------ -------------------- -------- -------------- ---------------
GVHO  SYS_LOB0009775805C00010$$      LOBSEGMENT DXRECEIVE2		       RECEIVEDATA	    USERS	    4287.19	       4.19
GVHO  SYS_LOB0000095345C00002$$      LOBSEGMENT DXSENDDATA		       FILEDATA 	    USERS	    3653.13	       3.57
GVHO  GDS2_WEBHOOK_STATS	     TABLE							    USERS	       2181	       2.13
GVHO  DXSENDDATA		     TABLE							    USERS	       1758	       1.72
GVHO  SYS_LOB0000095342C00002$$      LOBSEGMENT DXRECEIVEDATA		       FILEDATA 	    USERS	    1025.13		  1
GVHO  GDS2_WEBHOOK_SUCCESS	     TABLE							    USERS	     329.94		.32
GVHO  PSITE_EMRTRANSACTION_LOG	     TABLE							    USERS		283		.28
GVHO  DXRECEIVE2		     TABLE							    USERS		206		 .2
GVHO  ADMERRAUDIT		     TABLE							    USERS		200		 .2
GVHO  DXRECEIVEDATA		     TABLE							    USERS		113		.11
GVHO  MLOG$_PSITE_POSBILL	     TABLE							    USERS		 52		.05
GVHO  GDS2_EVENT_TRACK_ARCHIVE	     TABLE							    USERS		 12		.01
GVHO  SYS_LOB0006615222C00018$$      LOBSEGMENT GDS2_WEBHOOK_FAILURE	       RESPONSE_MSG	    USERS	       2.19		  0
GVHO  INT$ERROR_LOG		     TABLE							    USERS		  2		  0
GVHO  SYS_LOB0000102655C00003$$      LOBSEGMENT GDS_INBOUND_QUEUE	       REQUESTDATA	    USERS		.13		  0

15 rows selected.

********************************************************************************************************************************************************************
### DATA DELETION  INFORMATION END ###
********************************************************************************************************************************************************************
********************************************************************************************************************************************************************
### OBJECT INFORMATION ###
********************************************************************************************************************************************************************

SNAP_TIME   OBJECT_NAME 														     BLOCK_CHANGED
----------- -------------------------------------------------------------------------------------------------------------------------------- -------------
24-12-30 21 MLOG$_INVSTOCK															 213048544
24-12-30 21 I_MLOG$_INVSTOCK															 202983072
24-12-30 22 MLOG$_INVSTOCK															   8971728
24-12-30 22 I_MLOG$_INVSTOCK															   8653376
24-12-30 19 SEQ$																   6199888
24-12-30 19 INVSTOCK_LOG															   5572272
24-12-30 21 SEQ$																   3426976

7 rows selected.

********************************************************************************************************************************************************************
### OBJECT INFORMATION ###
********************************************************************************************************************************************************************
********************************************************************************************************************************************************************
###MOST MODIFIED TABLES###
********************************************************************************************************************************************************************

TABLE_NAME				    INSERTS TIMESTAMP LAST_ANALYZED
---------------------------------------- ---------- --------- ---------------
PSITE_POSSTLMAUDIT_HO			     144795 31-DEC-24 30-DEC-24
PSITE_POSBILLITEM			     143069 30-DEC-24 28-DEC-24
PSITE_ALLOC_ITEM			     128063 30-DEC-24 28-DEC-24
SALSSDET				     103665 30-DEC-24 28-DEC-24
SALINVCHG_ITEM				      84440 30-DEC-24 28-DEC-24
INVSTOCK_ONHAND_AGG			      71789 30-DEC-24 28-DEC-24
INVGRCCHG_ITEM				      68474 30-DEC-24 28-DEC-24
OBJECT_SEGMENT				      63421 31-DEC-24 28-DEC-24
TEMP_SALINVDET_STAGING			      60124 30-DEC-24 28-DEC-24
PSITE_POSBILLMOP			      57010 30-DEC-24 28-DEC-24
PSITE_EVENT_ARCHIVE			      55314 30-DEC-24 28-DEC-24
PSITE_POSBILL				      53443 30-DEC-24 28-DEC-24
SALINVDET				      51232 30-DEC-24 28-DEC-24
PURINVCHG_ITEM				      47360 30-DEC-24 28-DEC-24
INVSTOCK_LOG				      46244 30-DEC-24 30-DEC-24
INVSTOCK_ONHAND_STOCKPOINT_AGG		      41229 30-DEC-24 28-DEC-24
INVDCDET				      41001 30-DEC-24 28-DEC-24
GVT_T_AKT_COSTRATE			      39383 30-DEC-24 27-DEC-24
PSITE_GRCITEM				      30731 30-DEC-24 28-DEC-24
INVSTOCK				      22362 30-DEC-24 30-DEC-24
PSITE_POSSTLMSTOCKINFO_HO		      18887 31-DEC-24 30-DEC-24
SALRTDET				      17230 30-DEC-24 28-DEC-24
INVSTOCK_ONHAND_INTRA_AGG		      15582 30-DEC-24 28-DEC-24
PSITE_WEB_EVENT_ARCHIVE 		      13990 30-DEC-24 28-DEC-24
PSITE_GRTCHGITEM			      13763 30-DEC-24 28-DEC-24
SALINVJRNCHG_ITEM			      10632 30-DEC-24 28-DEC-24
TEMP_INVDCSO_CHECK			      10159 30-DEC-24 28-DEC-24
SALORDDET				      10159 30-DEC-24 28-DEC-24
PSITE_CUSTOMER_DIST			       9565 30-DEC-24 28-DEC-24
PSITE_PACKETITEM			       9437 30-DEC-24 28-DEC-24
PURINVDET				       9117 30-DEC-24 28-DEC-24
PSITE_GRCCHGITEM			       8610 30-DEC-24 28-DEC-24
PSITE_CUSTOMER				       7592 30-DEC-24 28-DEC-24
PSITE_EVENT_SET_DET			       7263 30-DEC-24 28-DEC-24
FINPOST 				       7214 30-DEC-24 28-DEC-24
INVITEM 				       7125 30-DEC-24 27-DEC-24
FINCOSTTAG				       7097 30-DEC-24 28-DEC-24
TEMP_PSITE_POSSTLM			       6947 31-DEC-24 30-DEC-24
SALCSDET				       6110 30-DEC-24 30-DEC-24
DS_JOB_QUEUE				       5963 31-DEC-24 30-DEC-24
PURINVCHG				       5953 30-DEC-24 28-DEC-24
PSITE_GRTITEM				       5658 30-DEC-24 28-DEC-24
SALRTCHG_ITEM				       5605 30-DEC-24 28-DEC-24
INVGRCCHG				       4540 30-DEC-24 28-DEC-24
PSITE_POSSTLMAUDIT_POS			       4410 30-DEC-24 28-DEC-24
PSITE_EMRSUBMIT_QUEUE			       4104 30-DEC-24 28-DEC-24
INVGRCDET				       3778 30-DEC-24 28-DEC-24
INVITEMLASTINWARD			       3062 30-DEC-24 28-DEC-24
PSITE_POSBILLITEMRETURN 		       2897 30-DEC-24 28-DEC-24
INVBARCODELOG				       2840 30-DEC-24 28-DEC-24

50 rows selected.


TABLE_NAME				    UPDATES TIMESTAMP LAST_ANALYZED
---------------------------------------- ---------- --------- ---------------
INVSTOCK_ONHAND_AGG			     425049 30-DEC-24 28-DEC-24
INVSTOCK_ONHAND_STOCKPOINT_AGG		     328115 30-DEC-24 28-DEC-24
GVT_T_AKT_COSTRATE			     117155 30-DEC-24 27-DEC-24
INVITEM 				      83456 30-DEC-24 27-DEC-24
INVDCDET				      63602 30-DEC-24 28-DEC-24
FINPOST 				      59045 30-DEC-24 28-DEC-24
SALRTDET				      50988 30-DEC-24 28-DEC-24
FINPOST_CHECK				      43379 30-DEC-24 28-DEC-24
INVSTOCK_LOG				      40919 30-DEC-24 30-DEC-24
GVT_WHS_INV_FLOW			      35699 31-DEC-24 30-DEC-24
FINCOSTTAG_CHECK			      27977 30-DEC-24 28-DEC-24
TEMP_INVDCSO_CHECK			      26576 30-DEC-24 28-DEC-24
INVGRCDET				      23727 30-DEC-24 28-DEC-24
SALINVDET				      20632 30-DEC-24 28-DEC-24
PSITE_POSSTLM				      13796 31-DEC-24 30-DEC-24
SALORDDET				      13283 30-DEC-24 28-DEC-24
PURINVCHG				      11906 30-DEC-24 28-DEC-24
DS_POS_STATISTICS			      11412 31-DEC-24 30-DEC-24
ADMSITE 				      11403 31-DEC-24 30-DEC-24
INVSTOCK				      11093 30-DEC-24 30-DEC-24
PURINVDET				       9649 30-DEC-24 28-DEC-24
INVITEMLASTINWARD			       8849 30-DEC-24 28-DEC-24
INVDCMAIN				       8550 30-DEC-24 28-DEC-24
INVLGTNOTE				       5716 30-DEC-24 27-DEC-24
PURINVMAIN				       5701 30-DEC-24 28-DEC-24
MAILJOB 				       5256 31-DEC-24 30-DEC-24
DXSEND					       3911 30-DEC-24 27-DEC-24
INVGATEIN				       3671 30-DEC-24 27-DEC-24
INVGRCMAIN				       3480 30-DEC-24 28-DEC-24
DXSESSIONLOG				       2775 31-DEC-24 27-DEC-24
DXRECEIVE				       2631 30-DEC-24 27-DEC-24
INVSTOCK_ONHAND_INTRA_AGG		       2372 30-DEC-24 28-DEC-24
FINVCHDET				       2255 30-DEC-24 27-DEC-24
PSITE_CUSTOMER				       2237 30-DEC-24 28-DEC-24
FINJRNDET				       1917 30-DEC-24 27-DEC-24
PSITE_POSBILLCN 			       1786 30-DEC-24 28-DEC-24
FINJRNMAIN				       1513 30-DEC-24 27-DEC-24
SALINVMAIN				       1400 30-DEC-24 28-DEC-24
SALSSDET				       1365 30-DEC-24 28-DEC-24
NFS$TASKS				       1314 31-DEC-24 30-DEC-24
DXSESSIONLOG2				       1314 31-DEC-24 30-DEC-24
FINVCHMAIN				       1283 30-DEC-24 27-DEC-24
SALORDMAIN				       1224 30-DEC-24 29-DEC-24
PURORDDET					810 30-DEC-24 28-DEC-24
GVT_T_BASESTOCK 				622 30-DEC-24 27-DEC-24
PURSRVCHG					484 30-DEC-24 28-DEC-24
PURSRVMAIN					467 30-DEC-24 28-DEC-24
PURRTCHG					444 30-DEC-24 28-DEC-24
POSJOURNAL					384 30-DEC-24 28-DEC-24
SALSSMAIN					366 30-DEC-24 28-DEC-24

50 rows selected.


TABLE_NAME				    DELETES TIMESTAMP LAST_ANALYZED
---------------------------------------- ---------- --------- ---------------
PSITE_POSSTLMAUDIT_HO			     144354 31-DEC-24 30-DEC-24
INVGRCCHG_ITEM				      51414 30-DEC-24 28-DEC-24
INVSTOCK_LOG				      40919 30-DEC-24 30-DEC-24
PSITE_POSBILLITEM_PARK			      27132 30-DEC-24 30-DEC-24
PSITE_POSSTLMSTOCKINFO_HO		      18826 31-DEC-24 30-DEC-24
PSITE_POSBILLMOP_PARK			      11196 30-DEC-24 30-DEC-24
PSITE_POSBILL_PARK			      10163 30-DEC-24 30-DEC-24
PSITE_POSBILLITEM			       8947 30-DEC-24 28-DEC-24
TEMP_PSITE_POSSTLM			       6943 31-DEC-24 30-DEC-24
DS_JOB_QUEUE				       5963 31-DEC-24 30-DEC-24
SALINVCHG_ITEM				       5670 30-DEC-24 28-DEC-24
FINCOSTTAG				       3818 30-DEC-24 28-DEC-24
PSITE_POSBILLMOP			       3686 30-DEC-24 28-DEC-24
PSITE_POSBILL				       3553 30-DEC-24 28-DEC-24
SALRTCHG_ITEM				       2150 30-DEC-24 28-DEC-24
TEMP_ALLOC_ITEM 			       1881 30-DEC-24 28-DEC-24
INVGRCCHG				       1524 30-DEC-24 28-DEC-24
PURINVCHG_ITEM				       1392 30-DEC-24 28-DEC-24
GVT_T_BASESTOCK 				337 30-DEC-24 27-DEC-24
INVDCDET					330 30-DEC-24 28-DEC-24
PSITE_ROLEMENUOPERATION 			317 29-DEC-24 28-DEC-24
FINCOSTTAG_CHECK				295 30-DEC-24 28-DEC-24
PSITE_ROLEMENU					256 29-DEC-24 28-DEC-24
FINPOST_CHECK					177 30-DEC-24 28-DEC-24
PURINVCHG					171 30-DEC-24 28-DEC-24
FINPOST 					144 30-DEC-24 28-DEC-24
PSITE_POSREPRINTBILLAUDIT			137 30-DEC-24 28-DEC-24
PSITE_POSSTLMAUDIT_POS				126 30-DEC-24 28-DEC-24
PSITE_POSBILLITEMRETURN 			120 30-DEC-24 28-DEC-24
FINTAG						119 30-DEC-24 27-DEC-24
PURSRVCHG					 56 30-DEC-24 28-DEC-24
STAGING_POSBILLITEM				 53 30-DEC-24 30-DEC-24
PSITE_POSBILLCNADJ				 51 30-DEC-24 28-DEC-24
PROMO_SLAB					 51 30-DEC-24 28-DEC-24
PSITE_POSSTLMSTOCKINFO_POS			 48 30-DEC-24 28-DEC-24
PSITE_POSSTLMDETAIL				 46 30-DEC-24 28-DEC-24
PROMO_BUY					 45 30-DEC-24 28-DEC-24
POSJOURNAL_DETAIL				 42 30-DEC-24 28-DEC-24
PSITE_POSSTLMSESSION				 41 30-DEC-24 28-DEC-24
PURSRVCHG_ITEM					 39 30-DEC-24 28-DEC-24
STAGING_SETTLEMENTDATA				 38 30-DEC-24 30-DEC-24
PURORDCHG_ITEM					 32 30-DEC-24 28-DEC-24
TEMP_ALLOC_CUSTOMER				 31 30-DEC-24 30-DEC-24
SALRTCHG					 27 30-DEC-24 28-DEC-24
SALCSMOP					 26 30-DEC-24 28-DEC-24
STAGING_POSBILLMOP				 24 30-DEC-24 30-DEC-24
PSITE_POSSTLMSTOCKRECO_POS			 24 30-DEC-24 28-DEC-24
PSITE_WEB_EVENT 				 24 30-DEC-24 30-DEC-24
PSITE_EVENT_TRACKING2				 23 30-DEC-24 30-DEC-24
POSJOURNAL					 21 30-DEC-24 28-DEC-24

50 rows selected.

********************************************************************************************************************************************************************
###MOST MODIFIED TABLES###
********************************************************************************************************************************************************************
********************************************************************************************************************************************************************
###MST_STATTAB LAST ANALYZED ###
********************************************************************************************************************************************************************

TABLE_NAME				 DBA_STATISTICS  DBA_TABLES
---------------------------------------- --------------- ---------------
INVSTOCK_ONHAND_STOCKPOINT_AGG		 28-DEC-24	 28-DEC-24
INVSTOCK_ONHAND_AGG			 28-DEC-24	 28-DEC-24
PURINVCHG_ITEM				 28-DEC-24	 28-DEC-24
PURINVCHG				 28-DEC-24	 28-DEC-24
PURINVMAIN				 28-DEC-24	 28-DEC-24
PURINVDET				 28-DEC-24	 28-DEC-24
INVGRCCHG_ITEM				 28-DEC-24	 28-DEC-24
INVGRCCHG				 28-DEC-24	 28-DEC-24
INVGRCMAIN				 28-DEC-24	 28-DEC-24
INVGRCDET				 28-DEC-24	 28-DEC-24
SALCSMAIN				 28-DEC-24	 28-DEC-24
PSITE_POSBILLITEM			 28-DEC-24	 28-DEC-24
PSITE_POSBILL				 28-DEC-24	 28-DEC-24
PSITE_POSBILLMOP			 28-DEC-24	 28-DEC-24
FINPOST 				 28-DEC-24	 28-DEC-24
INVDCDET				 28-DEC-24	 28-DEC-24
TEMP_INVDCSO_CHECK			 28-DEC-24	 28-DEC-24
TEMP_SALINVDET_STAGING			 28-DEC-24	 28-DEC-24
INVDCMAIN				 28-DEC-24	 28-DEC-24
SALORDDET				 28-DEC-24	 28-DEC-24
SALINVCHG_ITEM				 28-DEC-24	 28-DEC-24
SALINVCHG				 28-DEC-24	 28-DEC-24
SALINVMAIN				 28-DEC-24	 28-DEC-24
SALINVDET				 28-DEC-24	 28-DEC-24
FINPOST_CHECK				 28-DEC-24	 28-DEC-24
PSITE_GRCCHGITEM			 28-DEC-24	 28-DEC-24
PSITE_GRCITEM				 28-DEC-24	 28-DEC-24
PSITE_GRC				 28-DEC-24	 28-DEC-24
SALORDCHG				 28-DEC-24	 28-DEC-24
SALORDCHG_ITEM				 28-DEC-24	 28-DEC-24
PSITE_GRCCHG				 28-DEC-24	 28-DEC-24
INT$STG_CREATEPO_ALL_FLD		 28-DEC-24	 28-DEC-24
INVITEMLASTINWARD			 28-DEC-24	 28-DEC-24
TEMP_ALLOC_ITEM 			 28-DEC-24	 28-DEC-24
PSITE_AUDITJOURNALITEM			 28-DEC-24	 28-DEC-24
PSITE_AUDITJOURNAL			 28-DEC-24	 28-DEC-24
PURRTCHG_ITEM				 28-DEC-24	 28-DEC-24
PURRTCHG				 28-DEC-24	 28-DEC-24
PURRTMAIN				 28-DEC-24	 28-DEC-24
PURRTDET				 28-DEC-24	 28-DEC-24
FINCOSTTAG_CHECK			 28-DEC-24	 28-DEC-24
INVGRTCHG_ITEM				 28-DEC-24	 28-DEC-24
INVGRTCHG				 28-DEC-24	 28-DEC-24
INVGRTMAIN				 28-DEC-24	 28-DEC-24
INVGRTDET				 28-DEC-24	 28-DEC-24
FINCOSTTAG				 28-DEC-24	 28-DEC-24
PSITE_ALLOC_ITEM			 28-DEC-24	 28-DEC-24
PSITE_CUSTOMER				 28-DEC-24	 28-DEC-24
INVBARCODELOG				 28-DEC-24	 28-DEC-24
PRDBOMDET				 28-DEC-24	 28-DEC-24
PRDLOTOPERATION 			 28-DEC-24	 28-DEC-24
PSITE_CUSTOMER_DIST			 28-DEC-24	 28-DEC-24
PRDLOTBOM				 28-DEC-24	 28-DEC-24
INVBINSTOCK_ONHAND			 28-DEC-24	 28-DEC-24
PRDWIPTRANS				 28-DEC-24	 28-DEC-24
SALRTCHG_ITEM				 28-DEC-24	 28-DEC-24
SALRTCHG				 28-DEC-24	 28-DEC-24
SALRTMAIN				 28-DEC-24	 28-DEC-24
SALRTDET				 28-DEC-24	 28-DEC-24
INVSTOCK_ONHAND_INTRA_AGG		 28-DEC-24	 28-DEC-24
INVPICKLISTDET				 28-DEC-24	 28-DEC-24
INVPICKLISTMAIN 			 28-DEC-24	 28-DEC-24
PSITE_DELIVERYSLIPITEM			 28-DEC-24	 28-DEC-24
PURORDCHG_ITEM				 28-DEC-24	 28-DEC-24
PURORDCHG				 28-DEC-24	 28-DEC-24
PURORDMAIN				 28-DEC-24	 28-DEC-24
PURORDDET				 28-DEC-24	 28-DEC-24
PSITE_POSSTLMAUDIT_POS			 28-DEC-24	 28-DEC-24
PSITE_PACKETITEM			 28-DEC-24	 28-DEC-24
PSITE_PACKET				 28-DEC-24	 28-DEC-24
PSITE_SALESPERSON			 28-DEC-24	 28-DEC-24
PSITE_EMRSUBMIT_QUEUE			 28-DEC-24	 28-DEC-24
PSITE_DELIVERYSLIPITEMVOID		 28-DEC-24	 28-DEC-24
SALORDMAIN				 29-DEC-24	 29-DEC-24
INVSTOCK_LOG				 30-DEC-24	 30-DEC-24
TEMP_ALLOC_CUSTOMER			 30-DEC-24	 30-DEC-24
INT$STG_CREATEITEM_ALL_FLD		 30-DEC-24	 30-DEC-24
PSITE_POSSTLM				 30-DEC-24	 30-DEC-24
PSITE_POSSTLMAUDIT_HO			 30-DEC-24	 30-DEC-24
PROMO_ASSORTMENT_INCLUDE		 30-DEC-24	 30-DEC-24
PROMO_ASSORTMENT_EXCLUDE		 30-DEC-24	 30-DEC-24
INVSTOCK_INTRA				 30-DEC-24	 30-DEC-24
SALCSDET				 30-DEC-24	 30-DEC-24
INVSTOCK				 30-DEC-24	 30-DEC-24

84 rows selected.

********************************************************************************************************************************************************************
###MST_STATTAB LAST ANALYZED ###
********************************************************************************************************************************************************************
********************************************************************************************************************************************************************
###Archive INFORMATION START###
********************************************************************************************************************************************************************

NAME		     SPACE_LIMIT SPACE_USED SPACE_RECLIMABLE NUMBER_OF_FILES
-------------------- ----------- ---------- ---------------- ---------------
/arch/			    1024	785		 781		4822

********************************************************************************************************************************************************************
###Archive INFORMATION END###
********************************************************************************************************************************************************************
