********************************************************************************************************************************************************************
###TABLESPACE INFORMATION START###
********************************************************************************************************************************************************************

TABLESPACE_NAME        TOTAL_GB    USED_GB    FREE_GB	TMAXSIZE      USED%
-------------------- ---------- ---------- ---------- ---------- ----------
GIN_TS_SUMMARY		      8 	 6	    2	      32	 75
SYSAUX			     24 	19	    5	      32	 79
UNDOTBS1		    192 	48	  144	     192	 25
GIN_TS_TX_DATA		      2 	 0	    2	      32	  0
GINOLAP 		     10 	10	    0	      64	100
USERS			   2029       1991	   38	    2048	 98
SYSTEM			     25 	24	    1	      32	 96
GIN_TS_NOLOGGING	      2 	 0	    2	      32	  0
GINCUSTOM		    493        479	   14	     512	 97
INDX			   1568       1300	  268	    1568	 83
TEMP			    160 	19	  141	     160	 12

11 rows selected.


TABLESPACE_NAME 	USED_GB   TMAXSIZE	ALERT
-------------------- ---------- ---------- ----------
SYSTEM			  23.99 	32	    8
SYSAUX			  19.47 	32	   13

********************************************************************************************************************************************************************
###TABLESPACE INFORMATION END###
********************************************************************************************************************************************************************
********************************************************************************************************************************************************************
###RMAN BACKUP INFORMATION START###
********************************************************************************************************************************************************************

COMMAND_ID	     START_TIME 	   TIME_TAKEN_DISPLAY	STATUS		INPUT_TYPE    OUTPUT_DEVICE_TYP INPUT_BYTES_DISPLAY  OUTPUT_BYTES_DISPLAY
-------------------- --------------------- -------------------- --------------- ------------- ----------------- -------------------- --------------------
2024-12-31T00:20:02  31-DEC-24 12:21:43 AM 02:47:03		COMPLETED	DB FULL       DISK		    3.83T	       901.66G
2024-12-30T00:20:02  30-DEC-24 12:21:42 AM 02:50:25		COMPLETED	DB FULL       DISK		    3.80T	       900.47G
2024-12-29T00:20:02  29-DEC-24 12:21:36 AM 02:49:32		COMPLETED	DB FULL       DISK		    3.82T	       898.08G
2024-12-28T00:20:03  28-DEC-24 12:21:44 AM 02:46:59		COMPLETED	DB FULL       DISK		    3.84T	       897.86G
2024-12-27T00:20:03  27-DEC-24 12:21:42 AM 02:47:45		COMPLETED	DB FULL       DISK		    3.85T	       902.45G
2024-12-26T00:20:03  26-DEC-24 12:21:53 AM 02:47:02		COMPLETED	DB FULL       DISK		    3.81T	       899.91G
2024-12-25T00:20:03  25-DEC-24 12:21:51 AM 02:51:02		COMPLETED	DB FULL       DISK		    3.86T	       898.44G
2024-12-24T00:20:02  24-DEC-24 12:21:41 AM 02:46:17		COMPLETED	DB FULL       DISK		    3.83T	       901.13G
2024-12-23T00:20:02  23-DEC-24 12:21:46 AM 02:48:51		COMPLETED	DB FULL       DISK		    3.88T	       900.48G
2024-12-22T00:20:02  22-DEC-24 12:21:52 AM 02:48:08		COMPLETED	DB FULL       DISK		    3.83T	       899.59G

10 rows selected.

********************************************************************************************************************************************************************
###RMAN BACKUP INFORMATION END###
********************************************************************************************************************************************************************
********************************************************************************************************************************************************************
### SCHEMA SIZE INFORMATION START ###
********************************************************************************************************************************************************************

OWNER		     SCHEMA_SIZE_MB SCHEMA_SIZE_GB
-------------------- -------------- --------------
VMHO			 3249825.56	   3173.66
GINCUSTOM		  483652.06	    472.32
SYS			   89927.75	     87.82
VERMA			   68116.56	     66.52
INFORSTAGE		   29680.13	     28.98
GINARCHIVE		   18225.13	      17.8
GININTG 		   15659.63	     15.29
MISRETAIL		    9803.56	      9.57
GINVIEW 		    6959.38	       6.8
AUDSYS			    3163.38	      3.09
COGS_MIGRATION			521	       .51
APEX_040200		     193.88	       .19
MDSYS			      77.75	       .08
XDB			       68.5	       .07
SYSTEM			      32.19	       .03
GATEWAY 		      22.88	       .02
ORDDATA 		      16.06	       .02
WMSYS			       7.19	       .01
DVSYS			       4.44		 0
CTXSYS			       3.81		 0
GSMADMIN_INTERNAL	       1.38		 0
DBSNMP				.94		 0
OUTLN				.56		 0
ORDSYS				.44		 0
OJVMSYS 			.38		 0
LBACSYS 			.31		 0
SCOTT				.31		 0

27 rows selected.

********************************************************************************************************************************************************************
### SCHEMA SIZE INFORMATION END ###
********************************************************************************************************************************************************************
********************************************************************************************************************************************************************
### DATA DELETION  INFORMATION START ###
********************************************************************************************************************************************************************

OWNER SEGMENT_NAME		     SEGMENT_TY TABLE_NAME		       COLUMN_NAME	    TABLESPA SCHEMA_SIZE_MB SCHEMA_SIZE_GIG
----- ------------------------------ ---------- ------------------------------ -------------------- -------- -------------- ---------------
VMHO  SYS_LOB0035410946C00016$$      LOBSEGMENT DXSEND2 		       SENDDATA 	    USERS	   12844.13	      12.54
VMHO  GDS2_WEBHOOK_FAILURE	     TABLE							    USERS	    11397.5	      11.13
VMHO  GDS2_WEBHOOK_SUCCESS	     TABLE							    USERS	      11006	      10.75
VMHO  SYS_LOB0035410934C00010$$      LOBSEGMENT DXRECEIVE2		       RECEIVEDATA	    USERS	   10243.13		 10
VMHO  INBOUND_API_LOG		     TABLE							    USERS	    9482.19	       9.26
VMHO  SYS_LOB0000101941C00008$$      LOBSEGMENT GDS2_EVENT_QUEUE_DATA	       BATCH_DATA	    USERS	    4632.19	       4.52
VMHO  GDS_INBOUND_QUEUE 	     TABLE							    USERS	    3119.81	       3.05
VMHO  SYS_LOB0000092580C00002$$      LOBSEGMENT DXSENDDATA		       FILEDATA 	    USERS	    2709.13	       2.65
VMHO  SYS_LOB0000092572C00002$$      LOBSEGMENT DXRECEIVEDATA		       FILEDATA 	    USERS	    2138.13	       2.09
VMHO  GDS2_EVENT_TRACK_ARCHIVE	     TABLE							    USERS	       2115	       2.07
VMHO  SYS_LOB0017787797C00018$$      LOBSEGMENT GDS2_WEBHOOK_FAILURE	       RESPONSE_MSG	    USERS	    2113.13	       2.06
VMHO  DXRECEIVE2		     TABLE							    USERS		660		.64
VMHO  PSITE_EMRTRANSACTION_LOG	     TABLE							    USERS		578		.56
VMHO  SYS_LOB0000100740C00003$$      LOBSEGMENT GDS_INBOUND_QUEUE	       REQUESTDATA	    USERS	     565.19		.55
VMHO  ADMERRAUDIT		     TABLE							    USERS		180		.18

15 rows selected.

********************************************************************************************************************************************************************
### DATA DELETION  INFORMATION END ###
********************************************************************************************************************************************************************
********************************************************************************************************************************************************************
### OBJECT INFORMATION ###
********************************************************************************************************************************************************************

SNAP_TIME   OBJECT_NAME 														     BLOCK_CHANGED
----------- -------------------------------------------------------------------------------------------------------------------------------- -------------
24-12-30 11 INTG_CREATEITEM_ALL_FLD														 175463600
24-12-30 16 INTG_CREATEITEM_ALL_FLD														 159159376
24-12-30 12 INTG_CREATEITEM_ALL_FLD														 114244448
24-12-30 12 INVSTOCK_LOG															  99333088
24-12-30 10 INTG_CREATEITEM_ALL_FLD														  94651888
24-12-30 14 INTG_CREATEITEM_ALL_FLD														  89518656
24-12-30 15 INTG_CREATEITEM_ALL_FLD														  81166544

7 rows selected.

********************************************************************************************************************************************************************
### OBJECT INFORMATION ###
********************************************************************************************************************************************************************
********************************************************************************************************************************************************************
###MOST MODIFIED TABLES###
********************************************************************************************************************************************************************

TABLE_NAME				    INSERTS TIMESTAMP LAST_ANALYZED
---------------------------------------- ---------- --------- ---------------
T$FINREGSITE_NEW_9999			   14156529 31-DEC-24 31-DEC-24
SALCSDET				    2923065 31-DEC-24 21-DEC-24
TEMP_SALINVDET_STAGING			    2621875 30-DEC-24 21-DEC-24
INVSTOCK				    2289912 31-DEC-24 29-DEC-24
SALINVCHG_ITEM				    1661421 30-DEC-24 21-DEC-24
PSITE_GRCCHGITEM			    1567379 31-DEC-24 21-DEC-24
INVSTOCK_LOG				    1177875 31-DEC-24 30-DEC-24
INVSTOCK_ONHAND_AGG			    1136622 31-DEC-24 21-DEC-24
REP_ICODE_MAX_GRC			     975759 31-DEC-24 30-DEC-24
PSITE_GRCITEM				     906262 31-DEC-24 21-DEC-24
INVDCDET				     898338 30-DEC-24 21-DEC-24
REP_MODEL_01				     844148 31-DEC-24 30-DEC-24
INVSTOCK_ONHAND_STOCKPOINT_AGG		     662661 31-DEC-24 21-DEC-24
REP_FWDCOVRBGTMINUS1_VAL		     637131 31-DEC-24 30-DEC-24
REP_FWDCOVRBGT_CRNT_VAL 		     637131 31-DEC-24 30-DEC-24
PSITE_ALLOC_ITEM			     626799 31-DEC-24 21-DEC-24
REP_FWDCOVRBGT_VAL			     620197 31-DEC-24 30-DEC-24
PSITE_AUDITJOURNALITEM			     606668 31-DEC-24 21-DEC-24
FINCOSTTAG				     583235 31-DEC-24 21-DEC-24
REP_PROXY_OLD_INV_DATA			     519245 31-DEC-24 30-DEC-24
PSITE_POSSTLMAUDIT_POS			     513534 31-DEC-24 21-DEC-24
FINPOST 				     419607 31-DEC-24 24-DEC-24
INTG_EVENT_TRACKING_PLWL_ARCH		     397514 31-DEC-24 28-DEC-24
PSITE_POSBILLITEM			     360863 31-DEC-24 30-DEC-24
PSITE_CUSTOMER_DIST			     323195 31-DEC-24 21-DEC-24
DS_JOB_QUEUE				     299844 31-DEC-24 30-DEC-24
TEMP_POSBILLITEM_STLM			     299587 31-DEC-24 30-DEC-24
PURORDCHG_ITEM				     285473 30-DEC-24 21-DEC-24
PSITE_POSSTLMAUDIT_HO			     264075 31-DEC-24 21-DEC-24
INTG_EVENT_TRACKING_ARCH		     228560 31-DEC-24 29-DEC-24
PURINVCHG_ITEM				     216713 31-DEC-24 21-DEC-24
INVGRCCHG_ITEM				     216661 30-DEC-24 21-DEC-24
FINPOST_CHECK				     202061 31-DEC-24 21-DEC-24
FINCOSTTAG_CHECK			     192923 31-DEC-24 21-DEC-24
SALINVDET				     185649 30-DEC-24 29-DEC-24
PSITE_EVENT_ARCHIVE			     180348 31-DEC-24 29-DEC-24
INVMISCDET				     173744 30-DEC-24 28-DEC-24
INVSTOCK_ONHAND_INTRA_AGG		     166660 30-DEC-24 21-DEC-24
INBOUND_API_LOG 			     157790 31-DEC-24 29-DEC-24
INVMISCMAIN				     153964 30-DEC-24 28-DEC-24
PSITE_WEB_EVENT_ARCHIVE 		     143056 31-DEC-24 28-DEC-24
SALCSMAIN				     132537 31-DEC-24 21-DEC-24
PSITE_PACKETITEM			     114435 30-DEC-24 21-DEC-24
PSITE_POSBILLMOP			     107071 31-DEC-24 30-DEC-24
PSITE_POSBILL				      96965 31-DEC-24 30-DEC-24
INVDCMAIN				      91758 30-DEC-24 21-DEC-24
TEMP_POSBILL_STLM			      80160 31-DEC-24 30-DEC-24
INVCOSTADJ				      73255 29-DEC-24 28-DEC-24
PURORDDET				      68203 30-DEC-24 21-DEC-24
STAGING2_AUDITJOURNALITEM		      63327 31-DEC-24 30-DEC-24

50 rows selected.


TABLE_NAME				    UPDATES TIMESTAMP LAST_ANALYZED
---------------------------------------- ---------- --------- ---------------
SALCSDET				   15807114 31-DEC-24 21-DEC-24
INVSTOCK_ONHAND_AGG			    6518430 31-DEC-24 21-DEC-24
INVSTOCK_ONHAND_STOCKPOINT_AGG		    5218306 31-DEC-24 21-DEC-24
PSITE_GRCITEM				    5052595 31-DEC-24 21-DEC-24
PSITE_AUDITJOURNALITEM			    2828853 31-DEC-24 21-DEC-24
INVSTOCK				    2000695 31-DEC-24 29-DEC-24
FINPOST 				    1300416 31-DEC-24 24-DEC-24
INVSTOCK_LOG				    1177551 31-DEC-24 30-DEC-24
TEMP_FIFO_IN_STOCK			    1164043 29-DEC-24 28-DEC-24
FINCOSTTAG_CHECK			    1094378 31-DEC-24 21-DEC-24
INVMISCDET				    1071786 30-DEC-24 28-DEC-24
INVDCDET				     916599 30-DEC-24 21-DEC-24
PSITE_CUSTOMER				     769045 31-DEC-24 29-DEC-24
FINPOST_CHECK				     714826 31-DEC-24 21-DEC-24
INVITEMLASTINWARD			     607220 30-DEC-24 21-DEC-24
SALCSMAIN				     415239 31-DEC-24 21-DEC-24
PSITE_GRTITEM				     382033 30-DEC-24 28-DEC-24
INVMISCMAIN				     307926 30-DEC-24 28-DEC-24
SALINVDET				     185687 30-DEC-24 29-DEC-24
INVGRCDET				     183438 31-DEC-24 21-DEC-24
PURORDDET				     149003 30-DEC-24 21-DEC-24
INVDCMAIN				     111389 30-DEC-24 21-DEC-24
PURINVDET				      76735 31-DEC-24 21-DEC-24
INVSTOCK_ONHAND_INTRA_AGG		      68348 30-DEC-24 21-DEC-24
TEMP_INVDCSO_CHECK			      68150 30-DEC-24 21-DEC-24
PURINVCHG				      55540 31-DEC-24 21-DEC-24
RETAILORDMAIN				      47092 31-DEC-24 28-DEC-24
RETAILORDDET				      39730 31-DEC-24 28-DEC-24
DS_POS_STATISTICS			      38357 31-DEC-24 30-DEC-24
PSITE_POSSTLM				      36237 31-DEC-24 21-DEC-24
SALRTDET				      27877 30-DEC-24 21-DEC-24
PSITE_POSBILLVOID			      24310 31-DEC-24 30-DEC-24
INTG_GATE_IN				      23753 31-DEC-24 30-DEC-24
PURORDMAIN				      23622 31-DEC-24 21-DEC-24
PURINVMAIN				      18094 31-DEC-24 21-DEC-24
SALCSMAIN_SYNC				      16042 31-DEC-24 30-DEC-24
SALINVMAIN				      12172 30-DEC-24 21-DEC-24
PSITE_PROMO_ASSIGN			      11998 30-DEC-24 28-DEC-24
PSITE_POSBILLCN 			      10966 30-DEC-24 28-DEC-24
POSJOURNAL				       9974 31-DEC-24 28-DEC-24
PSITE_EVENT_TRACKING2			       9295 31-DEC-24 30-DEC-24
PSITE_GRC				       9140 31-DEC-24 21-DEC-24
PSITE_PACKETITEM			       8987 30-DEC-24 21-DEC-24
SALCSPOST_PENDING			       8804 31-DEC-24 30-DEC-24
PSITE_POSBILL				       7855 31-DEC-24 30-DEC-24
DXSESSIONLOG2				       7693 31-DEC-24 28-DEC-24
FINSL_OU				       6972 30-DEC-24 28-DEC-24
FINCOSTTAG				       6961 31-DEC-24 21-DEC-24
SALORDDET				       6792 30-DEC-24 21-DEC-24
SALCSDET_SYNC				       6749 31-DEC-24 30-DEC-24

50 rows selected.


TABLE_NAME				    DELETES TIMESTAMP LAST_ANALYZED
---------------------------------------- ---------- --------- ---------------
INVSTOCK_LOG				    1177551 31-DEC-24 30-DEC-24
REP_ICODE_MAX_GRC			     975759 31-DEC-24 30-DEC-24
REP_MODEL_01				     844148 31-DEC-24 30-DEC-24
REP_FWDCOVRBGTMINUS1_VAL		     637131 31-DEC-24 30-DEC-24
REP_FWDCOVRBGT_CRNT_VAL 		     637131 31-DEC-24 30-DEC-24
REP_FWDCOVRBGT_VAL			     620197 31-DEC-24 30-DEC-24
REP_PROXY_OLD_INV_DATA			     517413 31-DEC-24 30-DEC-24
PSITE_POSSTLMAUDIT_POS			     398454 31-DEC-24 21-DEC-24
INVSTOCK				     393100 31-DEC-24 29-DEC-24
DS_JOB_QUEUE				     299845 31-DEC-24 30-DEC-24
PSITE_POSBILLITEM_PARK			     299699 31-DEC-24 30-DEC-24
TEMP_POSBILLITEM_STLM			     299080 31-DEC-24 30-DEC-24
PSITE_POSSTLMAUDIT_HO			     148995 31-DEC-24 21-DEC-24
PSITE_POSBILLMOP_PARK			      86227 31-DEC-24 30-DEC-24
PSITE_POSBILL_PARK			      80179 31-DEC-24 30-DEC-24
TEMP_POSBILL_STLM			      80019 31-DEC-24 30-DEC-24
STAGING2_AUDITJOURNALITEM		      63327 31-DEC-24 30-DEC-24
FINCOSTTAG				      41291 31-DEC-24 21-DEC-24
PURINVCHG_ITEM				      39740 31-DEC-24 21-DEC-24
PURORDCHG_ITEM				      16363 30-DEC-24 21-DEC-24
SALINVCHG_ITEM				      14526 30-DEC-24 21-DEC-24
PSITE_POSBILLITEM			      10682 31-DEC-24 30-DEC-24
PSITE_EVENT_TRACKING2			       9295 31-DEC-24 30-DEC-24
PSITE_POSSTLMSTOCKRECO_POS		       7389 31-DEC-24 28-DEC-24
PSITE_POSSTLMSTOCKINFO_POS		       7082 31-DEC-24 28-DEC-24
SALCSPOST_PENDING			       6726 31-DEC-24 30-DEC-24
TEMP_ALLOC_CUSTOMER			       5330 31-DEC-24 30-DEC-24
FINPOST_CHECK				       5199 31-DEC-24 21-DEC-24
PURINVCHG				       5171 31-DEC-24 21-DEC-24
INVGRCCHG_ITEM				       4236 30-DEC-24 21-DEC-24
INTG_EVENT_TRACKING			       4177 31-DEC-24 30-DEC-24
INTG_EVENT_TRACKING_PLWL		       4165 31-DEC-24 30-DEC-24
PROMO_ASSORTMENT_INCLUDE		       3833 30-DEC-24 24-DEC-24
PSITE_POSSTLMSTOCKINFO_HO		       3527 31-DEC-24 28-DEC-24
PSITE_POSBILLMOP			       3393 31-DEC-24 30-DEC-24
PSITE_PROMO_ASSIGN			       3258 30-DEC-24 28-DEC-24
FINPOST 				       3049 31-DEC-24 24-DEC-24
PSITE_POSBILL				       2924 31-DEC-24 30-DEC-24
PSITE_EVENT_SET_DET			       2441 31-DEC-24 28-DEC-24
REP_MBQCNTRL_VAL			       2441 30-DEC-24 28-DEC-24
PURORDCHG				       2176 30-DEC-24 21-DEC-24
PROMO_ASSORTMENT_EXCLUDE		       2078 30-DEC-24 24-DEC-24
PURRTCHG_ITEM				       1712 30-DEC-24 21-DEC-24
PSITE_POSBILLITEMRETURN 		       1333 30-DEC-24 28-DEC-24
PSITE_WEB_EVENT 			       1182 31-DEC-24 30-DEC-24
TEMP_PSITE_POSSTLM				938 31-DEC-24 30-DEC-24
PSITE_PTCBILL					702 31-DEC-24 28-DEC-24
PURORDDET					615 30-DEC-24 21-DEC-24
MV_REP_SITE					587 31-DEC-24 30-DEC-24
STAGING_SETTLEMENTDATA				581 31-DEC-24 30-DEC-24

50 rows selected.

********************************************************************************************************************************************************************
###MOST MODIFIED TABLES###
********************************************************************************************************************************************************************
********************************************************************************************************************************************************************
###MST_STATTAB LAST ANALYZED ###
********************************************************************************************************************************************************************

TABLE_NAME				 DBA_STATISTICS  DBA_TABLES
---------------------------------------- --------------- ---------------
FINCOSTTAG				 21-DEC-24	 21-DEC-24
FINCOSTTAG_CHECK			 21-DEC-24	 21-DEC-24
FINPOST_CHECK				 21-DEC-24	 21-DEC-24
INVBARCODELOG				 21-DEC-24	 21-DEC-24
INVBINSTOCK_ONHAND			 21-DEC-24	 21-DEC-24
INVDCDET				 21-DEC-24	 21-DEC-24
INVDCMAIN				 21-DEC-24	 21-DEC-24
INVGRCCHG				 21-DEC-24	 21-DEC-24
INVGRCCHG_ITEM				 21-DEC-24	 21-DEC-24
INVGRCDET				 21-DEC-24	 21-DEC-24
INVGRTCHG				 21-DEC-24	 21-DEC-24
INVGRTCHG_ITEM				 21-DEC-24	 21-DEC-24
INVGRTDET				 21-DEC-24	 21-DEC-24
INVGRTMAIN				 21-DEC-24	 21-DEC-24
INVITEMLASTINWARD			 21-DEC-24	 21-DEC-24
INVPICKLISTMAIN 			 21-DEC-24	 21-DEC-24
INVPICKLISTDET				 21-DEC-24	 21-DEC-24
INVSTOCK_ONHAND_AGG			 21-DEC-24	 21-DEC-24
INVSTOCK_ONHAND_INTRA_AGG		 21-DEC-24	 21-DEC-24
INVSTOCK_ONHAND_STOCKPOINT_AGG		 21-DEC-24	 21-DEC-24
PRDLOTOPERATION 			 21-DEC-24	 21-DEC-24
PRDBOMDET				 21-DEC-24	 21-DEC-24
PRDLOTBOM				 21-DEC-24	 21-DEC-24
PRDWIPTRANS				 21-DEC-24	 21-DEC-24
PSITE_ALLOC_ITEM			 21-DEC-24	 21-DEC-24
PSITE_AUDITJOURNAL			 21-DEC-24	 21-DEC-24
PSITE_AUDITJOURNALITEM			 21-DEC-24	 21-DEC-24
PSITE_CUSTOMER_DIST			 21-DEC-24	 21-DEC-24
PSITE_DELIVERYSLIPITEM			 21-DEC-24	 21-DEC-24
PSITE_DELIVERYSLIPITEMVOID		 21-DEC-24	 21-DEC-24
PSITE_GRC				 21-DEC-24	 21-DEC-24
PSITE_GRCCHG				 21-DEC-24	 21-DEC-24
PSITE_GRCCHGITEM			 21-DEC-24	 21-DEC-24
PSITE_GRCITEM				 21-DEC-24	 21-DEC-24
PSITE_PACKETITEM			 21-DEC-24	 21-DEC-24
PSITE_POSSTLM				 21-DEC-24	 21-DEC-24
PSITE_POSSTLMAUDIT_HO			 21-DEC-24	 21-DEC-24
PSITE_POSSTLMAUDIT_POS			 21-DEC-24	 21-DEC-24
PSITE_SALESPERSON			 21-DEC-24	 21-DEC-24
PURINVCHG				 21-DEC-24	 21-DEC-24
PURINVCHG_ITEM				 21-DEC-24	 21-DEC-24
PURINVDET				 21-DEC-24	 21-DEC-24
PURINVMAIN				 21-DEC-24	 21-DEC-24
PURORDCHG				 21-DEC-24	 21-DEC-24
PURORDCHG_ITEM				 21-DEC-24	 21-DEC-24
PURORDDET				 21-DEC-24	 21-DEC-24
PURORDMAIN				 21-DEC-24	 21-DEC-24
PURRTCHG				 21-DEC-24	 21-DEC-24
PURRTCHG_ITEM				 21-DEC-24	 21-DEC-24
PURRTDET				 21-DEC-24	 21-DEC-24
PURRTMAIN				 21-DEC-24	 21-DEC-24
SALCSDET				 21-DEC-24	 21-DEC-24
SALCSMAIN				 21-DEC-24	 21-DEC-24
SALINVCHG				 21-DEC-24	 21-DEC-24
SALINVCHG_ITEM				 21-DEC-24	 21-DEC-24
SALINVMAIN				 21-DEC-24	 21-DEC-24
SALORDCHG				 21-DEC-24	 21-DEC-24
SALORDCHG_ITEM				 21-DEC-24	 21-DEC-24
SALORDDET				 21-DEC-24	 21-DEC-24
SALRTCHG				 21-DEC-24	 21-DEC-24
SALRTCHG_ITEM				 21-DEC-24	 21-DEC-24
SALRTDET				 21-DEC-24	 21-DEC-24
SALRTMAIN				 21-DEC-24	 21-DEC-24
TEMP_ALLOC_ITEM 			 21-DEC-24	 21-DEC-24
TEMP_INVDCSO_CHECK			 21-DEC-24	 21-DEC-24
TEMP_SALINVDET_STAGING			 21-DEC-24	 21-DEC-24
FINPOST 				 24-DEC-24	 24-DEC-24
PROMO_ASSORTMENT_EXCLUDE		 24-DEC-24	 24-DEC-24
PROMO_ASSORTMENT_INCLUDE		 24-DEC-24	 24-DEC-24
INVGRCMAIN				 28-DEC-24	 28-DEC-24
SALINVDET				 29-DEC-24	 29-DEC-24
INVSTOCK				 29-DEC-24	 29-DEC-24
PSITE_CUSTOMER				 29-DEC-24	 29-DEC-24
INVSTOCK_INTRA				 29-DEC-24	 29-DEC-24
PSITE_POSBILL				 30-DEC-24	 30-DEC-24
PSITE_POSBILLITEM			 30-DEC-24	 30-DEC-24
PSITE_POSBILLMOP			 30-DEC-24	 30-DEC-24
INVSTOCK_LOG				 30-DEC-24	 30-DEC-24
INT$STG_CREATEPO_ALL_FLD		 30-DEC-24	 30-DEC-24
PSITE_EMRSUBMIT_QUEUE			 30-DEC-24	 30-DEC-24
SALORDMAIN				 30-DEC-24	 30-DEC-24
INT$STG_CREATEITEM_ALL_FLD		 30-DEC-24	 30-DEC-24
TEMP_ALLOC_CUSTOMER			 30-DEC-24	 30-DEC-24
PSITE_PACKET				 30-DEC-24	 30-DEC-24

84 rows selected.

********************************************************************************************************************************************************************
###MST_STATTAB LAST ANALYZED ###
********************************************************************************************************************************************************************
********************************************************************************************************************************************************************
###Archive INFORMATION START###
********************************************************************************************************************************************************************

NAME		     SPACE_LIMIT SPACE_USED SPACE_RECLIMABLE NUMBER_OF_FILES
-------------------- ----------- ---------- ---------------- ---------------
/arch/			    3584       1311		1220		4540

********************************************************************************************************************************************************************
###Archive INFORMATION END###
********************************************************************************************************************************************************************
