********************************************************************************************************************************************************************
###TABLESPACE INFORMATION START###
********************************************************************************************************************************************************************

TABLESPACE_NAME        TOTAL_GB    USED_GB    FREE_GB	TMAXSIZE      USED%
-------------------- ---------- ---------- ---------- ---------- ----------
USERS			   1144        654	  490	    1152	 57
INDX			    481        464	   17	     512	 96
UNDOTBS1		     96 	93	    3	      96	 97
TEMPNEW 		     64 	 8	   56	      64	 13
SYSAUX			     47 	31	   16	      64	 66
GINOLAP 		     25 	 4	   21	      32	 16
GIN_TS_SUMMARY		     15 	 2	   13	      32	 13
SYSTEM			     11 	 9	    2	      32	 82
TEMP			     10 	 0	   10	      32	  0
GIN_INTG		      5 	 2	    3	      32	 40
GIN_TS_NOLOGGING	      3 	 1	    2	      32	 33
GIN_TS_TX_DATA		      1 	 0	    1	      32	  0

12 rows selected.


TABLESPACE_NAME 	USED_GB   TMAXSIZE	ALERT
-------------------- ---------- ---------- ----------
UNDOTBS1		  92.54 	96	    3

********************************************************************************************************************************************************************
###TABLESPACE INFORMATION END###
********************************************************************************************************************************************************************
********************************************************************************************************************************************************************
###RMAN BACKUP INFORMATION START###
********************************************************************************************************************************************************************

COMMAND_ID	     START_TIME 	   TIME_TAKEN_DISPLAY	STATUS		INPUT_TYPE    OUTPUT_DEVICE_TYP INPUT_BYTES_DISPLAY  OUTPUT_BYTES_DISPLAY
-------------------- --------------------- -------------------- --------------- ------------- ----------------- -------------------- --------------------
2024-11-26T00:10:12  26-NOV-24 12:12:22 AM 08:34:33		COMPLETED	DB FULL       DISK		    1.78T	       323.39G
2024-11-25T00:10:13  25-NOV-24 12:11:52 AM 08:28:23		COMPLETED	DB FULL       DISK		    1.78T	       320.55G
2024-11-24T00:10:13  24-NOV-24 12:11:49 AM 08:28:53		COMPLETED	DB FULL       DISK		    1.78T	       320.89G
2024-11-23T00:10:12  23-NOV-24 12:12:58 AM 08:29:53		COMPLETED	DB FULL       DISK		    1.75T	       321.71G
2024-11-22T00:10:12  22-NOV-24 12:11:53 AM 08:30:13		COMPLETED	DB FULL       DISK		    1.75T	       322.17G
2024-11-21T00:10:13  21-NOV-24 12:12:26 AM 08:30:22		COMPLETED	DB FULL       DISK		    1.75T	       323.31G
2024-11-20T00:10:12  20-NOV-24 12:12:16 AM 08:30:42		COMPLETED	DB FULL       DISK		    1.75T	       323.92G
2024-11-19T00:10:13  19-NOV-24 12:12:44 AM 08:29:52		COMPLETED	DB FULL       DISK		    1.75T	       324.35G
2024-11-18T00:10:18  18-NOV-24 12:12:42 AM 03:40:35		COMPLETED	DB FULL       DISK		    1.75T	       331.55G
2024-11-18T00:10:22  18-NOV-24 12:12:02 AM 08:48:03		COMPLETED	DB FULL       DISK		    1.75T	       331.20G

10 rows selected.

********************************************************************************************************************************************************************
###RMAN BACKUP INFORMATION END###
********************************************************************************************************************************************************************
********************************************************************************************************************************************************************
###SCHEMA SIZE INFORMATION START ###
********************************************************************************************************************************************************************

OWNER			  SCHEMA_SIZE_MB SCHEMA_SIZE_GB
------------------------- -------------- --------------
SBHO			      1068928.75	1043.88
SYS			       110209.25	 107.63
GINARCHIVE			30392.19	  29.68
IRS				25100.56	  24.51
AUDSYS				24780.19	   24.2
USMSYS				19724.75	  19.26
GININTG 			 5353.38	   5.23
GINVIEW 			 2049.44	      2
COGS_MIGRATION			  1068.5	   1.04
MISRETAIL			  644.94	    .63
APEX_040200			     194	    .19
VSMSYS				  141.44	    .14
MDSYS				   78.69	    .08
GINLOG				   70.38	    .07
XDB				    68.5	    .07
SYSTEM				   32.19	    .03
ORDDATA 			   16.13	    .02
WMSYS				    7.19	    .01
DVSYS				    4.44	      0
CTXSYS				    3.81	      0
GSMADMIN_INTERNAL		    1.38	      0
GATEWAY 			    1.06	      0
DBSNMP				     .81	      0
OUTLN				     .56	      0
ORDSYS				     .44	      0
OJVMSYS 			     .38	      0
SCOTT				     .38	      0
LBACSYS 			     .31	      0
WFX_SUPPLYMINT			     .13	      0

29 rows selected.

********************************************************************************************************************************************************************
###SCHEMA SIZE INFORMATION END###
********************************************************************************************************************************************************************
********************************************************************************************************************************************************************
### DATA DELETION  INFORMATION START ###
********************************************************************************************************************************************************************

OWNER SEGMENT_NAME		     SEGMENT_TY TABLE_NAME		       COLUMN_NAME	    TABLESPA SCHEMA_SIZE_MB SCHEMA_SIZE_GIG
----- ------------------------------ ---------- ------------------------------ -------------------- -------- -------------- ---------------
SBHO  SYS_LOB0002558003C00008$$      LOBSEGMENT GDS2_EVENT_QUEUE_DATA	       BATCH_DATA	    USERS	   19946.13	      19.48
SBHO  SYS_LOB0000094582C00002$$      LOBSEGMENT DXRECEIVEDATA		       FILEDATA 	    USERS	   11581.13	      11.31
SBHO  SYS_LOB0000094585C00002$$      LOBSEGMENT DXSENDDATA		       FILEDATA 	    USERS	    3943.13	       3.85
SBHO  SYS_LOB0012964326C00010$$      LOBSEGMENT DXRECEIVE2		       RECEIVEDATA	    USERS	    2571.19	       2.51
SBHO  GDS2_EVENT_QUEUE_ARCHIVE	     TABLE							    USERS		753		.74
SBHO  GDS2_EVENT_TRACK_ARCHIVE	     TABLE							    USERS		560		.55
SBHO  SYS_LOB0008954515C00013$$      LOBSEGMENT GDS2_WEBHOOK_SUCCESS	       REQUEST_DATA	    USERS	     499.19		.49
SBHO  PSITE_EMRTRANSACTION_LOG	     TABLE							    USERS		241		.24
SBHO  DXSENDDATA		     TABLE							    USERS		240		.23
SBHO  GDS2_EVENT_QUEUE_DATA	     TABLE							    USERS		226		.22
SBHO  INBOUND_API_LOG		     TABLE							    USERS		170		.17
SBHO  DXRECEIVE2		     TABLE							    USERS		160		.16
SBHO  ADMERRAUDIT		     TABLE							    USERS		 96		.09
SBHO  DXRECEIVEDATA		     TABLE							    USERS		 82		.08
SBHO  GDS2_WEBHOOK_SUCCESS	     TABLE							    USERS		 17		.02

15 rows selected.

********************************************************************************************************************************************************************
### DATA DELETION  INFORMATION END ###
********************************************************************************************************************************************************************
********************************************************************************************************************************************************************
###MOST MODIFIED TABLES###
********************************************************************************************************************************************************************

TABLE_NAME				    INSERTS TIMESTAMP LAST_ANALYZED
---------------------------------------- ---------- --------- ---------------
TEMP_ALLOC_ITEM 			   55550903 26-NOV-24 25-NOV-24
INVSTOCK_LOG				    2107946 26-NOV-24 25-NOV-24
OBJECT_SEGMENT				    1490392 26-NOV-24 26-OCT-24
INVSTOCK				    1465102 26-NOV-24 23-NOV-24
PSITE_EVENT_ARCHIVE			     446503 26-NOV-24 18-NOV-24
PSITE_POSBILLITEM			     398581 26-NOV-24 23-NOV-24
MIS_MAS$POS_CUSTOMER			     390249 26-NOV-24 26-OCT-24
SALCSDET				     346127 26-NOV-24 23-NOV-24
SALINVCHG_ITEM				     329706 26-NOV-24 23-NOV-24
TEMP_SALINVDET_STAGING			     323920 26-NOV-24 23-NOV-24
PSITE_POSSTLMAUDIT_HO			     307125 26-NOV-24 23-NOV-24
INVSTOCK_ONHAND_AGG			     202072 26-NOV-24 23-NOV-24
PSITE_GRTITEM				     177272 26-NOV-24 26-OCT-24
SALINVDET				     161577 26-NOV-24 23-NOV-24
DS_JOB_QUEUE				     152896 26-NOV-24 25-NOV-24
INVDCDET				     141115 26-NOV-24 23-NOV-24
PSITE_GRCCHGITEM			     134478 26-NOV-24 23-NOV-24
PSITE_POSBILLMOP			     128645 26-NOV-24 23-NOV-24
PSITE_GRCITEM				     127939 26-NOV-24 23-NOV-24
PSITE_POSBILL				     119215 26-NOV-24 23-NOV-24
PSITE_GRTCHGITEM			     111734 26-NOV-24 26-OCT-24
INT$ERROR_LOG				     100110 26-NOV-24 25-NOV-24
INVSTOCK_ONHAND_STOCKPOINT_AGG		      94404 26-NOV-24 23-NOV-24
PSITE_POSBILLITEMRETURN 		      89069 26-NOV-24 26-OCT-24
PSITE_ALLOC_ITEM			      78516 26-NOV-24 23-NOV-24
PSITE_POSBILLITEM_PARK			      76343 26-NOV-24 25-NOV-24
SALCSMOP				      68174 26-NOV-24 26-OCT-24
PSITE_POSBILLCNADJ			      66718 26-NOV-24 26-OCT-24
PURORDCHG_ITEM				      48936 26-NOV-24 23-NOV-24
PSITE_POSSTLMSTOCKINFO_HO		      47216 26-NOV-24 21-NOV-24
PSITE_POSSTLMDETAIL			      41591 26-NOV-24 26-OCT-24
INT$STG_CREATEITEM			      40894 26-NOV-24 25-NOV-24
INT$STG_CREATEITEM_ALL_FLD		      40894 26-NOV-24 25-NOV-24
PSITE_CUSTOMER_DIST			      40246 26-NOV-24 23-NOV-24
PSITE_AUDITJOURNALITEM			      38839 26-NOV-24 23-NOV-24
PURSRVCHG				      36193 26-NOV-24 26-OCT-24
DXRECEIVE2				      35965 26-NOV-24 25-NOV-24
PSITE_CUSTOMER				      34217 26-NOV-24 23-NOV-24
PURSRVCHG_ITEM				      33345 26-NOV-24 26-OCT-24
PSITE_EVENT_TRACKING2			      33114 26-NOV-24 25-NOV-24
FINPOST 				      32298 26-NOV-24 23-NOV-24
FINVCHDET				      30828 26-NOV-24 26-OCT-24
PSITE_POSSTLMSESSION			      29473 26-NOV-24 26-OCT-24
PSITE_POSSESSION			      28563 26-NOV-24 26-OCT-24
PSITE_POSBILLCN 			      26324 26-NOV-24 13-NOV-24
PSITE_POSBILLMOP_PARK			      25481 26-NOV-24 25-NOV-24
PSITE_POSBILL_PARK			      23559 26-NOV-24 25-NOV-24
FINCOSTTAG				      22899 26-NOV-24 23-NOV-24
DXSEND2 				      22718 26-NOV-24 25-NOV-24
TEMP_ALLOC_CUSTOMER			      22687 26-NOV-24 25-NOV-24

50 rows selected.


TABLE_NAME				    UPDATES TIMESTAMP LAST_ANALYZED
---------------------------------------- ---------- --------- ---------------
PSITE_EVENT_TRACKING2			   55503055 26-NOV-24 25-NOV-24
INVSTOCK				    2459302 26-NOV-24 23-NOV-24
INVSTOCK_LOG				    2107450 26-NOV-24 25-NOV-24
INVSTOCK_ONHAND_AGG			    1356380 26-NOV-24 23-NOV-24
INVSTOCK_ONHAND_STOCKPOINT_AGG		     954104 26-NOV-24 23-NOV-24
MIS_MAS$FINSL				     589194 26-NOV-24 25-NOV-24
INVDCDET				     243207 26-NOV-24 23-NOV-24
INT$STG_CREATEITEM_ALL_FLD		     229288 26-NOV-24 25-NOV-24
PSITE_GRTITEM				     148372 26-NOV-24 26-OCT-24
INVITEM 				     109006 26-NOV-24 20-NOV-24
DS_POS_STATISTICS			     102172 26-NOV-24 25-NOV-24
MIS_MAS$POS_CUSTOMER			      84500 26-NOV-24 26-OCT-24
SALINVDET				      80959 26-NOV-24 23-NOV-24
FINPOST 				      65930 26-NOV-24 23-NOV-24
FINCOSTTAG_CHECK			      58429 26-NOV-24 23-NOV-24
FINPOST_CHECK				      56186 26-NOV-24 23-NOV-24
INVDCMAIN				      52767 26-NOV-24 23-NOV-24
FINVCHMAIN				      38091 26-NOV-24 26-OCT-24
PURSRVCHG				      36193 26-NOV-24 26-OCT-24
DXRECEIVE2				      35969 26-NOV-24 25-NOV-24
PSITE_POSSTLM				      34212 26-NOV-24 23-NOV-24
SALRTDET				      29118 26-NOV-24 23-NOV-24
PSITE_POSBILLCN 			      27674 26-NOV-24 13-NOV-24
DXSEND2 				      22716 26-NOV-24 25-NOV-24
MIS_MAS$ITEM				      22455 26-NOV-24 25-NOV-24
FINJRNDET				      18177 26-NOV-24 26-OCT-24
FINVCHDET				      17039 26-NOV-24 26-OCT-24
PSITE_ALLOC_ITEM			      16496 26-NOV-24 23-NOV-24
FINJRNMAIN				      13739 26-NOV-24 26-OCT-24
PURORDDET				      10012 26-NOV-24 23-NOV-24
INVMISCDET				       9656 26-NOV-24 26-OCT-24
PSITE_CUSTOMER				       8761 26-NOV-24 23-NOV-24
ADMLASTDOC				       7114 26-NOV-24 25-NOV-24
NFS$VALID_SMS				       7100 26-NOV-24 26-OCT-24
PURORDMAIN				       6748 26-NOV-24 23-NOV-24
PSITE_GRC				       6593 26-NOV-24 23-NOV-24
PURSRVMAIN				       6310 26-NOV-24 13-NOV-24
DXSESSIONLOG2				       6193 26-NOV-24 24-NOV-24
INVGRCDET				       6061 26-NOV-24 23-NOV-24
PURINVCHG				       5788 26-NOV-24 23-NOV-24
STAGING_SETTLEMENTDATA			       5261 26-NOV-24 25-NOV-24
PURSRVDET				       4416 26-NOV-24 26-OCT-24
PURSRVORD_SCHEDULE			       4184 26-NOV-24 13-NOV-24
PO_SEND_MAIL				       4174 26-NOV-24 15-NOV-24
INVGATEIN				       4155 26-NOV-24 28-OCT-24
INVSTOCK_INTRA_LOG			       3718 26-NOV-24 25-NOV-24
SALINVMAIN				       3652 26-NOV-24 23-NOV-24
GRIDSTATE				       3042 26-NOV-24 25-NOV-24
PURINVDET				       2989 26-NOV-24 23-NOV-24
GVLEAVES				       2586 26-NOV-24 26-OCT-24

50 rows selected.


TABLE_NAME				    DELETES TIMESTAMP LAST_ANALYZED
---------------------------------------- ---------- --------- ---------------
INVSTOCK_LOG				    2107450 26-NOV-24 25-NOV-24
PSITE_POSSTLMAUDIT_HO			     296940 26-NOV-24 23-NOV-24
INVSTOCK				     222927 26-NOV-24 23-NOV-24
DS_JOB_QUEUE				     152896 26-NOV-24 25-NOV-24
PSITE_POSBILLITEM_PARK			     135932 26-NOV-24 25-NOV-24
SALINVCHG_ITEM				     111020 26-NOV-24 23-NOV-24
PSITE_EVENT_TRACKING2			      72104 26-NOV-24 25-NOV-24
PSITE_POSBILLMOP_PARK			      45929 26-NOV-24 25-NOV-24
PSITE_POSSTLMSTOCKINFO_HO		      44463 26-NOV-24 21-NOV-24
PSITE_POSBILL_PARK			      42383 26-NOV-24 25-NOV-24
PURORDCHG_ITEM				      35937 26-NOV-24 23-NOV-24
SALCSMOP				      33925 26-NOV-24 26-OCT-24
INT$STG_CREATEITEM_ALL_FLD		      30899 26-NOV-24 25-NOV-24
INT$STG_CREATEITEM			      30894 26-NOV-24 25-NOV-24
TEMP_ALLOC_CUSTOMER			      22348 26-NOV-24 25-NOV-24
STAGING2_AUDITJOURNALITEM		      20193 26-NOV-24 25-NOV-24
TEMP_PSITE_POSSTLM			      14291 26-NOV-24 25-NOV-24
PSITE_APPUSER				      13858 26-NOV-24 25-NOV-24
PSITE_POSBILLITEM			       8387 26-NOV-24 23-NOV-24
PSITE_WEB_EVENT 			       8332 26-NOV-24 25-NOV-24
PURORDCHG				       6656 26-NOV-24 23-NOV-24
PURSRVORDCHG_ITEM			       6545 26-NOV-24 26-OCT-24
PURSRVORDCHG				       5454 26-NOV-24 26-OCT-24
PSITE_POSSTLMAUDIT_POS			       5292 26-NOV-24 23-NOV-24
STAGING_SETTLEMENTDATA			       4977 26-NOV-24 25-NOV-24
PURSRVCHG				       4178 26-NOV-24 26-OCT-24
PURORDDET				       3937 26-NOV-24 23-NOV-24
PURSRVCHG_ITEM				       3852 26-NOV-24 26-OCT-24
FINCOSTTAG				       3795 26-NOV-24 23-NOV-24
INVSTOCK_INTRA_LOG			       3718 26-NOV-24 25-NOV-24
PSITE_POSSTLMSTOCKINFO_POS		       3617 26-NOV-24 26-OCT-24
PSITE_POSSTLMSTOCKRECO_POS		       3241 26-NOV-24 26-OCT-24
PSITE_POSBILLMOP			       2735 26-NOV-24 23-NOV-24
PSITE_POSBILLITEMRETURN 		       2640 26-NOV-24 26-OCT-24
PSITE_POSBILL				       2551 26-NOV-24 23-NOV-24
PURINVCHG_ITEM				       2362 26-NOV-24 23-NOV-24
HRDEMP_OU				       2335 26-NOV-24 21-NOV-24
FINGL_SITE				       1928 26-NOV-24 19-NOV-24
FINTAG					       1202 26-NOV-24 26-OCT-24
PSITE_POSBILLCNADJ			       1012 26-NOV-24 26-OCT-24
TEMP_JOBQUE_PROCESS				847 25-NOV-24 03-SEP-18
PSITE_POSSTLMDETAIL				838 26-NOV-24 26-OCT-24
FINCOSTTAG_CHECK				828 26-NOV-24 23-NOV-24
PURORDSET					744 26-NOV-24 21-NOV-24
PURSRV_SCHEDULE 				711 26-NOV-24 26-OCT-24
FINPOST 					687 26-NOV-24 23-NOV-24
PSITE_POSSTLMSESSION				677 26-NOV-24 26-OCT-24
PURORDMAIN					554 26-NOV-24 23-NOV-24
PSITE_EMRSUBMIT_QUEUE				508 26-NOV-24 25-NOV-24
FINPOST_CHECK					457 26-NOV-24 23-NOV-24

50 rows selected.

********************************************************************************************************************************************************************
###MOST MODIFIED TABLES###
********************************************************************************************************************************************************************
********************************************************************************************************************************************************************
###MST_STATTAB LAST ANALYZED ###
********************************************************************************************************************************************************************

TABLE_NAME				 DBA_STATISTICS  DBA_TABLES
---------------------------------------- --------------- ---------------
INVSTOCK_ONHAND_STOCKPOINT_AGG		 23-NOV-24	 23-NOV-24
INVSTOCK				 23-NOV-24	 23-NOV-24
INVSTOCK_ONHAND_AGG			 23-NOV-24	 23-NOV-24
PURINVCHG_ITEM				 23-NOV-24	 23-NOV-24
PURINVCHG				 23-NOV-24	 23-NOV-24
PURINVMAIN				 23-NOV-24	 23-NOV-24
PURINVDET				 23-NOV-24	 23-NOV-24
INVGRCCHG_ITEM				 23-NOV-24	 23-NOV-24
INVGRCCHG				 23-NOV-24	 23-NOV-24
INVGRCMAIN				 23-NOV-24	 23-NOV-24
INVGRCDET				 23-NOV-24	 23-NOV-24
SALCSDET				 23-NOV-24	 23-NOV-24
SALCSMAIN				 23-NOV-24	 23-NOV-24
PSITE_POSBILLITEM			 23-NOV-24	 23-NOV-24
PSITE_POSBILL				 23-NOV-24	 23-NOV-24
PSITE_POSBILLMOP			 23-NOV-24	 23-NOV-24
FINPOST 				 23-NOV-24	 23-NOV-24
INVDCDET				 23-NOV-24	 23-NOV-24
TEMP_INVDCSO_CHECK			 23-NOV-24	 23-NOV-24
TEMP_SALINVDET_STAGING			 23-NOV-24	 23-NOV-24
INVDCMAIN				 23-NOV-24	 23-NOV-24
SALORDDET				 23-NOV-24	 23-NOV-24
SALORDMAIN				 23-NOV-24	 23-NOV-24
SALINVCHG_ITEM				 23-NOV-24	 23-NOV-24
SALINVCHG				 23-NOV-24	 23-NOV-24
SALINVMAIN				 23-NOV-24	 23-NOV-24
SALINVDET				 23-NOV-24	 23-NOV-24
FINPOST_CHECK				 23-NOV-24	 23-NOV-24
PSITE_GRCCHGITEM			 23-NOV-24	 23-NOV-24
PSITE_GRCITEM				 23-NOV-24	 23-NOV-24
PSITE_GRC				 23-NOV-24	 23-NOV-24
PSITE_GRCCHG				 23-NOV-24	 23-NOV-24
SALORDCHG				 23-NOV-24	 23-NOV-24
INT$STG_CREATEPO_ALL_FLD		 23-NOV-24	 23-NOV-24
SALORDCHG_ITEM				 23-NOV-24	 23-NOV-24
INVITEMLASTINWARD			 23-NOV-24	 23-NOV-24
PSITE_AUDITJOURNALITEM			 23-NOV-24	 23-NOV-24
PSITE_AUDITJOURNAL			 23-NOV-24	 23-NOV-24
PURRTCHG_ITEM				 23-NOV-24	 23-NOV-24
PURRTCHG				 23-NOV-24	 23-NOV-24
PURRTMAIN				 23-NOV-24	 23-NOV-24
PURRTDET				 23-NOV-24	 23-NOV-24
FINCOSTTAG_CHECK			 23-NOV-24	 23-NOV-24
INVGRTCHG_ITEM				 23-NOV-24	 23-NOV-24
INVGRTCHG				 23-NOV-24	 23-NOV-24
INVGRTMAIN				 23-NOV-24	 23-NOV-24
INVGRTDET				 23-NOV-24	 23-NOV-24
FINCOSTTAG				 23-NOV-24	 23-NOV-24
PSITE_ALLOC_ITEM			 23-NOV-24	 23-NOV-24
PSITE_CUSTOMER				 23-NOV-24	 23-NOV-24
INVBARCODELOG				 23-NOV-24	 23-NOV-24
PRDLOTOPERATION 			 23-NOV-24	 23-NOV-24
PRDBOMDET				 23-NOV-24	 23-NOV-24
PSITE_CUSTOMER_DIST			 23-NOV-24	 23-NOV-24
PRDLOTBOM				 23-NOV-24	 23-NOV-24
INVSTOCK_INTRA				 23-NOV-24	 23-NOV-24
PRDWIPTRANS				 23-NOV-24	 23-NOV-24
INVBINSTOCK_ONHAND			 23-NOV-24	 23-NOV-24
SALRTCHG_ITEM				 23-NOV-24	 23-NOV-24
SALRTCHG				 23-NOV-24	 23-NOV-24
SALRTMAIN				 23-NOV-24	 23-NOV-24
SALRTDET				 23-NOV-24	 23-NOV-24
INVSTOCK_ONHAND_INTRA_AGG		 23-NOV-24	 23-NOV-24
PSITE_POSSTLM				 23-NOV-24	 23-NOV-24
PROMO_ASSORTMENT_INCLUDE		 23-NOV-24	 23-NOV-24
PSITE_DELIVERYSLIPITEM			 23-NOV-24	 23-NOV-24
INVPICKLISTMAIN 			 23-NOV-24	 23-NOV-24
PROMO_ASSORTMENT_EXCLUDE		 23-NOV-24	 23-NOV-24
INVPICKLISTDET				 23-NOV-24	 23-NOV-24
PURORDCHG_ITEM				 23-NOV-24	 23-NOV-24
PURORDCHG				 23-NOV-24	 23-NOV-24
PURORDMAIN				 23-NOV-24	 23-NOV-24
PURORDDET				 23-NOV-24	 23-NOV-24
PSITE_POSSTLMAUDIT_POS			 23-NOV-24	 23-NOV-24
PSITE_POSSTLMAUDIT_HO			 23-NOV-24	 23-NOV-24
PSITE_PACKETITEM			 23-NOV-24	 23-NOV-24
PSITE_PACKET				 23-NOV-24	 23-NOV-24
PSITE_DELIVERYSLIPITEMVOID		 23-NOV-24	 23-NOV-24
PSITE_SALESPERSON			 23-NOV-24	 23-NOV-24
PSITE_EMRSUBMIT_QUEUE			 25-NOV-24	 25-NOV-24
TEMP_ALLOC_CUSTOMER			 25-NOV-24	 25-NOV-24
INT$STG_CREATEITEM_ALL_FLD		 25-NOV-24	 25-NOV-24
TEMP_ALLOC_ITEM 			 25-NOV-24	 25-NOV-24
INVSTOCK_LOG				 25-NOV-24	 25-NOV-24

84 rows selected.

********************************************************************************************************************************************************************
###MST_STATTAB LAST ANALYZED ###
********************************************************************************************************************************************************************
********************************************************************************************************************************************************************
###Archive INFORMATION START###
********************************************************************************************************************************************************************

NAME		     SPACE_LIMIT SPACE_USED SPACE_RECLIMABLE NUMBER_OF_FILES
-------------------- ----------- ---------- ---------------- ---------------
/arch/			    1548	845		 640	       18533

********************************************************************************************************************************************************************
###Archive INFORMATION END###
********************************************************************************************************************************************************************
