
APPLY DATE and TIME
------------------------------
11-26-2024 20:06:16


NAME	  OPEN_MODE	       DATABASE_ROLE
--------- -------------------- ----------------
GIN12C	  MOUNTED	       PRIMARY


Archive Applied
-----------------------------------------------------------------------
Last Archive Sequence Applied: 610502

ORA-00279: change 106099184099 generated at 11/26/2024 19:04:11 needed for
thread 1
ORA-00289: suggestion :
/arch/GIN12C/archivelog/2024_11_26/o1_mf_1_610503_mncmpct9_.arc
ORA-00280: change 106099184099 for thread 1 is in sequence #610503


ORA-00279: change 106099199129 generated at 11/26/2024 19:06:11 needed for
thread 1
ORA-00289: suggestion :
/arch/GIN12C/archivelog/2024_11_26/o1_mf_1_610504_mncmrlvq_.arc
ORA-00280: change 106099199129 for thread 1 is in sequence #610504
ORA-00278: log file
'/arch/GIN12C/archivelog/2024_11_26/o1_mf_1_610503_mncmpct9_.arc' no longer
needed for this recovery


ORA-00279: change 106099215122 generated at 11/26/2024 19:07:22 needed for
thread 1
ORA-00289: suggestion :
/arch/GIN12C/archivelog/2024_11_26/o1_mf_1_610505_mncmt46s_.arc
ORA-00280: change 106099215122 for thread 1 is in sequence #610505
ORA-00278: log file
'/arch/GIN12C/archivelog/2024_11_26/o1_mf_1_610504_mncmrlvq_.arc' no longer
needed for this recovery


ORA-00279: change 106099225594 generated at 11/26/2024 19:08:12 needed for
thread 1
ORA-00289: suggestion :
/arch/GIN12C/archivelog/2024_11_26/o1_mf_1_610506_mncmxvk3_.arc
ORA-00280: change 106099225594 for thread 1 is in sequence #610506
ORA-00278: log file
'/arch/GIN12C/archivelog/2024_11_26/o1_mf_1_610505_mncmt46s_.arc' no longer
needed for this recovery


ORA-00279: change 106099240255 generated at 11/26/2024 19:10:11 needed for
thread 1
ORA-00289: suggestion :
/arch/GIN12C/archivelog/2024_11_26/o1_mf_1_610507_mncmzf5k_.arc
ORA-00280: change 106099240255 for thread 1 is in sequence #610507
ORA-00278: log file
'/arch/GIN12C/archivelog/2024_11_26/o1_mf_1_610506_mncmxvk3_.arc' no longer
needed for this recovery


ORA-00279: change 106099270572 generated at 11/26/2024 19:11:01 needed for
thread 1
ORA-00289: suggestion :
/arch/GIN12C/archivelog/2024_11_26/o1_mf_1_610508_mncmzlh9_.arc
ORA-00280: change 106099270572 for thread 1 is in sequence #610508
ORA-00278: log file
'/arch/GIN12C/archivelog/2024_11_26/o1_mf_1_610507_mncmzf5k_.arc' no longer
needed for this recovery


ORA-00279: change 106099286312 generated at 11/26/2024 19:11:06 needed for
thread 1
ORA-00289: suggestion :
/arch/GIN12C/archivelog/2024_11_26/o1_mf_1_610509_mncn1nd1_.arc
ORA-00280: change 106099286312 for thread 1 is in sequence #610509
ORA-00278: log file
'/arch/GIN12C/archivelog/2024_11_26/o1_mf_1_610508_mncmzlh9_.arc' no longer
needed for this recovery


ORA-00279: change 106099293608 generated at 11/26/2024 19:12:12 needed for
thread 1
ORA-00289: suggestion :
/arch/GIN12C/archivelog/2024_11_26/o1_mf_1_610510_mncn2qpp_.arc
ORA-00280: change 106099293608 for thread 1 is in sequence #610510
ORA-00278: log file
'/arch/GIN12C/archivelog/2024_11_26/o1_mf_1_610509_mncn1nd1_.arc' no longer
needed for this recovery


ORA-00279: change 106099315770 generated at 11/26/2024 19:12:47 needed for
thread 1
ORA-00289: suggestion :
/arch/GIN12C/archivelog/2024_11_26/o1_mf_1_610511_mncn3hoh_.arc
ORA-00280: change 106099315770 for thread 1 is in sequence #610511
ORA-00278: log file
'/arch/GIN12C/archivelog/2024_11_26/o1_mf_1_610510_mncn2qpp_.arc' no longer
needed for this recovery


ORA-00279: change 106099339740 generated at 11/26/2024 19:13:11 needed for
thread 1
ORA-00289: suggestion :
/arch/GIN12C/archivelog/2024_11_26/o1_mf_1_610512_mncn46by_.arc
ORA-00280: change 106099339740 for thread 1 is in sequence #610512
ORA-00278: log file
'/arch/GIN12C/archivelog/2024_11_26/o1_mf_1_610511_mncn3hoh_.arc' no longer
needed for this recovery


ORA-00279: change 106099359934 generated at 11/26/2024 19:13:34 needed for
thread 1
ORA-00289: suggestion :
/arch/GIN12C/archivelog/2024_11_26/o1_mf_1_610513_mncn51j6_.arc
ORA-00280: change 106099359934 for thread 1 is in sequence #610513
ORA-00278: log file
'/arch/GIN12C/archivelog/2024_11_26/o1_mf_1_610512_mncn46by_.arc' no longer
needed for this recovery


ORA-00279: change 106099392618 generated at 11/26/2024 19:14:01 needed for
thread 1
ORA-00289: suggestion :
/arch/GIN12C/archivelog/2024_11_26/o1_mf_1_610514_mncn5cx0_.arc
ORA-00280: change 106099392618 for thread 1 is in sequence #610514
ORA-00278: log file
'/arch/GIN12C/archivelog/2024_11_26/o1_mf_1_610513_mncn51j6_.arc' no longer
needed for this recovery


ORA-00279: change 106099414568 generated at 11/26/2024 19:14:11 needed for
thread 1
ORA-00289: suggestion :
/arch/GIN12C/archivelog/2024_11_26/o1_mf_1_610515_mncn5xhq_.arc
ORA-00280: change 106099414568 for thread 1 is in sequence #610515
ORA-00278: log file
'/arch/GIN12C/archivelog/2024_11_26/o1_mf_1_610514_mncn5cx0_.arc' no longer
needed for this recovery


ORA-00279: change 106099437563 generated at 11/26/2024 19:14:29 needed for
thread 1
ORA-00289: suggestion :
/arch/GIN12C/archivelog/2024_11_26/o1_mf_1_610516_mncn93r5_.arc
ORA-00280: change 106099437563 for thread 1 is in sequence #610516
ORA-00278: log file
'/arch/GIN12C/archivelog/2024_11_26/o1_mf_1_610515_mncn5xhq_.arc' no longer
needed for this recovery


ORA-00279: change 106099455238 generated at 11/26/2024 19:16:11 needed for
thread 1
ORA-00289: suggestion :
/arch/GIN12C/archivelog/2024_11_26/o1_mf_1_610517_mncndw0c_.arc
ORA-00280: change 106099455238 for thread 1 is in sequence #610517
ORA-00278: log file
'/arch/GIN12C/archivelog/2024_11_26/o1_mf_1_610516_mncn93r5_.arc' no longer
needed for this recovery


ORA-00279: change 106099470383 generated at 11/26/2024 19:18:12 needed for
thread 1
ORA-00289: suggestion :
/arch/GIN12C/archivelog/2024_11_26/o1_mf_1_610518_mncngwxz_.arc
ORA-00280: change 106099470383 for thread 1 is in sequence #610518
ORA-00278: log file
'/arch/GIN12C/archivelog/2024_11_26/o1_mf_1_610517_mncndw0c_.arc' no longer
needed for this recovery


ORA-00279: change 106099490167 generated at 11/26/2024 19:19:16 needed for
thread 1
ORA-00289: suggestion :
/arch/GIN12C/archivelog/2024_11_26/o1_mf_1_610519_mncnjmdw_.arc
ORA-00280: change 106099490167 for thread 1 is in sequence #610519
ORA-00278: log file
'/arch/GIN12C/archivelog/2024_11_26/o1_mf_1_610518_mncngwxz_.arc' no longer
needed for this recovery


ORA-00279: change 106099501206 generated at 11/26/2024 19:20:11 needed for
thread 1
ORA-00289: suggestion :
/arch/GIN12C/archivelog/2024_11_26/o1_mf_1_610520_mncnjrsz_.arc
ORA-00280: change 106099501206 for thread 1 is in sequence #610520
ORA-00278: log file
'/arch/GIN12C/archivelog/2024_11_26/o1_mf_1_610519_mncnjmdw_.arc' no longer
needed for this recovery


ORA-00279: change 106099522305 generated at 11/26/2024 19:20:16 needed for
thread 1
ORA-00289: suggestion :
/arch/GIN12C/archivelog/2024_11_26/o1_mf_1_610521_mncnk4gf_.arc
ORA-00280: change 106099522305 for thread 1 is in sequence #610521
ORA-00278: log file
'/arch/GIN12C/archivelog/2024_11_26/o1_mf_1_610520_mncnjrsz_.arc' no longer
needed for this recovery


ORA-00279: change 106099551922 generated at 11/26/2024 19:20:28 needed for
thread 1
ORA-00289: suggestion :
/arch/GIN12C/archivelog/2024_11_26/o1_mf_1_610522_mncnk8jf_.arc
ORA-00280: change 106099551922 for thread 1 is in sequence #610522
ORA-00278: log file
'/arch/GIN12C/archivelog/2024_11_26/o1_mf_1_610521_mncnk4gf_.arc' no longer
needed for this recovery


ORA-00279: change 106099575554 generated at 11/26/2024 19:20:32 needed for
thread 1
ORA-00289: suggestion :
/arch/GIN12C/archivelog/2024_11_26/o1_mf_1_610523_mncnl486_.arc
ORA-00280: change 106099575554 for thread 1 is in sequence #610523
ORA-00278: log file
'/arch/GIN12C/archivelog/2024_11_26/o1_mf_1_610522_mncnk8jf_.arc' no longer
needed for this recovery


ORA-00279: change 106099601758 generated at 11/26/2024 19:21:00 needed for
thread 1
ORA-00289: suggestion :
/arch/GIN12C/archivelog/2024_11_26/o1_mf_1_610524_mncnl9ct_.arc
ORA-00280: change 106099601758 for thread 1 is in sequence #610524
ORA-00278: log file
'/arch/GIN12C/archivelog/2024_11_26/o1_mf_1_610523_mncnl486_.arc' no longer
needed for this recovery


ORA-00279: change 106099614964 generated at 11/26/2024 19:21:05 needed for
thread 1
ORA-00289: suggestion :
/arch/GIN12C/archivelog/2024_11_26/o1_mf_1_610525_mncnndcs_.arc
ORA-00280: change 106099614964 for thread 1 is in sequence #610525
ORA-00278: log file
'/arch/GIN12C/archivelog/2024_11_26/o1_mf_1_610524_mncnl9ct_.arc' no longer
needed for this recovery


ORA-00279: change 106099622604 generated at 11/26/2024 19:22:12 needed for
thread 1
ORA-00289: suggestion :
/arch/GIN12C/archivelog/2024_11_26/o1_mf_1_610526_mncnr3pj_.arc
ORA-00280: change 106099622604 for thread 1 is in sequence #610526
ORA-00278: log file
'/arch/GIN12C/archivelog/2024_11_26/o1_mf_1_610525_mncnndcs_.arc' no longer
needed for this recovery


ORA-00279: change 106099631812 generated at 11/26/2024 19:24:11 needed for
thread 1
ORA-00289: suggestion :
/arch/GIN12C/archivelog/2024_11_26/o1_mf_1_610527_mncnslx8_.arc
ORA-00280: change 106099631812 for thread 1 is in sequence #610527
ORA-00278: log file
'/arch/GIN12C/archivelog/2024_11_26/o1_mf_1_610526_mncnr3pj_.arc' no longer
needed for this recovery


ORA-00279: change 106099655310 generated at 11/26/2024 19:24:58 needed for
thread 1
ORA-00289: suggestion :
/arch/GIN12C/archivelog/2024_11_26/o1_mf_1_610528_mncnt3k7_.arc
ORA-00280: change 106099655310 for thread 1 is in sequence #610528
ORA-00278: log file
'/arch/GIN12C/archivelog/2024_11_26/o1_mf_1_610527_mncnslx8_.arc' no longer
needed for this recovery


ORA-00279: change 106099669742 generated at 11/26/2024 19:25:15 needed for
thread 1
ORA-00289: suggestion :
/arch/GIN12C/archivelog/2024_11_26/o1_mf_1_610529_mncnvvnf_.arc
ORA-00280: change 106099669742 for thread 1 is in sequence #610529
ORA-00278: log file
'/arch/GIN12C/archivelog/2024_11_26/o1_mf_1_610528_mncnt3k7_.arc' no longer
needed for this recovery


ORA-00279: change 106099673622 generated at 11/26/2024 19:26:11 needed for
thread 1
ORA-00289: suggestion :
/arch/GIN12C/archivelog/2024_11_26/o1_mf_1_610530_mncnxtvm_.arc
ORA-00280: change 106099673622 for thread 1 is in sequence #610530
ORA-00278: log file
'/arch/GIN12C/archivelog/2024_11_26/o1_mf_1_610529_mncnvvnf_.arc' no longer
needed for this recovery


ORA-00279: change 106099711743 generated at 11/26/2024 19:27:14 needed for
thread 1
ORA-00289: suggestion :
/arch/GIN12C/archivelog/2024_11_26/o1_mf_1_610531_mncnxznm_.arc
ORA-00280: change 106099711743 for thread 1 is in sequence #610531
ORA-00278: log file
'/arch/GIN12C/archivelog/2024_11_26/o1_mf_1_610530_mncnxtvm_.arc' no longer
needed for this recovery


ORA-00279: change 106099718909 generated at 11/26/2024 19:27:19 needed for
thread 1
ORA-00289: suggestion :
/arch/GIN12C/archivelog/2024_11_26/o1_mf_1_610532_mncnyz94_.arc
ORA-00280: change 106099718909 for thread 1 is in sequence #610532
ORA-00278: log file
'/arch/GIN12C/archivelog/2024_11_26/o1_mf_1_610531_mncnxznm_.arc' no longer
needed for this recovery


ORA-00279: change 106099753682 generated at 11/26/2024 19:27:51 needed for
thread 1
ORA-00289: suggestion :
/arch/GIN12C/archivelog/2024_11_26/o1_mf_1_610533_mncnznh6_.arc
ORA-00280: change 106099753682 for thread 1 is in sequence #610533
ORA-00278: log file
'/arch/GIN12C/archivelog/2024_11_26/o1_mf_1_610532_mncnyz94_.arc' no longer
needed for this recovery


ORA-00279: change 106099778405 generated at 11/26/2024 19:28:12 needed for
thread 1
ORA-00289: suggestion :
/arch/GIN12C/archivelog/2024_11_26/o1_mf_1_610534_mnco0orh_.arc
ORA-00280: change 106099778405 for thread 1 is in sequence #610534
ORA-00278: log file
'/arch/GIN12C/archivelog/2024_11_26/o1_mf_1_610533_mncnznh6_.arc' no longer
needed for this recovery


ORA-00279: change 106099834740 generated at 11/26/2024 19:28:45 needed for
thread 1
ORA-00289: suggestion :
/arch/GIN12C/archivelog/2024_11_26/o1_mf_1_610535_mnco17gx_.arc
ORA-00280: change 106099834740 for thread 1 is in sequence #610535
ORA-00278: log file
'/arch/GIN12C/archivelog/2024_11_26/o1_mf_1_610534_mnco0orh_.arc' no longer
needed for this recovery


ORA-00279: change 106099861015 generated at 11/26/2024 19:29:03 needed for
thread 1
ORA-00289: suggestion :
/arch/GIN12C/archivelog/2024_11_26/o1_mf_1_610536_mnco1k8k_.arc
ORA-00280: change 106099861015 for thread 1 is in sequence #610536
ORA-00278: log file
'/arch/GIN12C/archivelog/2024_11_26/o1_mf_1_610535_mnco17gx_.arc' no longer
needed for this recovery


ORA-00279: change 106099878531 generated at 11/26/2024 19:29:13 needed for
thread 1
ORA-00289: suggestion :
/arch/GIN12C/archivelog/2024_11_26/o1_mf_1_610537_mnco24c1_.arc
ORA-00280: change 106099878531 for thread 1 is in sequence #610537
ORA-00278: log file
'/arch/GIN12C/archivelog/2024_11_26/o1_mf_1_610536_mnco1k8k_.arc' no longer
needed for this recovery


ORA-00279: change 106099900004 generated at 11/26/2024 19:29:32 needed for
thread 1
ORA-00289: suggestion :
/arch/GIN12C/archivelog/2024_11_26/o1_mf_1_610538_mnco302j_.arc
ORA-00280: change 106099900004 for thread 1 is in sequence #610538
ORA-00278: log file
'/arch/GIN12C/archivelog/2024_11_26/o1_mf_1_610537_mnco24c1_.arc' no longer
needed for this recovery


ORA-00279: change 106099924627 generated at 11/26/2024 19:30:00 needed for
thread 1
ORA-00289: suggestion :
/arch/GIN12C/archivelog/2024_11_26/o1_mf_1_610539_mnco327t_.arc
ORA-00280: change 106099924627 for thread 1 is in sequence #610539
ORA-00278: log file
'/arch/GIN12C/archivelog/2024_11_26/o1_mf_1_610538_mnco302j_.arc' no longer
needed for this recovery


ORA-00279: change 106099941340 generated at 11/26/2024 19:30:02 needed for
thread 1
ORA-00289: suggestion :
/arch/GIN12C/archivelog/2024_11_26/o1_mf_1_610540_mnco3dbo_.arc
ORA-00280: change 106099941340 for thread 1 is in sequence #610540
ORA-00278: log file
'/arch/GIN12C/archivelog/2024_11_26/o1_mf_1_610539_mnco327t_.arc' no longer
needed for this recovery


ORA-00279: change 106099942545 generated at 11/26/2024 19:30:12 needed for
thread 1
ORA-00289: suggestion :
/arch/GIN12C/archivelog/2024_11_26/o1_mf_1_610541_mnco62hz_.arc
ORA-00280: change 106099942545 for thread 1 is in sequence #610541
ORA-00278: log file
'/arch/GIN12C/archivelog/2024_11_26/o1_mf_1_610540_mnco3dbo_.arc' no longer
needed for this recovery


ORA-00279: change 106099976246 generated at 11/26/2024 19:31:38 needed for
thread 1
ORA-00289: suggestion :
/arch/GIN12C/archivelog/2024_11_26/o1_mf_1_610542_mnco72sz_.arc
ORA-00280: change 106099976246 for thread 1 is in sequence #610542
ORA-00278: log file
'/arch/GIN12C/archivelog/2024_11_26/o1_mf_1_610541_mnco62hz_.arc' no longer
needed for this recovery


ORA-00279: change 106100048848 generated at 11/26/2024 19:32:10 needed for
thread 1
ORA-00289: suggestion :
/arch/GIN12C/archivelog/2024_11_26/o1_mf_1_610543_mnco741z_.arc
ORA-00280: change 106100048848 for thread 1 is in sequence #610543
ORA-00278: log file
'/arch/GIN12C/archivelog/2024_11_26/o1_mf_1_610542_mnco72sz_.arc' no longer
needed for this recovery


ORA-00279: change 106100050007 generated at 11/26/2024 19:32:12 needed for
thread 1
ORA-00289: suggestion :
/arch/GIN12C/archivelog/2024_11_26/o1_mf_1_610544_mnco9m6v_.arc
ORA-00280: change 106100050007 for thread 1 is in sequence #610544
ORA-00278: log file
'/arch/GIN12C/archivelog/2024_11_26/o1_mf_1_610543_mnco741z_.arc' no longer
needed for this recovery


ORA-00279: change 106100068429 generated at 11/26/2024 19:33:31 needed for
thread 1
ORA-00289: suggestion :
/arch/GIN12C/archivelog/2024_11_26/o1_mf_1_610545_mncobvhq_.arc
ORA-00280: change 106100068429 for thread 1 is in sequence #610545
ORA-00278: log file
'/arch/GIN12C/archivelog/2024_11_26/o1_mf_1_610544_mnco9m6v_.arc' no longer
needed for this recovery


ORA-00279: change 106100073040 generated at 11/26/2024 19:34:11 needed for
thread 1
ORA-00289: suggestion :
/arch/GIN12C/archivelog/2024_11_26/o1_mf_1_610546_mncogmqh_.arc
ORA-00280: change 106100073040 for thread 1 is in sequence #610546
ORA-00278: log file
'/arch/GIN12C/archivelog/2024_11_26/o1_mf_1_610545_mncobvhq_.arc' no longer
needed for this recovery


ORA-00279: change 106100085246 generated at 11/26/2024 19:36:11 needed for
thread 1
ORA-00289: suggestion :
/arch/GIN12C/archivelog/2024_11_26/o1_mf_1_610547_mncohp32_.arc
ORA-00280: change 106100085246 for thread 1 is in sequence #610547
ORA-00278: log file
'/arch/GIN12C/archivelog/2024_11_26/o1_mf_1_610546_mncogmqh_.arc' no longer
needed for this recovery


ORA-00279: change 106100108271 generated at 11/26/2024 19:36:46 needed for
thread 1
ORA-00289: suggestion :
/arch/GIN12C/archivelog/2024_11_26/o1_mf_1_610548_mncoj70f_.arc
ORA-00280: change 106100108271 for thread 1 is in sequence #610548
ORA-00278: log file
'/arch/GIN12C/archivelog/2024_11_26/o1_mf_1_610547_mncohp32_.arc' no longer
needed for this recovery


ORA-00279: change 106100142535 generated at 11/26/2024 19:37:03 needed for
thread 1
ORA-00289: suggestion :
/arch/GIN12C/archivelog/2024_11_26/o1_mf_1_610549_mncoj7wl_.arc
ORA-00280: change 106100142535 for thread 1 is in sequence #610549
ORA-00278: log file
'/arch/GIN12C/archivelog/2024_11_26/o1_mf_1_610548_mncoj70f_.arc' no longer
needed for this recovery


ORA-00279: change 106100170997 generated at 11/26/2024 19:37:03 needed for
thread 1
ORA-00289: suggestion :
/arch/GIN12C/archivelog/2024_11_26/o1_mf_1_610550_mncoj90v_.arc
ORA-00280: change 106100170997 for thread 1 is in sequence #610550
ORA-00278: log file
'/arch/GIN12C/archivelog/2024_11_26/o1_mf_1_610549_mncoj7wl_.arc' no longer
needed for this recovery


ORA-00279: change 106100173844 generated at 11/26/2024 19:37:05 needed for
thread 1
ORA-00289: suggestion :
/arch/GIN12C/archivelog/2024_11_26/o1_mf_1_610551_mncokw1r_.arc
ORA-00280: change 106100173844 for thread 1 is in sequence #610551
ORA-00278: log file
'/arch/GIN12C/archivelog/2024_11_26/o1_mf_1_610550_mncoj90v_.arc' no longer
needed for this recovery


ORA-00279: change 106100188770 generated at 11/26/2024 19:37:56 needed for
thread 1
ORA-00289: suggestion :
/arch/GIN12C/archivelog/2024_11_26/o1_mf_1_610552_mncol2rq_.arc
ORA-00280: change 106100188770 for thread 1 is in sequence #610552
ORA-00278: log file
'/arch/GIN12C/archivelog/2024_11_26/o1_mf_1_610551_mncokw1r_.arc' no longer
needed for this recovery


ORA-00279: change 106100212290 generated at 11/26/2024 19:38:02 needed for
thread 1
ORA-00289: suggestion :
/arch/GIN12C/archivelog/2024_11_26/o1_mf_1_610553_mncol5gr_.arc
ORA-00280: change 106100212290 for thread 1 is in sequence #610553
ORA-00278: log file
'/arch/GIN12C/archivelog/2024_11_26/o1_mf_1_610552_mncol2rq_.arc' no longer
needed for this recovery


ORA-00279: change 106100230338 generated at 11/26/2024 19:38:05 needed for
thread 1
ORA-00289: suggestion :
/arch/GIN12C/archivelog/2024_11_26/o1_mf_1_610554_mncold6r_.arc
ORA-00280: change 106100230338 for thread 1 is in sequence #610554
ORA-00278: log file
'/arch/GIN12C/archivelog/2024_11_26/o1_mf_1_610553_mncol5gr_.arc' no longer
needed for this recovery


ORA-00279: change 106100235940 generated at 11/26/2024 19:38:12 needed for
thread 1
ORA-00289: suggestion :
/arch/GIN12C/archivelog/2024_11_26/o1_mf_1_610555_mncon07p_.arc
ORA-00280: change 106100235940 for thread 1 is in sequence #610555
ORA-00278: log file
'/arch/GIN12C/archivelog/2024_11_26/o1_mf_1_610554_mncold6r_.arc' no longer
needed for this recovery


ORA-00279: change 106100254280 generated at 11/26/2024 19:39:04 needed for
thread 1
ORA-00289: suggestion :
/arch/GIN12C/archivelog/2024_11_26/o1_mf_1_610556_mncop4d4_.arc
ORA-00280: change 106100254280 for thread 1 is in sequence #610556
ORA-00278: log file
'/arch/GIN12C/archivelog/2024_11_26/o1_mf_1_610555_mncon07p_.arc' no longer
needed for this recovery


ORA-00279: change 106100260090 generated at 11/26/2024 19:40:12 needed for
thread 1
ORA-00289: suggestion :
/arch/GIN12C/archivelog/2024_11_26/o1_mf_1_610557_mncosw4y_.arc
ORA-00280: change 106100260090 for thread 1 is in sequence #610557
ORA-00278: log file
'/arch/GIN12C/archivelog/2024_11_26/o1_mf_1_610556_mncop4d4_.arc' no longer
needed for this recovery


ORA-00279: change 106100272195 generated at 11/26/2024 19:42:12 needed for
thread 1
ORA-00289: suggestion :
/arch/GIN12C/archivelog/2024_11_26/o1_mf_1_610558_mncovjn9_.arc
ORA-00280: change 106100272195 for thread 1 is in sequence #610558
ORA-00278: log file
'/arch/GIN12C/archivelog/2024_11_26/o1_mf_1_610557_mncosw4y_.arc' no longer
needed for this recovery


ORA-00279: change 106100332563 generated at 11/26/2024 19:43:04 needed for
thread 1
ORA-00289: suggestion :
/arch/GIN12C/archivelog/2024_11_26/o1_mf_1_610559_mncovq42_.arc
ORA-00280: change 106100332563 for thread 1 is in sequence #610559
ORA-00278: log file
'/arch/GIN12C/archivelog/2024_11_26/o1_mf_1_610558_mncovjn9_.arc' no longer
needed for this recovery


ORA-00279: change 106100401913 generated at 11/26/2024 19:43:11 needed for
thread 1
ORA-00289: suggestion :
/arch/GIN12C/archivelog/2024_11_26/o1_mf_1_610560_mncow6sl_.arc
ORA-00280: change 106100401913 for thread 1 is in sequence #610560
ORA-00278: log file
'/arch/GIN12C/archivelog/2024_11_26/o1_mf_1_610559_mncovq42_.arc' no longer
needed for this recovery


ORA-00279: change 106100469348 generated at 11/26/2024 19:43:26 needed for
thread 1
ORA-00289: suggestion :
/arch/GIN12C/archivelog/2024_11_26/o1_mf_1_610561_mncoxmm4_.arc
ORA-00280: change 106100469348 for thread 1 is in sequence #610561
ORA-00278: log file
'/arch/GIN12C/archivelog/2024_11_26/o1_mf_1_610560_mncow6sl_.arc' no longer
needed for this recovery


ORA-00279: change 106100471097 generated at 11/26/2024 19:44:11 needed for
thread 1
ORA-00289: suggestion :
/arch/GIN12C/archivelog/2024_11_26/o1_mf_1_610562_mncoy9l5_.arc
ORA-00280: change 106100471097 for thread 1 is in sequence #610562
ORA-00278: log file
'/arch/GIN12C/archivelog/2024_11_26/o1_mf_1_610561_mncoxmm4_.arc' no longer
needed for this recovery


ORA-00279: change 106100503918 generated at 11/26/2024 19:44:33 needed for
thread 1
ORA-00289: suggestion :
/arch/GIN12C/archivelog/2024_11_26/o1_mf_1_610563_mncoz69w_.arc
ORA-00280: change 106100503918 for thread 1 is in sequence #610563
ORA-00278: log file
'/arch/GIN12C/archivelog/2024_11_26/o1_mf_1_610562_mncoy9l5_.arc' no longer
needed for this recovery


ORA-00279: change 106100531810 generated at 11/26/2024 19:45:02 needed for
thread 1
ORA-00289: suggestion :
/arch/GIN12C/archivelog/2024_11_26/o1_mf_1_610564_mncozktr_.arc
ORA-00280: change 106100531810 for thread 1 is in sequence #610564
ORA-00278: log file
'/arch/GIN12C/archivelog/2024_11_26/o1_mf_1_610563_mncoz69w_.arc' no longer
needed for this recovery


ORA-00279: change 106100535289 generated at 11/26/2024 19:45:13 needed for
thread 1
ORA-00289: suggestion :
/arch/GIN12C/archivelog/2024_11_26/o1_mf_1_610565_mncp02bq_.arc
ORA-00280: change 106100535289 for thread 1 is in sequence #610565
ORA-00278: log file
'/arch/GIN12C/archivelog/2024_11_26/o1_mf_1_610564_mncozktr_.arc' no longer
needed for this recovery


ORA-00279: change 106100537225 generated at 11/26/2024 19:45:30 needed for
thread 1
ORA-00289: suggestion :
/arch/GIN12C/archivelog/2024_11_26/o1_mf_1_610566_mncp03kp_.arc
ORA-00280: change 106100537225 for thread 1 is in sequence #610566
ORA-00278: log file
'/arch/GIN12C/archivelog/2024_11_26/o1_mf_1_610565_mncp02bq_.arc' no longer
needed for this recovery


ORA-00279: change 106100540711 generated at 11/26/2024 19:45:31 needed for
thread 1
ORA-00289: suggestion :
/arch/GIN12C/archivelog/2024_11_26/o1_mf_1_610567_mncp051z_.arc
ORA-00280: change 106100540711 for thread 1 is in sequence #610567
ORA-00278: log file
'/arch/GIN12C/archivelog/2024_11_26/o1_mf_1_610566_mncp03kp_.arc' no longer
needed for this recovery


ORA-00279: change 106100548347 generated at 11/26/2024 19:45:33 needed for
thread 1
ORA-00289: suggestion :
/arch/GIN12C/archivelog/2024_11_26/o1_mf_1_610568_mncp0742_.arc
ORA-00280: change 106100548347 for thread 1 is in sequence #610568
ORA-00278: log file
'/arch/GIN12C/archivelog/2024_11_26/o1_mf_1_610567_mncp051z_.arc' no longer
needed for this recovery


ORA-00279: change 106100566868 generated at 11/26/2024 19:45:35 needed for
thread 1
ORA-00289: suggestion :
/arch/GIN12C/archivelog/2024_11_26/o1_mf_1_610569_mncp08sp_.arc
ORA-00280: change 106100566868 for thread 1 is in sequence #610569
ORA-00278: log file
'/arch/GIN12C/archivelog/2024_11_26/o1_mf_1_610568_mncp0742_.arc' no longer
needed for this recovery


ORA-00279: change 106100575993 generated at 11/26/2024 19:45:36 needed for
thread 1
ORA-00289: suggestion :
/arch/GIN12C/archivelog/2024_11_26/o1_mf_1_610570_mncp0b8f_.arc
ORA-00280: change 106100575993 for thread 1 is in sequence #610570
ORA-00278: log file
'/arch/GIN12C/archivelog/2024_11_26/o1_mf_1_610569_mncp08sp_.arc' no longer
needed for this recovery


ORA-00279: change 106100581594 generated at 11/26/2024 19:45:38 needed for
thread 1
ORA-00289: suggestion :
/arch/GIN12C/archivelog/2024_11_26/o1_mf_1_610571_mncp0d05_.arc
ORA-00280: change 106100581594 for thread 1 is in sequence #610571
ORA-00278: log file
'/arch/GIN12C/archivelog/2024_11_26/o1_mf_1_610570_mncp0b8f_.arc' no longer
needed for this recovery


ORA-00279: change 106100589816 generated at 11/26/2024 19:45:39 needed for
thread 1
ORA-00289: suggestion :
/arch/GIN12C/archivelog/2024_11_26/o1_mf_1_610572_mncp0fbd_.arc
ORA-00280: change 106100589816 for thread 1 is in sequence #610572
ORA-00278: log file
'/arch/GIN12C/archivelog/2024_11_26/o1_mf_1_610571_mncp0d05_.arc' no longer
needed for this recovery


ORA-00279: change 106100601631 generated at 11/26/2024 19:45:41 needed for
thread 1
ORA-00289: suggestion :
/arch/GIN12C/archivelog/2024_11_26/o1_mf_1_610573_mncp0gjl_.arc
ORA-00280: change 106100601631 for thread 1 is in sequence #610573
ORA-00278: log file
'/arch/GIN12C/archivelog/2024_11_26/o1_mf_1_610572_mncp0fbd_.arc' no longer
needed for this recovery


ORA-00279: change 106100603332 generated at 11/26/2024 19:45:42 needed for
thread 1
ORA-00289: suggestion :
/arch/GIN12C/archivelog/2024_11_26/o1_mf_1_610574_mncp0jjd_.arc
ORA-00280: change 106100603332 for thread 1 is in sequence #610574
ORA-00278: log file
'/arch/GIN12C/archivelog/2024_11_26/o1_mf_1_610573_mncp0gjl_.arc' no longer
needed for this recovery


ORA-00279: change 106100620827 generated at 11/26/2024 19:45:44 needed for
thread 1
ORA-00289: suggestion :
/arch/GIN12C/archivelog/2024_11_26/o1_mf_1_610575_mncp0l3p_.arc
ORA-00280: change 106100620827 for thread 1 is in sequence #610575
ORA-00278: log file
'/arch/GIN12C/archivelog/2024_11_26/o1_mf_1_610574_mncp0jjd_.arc' no longer
needed for this recovery


ORA-00279: change 106100630268 generated at 11/26/2024 19:45:46 needed for
thread 1
ORA-00289: suggestion :
/arch/GIN12C/archivelog/2024_11_26/o1_mf_1_610576_mncp0mso_.arc
ORA-00280: change 106100630268 for thread 1 is in sequence #610576
ORA-00278: log file
'/arch/GIN12C/archivelog/2024_11_26/o1_mf_1_610575_mncp0l3p_.arc' no longer
needed for this recovery


ORA-00279: change 106100639973 generated at 11/26/2024 19:45:47 needed for
thread 1
ORA-00289: suggestion :
/arch/GIN12C/archivelog/2024_11_26/o1_mf_1_610577_mncp0o9j_.arc
ORA-00280: change 106100639973 for thread 1 is in sequence #610577
ORA-00278: log file
'/arch/GIN12C/archivelog/2024_11_26/o1_mf_1_610576_mncp0mso_.arc' no longer
needed for this recovery


ORA-00279: change 106100648190 generated at 11/26/2024 19:45:49 needed for
thread 1
ORA-00289: suggestion :
/arch/GIN12C/archivelog/2024_11_26/o1_mf_1_610578_mncp0q04_.arc
ORA-00280: change 106100648190 for thread 1 is in sequence #610578
ORA-00278: log file
'/arch/GIN12C/archivelog/2024_11_26/o1_mf_1_610577_mncp0o9j_.arc' no longer
needed for this recovery


ORA-00279: change 106100662743 generated at 11/26/2024 19:45:50 needed for
thread 1
ORA-00289: suggestion :
/arch/GIN12C/archivelog/2024_11_26/o1_mf_1_610579_mncp0s33_.arc
ORA-00280: change 106100662743 for thread 1 is in sequence #610579
ORA-00278: log file
'/arch/GIN12C/archivelog/2024_11_26/o1_mf_1_610578_mncp0q04_.arc' no longer
needed for this recovery


ORA-00279: change 106100682094 generated at 11/26/2024 19:45:53 needed for
thread 1
ORA-00289: suggestion :
/arch/GIN12C/archivelog/2024_11_26/o1_mf_1_610580_mncp0tof_.arc
ORA-00280: change 106100682094 for thread 1 is in sequence #610580
ORA-00278: log file
'/arch/GIN12C/archivelog/2024_11_26/o1_mf_1_610579_mncp0s33_.arc' no longer
needed for this recovery


ORA-00279: change 106100702337 generated at 11/26/2024 19:45:54 needed for
thread 1
ORA-00289: suggestion :
/arch/GIN12C/archivelog/2024_11_26/o1_mf_1_610581_mncp0w82_.arc
ORA-00280: change 106100702337 for thread 1 is in sequence #610581
ORA-00278: log file
'/arch/GIN12C/archivelog/2024_11_26/o1_mf_1_610580_mncp0tof_.arc' no longer
needed for this recovery


ORA-00279: change 106100708494 generated at 11/26/2024 19:45:56 needed for
thread 1
ORA-00289: suggestion :
/arch/GIN12C/archivelog/2024_11_26/o1_mf_1_610582_mncp0xvy_.arc
ORA-00280: change 106100708494 for thread 1 is in sequence #610582
ORA-00278: log file
'/arch/GIN12C/archivelog/2024_11_26/o1_mf_1_610581_mncp0w82_.arc' no longer
needed for this recovery


ORA-00279: change 106100724971 generated at 11/26/2024 19:45:57 needed for
thread 1
ORA-00289: suggestion :
/arch/GIN12C/archivelog/2024_11_26/o1_mf_1_610583_mncp0z7c_.arc
ORA-00280: change 106100724971 for thread 1 is in sequence #610583
ORA-00278: log file
'/arch/GIN12C/archivelog/2024_11_26/o1_mf_1_610582_mncp0xvy_.arc' no longer
needed for this recovery


ORA-00279: change 106100730400 generated at 11/26/2024 19:45:59 needed for
thread 1
ORA-00289: suggestion :
/arch/GIN12C/archivelog/2024_11_26/o1_mf_1_610584_mncp10wm_.arc
ORA-00280: change 106100730400 for thread 1 is in sequence #610584
ORA-00278: log file
'/arch/GIN12C/archivelog/2024_11_26/o1_mf_1_610583_mncp0z7c_.arc' no longer
needed for this recovery


ORA-00279: change 106100741967 generated at 11/26/2024 19:46:00 needed for
thread 1
ORA-00289: suggestion :
/arch/GIN12C/archivelog/2024_11_26/o1_mf_1_610585_mncp12o4_.arc
ORA-00280: change 106100741967 for thread 1 is in sequence #610585
ORA-00278: log file
'/arch/GIN12C/archivelog/2024_11_26/o1_mf_1_610584_mncp10wm_.arc' no longer
needed for this recovery


ORA-00279: change 106100753263 generated at 11/26/2024 19:46:02 needed for
thread 1
ORA-00289: suggestion :
/arch/GIN12C/archivelog/2024_11_26/o1_mf_1_610586_mncp142v_.arc
ORA-00280: change 106100753263 for thread 1 is in sequence #610586
ORA-00278: log file
'/arch/GIN12C/archivelog/2024_11_26/o1_mf_1_610585_mncp12o4_.arc' no longer
needed for this recovery


ORA-00279: change 106100758281 generated at 11/26/2024 19:46:04 needed for
thread 1
ORA-00289: suggestion :
/arch/GIN12C/archivelog/2024_11_26/o1_mf_1_610587_mncp15cn_.arc
ORA-00280: change 106100758281 for thread 1 is in sequence #610587
ORA-00278: log file
'/arch/GIN12C/archivelog/2024_11_26/o1_mf_1_610586_mncp142v_.arc' no longer
needed for this recovery


ORA-00279: change 106100763982 generated at 11/26/2024 19:46:05 needed for
thread 1
ORA-00289: suggestion :
/arch/GIN12C/archivelog/2024_11_26/o1_mf_1_610588_mncp16t6_.arc
ORA-00280: change 106100763982 for thread 1 is in sequence #610588
ORA-00278: log file
'/arch/GIN12C/archivelog/2024_11_26/o1_mf_1_610587_mncp15cn_.arc' no longer
needed for this recovery


ORA-00279: change 106100766843 generated at 11/26/2024 19:46:06 needed for
thread 1
ORA-00289: suggestion :
/arch/GIN12C/archivelog/2024_11_26/o1_mf_1_610589_mncp183v_.arc
ORA-00280: change 106100766843 for thread 1 is in sequence #610589
ORA-00278: log file
'/arch/GIN12C/archivelog/2024_11_26/o1_mf_1_610588_mncp16t6_.arc' no longer
needed for this recovery


ORA-00279: change 106100771892 generated at 11/26/2024 19:46:08 needed for
thread 1
ORA-00289: suggestion :
/arch/GIN12C/archivelog/2024_11_26/o1_mf_1_610590_mncp1b5j_.arc
ORA-00280: change 106100771892 for thread 1 is in sequence #610590
ORA-00278: log file
'/arch/GIN12C/archivelog/2024_11_26/o1_mf_1_610589_mncp183v_.arc' no longer
needed for this recovery


ORA-00279: change 106100786760 generated at 11/26/2024 19:46:10 needed for
thread 1
ORA-00289: suggestion :
/arch/GIN12C/archivelog/2024_11_26/o1_mf_1_610591_mncp1ckm_.arc
ORA-00280: change 106100786760 for thread 1 is in sequence #610591
ORA-00278: log file
'/arch/GIN12C/archivelog/2024_11_26/o1_mf_1_610590_mncp1b5j_.arc' no longer
needed for this recovery


ORA-00279: change 106100795807 generated at 11/26/2024 19:46:11 needed for
thread 1
ORA-00289: suggestion :
/arch/GIN12C/archivelog/2024_11_26/o1_mf_1_610592_mncp1f3r_.arc
ORA-00280: change 106100795807 for thread 1 is in sequence #610592
ORA-00278: log file
'/arch/GIN12C/archivelog/2024_11_26/o1_mf_1_610591_mncp1ckm_.arc' no longer
needed for this recovery


ORA-00279: change 106100798830 generated at 11/26/2024 19:46:13 needed for
thread 1
ORA-00289: suggestion :
/arch/GIN12C/archivelog/2024_11_26/o1_mf_1_610593_mncp1hbd_.arc
ORA-00280: change 106100798830 for thread 1 is in sequence #610593
ORA-00278: log file
'/arch/GIN12C/archivelog/2024_11_26/o1_mf_1_610592_mncp1f3r_.arc' no longer
needed for this recovery


ORA-00279: change 106100809200 generated at 11/26/2024 19:46:15 needed for
thread 1
ORA-00289: suggestion :
/arch/GIN12C/archivelog/2024_11_26/o1_mf_1_610594_mncp1jr6_.arc
ORA-00280: change 106100809200 for thread 1 is in sequence #610594
ORA-00278: log file
'/arch/GIN12C/archivelog/2024_11_26/o1_mf_1_610593_mncp1hbd_.arc' no longer
needed for this recovery


ORA-00279: change 106100817390 generated at 11/26/2024 19:46:16 needed for
thread 1
ORA-00289: suggestion :
/arch/GIN12C/archivelog/2024_11_26/o1_mf_1_610595_mncp1kx8_.arc
ORA-00280: change 106100817390 for thread 1 is in sequence #610595
ORA-00278: log file
'/arch/GIN12C/archivelog/2024_11_26/o1_mf_1_610594_mncp1jr6_.arc' no longer
needed for this recovery


ORA-00279: change 106100819333 generated at 11/26/2024 19:46:17 needed for
thread 1
ORA-00289: suggestion :
/arch/GIN12C/archivelog/2024_11_26/o1_mf_1_610596_mncp1mn8_.arc
ORA-00280: change 106100819333 for thread 1 is in sequence #610596
ORA-00278: log file
'/arch/GIN12C/archivelog/2024_11_26/o1_mf_1_610595_mncp1kx8_.arc' no longer
needed for this recovery


ORA-00279: change 106100823165 generated at 11/26/2024 19:46:19 needed for
thread 1
ORA-00289: suggestion :
/arch/GIN12C/archivelog/2024_11_26/o1_mf_1_610597_mncp53xp_.arc
ORA-00280: change 106100823165 for thread 1 is in sequence #610597
ORA-00278: log file
'/arch/GIN12C/archivelog/2024_11_26/o1_mf_1_610596_mncp1mn8_.arc' no longer
needed for this recovery


ORA-00279: change 106100839837 generated at 11/26/2024 19:48:11 needed for
thread 1
ORA-00289: suggestion :
/arch/GIN12C/archivelog/2024_11_26/o1_mf_1_610598_mncp8w5t_.arc
ORA-00280: change 106100839837 for thread 1 is in sequence #610598
ORA-00278: log file
'/arch/GIN12C/archivelog/2024_11_26/o1_mf_1_610597_mncp53xp_.arc' no longer
needed for this recovery


ORA-00279: change 106100846567 generated at 11/26/2024 19:50:12 needed for
thread 1
ORA-00289: suggestion :
/arch/GIN12C/archivelog/2024_11_26/o1_mf_1_610599_mncpcfdw_.arc
ORA-00280: change 106100846567 for thread 1 is in sequence #610599
ORA-00278: log file
'/arch/GIN12C/archivelog/2024_11_26/o1_mf_1_610598_mncp8w5t_.arc' no longer
needed for this recovery


ORA-00279: change 106100906253 generated at 11/26/2024 19:51:33 needed for
thread 1
ORA-00289: suggestion :
/arch/GIN12C/archivelog/2024_11_26/o1_mf_1_610600_mncpdn1r_.arc
ORA-00280: change 106100906253 for thread 1 is in sequence #610600
ORA-00278: log file
'/arch/GIN12C/archivelog/2024_11_26/o1_mf_1_610599_mncpcfdw_.arc' no longer
needed for this recovery


ORA-00279: change 106100949599 generated at 11/26/2024 19:52:12 needed for
thread 1
ORA-00289: suggestion :
/arch/GIN12C/archivelog/2024_11_26/o1_mf_1_610601_mncpjcfc_.arc
ORA-00280: change 106100949599 for thread 1 is in sequence #610601
ORA-00278: log file
'/arch/GIN12C/archivelog/2024_11_26/o1_mf_1_610600_mncpdn1r_.arc' no longer
needed for this recovery


ORA-00279: change 106100953462 generated at 11/26/2024 19:54:11 needed for
thread 1
ORA-00289: suggestion :
/arch/GIN12C/archivelog/2024_11_26/o1_mf_1_610602_mncpn3p6_.arc
ORA-00280: change 106100953462 for thread 1 is in sequence #610602
ORA-00278: log file
'/arch/GIN12C/archivelog/2024_11_26/o1_mf_1_610601_mncpjcfc_.arc' no longer
needed for this recovery


ORA-00279: change 106100963209 generated at 11/26/2024 19:56:11 needed for
thread 1
ORA-00289: suggestion :
/arch/GIN12C/archivelog/2024_11_26/o1_mf_1_610603_mncpp8f3_.arc
ORA-00280: change 106100963209 for thread 1 is in sequence #610603
ORA-00278: log file
'/arch/GIN12C/archivelog/2024_11_26/o1_mf_1_610602_mncpn3p6_.arc' no longer
needed for this recovery


ORA-00279: change 106100966474 generated at 11/26/2024 19:57:20 needed for
thread 1
ORA-00289: suggestion :
/arch/GIN12C/archivelog/2024_11_26/o1_mf_1_610604_mncpqvtd_.arc
ORA-00280: change 106100966474 for thread 1 is in sequence #610604
ORA-00278: log file
'/arch/GIN12C/archivelog/2024_11_26/o1_mf_1_610603_mncpp8f3_.arc' no longer
needed for this recovery


ORA-00279: change 106100968652 generated at 11/26/2024 19:58:11 needed for
thread 1
ORA-00289: suggestion :
/arch/GIN12C/archivelog/2024_11_26/o1_mf_1_610605_mncpvn53_.arc
ORA-00280: change 106100968652 for thread 1 is in sequence #610605
ORA-00278: log file
'/arch/GIN12C/archivelog/2024_11_26/o1_mf_1_610604_mncpqvtd_.arc' no longer
needed for this recovery


ORA-00279: change 106100976056 generated at 11/26/2024 20:00:12 needed for
thread 1
ORA-00289: suggestion :
/arch/GIN12C/archivelog/2024_11_26/o1_mf_1_610606_mncpw0h5_.arc
ORA-00280: change 106100976056 for thread 1 is in sequence #610606
ORA-00278: log file
'/arch/GIN12C/archivelog/2024_11_26/o1_mf_1_610605_mncpvn53_.arc' no longer
needed for this recovery


ORA-00279: change 106100979456 generated at 11/26/2024 20:00:24 needed for
thread 1
ORA-00289: suggestion :
/arch/GIN12C/archivelog/2024_11_26/o1_mf_1_610607_mncpwh7k_.arc
ORA-00280: change 106100979456 for thread 1 is in sequence #610607
ORA-00278: log file
'/arch/GIN12C/archivelog/2024_11_26/o1_mf_1_610606_mncpw0h5_.arc' no longer
needed for this recovery


ORA-00279: change 106100980211 generated at 11/26/2024 20:00:39 needed for
thread 1
ORA-00289: suggestion :
/arch/GIN12C/archivelog/2024_11_26/o1_mf_1_610608_mncpwprv_.arc
ORA-00280: change 106100980211 for thread 1 is in sequence #610608
ORA-00278: log file
'/arch/GIN12C/archivelog/2024_11_26/o1_mf_1_610607_mncpwh7k_.arc' no longer
needed for this recovery


ORA-00279: change 106100980538 generated at 11/26/2024 20:00:46 needed for
thread 1
ORA-00289: suggestion :
/arch/GIN12C/archivelog/2024_11_26/o1_mf_1_610609_mncpwzcf_.arc
ORA-00280: change 106100980538 for thread 1 is in sequence #610609
ORA-00278: log file
'/arch/GIN12C/archivelog/2024_11_26/o1_mf_1_610608_mncpwprv_.arc' no longer
needed for this recovery


ORA-00279: change 106100981027 generated at 11/26/2024 20:00:55 needed for
thread 1
ORA-00289: suggestion :
/arch/GIN12C/archivelog/2024_11_26/o1_mf_1_610610_mncpzd2j_.arc
ORA-00280: change 106100981027 for thread 1 is in sequence #610610
ORA-00278: log file
'/arch/GIN12C/archivelog/2024_11_26/o1_mf_1_610609_mncpwzcf_.arc' no longer
needed for this recovery


ORA-00279: change 106100986183 generated at 11/26/2024 20:02:12 needed for
thread 1
ORA-00289: suggestion :
/arch/GIN12C/archivelog/2024_11_26/o1_mf_1_610611_mncq345n_.arc
ORA-00280: change 106100986183 for thread 1 is in sequence #610611
ORA-00278: log file
'/arch/GIN12C/archivelog/2024_11_26/o1_mf_1_610610_mncpzd2j_.arc' no longer
needed for this recovery


ORA-00279: change 106100989765 generated at 11/26/2024 20:04:12 needed for
thread 1
ORA-00289: suggestion :
/arch/GIN12C/archivelog/2024_11_26/o1_mf_1_610612_%u_.arc
ORA-00280: change 106100989765 for thread 1 is in sequence #610612
ORA-00278: log file
'/arch/GIN12C/archivelog/2024_11_26/o1_mf_1_610611_mncq345n_.arc' no longer
needed for this recovery


ORA-00308: cannot open archived log
'/arch/GIN12C/archivelog/2024_11_26/o1_mf_1_610612_%u_.arc'
ORA-27037: unable to obtain file status
Linux-x86_64 Error: 2: No such file or directory
Additional information: 3



Archive Applied
-----------------------------------------------------------------------
Last Archive Sequence Applied: 610611


Finished DATE and TIME
------------------------------
11-26-2024 20:08:05

