
APPLY DATE and TIME
------------------------------
12-31-2024 13:05:01


NAME	  OPEN_MODE	       DATABASE_ROLE
--------- -------------------- ----------------
GINESYS   MOUNTED	       PRIMARY


Archive Applied
------------------------------------------------------------------------
Last Archive Sequence Applied : 1368311

ORA-00279: change 54786376682 generated at 12/31/2024 12:06:53 needed for
thread 1
ORA-00289: suggestion :
/arch/GINESYS/archivelog/2024_12_31/o1_mf_1_1368312_mq748hth_.arc
ORA-00280: change 54786376682 for thread 1 is in sequence #1368312


ORA-00279: change 54786658796 generated at 12/31/2024 12:07:03 needed for
thread 1
ORA-00289: suggestion :
/arch/GINESYS/archivelog/2024_12_31/o1_mf_1_1368313_mq748tc2_.arc
ORA-00280: change 54786658796 for thread 1 is in sequence #1368313
ORA-00278: log file
'/arch/GINESYS/archivelog/2024_12_31/o1_mf_1_1368312_mq748hth_.arc' no longer
needed for this recovery


ORA-00279: change 54786939546 generated at 12/31/2024 12:07:14 needed for
thread 1
ORA-00289: suggestion :
/arch/GINESYS/archivelog/2024_12_31/o1_mf_1_1368314_mq7494vr_.arc
ORA-00280: change 54786939546 for thread 1 is in sequence #1368314
ORA-00278: log file
'/arch/GINESYS/archivelog/2024_12_31/o1_mf_1_1368313_mq748tc2_.arc' no longer
needed for this recovery


ORA-00279: change 54787219589 generated at 12/31/2024 12:07:24 needed for
thread 1
ORA-00289: suggestion :
/arch/GINESYS/archivelog/2024_12_31/o1_mf_1_1368315_mq749hgf_.arc
ORA-00280: change 54787219589 for thread 1 is in sequence #1368315
ORA-00278: log file
'/arch/GINESYS/archivelog/2024_12_31/o1_mf_1_1368314_mq7494vr_.arc' no longer
needed for this recovery


ORA-00279: change 54787501643 generated at 12/31/2024 12:07:35 needed for
thread 1
ORA-00289: suggestion :
/arch/GINESYS/archivelog/2024_12_31/o1_mf_1_1368316_mq749t09_.arc
ORA-00280: change 54787501643 for thread 1 is in sequence #1368316
ORA-00278: log file
'/arch/GINESYS/archivelog/2024_12_31/o1_mf_1_1368315_mq749hgf_.arc' no longer
needed for this recovery


ORA-00279: change 54787784060 generated at 12/31/2024 12:07:46 needed for
thread 1
ORA-00289: suggestion :
/arch/GINESYS/archivelog/2024_12_31/o1_mf_1_1368317_mq74b4m0_.arc
ORA-00280: change 54787784060 for thread 1 is in sequence #1368317
ORA-00278: log file
'/arch/GINESYS/archivelog/2024_12_31/o1_mf_1_1368316_mq749t09_.arc' no longer
needed for this recovery


ORA-00279: change 54788066766 generated at 12/31/2024 12:07:56 needed for
thread 1
ORA-00289: suggestion :
/arch/GINESYS/archivelog/2024_12_31/o1_mf_1_1368318_mq74b9r0_.arc
ORA-00280: change 54788066766 for thread 1 is in sequence #1368318
ORA-00278: log file
'/arch/GINESYS/archivelog/2024_12_31/o1_mf_1_1368317_mq74b4m0_.arc' no longer
needed for this recovery


ORA-00279: change 54788203560 generated at 12/31/2024 12:08:01 needed for
thread 1
ORA-00289: suggestion :
/arch/GINESYS/archivelog/2024_12_31/o1_mf_1_1368319_mq74bnj5_.arc
ORA-00280: change 54788203560 for thread 1 is in sequence #1368319
ORA-00278: log file
'/arch/GINESYS/archivelog/2024_12_31/o1_mf_1_1368318_mq74b9r0_.arc' no longer
needed for this recovery


ORA-00279: change 54788476310 generated at 12/31/2024 12:08:12 needed for
thread 1
ORA-00289: suggestion :
/arch/GINESYS/archivelog/2024_12_31/o1_mf_1_1368320_mq74bzon_.arc
ORA-00280: change 54788476310 for thread 1 is in sequence #1368320
ORA-00278: log file
'/arch/GINESYS/archivelog/2024_12_31/o1_mf_1_1368319_mq74bnj5_.arc' no longer
needed for this recovery


ORA-00279: change 54788762085 generated at 12/31/2024 12:08:23 needed for
thread 1
ORA-00289: suggestion :
/arch/GINESYS/archivelog/2024_12_31/o1_mf_1_1368321_mq74cby7_.arc
ORA-00280: change 54788762085 for thread 1 is in sequence #1368321
ORA-00278: log file
'/arch/GINESYS/archivelog/2024_12_31/o1_mf_1_1368320_mq74bzon_.arc' no longer
needed for this recovery


ORA-00279: change 54789045244 generated at 12/31/2024 12:08:34 needed for
thread 1
ORA-00289: suggestion :
/arch/GINESYS/archivelog/2024_12_31/o1_mf_1_1368322_mq74cpck_.arc
ORA-00280: change 54789045244 for thread 1 is in sequence #1368322
ORA-00278: log file
'/arch/GINESYS/archivelog/2024_12_31/o1_mf_1_1368321_mq74cby7_.arc' no longer
needed for this recovery


ORA-00279: change 54789327841 generated at 12/31/2024 12:08:46 needed for
thread 1
ORA-00289: suggestion :
/arch/GINESYS/archivelog/2024_12_31/o1_mf_1_1368323_mq74d1s6_.arc
ORA-00280: change 54789327841 for thread 1 is in sequence #1368323
ORA-00278: log file
'/arch/GINESYS/archivelog/2024_12_31/o1_mf_1_1368322_mq74cpck_.arc' no longer
needed for this recovery


ORA-00279: change 54789609923 generated at 12/31/2024 12:08:57 needed for
thread 1
ORA-00289: suggestion :
/arch/GINESYS/archivelog/2024_12_31/o1_mf_1_1368324_mq74dfkh_.arc
ORA-00280: change 54789609923 for thread 1 is in sequence #1368324
ORA-00278: log file
'/arch/GINESYS/archivelog/2024_12_31/o1_mf_1_1368323_mq74d1s6_.arc' no longer
needed for this recovery


ORA-00279: change 54789900268 generated at 12/31/2024 12:09:09 needed for
thread 1
ORA-00289: suggestion :
/arch/GINESYS/archivelog/2024_12_31/o1_mf_1_1368325_mq74ds8k_.arc
ORA-00280: change 54789900268 for thread 1 is in sequence #1368325
ORA-00278: log file
'/arch/GINESYS/archivelog/2024_12_31/o1_mf_1_1368324_mq74dfkh_.arc' no longer
needed for this recovery


ORA-00279: change 54790193152 generated at 12/31/2024 12:09:21 needed for
thread 1
ORA-00289: suggestion :
/arch/GINESYS/archivelog/2024_12_31/o1_mf_1_1368326_mq74f59r_.arc
ORA-00280: change 54790193152 for thread 1 is in sequence #1368326
ORA-00278: log file
'/arch/GINESYS/archivelog/2024_12_31/o1_mf_1_1368325_mq74ds8k_.arc' no longer
needed for this recovery


ORA-00279: change 54790488299 generated at 12/31/2024 12:09:33 needed for
thread 1
ORA-00289: suggestion :
/arch/GINESYS/archivelog/2024_12_31/o1_mf_1_1368327_mq74fjnl_.arc
ORA-00280: change 54790488299 for thread 1 is in sequence #1368327
ORA-00278: log file
'/arch/GINESYS/archivelog/2024_12_31/o1_mf_1_1368326_mq74f59r_.arc' no longer
needed for this recovery


ORA-00279: change 54790772651 generated at 12/31/2024 12:09:44 needed for
thread 1
ORA-00289: suggestion :
/arch/GINESYS/archivelog/2024_12_31/o1_mf_1_1368328_mq74fvyk_.arc
ORA-00280: change 54790772651 for thread 1 is in sequence #1368328
ORA-00278: log file
'/arch/GINESYS/archivelog/2024_12_31/o1_mf_1_1368327_mq74fjnl_.arc' no longer
needed for this recovery


ORA-00279: change 54791059660 generated at 12/31/2024 12:09:55 needed for
thread 1
ORA-00289: suggestion :
/arch/GINESYS/archivelog/2024_12_31/o1_mf_1_1368329_mq74g1xk_.arc
ORA-00280: change 54791059660 for thread 1 is in sequence #1368329
ORA-00278: log file
'/arch/GINESYS/archivelog/2024_12_31/o1_mf_1_1368328_mq74fvyk_.arc' no longer
needed for this recovery


ORA-00279: change 54791207204 generated at 12/31/2024 12:10:01 needed for
thread 1
ORA-00289: suggestion :
/arch/GINESYS/archivelog/2024_12_31/o1_mf_1_1368330_mq74gd5r_.arc
ORA-00280: change 54791207204 for thread 1 is in sequence #1368330
ORA-00278: log file
'/arch/GINESYS/archivelog/2024_12_31/o1_mf_1_1368329_mq74g1xk_.arc' no longer
needed for this recovery


ORA-00279: change 54791484870 generated at 12/31/2024 12:10:12 needed for
thread 1
ORA-00289: suggestion :
/arch/GINESYS/archivelog/2024_12_31/o1_mf_1_1368331_mq74gofg_.arc
ORA-00280: change 54791484870 for thread 1 is in sequence #1368331
ORA-00278: log file
'/arch/GINESYS/archivelog/2024_12_31/o1_mf_1_1368330_mq74gd5r_.arc' no longer
needed for this recovery


ORA-00279: change 54791729894 generated at 12/31/2024 12:10:21 needed for
thread 1
ORA-00289: suggestion :
/arch/GINESYS/archivelog/2024_12_31/o1_mf_1_1368332_mq74h0qy_.arc
ORA-00280: change 54791729894 for thread 1 is in sequence #1368332
ORA-00278: log file
'/arch/GINESYS/archivelog/2024_12_31/o1_mf_1_1368331_mq74gofg_.arc' no longer
needed for this recovery


ORA-00279: change 54792010091 generated at 12/31/2024 12:10:32 needed for
thread 1
ORA-00289: suggestion :
/arch/GINESYS/archivelog/2024_12_31/o1_mf_1_1368333_mq74hd17_.arc
ORA-00280: change 54792010091 for thread 1 is in sequence #1368333
ORA-00278: log file
'/arch/GINESYS/archivelog/2024_12_31/o1_mf_1_1368332_mq74h0qy_.arc' no longer
needed for this recovery


ORA-00279: change 54792293539 generated at 12/31/2024 12:10:44 needed for
thread 1
ORA-00289: suggestion :
/arch/GINESYS/archivelog/2024_12_31/o1_mf_1_1368334_mq74hpxj_.arc
ORA-00280: change 54792293539 for thread 1 is in sequence #1368334
ORA-00278: log file
'/arch/GINESYS/archivelog/2024_12_31/o1_mf_1_1368333_mq74hd17_.arc' no longer
needed for this recovery


ORA-00279: change 54792566404 generated at 12/31/2024 12:10:54 needed for
thread 1
ORA-00289: suggestion :
/arch/GINESYS/archivelog/2024_12_31/o1_mf_1_1368335_mq74j25y_.arc
ORA-00280: change 54792566404 for thread 1 is in sequence #1368335
ORA-00278: log file
'/arch/GINESYS/archivelog/2024_12_31/o1_mf_1_1368334_mq74hpxj_.arc' no longer
needed for this recovery


ORA-00279: change 54792845047 generated at 12/31/2024 12:11:06 needed for
thread 1
ORA-00289: suggestion :
/arch/GINESYS/archivelog/2024_12_31/o1_mf_1_1368336_mq74jfgl_.arc
ORA-00280: change 54792845047 for thread 1 is in sequence #1368336
ORA-00278: log file
'/arch/GINESYS/archivelog/2024_12_31/o1_mf_1_1368335_mq74j25y_.arc' no longer
needed for this recovery


ORA-00279: change 54793126608 generated at 12/31/2024 12:11:17 needed for
thread 1
ORA-00289: suggestion :
/arch/GINESYS/archivelog/2024_12_31/o1_mf_1_1368337_mq74jro6_.arc
ORA-00280: change 54793126608 for thread 1 is in sequence #1368337
ORA-00278: log file
'/arch/GINESYS/archivelog/2024_12_31/o1_mf_1_1368336_mq74jfgl_.arc' no longer
needed for this recovery


ORA-00279: change 54793407460 generated at 12/31/2024 12:11:28 needed for
thread 1
ORA-00289: suggestion :
/arch/GINESYS/archivelog/2024_12_31/o1_mf_1_1368338_mq74k3t6_.arc
ORA-00280: change 54793407460 for thread 1 is in sequence #1368338
ORA-00278: log file
'/arch/GINESYS/archivelog/2024_12_31/o1_mf_1_1368337_mq74jro6_.arc' no longer
needed for this recovery


ORA-00279: change 54793689287 generated at 12/31/2024 12:11:39 needed for
thread 1
ORA-00289: suggestion :
/arch/GINESYS/archivelog/2024_12_31/o1_mf_1_1368339_mq74kh1k_.arc
ORA-00280: change 54793689287 for thread 1 is in sequence #1368339
ORA-00278: log file
'/arch/GINESYS/archivelog/2024_12_31/o1_mf_1_1368338_mq74k3t6_.arc' no longer
needed for this recovery


ORA-00279: change 54793972943 generated at 12/31/2024 12:11:51 needed for
thread 1
ORA-00289: suggestion :
/arch/GINESYS/archivelog/2024_12_31/o1_mf_1_1368340_mq74ks4q_.arc
ORA-00280: change 54793972943 for thread 1 is in sequence #1368340
ORA-00278: log file
'/arch/GINESYS/archivelog/2024_12_31/o1_mf_1_1368339_mq74kh1k_.arc' no longer
needed for this recovery


ORA-00279: change 54794225780 generated at 12/31/2024 12:12:01 needed for
thread 1
ORA-00289: suggestion :
/arch/GINESYS/archivelog/2024_12_31/o1_mf_1_1368341_mq74l4q7_.arc
ORA-00280: change 54794225780 for thread 1 is in sequence #1368341
ORA-00278: log file
'/arch/GINESYS/archivelog/2024_12_31/o1_mf_1_1368340_mq74ks4q_.arc' no longer
needed for this recovery


ORA-00279: change 54794520716 generated at 12/31/2024 12:12:12 needed for
thread 1
ORA-00289: suggestion :
/arch/GINESYS/archivelog/2024_12_31/o1_mf_1_1368342_mq74ljd5_.arc
ORA-00280: change 54794520716 for thread 1 is in sequence #1368342
ORA-00278: log file
'/arch/GINESYS/archivelog/2024_12_31/o1_mf_1_1368341_mq74l4q7_.arc' no longer
needed for this recovery


ORA-00279: change 54794812400 generated at 12/31/2024 12:12:24 needed for
thread 1
ORA-00289: suggestion :
/arch/GINESYS/archivelog/2024_12_31/o1_mf_1_1368343_mq74lvfr_.arc
ORA-00280: change 54794812400 for thread 1 is in sequence #1368343
ORA-00278: log file
'/arch/GINESYS/archivelog/2024_12_31/o1_mf_1_1368342_mq74ljd5_.arc' no longer
needed for this recovery


ORA-00279: change 54795085994 generated at 12/31/2024 12:12:35 needed for
thread 1
ORA-00289: suggestion :
/arch/GINESYS/archivelog/2024_12_31/o1_mf_1_1368344_mq74m6d2_.arc
ORA-00280: change 54795085994 for thread 1 is in sequence #1368344
ORA-00278: log file
'/arch/GINESYS/archivelog/2024_12_31/o1_mf_1_1368343_mq74lvfr_.arc' no longer
needed for this recovery


ORA-00279: change 54795359768 generated at 12/31/2024 12:12:46 needed for
thread 1
ORA-00289: suggestion :
/arch/GINESYS/archivelog/2024_12_31/o1_mf_1_1368345_mq74mkv8_.arc
ORA-00280: change 54795359768 for thread 1 is in sequence #1368345
ORA-00278: log file
'/arch/GINESYS/archivelog/2024_12_31/o1_mf_1_1368344_mq74m6d2_.arc' no longer
needed for this recovery


ORA-00279: change 54795647649 generated at 12/31/2024 12:12:57 needed for
thread 1
ORA-00289: suggestion :
/arch/GINESYS/archivelog/2024_12_31/o1_mf_1_1368346_mq74mx4l_.arc
ORA-00280: change 54795647649 for thread 1 is in sequence #1368346
ORA-00278: log file
'/arch/GINESYS/archivelog/2024_12_31/o1_mf_1_1368345_mq74mkv8_.arc' no longer
needed for this recovery


ORA-00279: change 54795928474 generated at 12/31/2024 12:13:09 needed for
thread 1
ORA-00289: suggestion :
/arch/GINESYS/archivelog/2024_12_31/o1_mf_1_1368347_mq74n8qm_.arc
ORA-00280: change 54795928474 for thread 1 is in sequence #1368347
ORA-00278: log file
'/arch/GINESYS/archivelog/2024_12_31/o1_mf_1_1368346_mq74mx4l_.arc' no longer
needed for this recovery


ORA-00279: change 54796218287 generated at 12/31/2024 12:13:20 needed for
thread 1
ORA-00289: suggestion :
/arch/GINESYS/archivelog/2024_12_31/o1_mf_1_1368348_mq74nmyy_.arc
ORA-00280: change 54796218287 for thread 1 is in sequence #1368348
ORA-00278: log file
'/arch/GINESYS/archivelog/2024_12_31/o1_mf_1_1368347_mq74n8qm_.arc' no longer
needed for this recovery


ORA-00279: change 54796497327 generated at 12/31/2024 12:13:31 needed for
thread 1
ORA-00289: suggestion :
/arch/GINESYS/archivelog/2024_12_31/o1_mf_1_1368349_mq74nzch_.arc
ORA-00280: change 54796497327 for thread 1 is in sequence #1368349
ORA-00278: log file
'/arch/GINESYS/archivelog/2024_12_31/o1_mf_1_1368348_mq74nmyy_.arc' no longer
needed for this recovery


ORA-00279: change 54796780472 generated at 12/31/2024 12:13:43 needed for
thread 1
ORA-00289: suggestion :
/arch/GINESYS/archivelog/2024_12_31/o1_mf_1_1368350_mq74objj_.arc
ORA-00280: change 54796780472 for thread 1 is in sequence #1368350
ORA-00278: log file
'/arch/GINESYS/archivelog/2024_12_31/o1_mf_1_1368349_mq74nzch_.arc' no longer
needed for this recovery


ORA-00279: change 54797059856 generated at 12/31/2024 12:13:54 needed for
thread 1
ORA-00289: suggestion :
/arch/GINESYS/archivelog/2024_12_31/o1_mf_1_1368351_mq74okh8_.arc
ORA-00280: change 54797059856 for thread 1 is in sequence #1368351
ORA-00278: log file
'/arch/GINESYS/archivelog/2024_12_31/o1_mf_1_1368350_mq74objj_.arc' no longer
needed for this recovery


ORA-00279: change 54797243302 generated at 12/31/2024 12:14:01 needed for
thread 1
ORA-00289: suggestion :
/arch/GINESYS/archivelog/2024_12_31/o1_mf_1_1368352_mq74owbg_.arc
ORA-00280: change 54797243302 for thread 1 is in sequence #1368352
ORA-00278: log file
'/arch/GINESYS/archivelog/2024_12_31/o1_mf_1_1368351_mq74okh8_.arc' no longer
needed for this recovery


ORA-00279: change 54797507987 generated at 12/31/2024 12:14:12 needed for
thread 1
ORA-00289: suggestion :
/arch/GINESYS/archivelog/2024_12_31/o1_mf_1_1368353_mq74p6j8_.arc
ORA-00280: change 54797507987 for thread 1 is in sequence #1368353
ORA-00278: log file
'/arch/GINESYS/archivelog/2024_12_31/o1_mf_1_1368352_mq74owbg_.arc' no longer
needed for this recovery


ORA-00279: change 54797757473 generated at 12/31/2024 12:14:22 needed for
thread 1
ORA-00289: suggestion :
/arch/GINESYS/archivelog/2024_12_31/o1_mf_1_1368354_mq74pjf6_.arc
ORA-00280: change 54797757473 for thread 1 is in sequence #1368354
ORA-00278: log file
'/arch/GINESYS/archivelog/2024_12_31/o1_mf_1_1368353_mq74p6j8_.arc' no longer
needed for this recovery


ORA-00279: change 54798020769 generated at 12/31/2024 12:14:32 needed for
thread 1
ORA-00289: suggestion :
/arch/GINESYS/archivelog/2024_12_31/o1_mf_1_1368355_mq74pvz7_.arc
ORA-00280: change 54798020769 for thread 1 is in sequence #1368355
ORA-00278: log file
'/arch/GINESYS/archivelog/2024_12_31/o1_mf_1_1368354_mq74pjf6_.arc' no longer
needed for this recovery


ORA-00279: change 54798307135 generated at 12/31/2024 12:14:43 needed for
thread 1
ORA-00289: suggestion :
/arch/GINESYS/archivelog/2024_12_31/o1_mf_1_1368356_mq74q7kr_.arc
ORA-00280: change 54798307135 for thread 1 is in sequence #1368356
ORA-00278: log file
'/arch/GINESYS/archivelog/2024_12_31/o1_mf_1_1368355_mq74pvz7_.arc' no longer
needed for this recovery


ORA-00279: change 54798598883 generated at 12/31/2024 12:14:55 needed for
thread 1
ORA-00289: suggestion :
/arch/GINESYS/archivelog/2024_12_31/o1_mf_1_1368357_mq74qlt2_.arc
ORA-00280: change 54798598883 for thread 1 is in sequence #1368357
ORA-00278: log file
'/arch/GINESYS/archivelog/2024_12_31/o1_mf_1_1368356_mq74q7kr_.arc' no longer
needed for this recovery


ORA-00279: change 54798883754 generated at 12/31/2024 12:15:06 needed for
thread 1
ORA-00289: suggestion :
/arch/GINESYS/archivelog/2024_12_31/o1_mf_1_1368358_mq74qy67_.arc
ORA-00280: change 54798883754 for thread 1 is in sequence #1368358
ORA-00278: log file
'/arch/GINESYS/archivelog/2024_12_31/o1_mf_1_1368357_mq74qlt2_.arc' no longer
needed for this recovery


ORA-00279: change 54799164772 generated at 12/31/2024 12:15:18 needed for
thread 1
ORA-00289: suggestion :
/arch/GINESYS/archivelog/2024_12_31/o1_mf_1_1368359_mq74r9hy_.arc
ORA-00280: change 54799164772 for thread 1 is in sequence #1368359
ORA-00278: log file
'/arch/GINESYS/archivelog/2024_12_31/o1_mf_1_1368358_mq74qy67_.arc' no longer
needed for this recovery


ORA-00279: change 54799450154 generated at 12/31/2024 12:15:29 needed for
thread 1
ORA-00289: suggestion :
/arch/GINESYS/archivelog/2024_12_31/o1_mf_1_1368360_mq74rnvr_.arc
ORA-00280: change 54799450154 for thread 1 is in sequence #1368360
ORA-00278: log file
'/arch/GINESYS/archivelog/2024_12_31/o1_mf_1_1368359_mq74r9hy_.arc' no longer
needed for this recovery


ORA-00279: change 54799733843 generated at 12/31/2024 12:15:40 needed for
thread 1
ORA-00289: suggestion :
/arch/GINESYS/archivelog/2024_12_31/o1_mf_1_1368361_mq74s01z_.arc
ORA-00280: change 54799733843 for thread 1 is in sequence #1368361
ORA-00278: log file
'/arch/GINESYS/archivelog/2024_12_31/o1_mf_1_1368360_mq74rnvr_.arc' no longer
needed for this recovery


ORA-00279: change 54800013671 generated at 12/31/2024 12:15:52 needed for
thread 1
ORA-00289: suggestion :
/arch/GINESYS/archivelog/2024_12_31/o1_mf_1_1368362_mq74s96g_.arc
ORA-00280: change 54800013671 for thread 1 is in sequence #1368362
ORA-00278: log file
'/arch/GINESYS/archivelog/2024_12_31/o1_mf_1_1368361_mq74s01z_.arc' no longer
needed for this recovery


ORA-00279: change 54800240945 generated at 12/31/2024 12:16:01 needed for
thread 1
ORA-00289: suggestion :
/arch/GINESYS/archivelog/2024_12_31/o1_mf_1_1368363_mq74snhg_.arc
ORA-00280: change 54800240945 for thread 1 is in sequence #1368363
ORA-00278: log file
'/arch/GINESYS/archivelog/2024_12_31/o1_mf_1_1368362_mq74s96g_.arc' no longer
needed for this recovery


ORA-00279: change 54800525002 generated at 12/31/2024 12:16:12 needed for
thread 1
ORA-00289: suggestion :
/arch/GINESYS/archivelog/2024_12_31/o1_mf_1_1368364_mq74szpq_.arc
ORA-00280: change 54800525002 for thread 1 is in sequence #1368364
ORA-00278: log file
'/arch/GINESYS/archivelog/2024_12_31/o1_mf_1_1368363_mq74snhg_.arc' no longer
needed for this recovery


ORA-00279: change 54800806749 generated at 12/31/2024 12:16:23 needed for
thread 1
ORA-00289: suggestion :
/arch/GINESYS/archivelog/2024_12_31/o1_mf_1_1368365_mq74tc2l_.arc
ORA-00280: change 54800806749 for thread 1 is in sequence #1368365
ORA-00278: log file
'/arch/GINESYS/archivelog/2024_12_31/o1_mf_1_1368364_mq74szpq_.arc' no longer
needed for this recovery


ORA-00279: change 54801090257 generated at 12/31/2024 12:16:35 needed for
thread 1
ORA-00289: suggestion :
/arch/GINESYS/archivelog/2024_12_31/o1_mf_1_1368366_mq74toyl_.arc
ORA-00280: change 54801090257 for thread 1 is in sequence #1368366
ORA-00278: log file
'/arch/GINESYS/archivelog/2024_12_31/o1_mf_1_1368365_mq74tc2l_.arc' no longer
needed for this recovery


ORA-00279: change 54801367739 generated at 12/31/2024 12:16:45 needed for
thread 1
ORA-00289: suggestion :
/arch/GINESYS/archivelog/2024_12_31/o1_mf_1_1368367_mq74v0nb_.arc
ORA-00280: change 54801367739 for thread 1 is in sequence #1368367
ORA-00278: log file
'/arch/GINESYS/archivelog/2024_12_31/o1_mf_1_1368366_mq74toyl_.arc' no longer
needed for this recovery


ORA-00279: change 54801644410 generated at 12/31/2024 12:16:56 needed for
thread 1
ORA-00289: suggestion :
/arch/GINESYS/archivelog/2024_12_31/o1_mf_1_1368368_mq74vchy_.arc
ORA-00280: change 54801644410 for thread 1 is in sequence #1368368
ORA-00278: log file
'/arch/GINESYS/archivelog/2024_12_31/o1_mf_1_1368367_mq74v0nb_.arc' no longer
needed for this recovery


ORA-00279: change 54801918056 generated at 12/31/2024 12:17:07 needed for
thread 1
ORA-00289: suggestion :
/arch/GINESYS/archivelog/2024_12_31/o1_mf_1_1368369_mq74vp76_.arc
ORA-00280: change 54801918056 for thread 1 is in sequence #1368369
ORA-00278: log file
'/arch/GINESYS/archivelog/2024_12_31/o1_mf_1_1368368_mq74vchy_.arc' no longer
needed for this recovery


ORA-00279: change 54802194689 generated at 12/31/2024 12:17:18 needed for
thread 1
ORA-00289: suggestion :
/arch/GINESYS/archivelog/2024_12_31/o1_mf_1_1368370_mq74w15g_.arc
ORA-00280: change 54802194689 for thread 1 is in sequence #1368370
ORA-00278: log file
'/arch/GINESYS/archivelog/2024_12_31/o1_mf_1_1368369_mq74vp76_.arc' no longer
needed for this recovery


ORA-00279: change 54802478715 generated at 12/31/2024 12:17:29 needed for
thread 1
ORA-00289: suggestion :
/arch/GINESYS/archivelog/2024_12_31/o1_mf_1_1368371_mq74wd33_.arc
ORA-00280: change 54802478715 for thread 1 is in sequence #1368371
ORA-00278: log file
'/arch/GINESYS/archivelog/2024_12_31/o1_mf_1_1368370_mq74w15g_.arc' no longer
needed for this recovery


ORA-00279: change 54802768271 generated at 12/31/2024 12:17:40 needed for
thread 1
ORA-00289: suggestion :
/arch/GINESYS/archivelog/2024_12_31/o1_mf_1_1368372_mq74wpw7_.arc
ORA-00280: change 54802768271 for thread 1 is in sequence #1368372
ORA-00278: log file
'/arch/GINESYS/archivelog/2024_12_31/o1_mf_1_1368371_mq74wd33_.arc' no longer
needed for this recovery


ORA-00279: change 54803060764 generated at 12/31/2024 12:17:50 needed for
thread 1
ORA-00289: suggestion :
/arch/GINESYS/archivelog/2024_12_31/o1_mf_1_1368373_mq74x1mx_.arc
ORA-00280: change 54803060764 for thread 1 is in sequence #1368373
ORA-00278: log file
'/arch/GINESYS/archivelog/2024_12_31/o1_mf_1_1368372_mq74wpw7_.arc' no longer
needed for this recovery


ORA-00279: change 54803349903 generated at 12/31/2024 12:18:01 needed for
thread 1
ORA-00289: suggestion :
/arch/GINESYS/archivelog/2024_12_31/o1_mf_1_1368374_mq74x1x2_.arc
ORA-00280: change 54803349903 for thread 1 is in sequence #1368374
ORA-00278: log file
'/arch/GINESYS/archivelog/2024_12_31/o1_mf_1_1368373_mq74x1mx_.arc' no longer
needed for this recovery


ORA-00279: change 54803357092 generated at 12/31/2024 12:18:01 needed for
thread 1
ORA-00289: suggestion :
/arch/GINESYS/archivelog/2024_12_31/o1_mf_1_1368375_mq74xdr3_.arc
ORA-00280: change 54803357092 for thread 1 is in sequence #1368375
ORA-00278: log file
'/arch/GINESYS/archivelog/2024_12_31/o1_mf_1_1368374_mq74x1x2_.arc' no longer
needed for this recovery


ORA-00279: change 54803646250 generated at 12/31/2024 12:18:12 needed for
thread 1
ORA-00289: suggestion :
/arch/GINESYS/archivelog/2024_12_31/o1_mf_1_1368376_mq74xqd8_.arc
ORA-00280: change 54803646250 for thread 1 is in sequence #1368376
ORA-00278: log file
'/arch/GINESYS/archivelog/2024_12_31/o1_mf_1_1368375_mq74xdr3_.arc' no longer
needed for this recovery


ORA-00279: change 54803920595 generated at 12/31/2024 12:18:23 needed for
thread 1
ORA-00289: suggestion :
/arch/GINESYS/archivelog/2024_12_31/o1_mf_1_1368377_mq74y1kx_.arc
ORA-00280: change 54803920595 for thread 1 is in sequence #1368377
ORA-00278: log file
'/arch/GINESYS/archivelog/2024_12_31/o1_mf_1_1368376_mq74xqd8_.arc' no longer
needed for this recovery


ORA-00279: change 54804186305 generated at 12/31/2024 12:18:33 needed for
thread 1
ORA-00289: suggestion :
/arch/GINESYS/archivelog/2024_12_31/o1_mf_1_1368378_mq74ydgt_.arc
ORA-00280: change 54804186305 for thread 1 is in sequence #1368378
ORA-00278: log file
'/arch/GINESYS/archivelog/2024_12_31/o1_mf_1_1368377_mq74y1kx_.arc' no longer
needed for this recovery


ORA-00279: change 54804466249 generated at 12/31/2024 12:18:44 needed for
thread 1
ORA-00289: suggestion :
/arch/GINESYS/archivelog/2024_12_31/o1_mf_1_1368379_mq74yqt4_.arc
ORA-00280: change 54804466249 for thread 1 is in sequence #1368379
ORA-00278: log file
'/arch/GINESYS/archivelog/2024_12_31/o1_mf_1_1368378_mq74ydgt_.arc' no longer
needed for this recovery


ORA-00279: change 54804751100 generated at 12/31/2024 12:18:55 needed for
thread 1
ORA-00289: suggestion :
/arch/GINESYS/archivelog/2024_12_31/o1_mf_1_1368380_mq74z37d_.arc
ORA-00280: change 54804751100 for thread 1 is in sequence #1368380
ORA-00278: log file
'/arch/GINESYS/archivelog/2024_12_31/o1_mf_1_1368379_mq74yqt4_.arc' no longer
needed for this recovery


ORA-00279: change 54805034622 generated at 12/31/2024 12:19:07 needed for
thread 1
ORA-00289: suggestion :
/arch/GINESYS/archivelog/2024_12_31/o1_mf_1_1368381_mq74zgoo_.arc
ORA-00280: change 54805034622 for thread 1 is in sequence #1368381
ORA-00278: log file
'/arch/GINESYS/archivelog/2024_12_31/o1_mf_1_1368380_mq74z37d_.arc' no longer
needed for this recovery


ORA-00279: change 54805323683 generated at 12/31/2024 12:19:18 needed for
thread 1
ORA-00289: suggestion :
/arch/GINESYS/archivelog/2024_12_31/o1_mf_1_1368382_mq74zt0j_.arc
ORA-00280: change 54805323683 for thread 1 is in sequence #1368382
ORA-00278: log file
'/arch/GINESYS/archivelog/2024_12_31/o1_mf_1_1368381_mq74zgoo_.arc' no longer
needed for this recovery


ORA-00279: change 54805606871 generated at 12/31/2024 12:19:30 needed for
thread 1
ORA-00289: suggestion :
/arch/GINESYS/archivelog/2024_12_31/o1_mf_1_1368383_mq7505b5_.arc
ORA-00280: change 54805606871 for thread 1 is in sequence #1368383
ORA-00278: log file
'/arch/GINESYS/archivelog/2024_12_31/o1_mf_1_1368382_mq74zt0j_.arc' no longer
needed for this recovery


ORA-00279: change 54805897004 generated at 12/31/2024 12:19:41 needed for
thread 1
ORA-00289: suggestion :
/arch/GINESYS/archivelog/2024_12_31/o1_mf_1_1368384_mq750jx0_.arc
ORA-00280: change 54805897004 for thread 1 is in sequence #1368384
ORA-00278: log file
'/arch/GINESYS/archivelog/2024_12_31/o1_mf_1_1368383_mq7505b5_.arc' no longer
needed for this recovery


ORA-00279: change 54806194456 generated at 12/31/2024 12:19:52 needed for
thread 1
ORA-00289: suggestion :
/arch/GINESYS/archivelog/2024_12_31/o1_mf_1_1368385_mq750sqg_.arc
ORA-00280: change 54806194456 for thread 1 is in sequence #1368385
ORA-00278: log file
'/arch/GINESYS/archivelog/2024_12_31/o1_mf_1_1368384_mq750jx0_.arc' no longer
needed for this recovery


ORA-00279: change 54806423119 generated at 12/31/2024 12:20:01 needed for
thread 1
ORA-00289: suggestion :
/arch/GINESYS/archivelog/2024_12_31/o1_mf_1_1368386_mq75159o_.arc
ORA-00280: change 54806423119 for thread 1 is in sequence #1368386
ORA-00278: log file
'/arch/GINESYS/archivelog/2024_12_31/o1_mf_1_1368385_mq750sqg_.arc' no longer
needed for this recovery


ORA-00279: change 54806722973 generated at 12/31/2024 12:20:13 needed for
thread 1
ORA-00289: suggestion :
/arch/GINESYS/archivelog/2024_12_31/o1_mf_1_1368387_mq751jnj_.arc
ORA-00280: change 54806722973 for thread 1 is in sequence #1368387
ORA-00278: log file
'/arch/GINESYS/archivelog/2024_12_31/o1_mf_1_1368386_mq75159o_.arc' no longer
needed for this recovery


ORA-00279: change 54807020896 generated at 12/31/2024 12:20:24 needed for
thread 1
ORA-00289: suggestion :
/arch/GINESYS/archivelog/2024_12_31/o1_mf_1_1368388_mq751vwl_.arc
ORA-00280: change 54807020896 for thread 1 is in sequence #1368388
ORA-00278: log file
'/arch/GINESYS/archivelog/2024_12_31/o1_mf_1_1368387_mq751jnj_.arc' no longer
needed for this recovery


ORA-00279: change 54807307341 generated at 12/31/2024 12:20:35 needed for
thread 1
ORA-00289: suggestion :
/arch/GINESYS/archivelog/2024_12_31/o1_mf_1_1368389_mq75279g_.arc
ORA-00280: change 54807307341 for thread 1 is in sequence #1368389
ORA-00278: log file
'/arch/GINESYS/archivelog/2024_12_31/o1_mf_1_1368388_mq751vwl_.arc' no longer
needed for this recovery


ORA-00279: change 54807592454 generated at 12/31/2024 12:20:47 needed for
thread 1
ORA-00289: suggestion :
/arch/GINESYS/archivelog/2024_12_31/o1_mf_1_1368390_mq752lcc_.arc
ORA-00280: change 54807592454 for thread 1 is in sequence #1368390
ORA-00278: log file
'/arch/GINESYS/archivelog/2024_12_31/o1_mf_1_1368389_mq75279g_.arc' no longer
needed for this recovery


ORA-00279: change 54807870143 generated at 12/31/2024 12:20:58 needed for
thread 1
ORA-00289: suggestion :
/arch/GINESYS/archivelog/2024_12_31/o1_mf_1_1368391_mq752xk8_.arc
ORA-00280: change 54807870143 for thread 1 is in sequence #1368391
ORA-00278: log file
'/arch/GINESYS/archivelog/2024_12_31/o1_mf_1_1368390_mq752lcc_.arc' no longer
needed for this recovery


ORA-00279: change 54808151757 generated at 12/31/2024 12:21:09 needed for
thread 1
ORA-00289: suggestion :
/arch/GINESYS/archivelog/2024_12_31/o1_mf_1_1368392_mq7538rz_.arc
ORA-00280: change 54808151757 for thread 1 is in sequence #1368392
ORA-00278: log file
'/arch/GINESYS/archivelog/2024_12_31/o1_mf_1_1368391_mq752xk8_.arc' no longer
needed for this recovery


ORA-00279: change 54808437803 generated at 12/31/2024 12:21:20 needed for
thread 1
ORA-00289: suggestion :
/arch/GINESYS/archivelog/2024_12_31/o1_mf_1_1368393_mq753n30_.arc
ORA-00280: change 54808437803 for thread 1 is in sequence #1368393
ORA-00278: log file
'/arch/GINESYS/archivelog/2024_12_31/o1_mf_1_1368392_mq7538rz_.arc' no longer
needed for this recovery


ORA-00279: change 54808721252 generated at 12/31/2024 12:21:32 needed for
thread 1
ORA-00289: suggestion :
/arch/GINESYS/archivelog/2024_12_31/o1_mf_1_1368394_mq753zc2_.arc
ORA-00280: change 54808721252 for thread 1 is in sequence #1368394
ORA-00278: log file
'/arch/GINESYS/archivelog/2024_12_31/o1_mf_1_1368393_mq753n30_.arc' no longer
needed for this recovery


ORA-00279: change 54809007115 generated at 12/31/2024 12:21:43 needed for
thread 1
ORA-00289: suggestion :
/arch/GINESYS/archivelog/2024_12_31/o1_mf_1_1368395_mq754br6_.arc
ORA-00280: change 54809007115 for thread 1 is in sequence #1368395
ORA-00278: log file
'/arch/GINESYS/archivelog/2024_12_31/o1_mf_1_1368394_mq753zc2_.arc' no longer
needed for this recovery


ORA-00279: change 54809293792 generated at 12/31/2024 12:21:54 needed for
thread 1
ORA-00289: suggestion :
/arch/GINESYS/archivelog/2024_12_31/o1_mf_1_1368396_mq754knb_.arc
ORA-00280: change 54809293792 for thread 1 is in sequence #1368396
ORA-00278: log file
'/arch/GINESYS/archivelog/2024_12_31/o1_mf_1_1368395_mq754br6_.arc' no longer
needed for this recovery


ORA-00279: change 54809467774 generated at 12/31/2024 12:22:01 needed for
thread 1
ORA-00289: suggestion :
/arch/GINESYS/archivelog/2024_12_31/o1_mf_1_1368397_mq754wy0_.arc
ORA-00280: change 54809467774 for thread 1 is in sequence #1368397
ORA-00278: log file
'/arch/GINESYS/archivelog/2024_12_31/o1_mf_1_1368396_mq754knb_.arc' no longer
needed for this recovery


ORA-00279: change 54809749237 generated at 12/31/2024 12:22:12 needed for
thread 1
ORA-00289: suggestion :
/arch/GINESYS/archivelog/2024_12_31/o1_mf_1_1368398_mq75584h_.arc
ORA-00280: change 54809749237 for thread 1 is in sequence #1368398
ORA-00278: log file
'/arch/GINESYS/archivelog/2024_12_31/o1_mf_1_1368397_mq754wy0_.arc' no longer
needed for this recovery


ORA-00279: change 54810031123 generated at 12/31/2024 12:22:24 needed for
thread 1
ORA-00289: suggestion :
/arch/GINESYS/archivelog/2024_12_31/o1_mf_1_1368399_mq755mnr_.arc
ORA-00280: change 54810031123 for thread 1 is in sequence #1368399
ORA-00278: log file
'/arch/GINESYS/archivelog/2024_12_31/o1_mf_1_1368398_mq75584h_.arc' no longer
needed for this recovery


ORA-00279: change 54810318180 generated at 12/31/2024 12:22:35 needed for
thread 1
ORA-00289: suggestion :
/arch/GINESYS/archivelog/2024_12_31/o1_mf_1_1368400_mq755zb8_.arc
ORA-00280: change 54810318180 for thread 1 is in sequence #1368400
ORA-00278: log file
'/arch/GINESYS/archivelog/2024_12_31/o1_mf_1_1368399_mq755mnr_.arc' no longer
needed for this recovery


ORA-00279: change 54810612269 generated at 12/31/2024 12:22:47 needed for
thread 1
ORA-00289: suggestion :
/arch/GINESYS/archivelog/2024_12_31/o1_mf_1_1368401_mq7569th_.arc
ORA-00280: change 54810612269 for thread 1 is in sequence #1368401
ORA-00278: log file
'/arch/GINESYS/archivelog/2024_12_31/o1_mf_1_1368400_mq755zb8_.arc' no longer
needed for this recovery


ORA-00279: change 54810876925 generated at 12/31/2024 12:22:57 needed for
thread 1
ORA-00289: suggestion :
/arch/GINESYS/archivelog/2024_12_31/o1_mf_1_1368402_mq756ocy_.arc
ORA-00280: change 54810876925 for thread 1 is in sequence #1368402
ORA-00278: log file
'/arch/GINESYS/archivelog/2024_12_31/o1_mf_1_1368401_mq7569th_.arc' no longer
needed for this recovery


ORA-00279: change 54811160645 generated at 12/31/2024 12:23:09 needed for
thread 1
ORA-00289: suggestion :
/arch/GINESYS/archivelog/2024_12_31/o1_mf_1_1368403_mq7570mz_.arc
ORA-00280: change 54811160645 for thread 1 is in sequence #1368403
ORA-00278: log file
'/arch/GINESYS/archivelog/2024_12_31/o1_mf_1_1368402_mq756ocy_.arc' no longer
needed for this recovery


ORA-00279: change 54811449853 generated at 12/31/2024 12:23:20 needed for
thread 1
ORA-00289: suggestion :
/arch/GINESYS/archivelog/2024_12_31/o1_mf_1_1368404_mq757cp3_.arc
ORA-00280: change 54811449853 for thread 1 is in sequence #1368404
ORA-00278: log file
'/arch/GINESYS/archivelog/2024_12_31/o1_mf_1_1368403_mq7570mz_.arc' no longer
needed for this recovery


ORA-00279: change 54811727125 generated at 12/31/2024 12:23:31 needed for
thread 1
ORA-00289: suggestion :
/arch/GINESYS/archivelog/2024_12_31/o1_mf_1_1368405_mq757q4v_.arc
ORA-00280: change 54811727125 for thread 1 is in sequence #1368405
ORA-00278: log file
'/arch/GINESYS/archivelog/2024_12_31/o1_mf_1_1368404_mq757cp3_.arc' no longer
needed for this recovery


ORA-00279: change 54812015645 generated at 12/31/2024 12:23:43 needed for
thread 1
ORA-00289: suggestion :
/arch/GINESYS/archivelog/2024_12_31/o1_mf_1_1368406_mq75821t_.arc
ORA-00280: change 54812015645 for thread 1 is in sequence #1368406
ORA-00278: log file
'/arch/GINESYS/archivelog/2024_12_31/o1_mf_1_1368405_mq757q4v_.arc' no longer
needed for this recovery


ORA-00279: change 54812288751 generated at 12/31/2024 12:23:54 needed for
thread 1
ORA-00289: suggestion :
/arch/GINESYS/archivelog/2024_12_31/o1_mf_1_1368407_mq7589s9_.arc
ORA-00280: change 54812288751 for thread 1 is in sequence #1368407
ORA-00278: log file
'/arch/GINESYS/archivelog/2024_12_31/o1_mf_1_1368406_mq75821t_.arc' no longer
needed for this recovery


ORA-00279: change 54812483113 generated at 12/31/2024 12:24:01 needed for
thread 1
ORA-00289: suggestion :
/arch/GINESYS/archivelog/2024_12_31/o1_mf_1_1368408_mq758o3j_.arc
ORA-00280: change 54812483113 for thread 1 is in sequence #1368408
ORA-00278: log file
'/arch/GINESYS/archivelog/2024_12_31/o1_mf_1_1368407_mq7589s9_.arc' no longer
needed for this recovery


ORA-00279: change 54812768326 generated at 12/31/2024 12:24:13 needed for
thread 1
ORA-00289: suggestion :
/arch/GINESYS/archivelog/2024_12_31/o1_mf_1_1368409_mq7590bw_.arc
ORA-00280: change 54812768326 for thread 1 is in sequence #1368409
ORA-00278: log file
'/arch/GINESYS/archivelog/2024_12_31/o1_mf_1_1368408_mq758o3j_.arc' no longer
needed for this recovery


ORA-00279: change 54813064471 generated at 12/31/2024 12:24:24 needed for
thread 1
ORA-00289: suggestion :
/arch/GINESYS/archivelog/2024_12_31/o1_mf_1_1368410_mq759cy1_.arc
ORA-00280: change 54813064471 for thread 1 is in sequence #1368410
ORA-00278: log file
'/arch/GINESYS/archivelog/2024_12_31/o1_mf_1_1368409_mq7590bw_.arc' no longer
needed for this recovery


ORA-00279: change 54813354495 generated at 12/31/2024 12:24:35 needed for
thread 1
ORA-00289: suggestion :
/arch/GINESYS/archivelog/2024_12_31/o1_mf_1_1368411_mq759pv9_.arc
ORA-00280: change 54813354495 for thread 1 is in sequence #1368411
ORA-00278: log file
'/arch/GINESYS/archivelog/2024_12_31/o1_mf_1_1368410_mq759cy1_.arc' no longer
needed for this recovery


ORA-00279: change 54813633126 generated at 12/31/2024 12:24:46 needed for
thread 1
ORA-00289: suggestion :
/arch/GINESYS/archivelog/2024_12_31/o1_mf_1_1368412_mq75b2h6_.arc
ORA-00280: change 54813633126 for thread 1 is in sequence #1368412
ORA-00278: log file
'/arch/GINESYS/archivelog/2024_12_31/o1_mf_1_1368411_mq759pv9_.arc' no longer
needed for this recovery


ORA-00279: change 54813921680 generated at 12/31/2024 12:24:58 needed for
thread 1
ORA-00289: suggestion :
/arch/GINESYS/archivelog/2024_12_31/o1_mf_1_1368413_mq75bg7m_.arc
ORA-00280: change 54813921680 for thread 1 is in sequence #1368413
ORA-00278: log file
'/arch/GINESYS/archivelog/2024_12_31/o1_mf_1_1368412_mq75b2h6_.arc' no longer
needed for this recovery


ORA-00279: change 54814213574 generated at 12/31/2024 12:25:10 needed for
thread 1
ORA-00289: suggestion :
/arch/GINESYS/archivelog/2024_12_31/o1_mf_1_1368414_mq75bsyd_.arc
ORA-00280: change 54814213574 for thread 1 is in sequence #1368414
ORA-00278: log file
'/arch/GINESYS/archivelog/2024_12_31/o1_mf_1_1368413_mq75bg7m_.arc' no longer
needed for this recovery


ORA-00279: change 54814504440 generated at 12/31/2024 12:25:21 needed for
thread 1
ORA-00289: suggestion :
/arch/GINESYS/archivelog/2024_12_31/o1_mf_1_1368415_mq75c5m4_.arc
ORA-00280: change 54814504440 for thread 1 is in sequence #1368415
ORA-00278: log file
'/arch/GINESYS/archivelog/2024_12_31/o1_mf_1_1368414_mq75bsyd_.arc' no longer
needed for this recovery


ORA-00279: change 54814799248 generated at 12/31/2024 12:25:33 needed for
thread 1
ORA-00289: suggestion :
/arch/GINESYS/archivelog/2024_12_31/o1_mf_1_1368416_mq75ck5f_.arc
ORA-00280: change 54814799248 for thread 1 is in sequence #1368416
ORA-00278: log file
'/arch/GINESYS/archivelog/2024_12_31/o1_mf_1_1368415_mq75c5m4_.arc' no longer
needed for this recovery


ORA-00279: change 54815091435 generated at 12/31/2024 12:25:45 needed for
thread 1
ORA-00289: suggestion :
/arch/GINESYS/archivelog/2024_12_31/o1_mf_1_1368417_mq75cwo5_.arc
ORA-00280: change 54815091435 for thread 1 is in sequence #1368417
ORA-00278: log file
'/arch/GINESYS/archivelog/2024_12_31/o1_mf_1_1368416_mq75ck5f_.arc' no longer
needed for this recovery


ORA-00279: change 54815383850 generated at 12/31/2024 12:25:56 needed for
thread 1
ORA-00289: suggestion :
/arch/GINESYS/archivelog/2024_12_31/o1_mf_1_1368418_mq75d1h8_.arc
ORA-00280: change 54815383850 for thread 1 is in sequence #1368418
ORA-00278: log file
'/arch/GINESYS/archivelog/2024_12_31/o1_mf_1_1368417_mq75cwo5_.arc' no longer
needed for this recovery


ORA-00279: change 54815502462 generated at 12/31/2024 12:26:01 needed for
thread 1
ORA-00289: suggestion :
/arch/GINESYS/archivelog/2024_12_31/o1_mf_1_1368419_mq75df4v_.arc
ORA-00280: change 54815502462 for thread 1 is in sequence #1368419
ORA-00278: log file
'/arch/GINESYS/archivelog/2024_12_31/o1_mf_1_1368418_mq75d1h8_.arc' no longer
needed for this recovery


ORA-00279: change 54815794898 generated at 12/31/2024 12:26:13 needed for
thread 1
ORA-00289: suggestion :
/arch/GINESYS/archivelog/2024_12_31/o1_mf_1_1368420_mq75drty_.arc
ORA-00280: change 54815794898 for thread 1 is in sequence #1368420
ORA-00278: log file
'/arch/GINESYS/archivelog/2024_12_31/o1_mf_1_1368419_mq75df4v_.arc' no longer
needed for this recovery


ORA-00279: change 54816085151 generated at 12/31/2024 12:26:24 needed for
thread 1
ORA-00289: suggestion :
/arch/GINESYS/archivelog/2024_12_31/o1_mf_1_1368421_mq75f3yv_.arc
ORA-00280: change 54816085151 for thread 1 is in sequence #1368421
ORA-00278: log file
'/arch/GINESYS/archivelog/2024_12_31/o1_mf_1_1368420_mq75drty_.arc' no longer
needed for this recovery


ORA-00279: change 54816363654 generated at 12/31/2024 12:26:35 needed for
thread 1
ORA-00289: suggestion :
/arch/GINESYS/archivelog/2024_12_31/o1_mf_1_1368422_mq75fhlm_.arc
ORA-00280: change 54816363654 for thread 1 is in sequence #1368422
ORA-00278: log file
'/arch/GINESYS/archivelog/2024_12_31/o1_mf_1_1368421_mq75f3yv_.arc' no longer
needed for this recovery


ORA-00279: change 54816651452 generated at 12/31/2024 12:26:47 needed for
thread 1
ORA-00289: suggestion :
/arch/GINESYS/archivelog/2024_12_31/o1_mf_1_1368423_mq75fv83_.arc
ORA-00280: change 54816651452 for thread 1 is in sequence #1368423
ORA-00278: log file
'/arch/GINESYS/archivelog/2024_12_31/o1_mf_1_1368422_mq75fhlm_.arc' no longer
needed for this recovery


ORA-00279: change 54816945790 generated at 12/31/2024 12:26:59 needed for
thread 1
ORA-00289: suggestion :
/arch/GINESYS/archivelog/2024_12_31/o1_mf_1_1368424_mq75g6v9_.arc
ORA-00280: change 54816945790 for thread 1 is in sequence #1368424
ORA-00278: log file
'/arch/GINESYS/archivelog/2024_12_31/o1_mf_1_1368423_mq75fv83_.arc' no longer
needed for this recovery


ORA-00279: change 54817236795 generated at 12/31/2024 12:27:10 needed for
thread 1
ORA-00289: suggestion :
/arch/GINESYS/archivelog/2024_12_31/o1_mf_1_1368425_mq75gljy_.arc
ORA-00280: change 54817236795 for thread 1 is in sequence #1368425
ORA-00278: log file
'/arch/GINESYS/archivelog/2024_12_31/o1_mf_1_1368424_mq75g6v9_.arc' no longer
needed for this recovery


ORA-00279: change 54817528230 generated at 12/31/2024 12:27:22 needed for
thread 1
ORA-00289: suggestion :
/arch/GINESYS/archivelog/2024_12_31/o1_mf_1_1368426_mq75gy3b_.arc
ORA-00280: change 54817528230 for thread 1 is in sequence #1368426
ORA-00278: log file
'/arch/GINESYS/archivelog/2024_12_31/o1_mf_1_1368425_mq75gljy_.arc' no longer
needed for this recovery


ORA-00279: change 54817821615 generated at 12/31/2024 12:27:34 needed for
thread 1
ORA-00289: suggestion :
/arch/GINESYS/archivelog/2024_12_31/o1_mf_1_1368427_mq75h9jw_.arc
ORA-00280: change 54817821615 for thread 1 is in sequence #1368427
ORA-00278: log file
'/arch/GINESYS/archivelog/2024_12_31/o1_mf_1_1368426_mq75gy3b_.arc' no longer
needed for this recovery


ORA-00279: change 54818118302 generated at 12/31/2024 12:27:45 needed for
thread 1
ORA-00289: suggestion :
/arch/GINESYS/archivelog/2024_12_31/o1_mf_1_1368428_mq75hnyp_.arc
ORA-00280: change 54818118302 for thread 1 is in sequence #1368428
ORA-00278: log file
'/arch/GINESYS/archivelog/2024_12_31/o1_mf_1_1368427_mq75h9jw_.arc' no longer
needed for this recovery


ORA-00279: change 54818415420 generated at 12/31/2024 12:27:56 needed for
thread 1
ORA-00289: suggestion :
/arch/GINESYS/archivelog/2024_12_31/o1_mf_1_1368429_mq75hsso_.arc
ORA-00280: change 54818415420 for thread 1 is in sequence #1368429
ORA-00278: log file
'/arch/GINESYS/archivelog/2024_12_31/o1_mf_1_1368428_mq75hnyp_.arc' no longer
needed for this recovery


ORA-00279: change 54818537484 generated at 12/31/2024 12:28:01 needed for
thread 1
ORA-00289: suggestion :
/arch/GINESYS/archivelog/2024_12_31/o1_mf_1_1368430_mq75j545_.arc
ORA-00280: change 54818537484 for thread 1 is in sequence #1368430
ORA-00278: log file
'/arch/GINESYS/archivelog/2024_12_31/o1_mf_1_1368429_mq75hsso_.arc' no longer
needed for this recovery


ORA-00279: change 54818833509 generated at 12/31/2024 12:28:13 needed for
thread 1
ORA-00289: suggestion :
/arch/GINESYS/archivelog/2024_12_31/o1_mf_1_1368431_mq75jj7b_.arc
ORA-00280: change 54818833509 for thread 1 is in sequence #1368431
ORA-00278: log file
'/arch/GINESYS/archivelog/2024_12_31/o1_mf_1_1368430_mq75j545_.arc' no longer
needed for this recovery


ORA-00279: change 54819125030 generated at 12/31/2024 12:28:24 needed for
thread 1
ORA-00289: suggestion :
/arch/GINESYS/archivelog/2024_12_31/o1_mf_1_1368432_mq75jvtc_.arc
ORA-00280: change 54819125030 for thread 1 is in sequence #1368432
ORA-00278: log file
'/arch/GINESYS/archivelog/2024_12_31/o1_mf_1_1368431_mq75jj7b_.arc' no longer
needed for this recovery


ORA-00279: change 54819415099 generated at 12/31/2024 12:28:35 needed for
thread 1
ORA-00289: suggestion :
/arch/GINESYS/archivelog/2024_12_31/o1_mf_1_1368433_mq75k7gz_.arc
ORA-00280: change 54819415099 for thread 1 is in sequence #1368433
ORA-00278: log file
'/arch/GINESYS/archivelog/2024_12_31/o1_mf_1_1368432_mq75jvtc_.arc' no longer
needed for this recovery


ORA-00279: change 54819704934 generated at 12/31/2024 12:28:47 needed for
thread 1
ORA-00289: suggestion :
/arch/GINESYS/archivelog/2024_12_31/o1_mf_1_1368434_mq75km89_.arc
ORA-00280: change 54819704934 for thread 1 is in sequence #1368434
ORA-00278: log file
'/arch/GINESYS/archivelog/2024_12_31/o1_mf_1_1368433_mq75k7gz_.arc' no longer
needed for this recovery


ORA-00279: change 54819997675 generated at 12/31/2024 12:28:59 needed for
thread 1
ORA-00289: suggestion :
/arch/GINESYS/archivelog/2024_12_31/o1_mf_1_1368435_mq75kz21_.arc
ORA-00280: change 54819997675 for thread 1 is in sequence #1368435
ORA-00278: log file
'/arch/GINESYS/archivelog/2024_12_31/o1_mf_1_1368434_mq75km89_.arc' no longer
needed for this recovery


ORA-00279: change 54820289307 generated at 12/31/2024 12:29:11 needed for
thread 1
ORA-00289: suggestion :
/arch/GINESYS/archivelog/2024_12_31/o1_mf_1_1368436_mq75lbvm_.arc
ORA-00280: change 54820289307 for thread 1 is in sequence #1368436
ORA-00278: log file
'/arch/GINESYS/archivelog/2024_12_31/o1_mf_1_1368435_mq75kz21_.arc' no longer
needed for this recovery


ORA-00279: change 54820581612 generated at 12/31/2024 12:29:22 needed for
thread 1
ORA-00289: suggestion :
/arch/GINESYS/archivelog/2024_12_31/o1_mf_1_1368437_mq75lppx_.arc
ORA-00280: change 54820581612 for thread 1 is in sequence #1368437
ORA-00278: log file
'/arch/GINESYS/archivelog/2024_12_31/o1_mf_1_1368436_mq75lbvm_.arc' no longer
needed for this recovery


ORA-00279: change 54820879532 generated at 12/31/2024 12:29:34 needed for
thread 1
ORA-00289: suggestion :
/arch/GINESYS/archivelog/2024_12_31/o1_mf_1_1368438_mq75m2j5_.arc
ORA-00280: change 54820879532 for thread 1 is in sequence #1368438
ORA-00278: log file
'/arch/GINESYS/archivelog/2024_12_31/o1_mf_1_1368437_mq75lppx_.arc' no longer
needed for this recovery


ORA-00279: change 54821171227 generated at 12/31/2024 12:29:46 needed for
thread 1
ORA-00289: suggestion :
/arch/GINESYS/archivelog/2024_12_31/o1_mf_1_1368439_mq75mg74_.arc
ORA-00280: change 54821171227 for thread 1 is in sequence #1368439
ORA-00278: log file
'/arch/GINESYS/archivelog/2024_12_31/o1_mf_1_1368438_mq75m2j5_.arc' no longer
needed for this recovery


ORA-00279: change 54821464054 generated at 12/31/2024 12:29:58 needed for
thread 1
ORA-00289: suggestion :
/arch/GINESYS/archivelog/2024_12_31/o1_mf_1_1368440_mq75mkcc_.arc
ORA-00280: change 54821464054 for thread 1 is in sequence #1368440
ORA-00278: log file
'/arch/GINESYS/archivelog/2024_12_31/o1_mf_1_1368439_mq75mg74_.arc' no longer
needed for this recovery


ORA-00279: change 54821541884 generated at 12/31/2024 12:30:01 needed for
thread 1
ORA-00289: suggestion :
/arch/GINESYS/archivelog/2024_12_31/o1_mf_1_1368441_mq75mx3c_.arc
ORA-00280: change 54821541884 for thread 1 is in sequence #1368441
ORA-00278: log file
'/arch/GINESYS/archivelog/2024_12_31/o1_mf_1_1368440_mq75mkcc_.arc' no longer
needed for this recovery


ORA-00279: change 54821832710 generated at 12/31/2024 12:30:13 needed for
thread 1
ORA-00289: suggestion :
/arch/GINESYS/archivelog/2024_12_31/o1_mf_1_1368442_mq75n8nz_.arc
ORA-00280: change 54821832710 for thread 1 is in sequence #1368442
ORA-00278: log file
'/arch/GINESYS/archivelog/2024_12_31/o1_mf_1_1368441_mq75mx3c_.arc' no longer
needed for this recovery


ORA-00279: change 54822124507 generated at 12/31/2024 12:30:24 needed for
thread 1
ORA-00289: suggestion :
/arch/GINESYS/archivelog/2024_12_31/o1_mf_1_1368443_mq75nn90_.arc
ORA-00280: change 54822124507 for thread 1 is in sequence #1368443
ORA-00278: log file
'/arch/GINESYS/archivelog/2024_12_31/o1_mf_1_1368442_mq75n8nz_.arc' no longer
needed for this recovery


ORA-00279: change 54822410584 generated at 12/31/2024 12:30:36 needed for
thread 1
ORA-00289: suggestion :
/arch/GINESYS/archivelog/2024_12_31/o1_mf_1_1368444_mq75o00h_.arc
ORA-00280: change 54822410584 for thread 1 is in sequence #1368444
ORA-00278: log file
'/arch/GINESYS/archivelog/2024_12_31/o1_mf_1_1368443_mq75nn90_.arc' no longer
needed for this recovery


ORA-00279: change 54822702384 generated at 12/31/2024 12:30:48 needed for
thread 1
ORA-00289: suggestion :
/arch/GINESYS/archivelog/2024_12_31/o1_mf_1_1368445_mq75ochw_.arc
ORA-00280: change 54822702384 for thread 1 is in sequence #1368445
ORA-00278: log file
'/arch/GINESYS/archivelog/2024_12_31/o1_mf_1_1368444_mq75o00h_.arc' no longer
needed for this recovery


ORA-00279: change 54822993152 generated at 12/31/2024 12:30:59 needed for
thread 1
ORA-00289: suggestion :
/arch/GINESYS/archivelog/2024_12_31/o1_mf_1_1368446_mq75oo3b_.arc
ORA-00280: change 54822993152 for thread 1 is in sequence #1368446
ORA-00278: log file
'/arch/GINESYS/archivelog/2024_12_31/o1_mf_1_1368445_mq75ochw_.arc' no longer
needed for this recovery


ORA-00279: change 54823239569 generated at 12/31/2024 12:31:09 needed for
thread 1
ORA-00289: suggestion :
/arch/GINESYS/archivelog/2024_12_31/o1_mf_1_1368447_mq75ozjm_.arc
ORA-00280: change 54823239569 for thread 1 is in sequence #1368447
ORA-00278: log file
'/arch/GINESYS/archivelog/2024_12_31/o1_mf_1_1368446_mq75oo3b_.arc' no longer
needed for this recovery


ORA-00279: change 54823502822 generated at 12/31/2024 12:31:19 needed for
thread 1
ORA-00289: suggestion :
/arch/GINESYS/archivelog/2024_12_31/o1_mf_1_1368448_mq75pbvt_.arc
ORA-00280: change 54823502822 for thread 1 is in sequence #1368448
ORA-00278: log file
'/arch/GINESYS/archivelog/2024_12_31/o1_mf_1_1368447_mq75ozjm_.arc' no longer
needed for this recovery


ORA-00279: change 54823788465 generated at 12/31/2024 12:31:30 needed for
thread 1
ORA-00289: suggestion :
/arch/GINESYS/archivelog/2024_12_31/o1_mf_1_1368449_mq75po5r_.arc
ORA-00280: change 54823788465 for thread 1 is in sequence #1368449
ORA-00278: log file
'/arch/GINESYS/archivelog/2024_12_31/o1_mf_1_1368448_mq75pbvt_.arc' no longer
needed for this recovery


ORA-00279: change 54824061480 generated at 12/31/2024 12:31:41 needed for
thread 1
ORA-00289: suggestion :
/arch/GINESYS/archivelog/2024_12_31/o1_mf_1_1368450_mq75q0wo_.arc
ORA-00280: change 54824061480 for thread 1 is in sequence #1368450
ORA-00278: log file
'/arch/GINESYS/archivelog/2024_12_31/o1_mf_1_1368449_mq75po5r_.arc' no longer
needed for this recovery


ORA-00279: change 54824354088 generated at 12/31/2024 12:31:52 needed for
thread 1
ORA-00289: suggestion :
/arch/GINESYS/archivelog/2024_12_31/o1_mf_1_1368451_mq75q92p_.arc
ORA-00280: change 54824354088 for thread 1 is in sequence #1368451
ORA-00278: log file
'/arch/GINESYS/archivelog/2024_12_31/o1_mf_1_1368450_mq75q0wo_.arc' no longer
needed for this recovery


ORA-00279: change 54824563352 generated at 12/31/2024 12:32:01 needed for
thread 1
ORA-00289: suggestion :
/arch/GINESYS/archivelog/2024_12_31/o1_mf_1_1368452_mq75qn9g_.arc
ORA-00280: change 54824563352 for thread 1 is in sequence #1368452
ORA-00278: log file
'/arch/GINESYS/archivelog/2024_12_31/o1_mf_1_1368451_mq75q92p_.arc' no longer
needed for this recovery


ORA-00279: change 54824848175 generated at 12/31/2024 12:32:12 needed for
thread 1
ORA-00289: suggestion :
/arch/GINESYS/archivelog/2024_12_31/o1_mf_1_1368453_mq75r00f_.arc
ORA-00280: change 54824848175 for thread 1 is in sequence #1368453
ORA-00278: log file
'/arch/GINESYS/archivelog/2024_12_31/o1_mf_1_1368452_mq75qn9g_.arc' no longer
needed for this recovery


ORA-00279: change 54825142321 generated at 12/31/2024 12:32:23 needed for
thread 1
ORA-00289: suggestion :
/arch/GINESYS/archivelog/2024_12_31/o1_mf_1_1368454_mq75rcrp_.arc
ORA-00280: change 54825142321 for thread 1 is in sequence #1368454
ORA-00278: log file
'/arch/GINESYS/archivelog/2024_12_31/o1_mf_1_1368453_mq75r00f_.arc' no longer
needed for this recovery


ORA-00279: change 54825434440 generated at 12/31/2024 12:32:35 needed for
thread 1
ORA-00289: suggestion :
/arch/GINESYS/archivelog/2024_12_31/o1_mf_1_1368455_mq75rqd5_.arc
ORA-00280: change 54825434440 for thread 1 is in sequence #1368455
ORA-00278: log file
'/arch/GINESYS/archivelog/2024_12_31/o1_mf_1_1368454_mq75rcrp_.arc' no longer
needed for this recovery


ORA-00279: change 54825722220 generated at 12/31/2024 12:32:47 needed for
thread 1
ORA-00289: suggestion :
/arch/GINESYS/archivelog/2024_12_31/o1_mf_1_1368456_mq75s33f_.arc
ORA-00280: change 54825722220 for thread 1 is in sequence #1368456
ORA-00278: log file
'/arch/GINESYS/archivelog/2024_12_31/o1_mf_1_1368455_mq75rqd5_.arc' no longer
needed for this recovery


ORA-00279: change 54826013706 generated at 12/31/2024 12:32:59 needed for
thread 1
ORA-00289: suggestion :
/arch/GINESYS/archivelog/2024_12_31/o1_mf_1_1368457_mq75sgsw_.arc
ORA-00280: change 54826013706 for thread 1 is in sequence #1368457
ORA-00278: log file
'/arch/GINESYS/archivelog/2024_12_31/o1_mf_1_1368456_mq75s33f_.arc' no longer
needed for this recovery


ORA-00279: change 54826303011 generated at 12/31/2024 12:33:10 needed for
thread 1
ORA-00289: suggestion :
/arch/GINESYS/archivelog/2024_12_31/o1_mf_1_1368458_mq75st30_.arc
ORA-00280: change 54826303011 for thread 1 is in sequence #1368458
ORA-00278: log file
'/arch/GINESYS/archivelog/2024_12_31/o1_mf_1_1368457_mq75sgsw_.arc' no longer
needed for this recovery


ORA-00279: change 54826591164 generated at 12/31/2024 12:33:22 needed for
thread 1
ORA-00289: suggestion :
/arch/GINESYS/archivelog/2024_12_31/o1_mf_1_1368459_mq75t4o8_.arc
ORA-00280: change 54826591164 for thread 1 is in sequence #1368459
ORA-00278: log file
'/arch/GINESYS/archivelog/2024_12_31/o1_mf_1_1368458_mq75st30_.arc' no longer
needed for this recovery


ORA-00279: change 54826859685 generated at 12/31/2024 12:33:32 needed for
thread 1
ORA-00289: suggestion :
/arch/GINESYS/archivelog/2024_12_31/o1_mf_1_1368460_mq75tjdq_.arc
ORA-00280: change 54826859685 for thread 1 is in sequence #1368460
ORA-00278: log file
'/arch/GINESYS/archivelog/2024_12_31/o1_mf_1_1368459_mq75t4o8_.arc' no longer
needed for this recovery


ORA-00279: change 54827150337 generated at 12/31/2024 12:33:44 needed for
thread 1
ORA-00289: suggestion :
/arch/GINESYS/archivelog/2024_12_31/o1_mf_1_1368461_mq75tvs7_.arc
ORA-00280: change 54827150337 for thread 1 is in sequence #1368461
ORA-00278: log file
'/arch/GINESYS/archivelog/2024_12_31/o1_mf_1_1368460_mq75tjdq_.arc' no longer
needed for this recovery


ORA-00279: change 54827451976 generated at 12/31/2024 12:33:55 needed for
thread 1
ORA-00289: suggestion :
/arch/GINESYS/archivelog/2024_12_31/o1_mf_1_1368462_mq75v1lc_.arc
ORA-00280: change 54827451976 for thread 1 is in sequence #1368462
ORA-00278: log file
'/arch/GINESYS/archivelog/2024_12_31/o1_mf_1_1368461_mq75tvs7_.arc' no longer
needed for this recovery


ORA-00279: change 54827601465 generated at 12/31/2024 12:34:01 needed for
thread 1
ORA-00289: suggestion :
/arch/GINESYS/archivelog/2024_12_31/o1_mf_1_1368463_mq75vdjn_.arc
ORA-00280: change 54827601465 for thread 1 is in sequence #1368463
ORA-00278: log file
'/arch/GINESYS/archivelog/2024_12_31/o1_mf_1_1368462_mq75v1lc_.arc' no longer
needed for this recovery


ORA-00279: change 54827903076 generated at 12/31/2024 12:34:12 needed for
thread 1
ORA-00289: suggestion :
/arch/GINESYS/archivelog/2024_12_31/o1_mf_1_1368464_mq75vrcj_.arc
ORA-00280: change 54827903076 for thread 1 is in sequence #1368464
ORA-00278: log file
'/arch/GINESYS/archivelog/2024_12_31/o1_mf_1_1368463_mq75vdjn_.arc' no longer
needed for this recovery


ORA-00279: change 54828194094 generated at 12/31/2024 12:34:24 needed for
thread 1
ORA-00289: suggestion :
/arch/GINESYS/archivelog/2024_12_31/o1_mf_1_1368465_mq75w3q0_.arc
ORA-00280: change 54828194094 for thread 1 is in sequence #1368465
ORA-00278: log file
'/arch/GINESYS/archivelog/2024_12_31/o1_mf_1_1368464_mq75vrcj_.arc' no longer
needed for this recovery


ORA-00279: change 54828490062 generated at 12/31/2024 12:34:35 needed for
thread 1
ORA-00289: suggestion :
/arch/GINESYS/archivelog/2024_12_31/o1_mf_1_1368466_mq75wgtn_.arc
ORA-00280: change 54828490062 for thread 1 is in sequence #1368466
ORA-00278: log file
'/arch/GINESYS/archivelog/2024_12_31/o1_mf_1_1368465_mq75w3q0_.arc' no longer
needed for this recovery


ORA-00279: change 54828783895 generated at 12/31/2024 12:34:46 needed for
thread 1
ORA-00289: suggestion :
/arch/GINESYS/archivelog/2024_12_31/o1_mf_1_1368467_mq75wt1s_.arc
ORA-00280: change 54828783895 for thread 1 is in sequence #1368467
ORA-00278: log file
'/arch/GINESYS/archivelog/2024_12_31/o1_mf_1_1368466_mq75wgtn_.arc' no longer
needed for this recovery


ORA-00279: change 54829081543 generated at 12/31/2024 12:34:58 needed for
thread 1
ORA-00289: suggestion :
/arch/GINESYS/archivelog/2024_12_31/o1_mf_1_1368468_mq75x53z_.arc
ORA-00280: change 54829081543 for thread 1 is in sequence #1368468
ORA-00278: log file
'/arch/GINESYS/archivelog/2024_12_31/o1_mf_1_1368467_mq75wt1s_.arc' no longer
needed for this recovery


ORA-00279: change 54829376859 generated at 12/31/2024 12:35:09 needed for
thread 1
ORA-00289: suggestion :
/arch/GINESYS/archivelog/2024_12_31/o1_mf_1_1368469_mq75xjfq_.arc
ORA-00280: change 54829376859 for thread 1 is in sequence #1368469
ORA-00278: log file
'/arch/GINESYS/archivelog/2024_12_31/o1_mf_1_1368468_mq75x53z_.arc' no longer
needed for this recovery


ORA-00279: change 54829674169 generated at 12/31/2024 12:35:20 needed for
thread 1
ORA-00289: suggestion :
/arch/GINESYS/archivelog/2024_12_31/o1_mf_1_1368470_mq75xtr2_.arc
ORA-00280: change 54829674169 for thread 1 is in sequence #1368470
ORA-00278: log file
'/arch/GINESYS/archivelog/2024_12_31/o1_mf_1_1368469_mq75xjfq_.arc' no longer
needed for this recovery


ORA-00279: change 54829964764 generated at 12/31/2024 12:35:30 needed for
thread 1
ORA-00289: suggestion :
/arch/GINESYS/archivelog/2024_12_31/o1_mf_1_1368471_mq75y5px_.arc
ORA-00280: change 54829964764 for thread 1 is in sequence #1368471
ORA-00278: log file
'/arch/GINESYS/archivelog/2024_12_31/o1_mf_1_1368470_mq75xtr2_.arc' no longer
needed for this recovery


ORA-00279: change 54830257669 generated at 12/31/2024 12:35:41 needed for
thread 1
ORA-00289: suggestion :
/arch/GINESYS/archivelog/2024_12_31/o1_mf_1_1368472_mq75yjv2_.arc
ORA-00280: change 54830257669 for thread 1 is in sequence #1368472
ORA-00278: log file
'/arch/GINESYS/archivelog/2024_12_31/o1_mf_1_1368471_mq75y5px_.arc' no longer
needed for this recovery


ORA-00279: change 54830555893 generated at 12/31/2024 12:35:52 needed for
thread 1
ORA-00289: suggestion :
/arch/GINESYS/archivelog/2024_12_31/o1_mf_1_1368473_mq75ysxh_.arc
ORA-00280: change 54830555893 for thread 1 is in sequence #1368473
ORA-00278: log file
'/arch/GINESYS/archivelog/2024_12_31/o1_mf_1_1368472_mq75yjv2_.arc' no longer
needed for this recovery


ORA-00279: change 54830798196 generated at 12/31/2024 12:36:01 needed for
thread 1
ORA-00289: suggestion :
/arch/GINESYS/archivelog/2024_12_31/o1_mf_1_1368474_mq75z560_.arc
ORA-00280: change 54830798196 for thread 1 is in sequence #1368474
ORA-00278: log file
'/arch/GINESYS/archivelog/2024_12_31/o1_mf_1_1368473_mq75ysxh_.arc' no longer
needed for this recovery


ORA-00279: change 54831097249 generated at 12/31/2024 12:36:13 needed for
thread 1
ORA-00289: suggestion :
/arch/GINESYS/archivelog/2024_12_31/o1_mf_1_1368475_mq75zhl9_.arc
ORA-00280: change 54831097249 for thread 1 is in sequence #1368475
ORA-00278: log file
'/arch/GINESYS/archivelog/2024_12_31/o1_mf_1_1368474_mq75z560_.arc' no longer
needed for this recovery


ORA-00279: change 54831379371 generated at 12/31/2024 12:36:23 needed for
thread 1
ORA-00289: suggestion :
/arch/GINESYS/archivelog/2024_12_31/o1_mf_1_1368476_mq75ztfs_.arc
ORA-00280: change 54831379371 for thread 1 is in sequence #1368476
ORA-00278: log file
'/arch/GINESYS/archivelog/2024_12_31/o1_mf_1_1368475_mq75zhl9_.arc' no longer
needed for this recovery


ORA-00279: change 54831671359 generated at 12/31/2024 12:36:34 needed for
thread 1
ORA-00289: suggestion :
/arch/GINESYS/archivelog/2024_12_31/o1_mf_1_1368477_mq7605js_.arc
ORA-00280: change 54831671359 for thread 1 is in sequence #1368477
ORA-00278: log file
'/arch/GINESYS/archivelog/2024_12_31/o1_mf_1_1368476_mq75ztfs_.arc' no longer
needed for this recovery


ORA-00279: change 54831965331 generated at 12/31/2024 12:36:45 needed for
thread 1
ORA-00289: suggestion :
/arch/GINESYS/archivelog/2024_12_31/o1_mf_1_1368478_mq760jv3_.arc
ORA-00280: change 54831965331 for thread 1 is in sequence #1368478
ORA-00278: log file
'/arch/GINESYS/archivelog/2024_12_31/o1_mf_1_1368477_mq7605js_.arc' no longer
needed for this recovery


ORA-00279: change 54832264088 generated at 12/31/2024 12:36:56 needed for
thread 1
ORA-00289: suggestion :
/arch/GINESYS/archivelog/2024_12_31/o1_mf_1_1368479_mq760w4o_.arc
ORA-00280: change 54832264088 for thread 1 is in sequence #1368479
ORA-00278: log file
'/arch/GINESYS/archivelog/2024_12_31/o1_mf_1_1368478_mq760jv3_.arc' no longer
needed for this recovery


ORA-00279: change 54832562534 generated at 12/31/2024 12:37:08 needed for
thread 1
ORA-00289: suggestion :
/arch/GINESYS/archivelog/2024_12_31/o1_mf_1_1368480_mq7617cw_.arc
ORA-00280: change 54832562534 for thread 1 is in sequence #1368480
ORA-00278: log file
'/arch/GINESYS/archivelog/2024_12_31/o1_mf_1_1368479_mq760w4o_.arc' no longer
needed for this recovery


ORA-00279: change 54832861155 generated at 12/31/2024 12:37:19 needed for
thread 1
ORA-00289: suggestion :
/arch/GINESYS/archivelog/2024_12_31/o1_mf_1_1368481_mq761lgq_.arc
ORA-00280: change 54832861155 for thread 1 is in sequence #1368481
ORA-00278: log file
'/arch/GINESYS/archivelog/2024_12_31/o1_mf_1_1368480_mq7617cw_.arc' no longer
needed for this recovery


ORA-00279: change 54833154326 generated at 12/31/2024 12:37:30 needed for
thread 1
ORA-00289: suggestion :
/arch/GINESYS/archivelog/2024_12_31/o1_mf_1_1368482_mq761xlf_.arc
ORA-00280: change 54833154326 for thread 1 is in sequence #1368482
ORA-00278: log file
'/arch/GINESYS/archivelog/2024_12_31/o1_mf_1_1368481_mq761lgq_.arc' no longer
needed for this recovery


ORA-00279: change 54833450787 generated at 12/31/2024 12:37:41 needed for
thread 1
ORA-00289: suggestion :
/arch/GINESYS/archivelog/2024_12_31/o1_mf_1_1368483_mq7628rp_.arc
ORA-00280: change 54833450787 for thread 1 is in sequence #1368483
ORA-00278: log file
'/arch/GINESYS/archivelog/2024_12_31/o1_mf_1_1368482_mq761xlf_.arc' no longer
needed for this recovery


ORA-00279: change 54833748180 generated at 12/31/2024 12:37:52 needed for
thread 1
ORA-00289: suggestion :
/arch/GINESYS/archivelog/2024_12_31/o1_mf_1_1368484_mq762knz_.arc
ORA-00280: change 54833748180 for thread 1 is in sequence #1368484
ORA-00278: log file
'/arch/GINESYS/archivelog/2024_12_31/o1_mf_1_1368483_mq7628rp_.arc' no longer
needed for this recovery


ORA-00279: change 54833988457 generated at 12/31/2024 12:38:01 needed for
thread 1
ORA-00289: suggestion :
/arch/GINESYS/archivelog/2024_12_31/o1_mf_1_1368485_mq762wth_.arc
ORA-00280: change 54833988457 for thread 1 is in sequence #1368485
ORA-00278: log file
'/arch/GINESYS/archivelog/2024_12_31/o1_mf_1_1368484_mq762knz_.arc' no longer
needed for this recovery


ORA-00279: change 54834287451 generated at 12/31/2024 12:38:12 needed for
thread 1
ORA-00289: suggestion :
/arch/GINESYS/archivelog/2024_12_31/o1_mf_1_1368486_mq76381s_.arc
ORA-00280: change 54834287451 for thread 1 is in sequence #1368486
ORA-00278: log file
'/arch/GINESYS/archivelog/2024_12_31/o1_mf_1_1368485_mq762wth_.arc' no longer
needed for this recovery


ORA-00279: change 54834584259 generated at 12/31/2024 12:38:24 needed for
thread 1
ORA-00289: suggestion :
/arch/GINESYS/archivelog/2024_12_31/o1_mf_1_1368487_mq763mjv_.arc
ORA-00280: change 54834584259 for thread 1 is in sequence #1368487
ORA-00278: log file
'/arch/GINESYS/archivelog/2024_12_31/o1_mf_1_1368486_mq76381s_.arc' no longer
needed for this recovery


ORA-00279: change 54834885326 generated at 12/31/2024 12:38:35 needed for
thread 1
ORA-00289: suggestion :
/arch/GINESYS/archivelog/2024_12_31/o1_mf_1_1368488_mq763ytt_.arc
ORA-00280: change 54834885326 for thread 1 is in sequence #1368488
ORA-00278: log file
'/arch/GINESYS/archivelog/2024_12_31/o1_mf_1_1368487_mq763mjv_.arc' no longer
needed for this recovery


ORA-00279: change 54835181458 generated at 12/31/2024 12:38:46 needed for
thread 1
ORA-00289: suggestion :
/arch/GINESYS/archivelog/2024_12_31/o1_mf_1_1368489_mq7649h6_.arc
ORA-00280: change 54835181458 for thread 1 is in sequence #1368489
ORA-00278: log file
'/arch/GINESYS/archivelog/2024_12_31/o1_mf_1_1368488_mq763ytt_.arc' no longer
needed for this recovery


ORA-00279: change 54835462109 generated at 12/31/2024 12:38:57 needed for
thread 1
ORA-00289: suggestion :
/arch/GINESYS/archivelog/2024_12_31/o1_mf_1_1368490_mq764nfl_.arc
ORA-00280: change 54835462109 for thread 1 is in sequence #1368490
ORA-00278: log file
'/arch/GINESYS/archivelog/2024_12_31/o1_mf_1_1368489_mq7649h6_.arc' no longer
needed for this recovery


ORA-00279: change 54835752714 generated at 12/31/2024 12:39:08 needed for
thread 1
ORA-00289: suggestion :
/arch/GINESYS/archivelog/2024_12_31/o1_mf_1_1368491_mq764zoy_.arc
ORA-00280: change 54835752714 for thread 1 is in sequence #1368491
ORA-00278: log file
'/arch/GINESYS/archivelog/2024_12_31/o1_mf_1_1368490_mq764nfl_.arc' no longer
needed for this recovery


ORA-00279: change 54836052390 generated at 12/31/2024 12:39:19 needed for
thread 1
ORA-00289: suggestion :
/arch/GINESYS/archivelog/2024_12_31/o1_mf_1_1368492_mq765bxt_.arc
ORA-00280: change 54836052390 for thread 1 is in sequence #1368492
ORA-00278: log file
'/arch/GINESYS/archivelog/2024_12_31/o1_mf_1_1368491_mq764zoy_.arc' no longer
needed for this recovery


ORA-00279: change 54836350319 generated at 12/31/2024 12:39:30 needed for
thread 1
ORA-00289: suggestion :
/arch/GINESYS/archivelog/2024_12_31/o1_mf_1_1368493_mq7669kq_.arc
ORA-00280: change 54836350319 for thread 1 is in sequence #1368493
ORA-00278: log file
'/arch/GINESYS/archivelog/2024_12_31/o1_mf_1_1368492_mq765bxt_.arc' no longer
needed for this recovery


ORA-00279: change 54836528890 generated at 12/31/2024 12:40:01 needed for
thread 1
ORA-00289: suggestion :
/arch/GINESYS/archivelog/2024_12_31/o1_mf_1_1368494_mq767qrt_.arc
ORA-00280: change 54836528890 for thread 1 is in sequence #1368494
ORA-00278: log file
'/arch/GINESYS/archivelog/2024_12_31/o1_mf_1_1368493_mq7669kq_.arc' no longer
needed for this recovery


ORA-00279: change 54836819944 generated at 12/31/2024 12:40:47 needed for
thread 1
ORA-00289: suggestion :
/arch/GINESYS/archivelog/2024_12_31/o1_mf_1_1368495_mq76b1d3_.arc
ORA-00280: change 54836819944 for thread 1 is in sequence #1368495
ORA-00278: log file
'/arch/GINESYS/archivelog/2024_12_31/o1_mf_1_1368494_mq767qrt_.arc' no longer
needed for this recovery


ORA-00279: change 54836935610 generated at 12/31/2024 12:42:01 needed for
thread 1
ORA-00289: suggestion :
/arch/GINESYS/archivelog/2024_12_31/o1_mf_1_1368496_mq76fspr_.arc
ORA-00280: change 54836935610 for thread 1 is in sequence #1368496
ORA-00278: log file
'/arch/GINESYS/archivelog/2024_12_31/o1_mf_1_1368495_mq76b1d3_.arc' no longer
needed for this recovery


ORA-00279: change 54836966494 generated at 12/31/2024 12:44:01 needed for
thread 1
ORA-00289: suggestion :
/arch/GINESYS/archivelog/2024_12_31/o1_mf_1_1368497_mq76kkg2_.arc
ORA-00280: change 54836966494 for thread 1 is in sequence #1368497
ORA-00278: log file
'/arch/GINESYS/archivelog/2024_12_31/o1_mf_1_1368496_mq76fspr_.arc' no longer
needed for this recovery


ORA-00279: change 54836973446 generated at 12/31/2024 12:46:01 needed for
thread 1
ORA-00289: suggestion :
/arch/GINESYS/archivelog/2024_12_31/o1_mf_1_1368498_mq76o9qh_.arc
ORA-00280: change 54836973446 for thread 1 is in sequence #1368498
ORA-00278: log file
'/arch/GINESYS/archivelog/2024_12_31/o1_mf_1_1368497_mq76kkg2_.arc' no longer
needed for this recovery


ORA-00279: change 54836983053 generated at 12/31/2024 12:48:01 needed for
thread 1
ORA-00289: suggestion :
/arch/GINESYS/archivelog/2024_12_31/o1_mf_1_1368499_mq76s135_.arc
ORA-00280: change 54836983053 for thread 1 is in sequence #1368499
ORA-00278: log file
'/arch/GINESYS/archivelog/2024_12_31/o1_mf_1_1368498_mq76o9qh_.arc' no longer
needed for this recovery


ORA-00279: change 54836993816 generated at 12/31/2024 12:50:01 needed for
thread 1
ORA-00289: suggestion :
/arch/GINESYS/archivelog/2024_12_31/o1_mf_1_1368500_mq76tns3_.arc
ORA-00280: change 54836993816 for thread 1 is in sequence #1368500
ORA-00278: log file
'/arch/GINESYS/archivelog/2024_12_31/o1_mf_1_1368499_mq76s135_.arc' no longer
needed for this recovery


ORA-00279: change 54837268546 generated at 12/31/2024 12:50:52 needed for
thread 1
ORA-00289: suggestion :
/arch/GINESYS/archivelog/2024_12_31/o1_mf_1_1368501_mq76wsh3_.arc
ORA-00280: change 54837268546 for thread 1 is in sequence #1368501
ORA-00278: log file
'/arch/GINESYS/archivelog/2024_12_31/o1_mf_1_1368500_mq76tns3_.arc' no longer
needed for this recovery


ORA-00279: change 54837401696 generated at 12/31/2024 12:52:01 needed for
thread 1
ORA-00289: suggestion :
/arch/GINESYS/archivelog/2024_12_31/o1_mf_1_1368502_mq770ksn_.arc
ORA-00280: change 54837401696 for thread 1 is in sequence #1368502
ORA-00278: log file
'/arch/GINESYS/archivelog/2024_12_31/o1_mf_1_1368501_mq76wsh3_.arc' no longer
needed for this recovery


ORA-00279: change 54837432245 generated at 12/31/2024 12:54:01 needed for
thread 1
ORA-00289: suggestion :
/arch/GINESYS/archivelog/2024_12_31/o1_mf_1_1368503_mq7749od_.arc
ORA-00280: change 54837432245 for thread 1 is in sequence #1368503
ORA-00278: log file
'/arch/GINESYS/archivelog/2024_12_31/o1_mf_1_1368502_mq770ksn_.arc' no longer
needed for this recovery


ORA-00279: change 54837459040 generated at 12/31/2024 12:56:01 needed for
thread 1
ORA-00289: suggestion :
/arch/GINESYS/archivelog/2024_12_31/o1_mf_1_1368504_mq778209_.arc
ORA-00280: change 54837459040 for thread 1 is in sequence #1368504
ORA-00278: log file
'/arch/GINESYS/archivelog/2024_12_31/o1_mf_1_1368503_mq7749od_.arc' no longer
needed for this recovery


ORA-00279: change 54837474675 generated at 12/31/2024 12:58:01 needed for
thread 1
ORA-00289: suggestion :
/arch/GINESYS/archivelog/2024_12_31/o1_mf_1_1368505_mq77c782_.arc
ORA-00280: change 54837474675 for thread 1 is in sequence #1368505
ORA-00278: log file
'/arch/GINESYS/archivelog/2024_12_31/o1_mf_1_1368504_mq778209_.arc' no longer
needed for this recovery


ORA-00279: change 54837651854 generated at 12/31/2024 12:59:43 needed for
thread 1
ORA-00289: suggestion :
/arch/GINESYS/archivelog/2024_12_31/o1_mf_1_1368506_mq77csc0_.arc
ORA-00280: change 54837651854 for thread 1 is in sequence #1368506
ORA-00278: log file
'/arch/GINESYS/archivelog/2024_12_31/o1_mf_1_1368505_mq77c782_.arc' no longer
needed for this recovery


ORA-00279: change 54837887392 generated at 12/31/2024 13:00:01 needed for
thread 1
ORA-00289: suggestion :
/arch/GINESYS/archivelog/2024_12_31/o1_mf_1_1368507_mq77hl17_.arc
ORA-00280: change 54837887392 for thread 1 is in sequence #1368507
ORA-00278: log file
'/arch/GINESYS/archivelog/2024_12_31/o1_mf_1_1368506_mq77csc0_.arc' no longer
needed for this recovery


ORA-00279: change 54837907839 generated at 12/31/2024 13:02:02 needed for
thread 1
ORA-00289: suggestion :
/arch/GINESYS/archivelog/2024_12_31/o1_mf_1_1368508_mq77m9ck_.arc
ORA-00280: change 54837907839 for thread 1 is in sequence #1368508
ORA-00278: log file
'/arch/GINESYS/archivelog/2024_12_31/o1_mf_1_1368507_mq77hl17_.arc' no longer
needed for this recovery


ORA-00279: change 54837922818 generated at 12/31/2024 13:04:01 needed for
thread 1
ORA-00289: suggestion :
/arch/GINESYS/archivelog/2024_12_31/o1_mf_1_1368509_mq77q124_.arc
ORA-00280: change 54837922818 for thread 1 is in sequence #1368509
ORA-00278: log file
'/arch/GINESYS/archivelog/2024_12_31/o1_mf_1_1368508_mq77m9ck_.arc' no longer
needed for this recovery


ORA-00279: change 54837934320 generated at 12/31/2024 13:06:01 needed for
thread 1
ORA-00289: suggestion :
/arch/GINESYS/archivelog/2024_12_31/o1_mf_1_1368510_%u_.arc
ORA-00280: change 54837934320 for thread 1 is in sequence #1368510
ORA-00278: log file
'/arch/GINESYS/archivelog/2024_12_31/o1_mf_1_1368509_mq77q124_.arc' no longer
needed for this recovery


ORA-00308: cannot open archived log
'/arch/GINESYS/archivelog/2024_12_31/o1_mf_1_1368510_%u_.arc'
ORA-27037: unable to obtain file status
Linux-x86_64 Error: 2: No such file or directory
Additional information: 3



Archive Applied
------------------------------------------------------------------------
Last Archive Sequence Applied : 1368509


Finished DATE and TIME
------------------------------
12-31-2024 13:20:50

