
APPLY DATE and TIME
------------------------------
12-31-2024 13:05:04


NAME	  OPEN_MODE	       DATABASE_ROLE
--------- -------------------- ----------------
GINESYS   MOUNTED	       PRIMARY


Archive Applied
------------------------------------------------------------------------
Last Archive Sequence Applied : 1177268

ORA-00279: change 16814509720 generated at 12/31/2024 12:04:01 needed for
thread 1
ORA-00289: suggestion :
/arch/GINESYS/archivelog/2024_12_31/o1_mf_1_1177269_mq746kr4_.arc
ORA-00280: change 16814509720 for thread 1 is in sequence #1177269


ORA-00279: change 16814514084 generated at 12/31/2024 12:06:01 needed for
thread 1
ORA-00289: suggestion :
/arch/GINESYS/archivelog/2024_12_31/o1_mf_1_1177270_mq74b9t9_.arc
ORA-00280: change 16814514084 for thread 1 is in sequence #1177270
ORA-00278: log file
'/arch/GINESYS/archivelog/2024_12_31/o1_mf_1_1177269_mq746kr4_.arc' no longer
needed for this recovery


ORA-00279: change 16814520795 generated at 12/31/2024 12:08:01 needed for
thread 1
ORA-00289: suggestion :
/arch/GINESYS/archivelog/2024_12_31/o1_mf_1_1177271_mq74g1v4_.arc
ORA-00280: change 16814520795 for thread 1 is in sequence #1177271
ORA-00278: log file
'/arch/GINESYS/archivelog/2024_12_31/o1_mf_1_1177270_mq74b9t9_.arc' no longer
needed for this recovery


ORA-00279: change 16814525028 generated at 12/31/2024 12:10:01 needed for
thread 1
ORA-00289: suggestion :
/arch/GINESYS/archivelog/2024_12_31/o1_mf_1_1177272_mq74ks9n_.arc
ORA-00280: change 16814525028 for thread 1 is in sequence #1177272
ORA-00278: log file
'/arch/GINESYS/archivelog/2024_12_31/o1_mf_1_1177271_mq74g1v4_.arc' no longer
needed for this recovery


ORA-00279: change 16814527637 generated at 12/31/2024 12:12:01 needed for
thread 1
ORA-00289: suggestion :
/arch/GINESYS/archivelog/2024_12_31/o1_mf_1_1177273_mq74mwxs_.arc
ORA-00280: change 16814527637 for thread 1 is in sequence #1177273
ORA-00278: log file
'/arch/GINESYS/archivelog/2024_12_31/o1_mf_1_1177272_mq74ks9n_.arc' no longer
needed for this recovery


ORA-00279: change 16814531205 generated at 12/31/2024 12:13:08 needed for
thread 1
ORA-00289: suggestion :
/arch/GINESYS/archivelog/2024_12_31/o1_mf_1_1177274_mq74okl6_.arc
ORA-00280: change 16814531205 for thread 1 is in sequence #1177274
ORA-00278: log file
'/arch/GINESYS/archivelog/2024_12_31/o1_mf_1_1177273_mq74mwxs_.arc' no longer
needed for this recovery


ORA-00279: change 16814536511 generated at 12/31/2024 12:14:01 needed for
thread 1
ORA-00289: suggestion :
/arch/GINESYS/archivelog/2024_12_31/o1_mf_1_1177275_mq74s9m9_.arc
ORA-00280: change 16814536511 for thread 1 is in sequence #1177275
ORA-00278: log file
'/arch/GINESYS/archivelog/2024_12_31/o1_mf_1_1177274_mq74okl6_.arc' no longer
needed for this recovery


ORA-00279: change 16814539584 generated at 12/31/2024 12:16:01 needed for
thread 1
ORA-00289: suggestion :
/arch/GINESYS/archivelog/2024_12_31/o1_mf_1_1177276_mq74x1yc_.arc
ORA-00280: change 16814539584 for thread 1 is in sequence #1177276
ORA-00278: log file
'/arch/GINESYS/archivelog/2024_12_31/o1_mf_1_1177275_mq74s9m9_.arc' no longer
needed for this recovery


ORA-00279: change 16814543953 generated at 12/31/2024 12:18:01 needed for
thread 1
ORA-00289: suggestion :
/arch/GINESYS/archivelog/2024_12_31/o1_mf_1_1177277_mq750slz_.arc
ORA-00280: change 16814543953 for thread 1 is in sequence #1177277
ORA-00278: log file
'/arch/GINESYS/archivelog/2024_12_31/o1_mf_1_1177276_mq74x1yc_.arc' no longer
needed for this recovery


ORA-00279: change 16814549068 generated at 12/31/2024 12:20:01 needed for
thread 1
ORA-00289: suggestion :
/arch/GINESYS/archivelog/2024_12_31/o1_mf_1_1177278_mq754l21_.arc
ORA-00280: change 16814549068 for thread 1 is in sequence #1177278
ORA-00278: log file
'/arch/GINESYS/archivelog/2024_12_31/o1_mf_1_1177277_mq750slz_.arc' no longer
needed for this recovery


ORA-00279: change 16814555504 generated at 12/31/2024 12:22:02 needed for
thread 1
ORA-00289: suggestion :
/arch/GINESYS/archivelog/2024_12_31/o1_mf_1_1177279_mq754xxq_.arc
ORA-00280: change 16814555504 for thread 1 is in sequence #1177279
ORA-00278: log file
'/arch/GINESYS/archivelog/2024_12_31/o1_mf_1_1177278_mq754l21_.arc' no longer
needed for this recovery


ORA-00279: change 16814606690 generated at 12/31/2024 12:22:13 needed for
thread 1
ORA-00289: suggestion :
/arch/GINESYS/archivelog/2024_12_31/o1_mf_1_1177280_mq7550dl_.arc
ORA-00280: change 16814606690 for thread 1 is in sequence #1177280
ORA-00278: log file
'/arch/GINESYS/archivelog/2024_12_31/o1_mf_1_1177279_mq754xxq_.arc' no longer
needed for this recovery


ORA-00279: change 16814657747 generated at 12/31/2024 12:22:16 needed for
thread 1
ORA-00289: suggestion :
/arch/GINESYS/archivelog/2024_12_31/o1_mf_1_1177281_mq7552tc_.arc
ORA-00280: change 16814657747 for thread 1 is in sequence #1177281
ORA-00278: log file
'/arch/GINESYS/archivelog/2024_12_31/o1_mf_1_1177280_mq7550dl_.arc' no longer
needed for this recovery


ORA-00279: change 16814708795 generated at 12/31/2024 12:22:18 needed for
thread 1
ORA-00289: suggestion :
/arch/GINESYS/archivelog/2024_12_31/o1_mf_1_1177282_mq75558q_.arc
ORA-00280: change 16814708795 for thread 1 is in sequence #1177282
ORA-00278: log file
'/arch/GINESYS/archivelog/2024_12_31/o1_mf_1_1177281_mq7552tc_.arc' no longer
needed for this recovery


ORA-00279: change 16814759802 generated at 12/31/2024 12:22:21 needed for
thread 1
ORA-00289: suggestion :
/arch/GINESYS/archivelog/2024_12_31/o1_mf_1_1177283_mq7557pw_.arc
ORA-00280: change 16814759802 for thread 1 is in sequence #1177283
ORA-00278: log file
'/arch/GINESYS/archivelog/2024_12_31/o1_mf_1_1177282_mq75558q_.arc' no longer
needed for this recovery


ORA-00279: change 16814810872 generated at 12/31/2024 12:22:23 needed for
thread 1
ORA-00289: suggestion :
/arch/GINESYS/archivelog/2024_12_31/o1_mf_1_1177284_mq755zgp_.arc
ORA-00280: change 16814810872 for thread 1 is in sequence #1177284
ORA-00278: log file
'/arch/GINESYS/archivelog/2024_12_31/o1_mf_1_1177283_mq7557pw_.arc' no longer
needed for this recovery


ORA-00279: change 16814850128 generated at 12/31/2024 12:22:47 needed for
thread 1
ORA-00289: suggestion :
/arch/GINESYS/archivelog/2024_12_31/o1_mf_1_1177285_mq7561c2_.arc
ORA-00280: change 16814850128 for thread 1 is in sequence #1177285
ORA-00278: log file
'/arch/GINESYS/archivelog/2024_12_31/o1_mf_1_1177284_mq755zgp_.arc' no longer
needed for this recovery


ORA-00279: change 16814889887 generated at 12/31/2024 12:22:49 needed for
thread 1
ORA-00289: suggestion :
/arch/GINESYS/archivelog/2024_12_31/o1_mf_1_1177286_mq7563ty_.arc
ORA-00280: change 16814889887 for thread 1 is in sequence #1177286
ORA-00278: log file
'/arch/GINESYS/archivelog/2024_12_31/o1_mf_1_1177285_mq7561c2_.arc' no longer
needed for this recovery


ORA-00279: change 16814943097 generated at 12/31/2024 12:22:51 needed for
thread 1
ORA-00289: suggestion :
/arch/GINESYS/archivelog/2024_12_31/o1_mf_1_1177287_mq7566th_.arc
ORA-00280: change 16814943097 for thread 1 is in sequence #1177287
ORA-00278: log file
'/arch/GINESYS/archivelog/2024_12_31/o1_mf_1_1177286_mq7563ty_.arc' no longer
needed for this recovery


ORA-00279: change 16815006515 generated at 12/31/2024 12:22:54 needed for
thread 1
ORA-00289: suggestion :
/arch/GINESYS/archivelog/2024_12_31/o1_mf_1_1177288_mq7569tm_.arc
ORA-00280: change 16815006515 for thread 1 is in sequence #1177288
ORA-00278: log file
'/arch/GINESYS/archivelog/2024_12_31/o1_mf_1_1177287_mq7566th_.arc' no longer
needed for this recovery


ORA-00279: change 16815070479 generated at 12/31/2024 12:22:57 needed for
thread 1
ORA-00289: suggestion :
/arch/GINESYS/archivelog/2024_12_31/o1_mf_1_1177289_mq756ctj_.arc
ORA-00280: change 16815070479 for thread 1 is in sequence #1177289
ORA-00278: log file
'/arch/GINESYS/archivelog/2024_12_31/o1_mf_1_1177288_mq7569tm_.arc' no longer
needed for this recovery


ORA-00279: change 16815112795 generated at 12/31/2024 12:22:59 needed for
thread 1
ORA-00289: suggestion :
/arch/GINESYS/archivelog/2024_12_31/o1_mf_1_1177290_mq756grg_.arc
ORA-00280: change 16815112795 for thread 1 is in sequence #1177290
ORA-00278: log file
'/arch/GINESYS/archivelog/2024_12_31/o1_mf_1_1177289_mq756ctj_.arc' no longer
needed for this recovery


ORA-00279: change 16815170840 generated at 12/31/2024 12:23:02 needed for
thread 1
ORA-00289: suggestion :
/arch/GINESYS/archivelog/2024_12_31/o1_mf_1_1177291_mq756l23_.arc
ORA-00280: change 16815170840 for thread 1 is in sequence #1177291
ORA-00278: log file
'/arch/GINESYS/archivelog/2024_12_31/o1_mf_1_1177290_mq756grg_.arc' no longer
needed for this recovery


ORA-00279: change 16815219501 generated at 12/31/2024 12:23:06 needed for
thread 1
ORA-00289: suggestion :
/arch/GINESYS/archivelog/2024_12_31/o1_mf_1_1177292_mq756o44_.arc
ORA-00280: change 16815219501 for thread 1 is in sequence #1177292
ORA-00278: log file
'/arch/GINESYS/archivelog/2024_12_31/o1_mf_1_1177291_mq756l23_.arc' no longer
needed for this recovery


ORA-00279: change 16815272371 generated at 12/31/2024 12:23:09 needed for
thread 1
ORA-00289: suggestion :
/arch/GINESYS/archivelog/2024_12_31/o1_mf_1_1177293_mq756v2s_.arc
ORA-00280: change 16815272371 for thread 1 is in sequence #1177293
ORA-00278: log file
'/arch/GINESYS/archivelog/2024_12_31/o1_mf_1_1177292_mq756o44_.arc' no longer
needed for this recovery


ORA-00279: change 16815340097 generated at 12/31/2024 12:23:15 needed for
thread 1
ORA-00289: suggestion :
/arch/GINESYS/archivelog/2024_12_31/o1_mf_1_1177294_mq757148_.arc
ORA-00280: change 16815340097 for thread 1 is in sequence #1177294
ORA-00278: log file
'/arch/GINESYS/archivelog/2024_12_31/o1_mf_1_1177293_mq756v2s_.arc' no longer
needed for this recovery


ORA-00279: change 16815405901 generated at 12/31/2024 12:23:21 needed for
thread 1
ORA-00289: suggestion :
/arch/GINESYS/archivelog/2024_12_31/o1_mf_1_1177295_mq75774y_.arc
ORA-00280: change 16815405901 for thread 1 is in sequence #1177295
ORA-00278: log file
'/arch/GINESYS/archivelog/2024_12_31/o1_mf_1_1177294_mq757148_.arc' no longer
needed for this recovery


ORA-00279: change 16815480295 generated at 12/31/2024 12:23:27 needed for
thread 1
ORA-00289: suggestion :
/arch/GINESYS/archivelog/2024_12_31/o1_mf_1_1177296_mq757b45_.arc
ORA-00280: change 16815480295 for thread 1 is in sequence #1177296
ORA-00278: log file
'/arch/GINESYS/archivelog/2024_12_31/o1_mf_1_1177295_mq75774y_.arc' no longer
needed for this recovery


ORA-00279: change 16815537544 generated at 12/31/2024 12:23:30 needed for
thread 1
ORA-00289: suggestion :
/arch/GINESYS/archivelog/2024_12_31/o1_mf_1_1177297_mq757j3x_.arc
ORA-00280: change 16815537544 for thread 1 is in sequence #1177297
ORA-00278: log file
'/arch/GINESYS/archivelog/2024_12_31/o1_mf_1_1177296_mq757b45_.arc' no longer
needed for this recovery


ORA-00279: change 16815614587 generated at 12/31/2024 12:23:36 needed for
thread 1
ORA-00289: suggestion :
/arch/GINESYS/archivelog/2024_12_31/o1_mf_1_1177298_mq757m6d_.arc
ORA-00280: change 16815614587 for thread 1 is in sequence #1177298
ORA-00278: log file
'/arch/GINESYS/archivelog/2024_12_31/o1_mf_1_1177297_mq757j3x_.arc' no longer
needed for this recovery


ORA-00279: change 16815674115 generated at 12/31/2024 12:23:39 needed for
thread 1
ORA-00289: suggestion :
/arch/GINESYS/archivelog/2024_12_31/o1_mf_1_1177299_mq757p5f_.arc
ORA-00280: change 16815674115 for thread 1 is in sequence #1177299
ORA-00278: log file
'/arch/GINESYS/archivelog/2024_12_31/o1_mf_1_1177298_mq757m6d_.arc' no longer
needed for this recovery


ORA-00279: change 16815726974 generated at 12/31/2024 12:23:42 needed for
thread 1
ORA-00289: suggestion :
/arch/GINESYS/archivelog/2024_12_31/o1_mf_1_1177300_mq757s74_.arc
ORA-00280: change 16815726974 for thread 1 is in sequence #1177300
ORA-00278: log file
'/arch/GINESYS/archivelog/2024_12_31/o1_mf_1_1177299_mq757p5f_.arc' no longer
needed for this recovery


ORA-00279: change 16815783819 generated at 12/31/2024 12:23:45 needed for
thread 1
ORA-00289: suggestion :
/arch/GINESYS/archivelog/2024_12_31/o1_mf_1_1177301_mq757z8p_.arc
ORA-00280: change 16815783819 for thread 1 is in sequence #1177301
ORA-00278: log file
'/arch/GINESYS/archivelog/2024_12_31/o1_mf_1_1177300_mq757s74_.arc' no longer
needed for this recovery


ORA-00279: change 16815859190 generated at 12/31/2024 12:23:51 needed for
thread 1
ORA-00289: suggestion :
/arch/GINESYS/archivelog/2024_12_31/o1_mf_1_1177302_mq75858g_.arc
ORA-00280: change 16815859190 for thread 1 is in sequence #1177302
ORA-00278: log file
'/arch/GINESYS/archivelog/2024_12_31/o1_mf_1_1177301_mq757z8p_.arc' no longer
needed for this recovery


ORA-00279: change 16815930872 generated at 12/31/2024 12:23:57 needed for
thread 1
ORA-00289: suggestion :
/arch/GINESYS/archivelog/2024_12_31/o1_mf_1_1177303_mq758c7q_.arc
ORA-00280: change 16815930872 for thread 1 is in sequence #1177303
ORA-00278: log file
'/arch/GINESYS/archivelog/2024_12_31/o1_mf_1_1177302_mq75858g_.arc' no longer
needed for this recovery


ORA-00279: change 16815998585 generated at 12/31/2024 12:24:03 needed for
thread 1
ORA-00289: suggestion :
/arch/GINESYS/archivelog/2024_12_31/o1_mf_1_1177304_mq758k97_.arc
ORA-00280: change 16815998585 for thread 1 is in sequence #1177304
ORA-00278: log file
'/arch/GINESYS/archivelog/2024_12_31/o1_mf_1_1177303_mq758c7q_.arc' no longer
needed for this recovery


ORA-00279: change 16816074039 generated at 12/31/2024 12:24:09 needed for
thread 1
ORA-00289: suggestion :
/arch/GINESYS/archivelog/2024_12_31/o1_mf_1_1177305_mq758q77_.arc
ORA-00280: change 16816074039 for thread 1 is in sequence #1177305
ORA-00278: log file
'/arch/GINESYS/archivelog/2024_12_31/o1_mf_1_1177304_mq758k97_.arc' no longer
needed for this recovery


ORA-00279: change 16816151634 generated at 12/31/2024 12:24:15 needed for
thread 1
ORA-00289: suggestion :
/arch/GINESYS/archivelog/2024_12_31/o1_mf_1_1177306_mq758tv9_.arc
ORA-00280: change 16816151634 for thread 1 is in sequence #1177306
ORA-00278: log file
'/arch/GINESYS/archivelog/2024_12_31/o1_mf_1_1177305_mq758q77_.arc' no longer
needed for this recovery


ORA-00279: change 16816229282 generated at 12/31/2024 12:24:18 needed for
thread 1
ORA-00289: suggestion :
/arch/GINESYS/archivelog/2024_12_31/o1_mf_1_1177307_mq758xgw_.arc
ORA-00280: change 16816229282 for thread 1 is in sequence #1177307
ORA-00278: log file
'/arch/GINESYS/archivelog/2024_12_31/o1_mf_1_1177306_mq758tv9_.arc' no longer
needed for this recovery


ORA-00279: change 16816284675 generated at 12/31/2024 12:24:21 needed for
thread 1
ORA-00289: suggestion :
/arch/GINESYS/archivelog/2024_12_31/o1_mf_1_1177308_mq7590vl_.arc
ORA-00280: change 16816284675 for thread 1 is in sequence #1177308
ORA-00278: log file
'/arch/GINESYS/archivelog/2024_12_31/o1_mf_1_1177307_mq758xgw_.arc' no longer
needed for this recovery


ORA-00279: change 16816356813 generated at 12/31/2024 12:24:24 needed for
thread 1
ORA-00289: suggestion :
/arch/GINESYS/archivelog/2024_12_31/o1_mf_1_1177309_mq7596dj_.arc
ORA-00280: change 16816356813 for thread 1 is in sequence #1177309
ORA-00278: log file
'/arch/GINESYS/archivelog/2024_12_31/o1_mf_1_1177308_mq7590vl_.arc' no longer
needed for this recovery


ORA-00279: change 16816438258 generated at 12/31/2024 12:24:30 needed for
thread 1
ORA-00289: suggestion :
/arch/GINESYS/archivelog/2024_12_31/o1_mf_1_1177310_mq7599x6_.arc
ORA-00280: change 16816438258 for thread 1 is in sequence #1177310
ORA-00278: log file
'/arch/GINESYS/archivelog/2024_12_31/o1_mf_1_1177309_mq7596dj_.arc' no longer
needed for this recovery


ORA-00279: change 16816514023 generated at 12/31/2024 12:24:33 needed for
thread 1
ORA-00289: suggestion :
/arch/GINESYS/archivelog/2024_12_31/o1_mf_1_1177311_mq759fcv_.arc
ORA-00280: change 16816514023 for thread 1 is in sequence #1177311
ORA-00278: log file
'/arch/GINESYS/archivelog/2024_12_31/o1_mf_1_1177310_mq7599x6_.arc' no longer
needed for this recovery


ORA-00279: change 16816587822 generated at 12/31/2024 12:24:37 needed for
thread 1
ORA-00289: suggestion :
/arch/GINESYS/archivelog/2024_12_31/o1_mf_1_1177312_mq759j51_.arc
ORA-00280: change 16816587822 for thread 1 is in sequence #1177312
ORA-00278: log file
'/arch/GINESYS/archivelog/2024_12_31/o1_mf_1_1177311_mq759fcv_.arc' no longer
needed for this recovery


ORA-00279: change 16816647037 generated at 12/31/2024 12:24:40 needed for
thread 1
ORA-00289: suggestion :
/arch/GINESYS/archivelog/2024_12_31/o1_mf_1_1177313_mq759mox_.arc
ORA-00280: change 16816647037 for thread 1 is in sequence #1177313
ORA-00278: log file
'/arch/GINESYS/archivelog/2024_12_31/o1_mf_1_1177312_mq759j51_.arc' no longer
needed for this recovery


ORA-00279: change 16816722874 generated at 12/31/2024 12:24:43 needed for
thread 1
ORA-00289: suggestion :
/arch/GINESYS/archivelog/2024_12_31/o1_mf_1_1177314_mq759pfr_.arc
ORA-00280: change 16816722874 for thread 1 is in sequence #1177314
ORA-00278: log file
'/arch/GINESYS/archivelog/2024_12_31/o1_mf_1_1177313_mq759mox_.arc' no longer
needed for this recovery


ORA-00279: change 16816781345 generated at 12/31/2024 12:24:46 needed for
thread 1
ORA-00289: suggestion :
/arch/GINESYS/archivelog/2024_12_31/o1_mf_1_1177315_mq759st0_.arc
ORA-00280: change 16816781345 for thread 1 is in sequence #1177315
ORA-00278: log file
'/arch/GINESYS/archivelog/2024_12_31/o1_mf_1_1177314_mq759pfr_.arc' no longer
needed for this recovery


ORA-00279: change 16816853847 generated at 12/31/2024 12:24:49 needed for
thread 1
ORA-00289: suggestion :
/arch/GINESYS/archivelog/2024_12_31/o1_mf_1_1177316_mq759xj8_.arc
ORA-00280: change 16816853847 for thread 1 is in sequence #1177316
ORA-00278: log file
'/arch/GINESYS/archivelog/2024_12_31/o1_mf_1_1177315_mq759st0_.arc' no longer
needed for this recovery


ORA-00279: change 16816932857 generated at 12/31/2024 12:24:53 needed for
thread 1
ORA-00289: suggestion :
/arch/GINESYS/archivelog/2024_12_31/o1_mf_1_1177317_mq75b0x4_.arc
ORA-00280: change 16816932857 for thread 1 is in sequence #1177317
ORA-00278: log file
'/arch/GINESYS/archivelog/2024_12_31/o1_mf_1_1177316_mq759xj8_.arc' no longer
needed for this recovery


ORA-00279: change 16817005983 generated at 12/31/2024 12:24:56 needed for
thread 1
ORA-00289: suggestion :
/arch/GINESYS/archivelog/2024_12_31/o1_mf_1_1177318_mq75b47y_.arc
ORA-00280: change 16817005983 for thread 1 is in sequence #1177318
ORA-00278: log file
'/arch/GINESYS/archivelog/2024_12_31/o1_mf_1_1177317_mq75b0x4_.arc' no longer
needed for this recovery


ORA-00279: change 16817077350 generated at 12/31/2024 12:25:00 needed for
thread 1
ORA-00289: suggestion :
/arch/GINESYS/archivelog/2024_12_31/o1_mf_1_1177319_mq75b7dz_.arc
ORA-00280: change 16817077350 for thread 1 is in sequence #1177319
ORA-00278: log file
'/arch/GINESYS/archivelog/2024_12_31/o1_mf_1_1177318_mq75b47y_.arc' no longer
needed for this recovery


ORA-00279: change 16817134600 generated at 12/31/2024 12:25:03 needed for
thread 1
ORA-00289: suggestion :
/arch/GINESYS/archivelog/2024_12_31/o1_mf_1_1177320_mq75bblh_.arc
ORA-00280: change 16817134600 for thread 1 is in sequence #1177320
ORA-00278: log file
'/arch/GINESYS/archivelog/2024_12_31/o1_mf_1_1177319_mq75b7dz_.arc' no longer
needed for this recovery


ORA-00279: change 16817201804 generated at 12/31/2024 12:25:06 needed for
thread 1
ORA-00289: suggestion :
/arch/GINESYS/archivelog/2024_12_31/o1_mf_1_1177321_mq75bg7s_.arc
ORA-00280: change 16817201804 for thread 1 is in sequence #1177321
ORA-00278: log file
'/arch/GINESYS/archivelog/2024_12_31/o1_mf_1_1177320_mq75bblh_.arc' no longer
needed for this recovery


ORA-00279: change 16817279056 generated at 12/31/2024 12:25:10 needed for
thread 1
ORA-00289: suggestion :
/arch/GINESYS/archivelog/2024_12_31/o1_mf_1_1177322_mq75bk7d_.arc
ORA-00280: change 16817279056 for thread 1 is in sequence #1177322
ORA-00278: log file
'/arch/GINESYS/archivelog/2024_12_31/o1_mf_1_1177321_mq75bg7s_.arc' no longer
needed for this recovery


ORA-00279: change 16817342241 generated at 12/31/2024 12:25:13 needed for
thread 1
ORA-00289: suggestion :
/arch/GINESYS/archivelog/2024_12_31/o1_mf_1_1177323_mq75bo2r_.arc
ORA-00280: change 16817342241 for thread 1 is in sequence #1177323
ORA-00278: log file
'/arch/GINESYS/archivelog/2024_12_31/o1_mf_1_1177322_mq75bk7d_.arc' no longer
needed for this recovery


ORA-00279: change 16817424166 generated at 12/31/2024 12:25:17 needed for
thread 1
ORA-00289: suggestion :
/arch/GINESYS/archivelog/2024_12_31/o1_mf_1_1177324_mq75bqxk_.arc
ORA-00280: change 16817424166 for thread 1 is in sequence #1177324
ORA-00278: log file
'/arch/GINESYS/archivelog/2024_12_31/o1_mf_1_1177323_mq75bo2r_.arc' no longer
needed for this recovery


ORA-00279: change 16817484978 generated at 12/31/2024 12:25:19 needed for
thread 1
ORA-00289: suggestion :
/arch/GINESYS/archivelog/2024_12_31/o1_mf_1_1177325_mq75bwhl_.arc
ORA-00280: change 16817484978 for thread 1 is in sequence #1177325
ORA-00278: log file
'/arch/GINESYS/archivelog/2024_12_31/o1_mf_1_1177324_mq75bqxk_.arc' no longer
needed for this recovery


ORA-00279: change 16817552352 generated at 12/31/2024 12:25:24 needed for
thread 1
ORA-00289: suggestion :
/arch/GINESYS/archivelog/2024_12_31/o1_mf_1_1177326_mq75bzld_.arc
ORA-00280: change 16817552352 for thread 1 is in sequence #1177326
ORA-00278: log file
'/arch/GINESYS/archivelog/2024_12_31/o1_mf_1_1177325_mq75bwhl_.arc' no longer
needed for this recovery


ORA-00279: change 16817618071 generated at 12/31/2024 12:25:27 needed for
thread 1
ORA-00289: suggestion :
/arch/GINESYS/archivelog/2024_12_31/o1_mf_1_1177327_mq75c340_.arc
ORA-00280: change 16817618071 for thread 1 is in sequence #1177327
ORA-00278: log file
'/arch/GINESYS/archivelog/2024_12_31/o1_mf_1_1177326_mq75bzld_.arc' no longer
needed for this recovery


ORA-00279: change 16817694010 generated at 12/31/2024 12:25:31 needed for
thread 1
ORA-00289: suggestion :
/arch/GINESYS/archivelog/2024_12_31/o1_mf_1_1177328_mq75c644_.arc
ORA-00280: change 16817694010 for thread 1 is in sequence #1177328
ORA-00278: log file
'/arch/GINESYS/archivelog/2024_12_31/o1_mf_1_1177327_mq75c340_.arc' no longer
needed for this recovery


ORA-00279: change 16817758271 generated at 12/31/2024 12:25:34 needed for
thread 1
ORA-00289: suggestion :
/arch/GINESYS/archivelog/2024_12_31/o1_mf_1_1177329_mq75c8sm_.arc
ORA-00280: change 16817758271 for thread 1 is in sequence #1177329
ORA-00278: log file
'/arch/GINESYS/archivelog/2024_12_31/o1_mf_1_1177328_mq75c644_.arc' no longer
needed for this recovery


ORA-00279: change 16817815645 generated at 12/31/2024 12:25:36 needed for
thread 1
ORA-00289: suggestion :
/arch/GINESYS/archivelog/2024_12_31/o1_mf_1_1177330_mq75cdjp_.arc
ORA-00280: change 16817815645 for thread 1 is in sequence #1177330
ORA-00278: log file
'/arch/GINESYS/archivelog/2024_12_31/o1_mf_1_1177329_mq75c8sm_.arc' no longer
needed for this recovery


ORA-00279: change 16817894780 generated at 12/31/2024 12:25:40 needed for
thread 1
ORA-00289: suggestion :
/arch/GINESYS/archivelog/2024_12_31/o1_mf_1_1177331_mq75ckkb_.arc
ORA-00280: change 16817894780 for thread 1 is in sequence #1177331
ORA-00278: log file
'/arch/GINESYS/archivelog/2024_12_31/o1_mf_1_1177330_mq75cdjp_.arc' no longer
needed for this recovery


ORA-00279: change 16817954921 generated at 12/31/2024 12:25:45 needed for
thread 1
ORA-00289: suggestion :
/arch/GINESYS/archivelog/2024_12_31/o1_mf_1_1177332_mq75cnnq_.arc
ORA-00280: change 16817954921 for thread 1 is in sequence #1177332
ORA-00278: log file
'/arch/GINESYS/archivelog/2024_12_31/o1_mf_1_1177331_mq75ckkb_.arc' no longer
needed for this recovery


ORA-00279: change 16818017176 generated at 12/31/2024 12:25:48 needed for
thread 1
ORA-00289: suggestion :
/arch/GINESYS/archivelog/2024_12_31/o1_mf_1_1177333_mq75cqo7_.arc
ORA-00280: change 16818017176 for thread 1 is in sequence #1177333
ORA-00278: log file
'/arch/GINESYS/archivelog/2024_12_31/o1_mf_1_1177332_mq75cnnq_.arc' no longer
needed for this recovery


ORA-00279: change 16818070854 generated at 12/31/2024 12:25:51 needed for
thread 1
ORA-00289: suggestion :
/arch/GINESYS/archivelog/2024_12_31/o1_mf_1_1177334_mq75ctmd_.arc
ORA-00280: change 16818070854 for thread 1 is in sequence #1177334
ORA-00278: log file
'/arch/GINESYS/archivelog/2024_12_31/o1_mf_1_1177333_mq75cqo7_.arc' no longer
needed for this recovery


ORA-00279: change 16818129659 generated at 12/31/2024 12:25:54 needed for
thread 1
ORA-00289: suggestion :
/arch/GINESYS/archivelog/2024_12_31/o1_mf_1_1177335_mq75d0n8_.arc
ORA-00280: change 16818129659 for thread 1 is in sequence #1177335
ORA-00278: log file
'/arch/GINESYS/archivelog/2024_12_31/o1_mf_1_1177334_mq75ctmd_.arc' no longer
needed for this recovery


ORA-00279: change 16818204965 generated at 12/31/2024 12:26:00 needed for
thread 1
ORA-00289: suggestion :
/arch/GINESYS/archivelog/2024_12_31/o1_mf_1_1177336_mq75d3n5_.arc
ORA-00280: change 16818204965 for thread 1 is in sequence #1177336
ORA-00278: log file
'/arch/GINESYS/archivelog/2024_12_31/o1_mf_1_1177335_mq75d0n8_.arc' no longer
needed for this recovery


ORA-00279: change 16818266716 generated at 12/31/2024 12:26:03 needed for
thread 1
ORA-00289: suggestion :
/arch/GINESYS/archivelog/2024_12_31/o1_mf_1_1177337_mq75d6q8_.arc
ORA-00280: change 16818266716 for thread 1 is in sequence #1177337
ORA-00278: log file
'/arch/GINESYS/archivelog/2024_12_31/o1_mf_1_1177336_mq75d3n5_.arc' no longer
needed for this recovery


ORA-00279: change 16818317739 generated at 12/31/2024 12:26:06 needed for
thread 1
ORA-00289: suggestion :
/arch/GINESYS/archivelog/2024_12_31/o1_mf_1_1177338_mq75ddpd_.arc
ORA-00280: change 16818317739 for thread 1 is in sequence #1177338
ORA-00278: log file
'/arch/GINESYS/archivelog/2024_12_31/o1_mf_1_1177337_mq75d6q8_.arc' no longer
needed for this recovery


ORA-00279: change 16818384115 generated at 12/31/2024 12:26:12 needed for
thread 1
ORA-00289: suggestion :
/arch/GINESYS/archivelog/2024_12_31/o1_mf_1_1177339_mq75dlpm_.arc
ORA-00280: change 16818384115 for thread 1 is in sequence #1177339
ORA-00278: log file
'/arch/GINESYS/archivelog/2024_12_31/o1_mf_1_1177338_mq75ddpd_.arc' no longer
needed for this recovery


ORA-00279: change 16818450517 generated at 12/31/2024 12:26:18 needed for
thread 1
ORA-00289: suggestion :
/arch/GINESYS/archivelog/2024_12_31/o1_mf_1_1177340_mq75drq4_.arc
ORA-00280: change 16818450517 for thread 1 is in sequence #1177340
ORA-00278: log file
'/arch/GINESYS/archivelog/2024_12_31/o1_mf_1_1177339_mq75dlpm_.arc' no longer
needed for this recovery


ORA-00279: change 16818516652 generated at 12/31/2024 12:26:24 needed for
thread 1
ORA-00289: suggestion :
/arch/GINESYS/archivelog/2024_12_31/o1_mf_1_1177341_mq75dvq9_.arc
ORA-00280: change 16818516652 for thread 1 is in sequence #1177341
ORA-00278: log file
'/arch/GINESYS/archivelog/2024_12_31/o1_mf_1_1177340_mq75drq4_.arc' no longer
needed for this recovery


ORA-00279: change 16818567667 generated at 12/31/2024 12:26:27 needed for
thread 1
ORA-00289: suggestion :
/arch/GINESYS/archivelog/2024_12_31/o1_mf_1_1177342_mq75dyq1_.arc
ORA-00280: change 16818567667 for thread 1 is in sequence #1177342
ORA-00278: log file
'/arch/GINESYS/archivelog/2024_12_31/o1_mf_1_1177341_mq75dvq9_.arc' no longer
needed for this recovery


ORA-00279: change 16818628751 generated at 12/31/2024 12:26:30 needed for
thread 1
ORA-00289: suggestion :
/arch/GINESYS/archivelog/2024_12_31/o1_mf_1_1177343_mq75f4r7_.arc
ORA-00280: change 16818628751 for thread 1 is in sequence #1177343
ORA-00278: log file
'/arch/GINESYS/archivelog/2024_12_31/o1_mf_1_1177342_mq75dyq1_.arc' no longer
needed for this recovery


ORA-00279: change 16818710250 generated at 12/31/2024 12:26:36 needed for
thread 1
ORA-00289: suggestion :
/arch/GINESYS/archivelog/2024_12_31/o1_mf_1_1177344_mq75f7sd_.arc
ORA-00280: change 16818710250 for thread 1 is in sequence #1177344
ORA-00278: log file
'/arch/GINESYS/archivelog/2024_12_31/o1_mf_1_1177343_mq75f4r7_.arc' no longer
needed for this recovery


ORA-00279: change 16818762310 generated at 12/31/2024 12:26:39 needed for
thread 1
ORA-00289: suggestion :
/arch/GINESYS/archivelog/2024_12_31/o1_mf_1_1177345_mq75ffsy_.arc
ORA-00280: change 16818762310 for thread 1 is in sequence #1177345
ORA-00278: log file
'/arch/GINESYS/archivelog/2024_12_31/o1_mf_1_1177344_mq75f7sd_.arc' no longer
needed for this recovery


ORA-00279: change 16818837294 generated at 12/31/2024 12:26:45 needed for
thread 1
ORA-00289: suggestion :
/arch/GINESYS/archivelog/2024_12_31/o1_mf_1_1177346_mq75fmv6_.arc
ORA-00280: change 16818837294 for thread 1 is in sequence #1177346
ORA-00278: log file
'/arch/GINESYS/archivelog/2024_12_31/o1_mf_1_1177345_mq75ffsy_.arc' no longer
needed for this recovery


ORA-00279: change 16818906302 generated at 12/31/2024 12:26:51 needed for
thread 1
ORA-00289: suggestion :
/arch/GINESYS/archivelog/2024_12_31/o1_mf_1_1177347_mq75fsv3_.arc
ORA-00280: change 16818906302 for thread 1 is in sequence #1177347
ORA-00278: log file
'/arch/GINESYS/archivelog/2024_12_31/o1_mf_1_1177346_mq75fmv6_.arc' no longer
needed for this recovery


ORA-00279: change 16818970176 generated at 12/31/2024 12:26:57 needed for
thread 1
ORA-00289: suggestion :
/arch/GINESYS/archivelog/2024_12_31/o1_mf_1_1177348_mq75fy7n_.arc
ORA-00280: change 16818970176 for thread 1 is in sequence #1177348
ORA-00278: log file
'/arch/GINESYS/archivelog/2024_12_31/o1_mf_1_1177347_mq75fsv3_.arc' no longer
needed for this recovery


ORA-00279: change 16819035710 generated at 12/31/2024 12:27:02 needed for
thread 1
ORA-00289: suggestion :
/arch/GINESYS/archivelog/2024_12_31/o1_mf_1_1177349_mq75g15v_.arc
ORA-00280: change 16819035710 for thread 1 is in sequence #1177349
ORA-00278: log file
'/arch/GINESYS/archivelog/2024_12_31/o1_mf_1_1177348_mq75fy7n_.arc' no longer
needed for this recovery


ORA-00279: change 16819097513 generated at 12/31/2024 12:27:05 needed for
thread 1
ORA-00289: suggestion :
/arch/GINESYS/archivelog/2024_12_31/o1_mf_1_1177350_mq75hsoh_.arc
ORA-00280: change 16819097513 for thread 1 is in sequence #1177350
ORA-00278: log file
'/arch/GINESYS/archivelog/2024_12_31/o1_mf_1_1177349_mq75g15v_.arc' no longer
needed for this recovery


ORA-00279: change 16819100466 generated at 12/31/2024 12:28:01 needed for
thread 1
ORA-00289: suggestion :
/arch/GINESYS/archivelog/2024_12_31/o1_mf_1_1177351_mq75mkq4_.arc
ORA-00280: change 16819100466 for thread 1 is in sequence #1177351
ORA-00278: log file
'/arch/GINESYS/archivelog/2024_12_31/o1_mf_1_1177350_mq75hsoh_.arc' no longer
needed for this recovery


ORA-00279: change 16819110684 generated at 12/31/2024 12:30:01 needed for
thread 1
ORA-00289: suggestion :
/arch/GINESYS/archivelog/2024_12_31/o1_mf_1_1177352_mq75mzoq_.arc
ORA-00280: change 16819110684 for thread 1 is in sequence #1177352
ORA-00278: log file
'/arch/GINESYS/archivelog/2024_12_31/o1_mf_1_1177351_mq75mkq4_.arc' no longer
needed for this recovery


ORA-00279: change 16819112979 generated at 12/31/2024 12:30:15 needed for
thread 1
ORA-00289: suggestion :
/arch/GINESYS/archivelog/2024_12_31/o1_mf_1_1177353_mq75q94k_.arc
ORA-00280: change 16819112979 for thread 1 is in sequence #1177353
ORA-00278: log file
'/arch/GINESYS/archivelog/2024_12_31/o1_mf_1_1177352_mq75mzoq_.arc' no longer
needed for this recovery


ORA-00279: change 16819118243 generated at 12/31/2024 12:32:01 needed for
thread 1
ORA-00289: suggestion :
/arch/GINESYS/archivelog/2024_12_31/o1_mf_1_1177354_mq75s77v_.arc
ORA-00280: change 16819118243 for thread 1 is in sequence #1177354
ORA-00278: log file
'/arch/GINESYS/archivelog/2024_12_31/o1_mf_1_1177353_mq75q94k_.arc' no longer
needed for this recovery


ORA-00279: change 16819119695 generated at 12/31/2024 12:33:03 needed for
thread 1
ORA-00289: suggestion :
/arch/GINESYS/archivelog/2024_12_31/o1_mf_1_1177355_mq75v1r6_.arc
ORA-00280: change 16819119695 for thread 1 is in sequence #1177355
ORA-00278: log file
'/arch/GINESYS/archivelog/2024_12_31/o1_mf_1_1177354_mq75s77v_.arc' no longer
needed for this recovery


ORA-00279: change 16819128291 generated at 12/31/2024 12:34:01 needed for
thread 1
ORA-00289: suggestion :
/arch/GINESYS/archivelog/2024_12_31/o1_mf_1_1177356_mq75ysv4_.arc
ORA-00280: change 16819128291 for thread 1 is in sequence #1177356
ORA-00278: log file
'/arch/GINESYS/archivelog/2024_12_31/o1_mf_1_1177355_mq75v1r6_.arc' no longer
needed for this recovery


ORA-00279: change 16819132983 generated at 12/31/2024 12:36:01 needed for
thread 1
ORA-00289: suggestion :
/arch/GINESYS/archivelog/2024_12_31/o1_mf_1_1177357_mq762kqm_.arc
ORA-00280: change 16819132983 for thread 1 is in sequence #1177357
ORA-00278: log file
'/arch/GINESYS/archivelog/2024_12_31/o1_mf_1_1177356_mq75ysv4_.arc' no longer
needed for this recovery


ORA-00279: change 16819136308 generated at 12/31/2024 12:38:01 needed for
thread 1
ORA-00289: suggestion :
/arch/GINESYS/archivelog/2024_12_31/o1_mf_1_1177358_mq766947_.arc
ORA-00280: change 16819136308 for thread 1 is in sequence #1177358
ORA-00278: log file
'/arch/GINESYS/archivelog/2024_12_31/o1_mf_1_1177357_mq762kqm_.arc' no longer
needed for this recovery


ORA-00279: change 16819142221 generated at 12/31/2024 12:40:01 needed for
thread 1
ORA-00289: suggestion :
/arch/GINESYS/archivelog/2024_12_31/o1_mf_1_1177359_mq76b1ls_.arc
ORA-00280: change 16819142221 for thread 1 is in sequence #1177359
ORA-00278: log file
'/arch/GINESYS/archivelog/2024_12_31/o1_mf_1_1177358_mq766947_.arc' no longer
needed for this recovery


ORA-00279: change 16819144764 generated at 12/31/2024 12:42:01 needed for
thread 1
ORA-00289: suggestion :
/arch/GINESYS/archivelog/2024_12_31/o1_mf_1_1177360_mq76cocp_.arc
ORA-00280: change 16819144764 for thread 1 is in sequence #1177360
ORA-00278: log file
'/arch/GINESYS/archivelog/2024_12_31/o1_mf_1_1177359_mq76b1ls_.arc' no longer
needed for this recovery


ORA-00279: change 16819147484 generated at 12/31/2024 12:42:53 needed for
thread 1
ORA-00289: suggestion :
/arch/GINESYS/archivelog/2024_12_31/o1_mf_1_1177361_mq76fscz_.arc
ORA-00280: change 16819147484 for thread 1 is in sequence #1177361
ORA-00278: log file
'/arch/GINESYS/archivelog/2024_12_31/o1_mf_1_1177360_mq76cocp_.arc' no longer
needed for this recovery


ORA-00279: change 16819156633 generated at 12/31/2024 12:44:01 needed for
thread 1
ORA-00289: suggestion :
/arch/GINESYS/archivelog/2024_12_31/o1_mf_1_1177362_mq76kk2r_.arc
ORA-00280: change 16819156633 for thread 1 is in sequence #1177362
ORA-00278: log file
'/arch/GINESYS/archivelog/2024_12_31/o1_mf_1_1177361_mq76fscz_.arc' no longer
needed for this recovery


ORA-00279: change 16819159995 generated at 12/31/2024 12:46:01 needed for
thread 1
ORA-00289: suggestion :
/arch/GINESYS/archivelog/2024_12_31/o1_mf_1_1177363_mq76o9gj_.arc
ORA-00280: change 16819159995 for thread 1 is in sequence #1177363
ORA-00278: log file
'/arch/GINESYS/archivelog/2024_12_31/o1_mf_1_1177362_mq76kk2r_.arc' no longer
needed for this recovery


ORA-00279: change 16819163456 generated at 12/31/2024 12:48:01 needed for
thread 1
ORA-00289: suggestion :
/arch/GINESYS/archivelog/2024_12_31/o1_mf_1_1177364_mq76s1sx_.arc
ORA-00280: change 16819163456 for thread 1 is in sequence #1177364
ORA-00278: log file
'/arch/GINESYS/archivelog/2024_12_31/o1_mf_1_1177363_mq76o9gj_.arc' no longer
needed for this recovery


ORA-00279: change 16819172806 generated at 12/31/2024 12:50:01 needed for
thread 1
ORA-00289: suggestion :
/arch/GINESYS/archivelog/2024_12_31/o1_mf_1_1177365_mq76wsc9_.arc
ORA-00280: change 16819172806 for thread 1 is in sequence #1177365
ORA-00278: log file
'/arch/GINESYS/archivelog/2024_12_31/o1_mf_1_1177364_mq76s1sx_.arc' no longer
needed for this recovery


ORA-00279: change 16819176857 generated at 12/31/2024 12:52:01 needed for
thread 1
ORA-00289: suggestion :
/arch/GINESYS/archivelog/2024_12_31/o1_mf_1_1177366_mq76y6ys_.arc
ORA-00280: change 16819176857 for thread 1 is in sequence #1177366
ORA-00278: log file
'/arch/GINESYS/archivelog/2024_12_31/o1_mf_1_1177365_mq76wsc9_.arc' no longer
needed for this recovery


ORA-00279: change 16819178419 generated at 12/31/2024 12:52:46 needed for
thread 1
ORA-00289: suggestion :
/arch/GINESYS/archivelog/2024_12_31/o1_mf_1_1177367_mq770k5t_.arc
ORA-00280: change 16819178419 for thread 1 is in sequence #1177367
ORA-00278: log file
'/arch/GINESYS/archivelog/2024_12_31/o1_mf_1_1177366_mq76y6ys_.arc' no longer
needed for this recovery


ORA-00279: change 16819182337 generated at 12/31/2024 12:54:01 needed for
thread 1
ORA-00289: suggestion :
/arch/GINESYS/archivelog/2024_12_31/o1_mf_1_1177368_mq774b2d_.arc
ORA-00280: change 16819182337 for thread 1 is in sequence #1177368
ORA-00278: log file
'/arch/GINESYS/archivelog/2024_12_31/o1_mf_1_1177367_mq770k5t_.arc' no longer
needed for this recovery


ORA-00279: change 16819183101 generated at 12/31/2024 12:56:02 needed for
thread 1
ORA-00289: suggestion :
/arch/GINESYS/archivelog/2024_12_31/o1_mf_1_1177369_mq7781g6_.arc
ORA-00280: change 16819183101 for thread 1 is in sequence #1177369
ORA-00278: log file
'/arch/GINESYS/archivelog/2024_12_31/o1_mf_1_1177368_mq774b2d_.arc' no longer
needed for this recovery


ORA-00279: change 16819184089 generated at 12/31/2024 12:58:01 needed for
thread 1
ORA-00289: suggestion :
/arch/GINESYS/archivelog/2024_12_31/o1_mf_1_1177370_mq77csqr_.arc
ORA-00280: change 16819184089 for thread 1 is in sequence #1177370
ORA-00278: log file
'/arch/GINESYS/archivelog/2024_12_31/o1_mf_1_1177369_mq7781g6_.arc' no longer
needed for this recovery


ORA-00279: change 16819186405 generated at 12/31/2024 13:00:01 needed for
thread 1
ORA-00289: suggestion :
/arch/GINESYS/archivelog/2024_12_31/o1_mf_1_1177371_mq77hkq2_.arc
ORA-00280: change 16819186405 for thread 1 is in sequence #1177371
ORA-00278: log file
'/arch/GINESYS/archivelog/2024_12_31/o1_mf_1_1177370_mq77csqr_.arc' no longer
needed for this recovery


ORA-00279: change 16819187587 generated at 12/31/2024 13:02:01 needed for
thread 1
ORA-00289: suggestion :
/arch/GINESYS/archivelog/2024_12_31/o1_mf_1_1177372_mq77k19c_.arc
ORA-00280: change 16819187587 for thread 1 is in sequence #1177372
ORA-00278: log file
'/arch/GINESYS/archivelog/2024_12_31/o1_mf_1_1177371_mq77hkq2_.arc' no longer
needed for this recovery


ORA-00279: change 16819188648 generated at 12/31/2024 13:02:49 needed for
thread 1
ORA-00289: suggestion :
/arch/GINESYS/archivelog/2024_12_31/o1_mf_1_1177373_mq77m9h5_.arc
ORA-00280: change 16819188648 for thread 1 is in sequence #1177373
ORA-00278: log file
'/arch/GINESYS/archivelog/2024_12_31/o1_mf_1_1177372_mq77k19c_.arc' no longer
needed for this recovery


ORA-00279: change 16819193933 generated at 12/31/2024 13:04:01 needed for
thread 1
ORA-00289: suggestion :
/arch/GINESYS/archivelog/2024_12_31/o1_mf_1_1177374_%u_.arc
ORA-00280: change 16819193933 for thread 1 is in sequence #1177374
ORA-00278: log file
'/arch/GINESYS/archivelog/2024_12_31/o1_mf_1_1177373_mq77m9h5_.arc' no longer
needed for this recovery


ORA-00308: cannot open archived log
'/arch/GINESYS/archivelog/2024_12_31/o1_mf_1_1177374_%u_.arc'
ORA-27037: unable to obtain file status
Linux-x86_64 Error: 2: No such file or directory
Additional information: 3



Archive Applied
------------------------------------------------------------------------
Last Archive Sequence Applied : 1177373


Finished DATE and TIME
------------------------------
12-31-2024 13:19:30

