
APPLY DATE and TIME
------------------------------
12-31-2024 13:01:01


NAME	  OPEN_MODE	       DATABASE_ROLE
--------- -------------------- ----------------
GINESYS   MOUNTED	       PRIMARY


Archive Applied
------------------------------------------------------------------------
Last Archive Sequence Applied : 1768396

ORA-00279: change 31078817949 generated at 12/31/2024 12:00:01 needed for
thread 1
ORA-00289: suggestion :
/arch/GINESYS/archivelog/2024_12_31/o1_mf_1_1768397_mq73z1gv_.arc
ORA-00280: change 31078817949 for thread 1 is in sequence #1768397


ORA-00279: change 31078822412 generated at 12/31/2024 12:02:01 needed for
thread 1
ORA-00289: suggestion :
/arch/GINESYS/archivelog/2024_12_31/o1_mf_1_1768398_mq742sss_.arc
ORA-00280: change 31078822412 for thread 1 is in sequence #1768398
ORA-00278: log file
'/arch/GINESYS/archivelog/2024_12_31/o1_mf_1_1768397_mq73z1gv_.arc' no longer
needed for this recovery


ORA-00279: change 31078834139 generated at 12/31/2024 12:04:01 needed for
thread 1
ORA-00289: suggestion :
/arch/GINESYS/archivelog/2024_12_31/o1_mf_1_1768399_mq746k7v_.arc
ORA-00280: change 31078834139 for thread 1 is in sequence #1768399
ORA-00278: log file
'/arch/GINESYS/archivelog/2024_12_31/o1_mf_1_1768398_mq742sss_.arc' no longer
needed for this recovery


ORA-00279: change 31078838916 generated at 12/31/2024 12:06:01 needed for
thread 1
ORA-00289: suggestion :
/arch/GINESYS/archivelog/2024_12_31/o1_mf_1_1768400_mq74b9n4_.arc
ORA-00280: change 31078838916 for thread 1 is in sequence #1768400
ORA-00278: log file
'/arch/GINESYS/archivelog/2024_12_31/o1_mf_1_1768399_mq746k7v_.arc' no longer
needed for this recovery


ORA-00279: change 31078843050 generated at 12/31/2024 12:08:01 needed for
thread 1
ORA-00289: suggestion :
/arch/GINESYS/archivelog/2024_12_31/o1_mf_1_1768401_mq74d5po_.arc
ORA-00280: change 31078843050 for thread 1 is in sequence #1768401
ORA-00278: log file
'/arch/GINESYS/archivelog/2024_12_31/o1_mf_1_1768400_mq74b9n4_.arc' no longer
needed for this recovery


ORA-00279: change 31078854371 generated at 12/31/2024 12:09:01 needed for
thread 1
ORA-00289: suggestion :
/arch/GINESYS/archivelog/2024_12_31/o1_mf_1_1768402_mq74g20l_.arc
ORA-00280: change 31078854371 for thread 1 is in sequence #1768402
ORA-00278: log file
'/arch/GINESYS/archivelog/2024_12_31/o1_mf_1_1768401_mq74d5po_.arc' no longer
needed for this recovery


ORA-00279: change 31078856416 generated at 12/31/2024 12:10:02 needed for
thread 1
ORA-00289: suggestion :
/arch/GINESYS/archivelog/2024_12_31/o1_mf_1_1768403_mq74ksbj_.arc
ORA-00280: change 31078856416 for thread 1 is in sequence #1768403
ORA-00278: log file
'/arch/GINESYS/archivelog/2024_12_31/o1_mf_1_1768402_mq74g20l_.arc' no longer
needed for this recovery


ORA-00279: change 31078860866 generated at 12/31/2024 12:12:01 needed for
thread 1
ORA-00289: suggestion :
/arch/GINESYS/archivelog/2024_12_31/o1_mf_1_1768404_mq74okpd_.arc
ORA-00280: change 31078860866 for thread 1 is in sequence #1768404
ORA-00278: log file
'/arch/GINESYS/archivelog/2024_12_31/o1_mf_1_1768403_mq74ksbj_.arc' no longer
needed for this recovery


ORA-00279: change 31078866185 generated at 12/31/2024 12:14:01 needed for
thread 1
ORA-00289: suggestion :
/arch/GINESYS/archivelog/2024_12_31/o1_mf_1_1768405_mq74s92p_.arc
ORA-00280: change 31078866185 for thread 1 is in sequence #1768405
ORA-00278: log file
'/arch/GINESYS/archivelog/2024_12_31/o1_mf_1_1768404_mq74okpd_.arc' no longer
needed for this recovery


ORA-00279: change 31078870771 generated at 12/31/2024 12:16:01 needed for
thread 1
ORA-00289: suggestion :
/arch/GINESYS/archivelog/2024_12_31/o1_mf_1_1768406_mq74x1fx_.arc
ORA-00280: change 31078870771 for thread 1 is in sequence #1768406
ORA-00278: log file
'/arch/GINESYS/archivelog/2024_12_31/o1_mf_1_1768405_mq74s92p_.arc' no longer
needed for this recovery


ORA-00279: change 31079017992 generated at 12/31/2024 12:18:01 needed for
thread 1
ORA-00289: suggestion :
/arch/GINESYS/archivelog/2024_12_31/o1_mf_1_1768407_mq74x1gf_.arc
ORA-00280: change 31079017992 for thread 1 is in sequence #1768407
ORA-00278: log file
'/arch/GINESYS/archivelog/2024_12_31/o1_mf_1_1768406_mq74x1fx_.arc' no longer
needed for this recovery


ORA-00279: change 31079017996 generated at 12/31/2024 12:18:01 needed for
thread 1
ORA-00289: suggestion :
/arch/GINESYS/archivelog/2024_12_31/o1_mf_1_1768408_mq750t0k_.arc
ORA-00280: change 31079017996 for thread 1 is in sequence #1768408
ORA-00278: log file
'/arch/GINESYS/archivelog/2024_12_31/o1_mf_1_1768407_mq74x1gf_.arc' no longer
needed for this recovery


ORA-00279: change 31079212223 generated at 12/31/2024 12:20:02 needed for
thread 1
ORA-00289: suggestion :
/arch/GINESYS/archivelog/2024_12_31/o1_mf_1_1768409_mq754kcv_.arc
ORA-00280: change 31079212223 for thread 1 is in sequence #1768409
ORA-00278: log file
'/arch/GINESYS/archivelog/2024_12_31/o1_mf_1_1768408_mq750t0k_.arc' no longer
needed for this recovery


ORA-00279: change 31079357050 generated at 12/31/2024 12:22:01 needed for
thread 1
ORA-00289: suggestion :
/arch/GINESYS/archivelog/2024_12_31/o1_mf_1_1768410_mq7589rs_.arc
ORA-00280: change 31079357050 for thread 1 is in sequence #1768410
ORA-00278: log file
'/arch/GINESYS/archivelog/2024_12_31/o1_mf_1_1768409_mq754kcv_.arc' no longer
needed for this recovery


ORA-00279: change 31079468432 generated at 12/31/2024 12:24:01 needed for
thread 1
ORA-00289: suggestion :
/arch/GINESYS/archivelog/2024_12_31/o1_mf_1_1768411_mq75d15r_.arc
ORA-00280: change 31079468432 for thread 1 is in sequence #1768411
ORA-00278: log file
'/arch/GINESYS/archivelog/2024_12_31/o1_mf_1_1768410_mq7589rs_.arc' no longer
needed for this recovery


ORA-00279: change 31079534252 generated at 12/31/2024 12:26:01 needed for
thread 1
ORA-00289: suggestion :
/arch/GINESYS/archivelog/2024_12_31/o1_mf_1_1768412_mq75fx8l_.arc
ORA-00280: change 31079534252 for thread 1 is in sequence #1768412
ORA-00278: log file
'/arch/GINESYS/archivelog/2024_12_31/o1_mf_1_1768411_mq75d15r_.arc' no longer
needed for this recovery


ORA-00279: change 31079538632 generated at 12/31/2024 12:27:01 needed for
thread 1
ORA-00289: suggestion :
/arch/GINESYS/archivelog/2024_12_31/o1_mf_1_1768413_mq75hsrm_.arc
ORA-00280: change 31079538632 for thread 1 is in sequence #1768413
ORA-00278: log file
'/arch/GINESYS/archivelog/2024_12_31/o1_mf_1_1768412_mq75fx8l_.arc' no longer
needed for this recovery


ORA-00279: change 31079542089 generated at 12/31/2024 12:28:01 needed for
thread 1
ORA-00289: suggestion :
/arch/GINESYS/archivelog/2024_12_31/o1_mf_1_1768414_mq75mk6h_.arc
ORA-00280: change 31079542089 for thread 1 is in sequence #1768414
ORA-00278: log file
'/arch/GINESYS/archivelog/2024_12_31/o1_mf_1_1768413_mq75hsrm_.arc' no longer
needed for this recovery


ORA-00279: change 31079555663 generated at 12/31/2024 12:30:01 needed for
thread 1
ORA-00289: suggestion :
/arch/GINESYS/archivelog/2024_12_31/o1_mf_1_1768415_mq75q99x_.arc
ORA-00280: change 31079555663 for thread 1 is in sequence #1768415
ORA-00278: log file
'/arch/GINESYS/archivelog/2024_12_31/o1_mf_1_1768414_mq75mk6h_.arc' no longer
needed for this recovery


ORA-00279: change 31079565441 generated at 12/31/2024 12:32:01 needed for
thread 1
ORA-00289: suggestion :
/arch/GINESYS/archivelog/2024_12_31/o1_mf_1_1768416_mq75v1op_.arc
ORA-00280: change 31079565441 for thread 1 is in sequence #1768416
ORA-00278: log file
'/arch/GINESYS/archivelog/2024_12_31/o1_mf_1_1768415_mq75q99x_.arc' no longer
needed for this recovery


ORA-00279: change 31079581797 generated at 12/31/2024 12:34:01 needed for
thread 1
ORA-00289: suggestion :
/arch/GINESYS/archivelog/2024_12_31/o1_mf_1_1768417_mq75ys4b_.arc
ORA-00280: change 31079581797 for thread 1 is in sequence #1768417
ORA-00278: log file
'/arch/GINESYS/archivelog/2024_12_31/o1_mf_1_1768416_mq75v1op_.arc' no longer
needed for this recovery


ORA-00279: change 31079587562 generated at 12/31/2024 12:36:01 needed for
thread 1
ORA-00289: suggestion :
/arch/GINESYS/archivelog/2024_12_31/o1_mf_1_1768418_mq75ys4m_.arc
ORA-00280: change 31079587562 for thread 1 is in sequence #1768418
ORA-00278: log file
'/arch/GINESYS/archivelog/2024_12_31/o1_mf_1_1768417_mq75ys4b_.arc' no longer
needed for this recovery


ORA-00279: change 31079587566 generated at 12/31/2024 12:36:01 needed for
thread 1
ORA-00289: suggestion :
/arch/GINESYS/archivelog/2024_12_31/o1_mf_1_1768419_mq762kr1_.arc
ORA-00280: change 31079587566 for thread 1 is in sequence #1768419
ORA-00278: log file
'/arch/GINESYS/archivelog/2024_12_31/o1_mf_1_1768418_mq75ys4m_.arc' no longer
needed for this recovery


ORA-00279: change 31079591056 generated at 12/31/2024 12:38:01 needed for
thread 1
ORA-00289: suggestion :
/arch/GINESYS/archivelog/2024_12_31/o1_mf_1_1768420_mq76693w_.arc
ORA-00280: change 31079591056 for thread 1 is in sequence #1768420
ORA-00278: log file
'/arch/GINESYS/archivelog/2024_12_31/o1_mf_1_1768419_mq762kr1_.arc' no longer
needed for this recovery


ORA-00279: change 31079605451 generated at 12/31/2024 12:40:01 needed for
thread 1
ORA-00289: suggestion :
/arch/GINESYS/archivelog/2024_12_31/o1_mf_1_1768421_mq76b1hs_.arc
ORA-00280: change 31079605451 for thread 1 is in sequence #1768421
ORA-00278: log file
'/arch/GINESYS/archivelog/2024_12_31/o1_mf_1_1768420_mq76693w_.arc' no longer
needed for this recovery


ORA-00279: change 31079610957 generated at 12/31/2024 12:42:01 needed for
thread 1
ORA-00289: suggestion :
/arch/GINESYS/archivelog/2024_12_31/o1_mf_1_1768422_mq76fsw4_.arc
ORA-00280: change 31079610957 for thread 1 is in sequence #1768422
ORA-00278: log file
'/arch/GINESYS/archivelog/2024_12_31/o1_mf_1_1768421_mq76b1hs_.arc' no longer
needed for this recovery


ORA-00279: change 31079617728 generated at 12/31/2024 12:44:01 needed for
thread 1
ORA-00289: suggestion :
/arch/GINESYS/archivelog/2024_12_31/o1_mf_1_1768423_mq76hoz5_.arc
ORA-00280: change 31079617728 for thread 1 is in sequence #1768423
ORA-00278: log file
'/arch/GINESYS/archivelog/2024_12_31/o1_mf_1_1768422_mq76fsw4_.arc' no longer
needed for this recovery


ORA-00279: change 31079621898 generated at 12/31/2024 12:45:01 needed for
thread 1
ORA-00289: suggestion :
/arch/GINESYS/archivelog/2024_12_31/o1_mf_1_1768424_mq76kkdp_.arc
ORA-00280: change 31079621898 for thread 1 is in sequence #1768424
ORA-00278: log file
'/arch/GINESYS/archivelog/2024_12_31/o1_mf_1_1768423_mq76hoz5_.arc' no longer
needed for this recovery


ORA-00279: change 31079624101 generated at 12/31/2024 12:46:01 needed for
thread 1
ORA-00289: suggestion :
/arch/GINESYS/archivelog/2024_12_31/o1_mf_1_1768425_mq76o9pw_.arc
ORA-00280: change 31079624101 for thread 1 is in sequence #1768425
ORA-00278: log file
'/arch/GINESYS/archivelog/2024_12_31/o1_mf_1_1768424_mq76kkdp_.arc' no longer
needed for this recovery


ORA-00279: change 31079635908 generated at 12/31/2024 12:48:01 needed for
thread 1
ORA-00289: suggestion :
/arch/GINESYS/archivelog/2024_12_31/o1_mf_1_1768426_mq76s16d_.arc
ORA-00280: change 31079635908 for thread 1 is in sequence #1768426
ORA-00278: log file
'/arch/GINESYS/archivelog/2024_12_31/o1_mf_1_1768425_mq76o9pw_.arc' no longer
needed for this recovery


ORA-00279: change 31079719826 generated at 12/31/2024 12:50:01 needed for
thread 1
ORA-00289: suggestion :
/arch/GINESYS/archivelog/2024_12_31/o1_mf_1_1768427_mq76wslf_.arc
ORA-00280: change 31079719826 for thread 1 is in sequence #1768427
ORA-00278: log file
'/arch/GINESYS/archivelog/2024_12_31/o1_mf_1_1768426_mq76s16d_.arc' no longer
needed for this recovery


ORA-00279: change 31079856492 generated at 12/31/2024 12:52:01 needed for
thread 1
ORA-00289: suggestion :
/arch/GINESYS/archivelog/2024_12_31/o1_mf_1_1768428_mq770ky3_.arc
ORA-00280: change 31079856492 for thread 1 is in sequence #1768428
ORA-00278: log file
'/arch/GINESYS/archivelog/2024_12_31/o1_mf_1_1768427_mq76wslf_.arc' no longer
needed for this recovery


ORA-00279: change 31080030936 generated at 12/31/2024 12:54:01 needed for
thread 1
ORA-00289: suggestion :
/arch/GINESYS/archivelog/2024_12_31/o1_mf_1_1768429_mq770ky9_.arc
ORA-00280: change 31080030936 for thread 1 is in sequence #1768429
ORA-00278: log file
'/arch/GINESYS/archivelog/2024_12_31/o1_mf_1_1768428_mq770ky3_.arc' no longer
needed for this recovery


ORA-00279: change 31080030940 generated at 12/31/2024 12:54:01 needed for
thread 1
ORA-00289: suggestion :
/arch/GINESYS/archivelog/2024_12_31/o1_mf_1_1768430_mq7749nd_.arc
ORA-00280: change 31080030940 for thread 1 is in sequence #1768430
ORA-00278: log file
'/arch/GINESYS/archivelog/2024_12_31/o1_mf_1_1768429_mq770ky9_.arc' no longer
needed for this recovery


ORA-00279: change 31080220664 generated at 12/31/2024 12:56:01 needed for
thread 1
ORA-00289: suggestion :
/arch/GINESYS/archivelog/2024_12_31/o1_mf_1_1768431_mq77822g_.arc
ORA-00280: change 31080220664 for thread 1 is in sequence #1768431
ORA-00278: log file
'/arch/GINESYS/archivelog/2024_12_31/o1_mf_1_1768430_mq7749nd_.arc' no longer
needed for this recovery


ORA-00279: change 31080258042 generated at 12/31/2024 12:58:02 needed for
thread 1
ORA-00289: suggestion :
/arch/GINESYS/archivelog/2024_12_31/o1_mf_1_1768432_mq77cshp_.arc
ORA-00280: change 31080258042 for thread 1 is in sequence #1768432
ORA-00278: log file
'/arch/GINESYS/archivelog/2024_12_31/o1_mf_1_1768431_mq77822g_.arc' no longer
needed for this recovery


ORA-00279: change 31080279474 generated at 12/31/2024 13:00:01 needed for
thread 1
ORA-00289: suggestion :
/arch/GINESYS/archivelog/2024_12_31/o1_mf_1_1768433_%u_.arc
ORA-00280: change 31080279474 for thread 1 is in sequence #1768433
ORA-00278: log file
'/arch/GINESYS/archivelog/2024_12_31/o1_mf_1_1768432_mq77cshp_.arc' no longer
needed for this recovery


ORA-00308: cannot open archived log
'/arch/GINESYS/archivelog/2024_12_31/o1_mf_1_1768433_%u_.arc'
ORA-27037: unable to obtain file status
Linux-x86_64 Error: 2: No such file or directory
Additional information: 3



Archive Applied
------------------------------------------------------------------------
Last Archive Sequence Applied : 1768432


Finished DATE and TIME
------------------------------
12-31-2024 13:01:11

