PRODUCTION SERVER DISK SPACE START
***********************************************************************************************************************
Filesystem             Size  Used Avail Use% Mounted on
devtmpfs                32G     0   32G   0% /dev
tmpfs                   32G     0   32G   0% /dev/shm
tmpfs                   32G  138M   32G   1% /run
tmpfs                   32G     0   32G   0% /sys/fs/cgroup
/dev/mapper/rhel-root   69G   11G   55G  16% /
/dev/sda2              976M  188M  722M  21% /boot
/dev/sda1             1022M  6.8M 1016M   1% /boot/efi
/dev/mapper/u01-u01    1.2T  735G  412G  65% /u01
tmpfs                  6.3G  1.2M  6.3G   1% /run/user/42
tmpfs                  6.3G  3.5M  6.3G   1% /run/user/1001
PRODUCTION SERVER DISK SPACE END
***********************************************************************************************************************
top - 17:00:01 up 55 days, 22:37,  2 users,  load average: 1.13, 0.68, 0.53
Tasks: 484 total,   3 running, 481 sleeping,   0 stopped,   0 zombie
%Cpu(s):  7.7 us,  4.1 sy,  0.0 ni, 77.8 id,  9.3 wa,  0.5 hi,  0.5 si,  0.0 st
MiB Mem :  64135.5 total,    556.3 free,   2464.1 used,  61115.0 buff/cache
MiB Swap:  65536.0 total,  58788.9 free,   6747.1 used.  33454.3 avail Mem 

    PID USER      PR  NI    VIRT    RES    SHR S  %CPU  %MEM     TIME+ COMMAND
3720039 oracle    20   0   32.5g  10.0g   9.8g D  37.5  15.9   1:18.25 ora_j00+
   1399 polkitd   20   0 2053464  16788   8548 S  18.8   0.0   2:44.61 polkitd
     71 root      20   0       0      0      0 S   6.2   0.0   0:10.11 ksoftir+
   1382 dbus      20   0   83960   5852   3436 S   6.2   0.0   2:18.61 dbus-da+
  20217 oracle    -2   0   32.3g   7360   7276 S   6.2   0.0 274:03.99 ora_vkt+
      1 root      20   0  243440   6216   3856 S   0.0   0.0   1:39.77 systemd
      2 root      20   0       0      0      0 S   0.0   0.0   0:01.29 kthreadd
      3 root       0 -20       0      0      0 I   0.0   0.0   0:00.00 rcu_gp
      4 root       0 -20       0      0      0 I   0.0   0.0   0:00.00 rcu_par+
      6 root       0 -20       0      0      0 I   0.0   0.0   0:00.00 kworker+
      8 root       0 -20       0      0      0 I   0.0   0.0   0:00.00 mm_perc+
      9 root      20   0       0      0      0 S   0.0   0.0   0:12.16 ksoftir+
     10 root      20   0       0      0      0 I   0.0   0.0   2:34.10 rcu_sch+
***********************************************************************************************************************
###LONG RUNNING QUERY FOR MORE THAN ONE MINUTE###
***********************************************************************************************************************

USERNAME			      SID    SERIAL# MINS_RUNNING
------------------------------ ---------- ---------- ------------
MISRETAIL			     1268      63627   3.08333333


USERNAME   SID	 SERIA MINS_RUNNING PROGRAM		 SQL_ID        ADDRESS		TERMINAL	     ACTION		  EVENT 	       LOGON_TIME	    WAIT_CLASS
---------- ----- ----- ------------ -------------------- ------------- ---------------- -------------------- -------------------- -------------------- -------------------- ---------------
MISRETAIL  1268  63627	 3.08333333 oracle@misdb (J000)  6mycj3ancdw7w 0000000836BFC408 UNKNOWN 	     MASTERDATA_ETL_JOB   direct path write te 31-DEC-2024 16:56:56 User I/O

***********************************************************************************************************************
###LONG RUNNING QUERY FOR MORE THAN ONE MINUTE###
***********************************************************************************************************************
***********************************************************************************************************************
###LOCKING SESSION###
***********************************************************************************************************************

no rows selected


no rows selected

***********************************************************************************************************************
###LOCKING SESSION###
***********************************************************************************************************************
********************************************************************************************************************************************************************
###TEMP TABLESPACE###
********************************************************************************************************************************************************************

TABLESPACE			 MB_TOTAL    MB_USED	MB_FREE
------------------------------ ---------- ---------- ----------
TEMP			       65534.9844      11495 54039.9844

********************************************************************************************************************************************************************
###TEMP TABLESPACE###
********************************************************************************************************************************************************************
********************************************************************************************************************************************************************
###SESSION USING TEMP###
********************************************************************************************************************************************************************

SID_SERIAL	USERNAME	OSUSER		     SPID      MODULE			 PROGRAM	    MB_USED TABLESPACE	    STATEMENTS
--------------- --------------- -------------------- --------- ------------------------- --------------- ---------- --------------- ----------
1268,63627	MISRETAIL	oracle		     3720039   DBMS_SCHEDULER		 oracle@misdb (J       9262 TEMP	    2
764,17003	MISRETAIL	SQLSERVERAGENT	     3719549   sqlservr.exe		 oracle@misdb	       2233 TEMP	    1

********************************************************************************************************************************************************************
###SESSION USING TEMP###
********************************************************************************************************************************************************************
********************************************************************************************************************************************************************
********************************************************************************************************************************************************************
###UNDO SEGMENT STATUS START###
********************************************************************************************************************************************************************

TABLESPACE		       STATUS	  SUM_IN_MB	COUNTS
------------------------------ --------- ---------- ----------
UNDOTBS1		       ACTIVE	    80.0625	     4
UNDOTBS1		       EXPIRED	   490.6875	    55
UNDOTBS1		       UNEXPIRED  11851.125	   489

********************************************************************************************************************************************************************
###UNDO SEGMENT STATUS END###
********************************************************************************************************************************************************************
********************************************************************************************************************************************************************
###SESSION USING UNDO START###
********************************************************************************************************************************************************************

       SID    SERIAL# USERNAME			     OSUSER			    PROGRAM			   START_TIME		ACTIVE_UNDO_SIZE_IN_MB
---------- ---------- ------------------------------ ------------------------------ ------------------------------ -------------------- ----------------------
       256	49840 MISRETAIL 		     admin			    Toad.exe			   12/27/24 00:06:44		      .0078125
      1267	58503 MISRETAIL 		     RSB			    dis51usr.exe		   12/31/24 16:37:48		      .0078125
      1268	63627 MISRETAIL 		     oracle			    oracle@misdb (J000) 	   12/31/24 16:56:57		      .0078125

********************************************************************************************************************************************************************
###SESSION USING UNDO END###
********************************************************************************************************************************************************************
