********************************************************************************************************************************************************************
###TABLESPACE INFORMATION START###
********************************************************************************************************************************************************************

TABLESPACE_NAME        TOTAL_GB    USED_GB    FREE_GB	TMAXSIZE      USED%
-------------------- ---------- ---------- ---------- ---------- ----------
USERS			    224        150	   74	     224	 67
INDX			     74 	65	    9	      96	 88
GINOLAP 		     33 	17	   16	      64	 52
TEMP			     32 	 0	   32	      32	  0
UNDOTBS1		     32 	 1	   31	      32	  3
SYSAUX			     29 	 4	   25	      32	 14
SYSTEM			      3 	 1	    2	      32	 33
GIN_TS_TX_DATA		      2 	 0	    2	      32	  0
GIN_TS_NOLOGGING	      2 	 0	    2	      32	  0
GIN_TS_SUMMARY		      2 	 0	    2	      32	  0

10 rows selected.

********************************************************************************************************************************************************************
###TABLESPACE INFORMATION END###
********************************************************************************************************************************************************************
********************************************************************************************************************************************************************
###RMAN BACKUP INFORMATION START###
********************************************************************************************************************************************************************

COMMAND_ID	     START_TIME 	   TIME_TAKEN_DISPLAY	STATUS		INPUT_TYPE    OUTPUT_DEVICE_TYP INPUT_BYTES_DISPLAY  OUTPUT_BYTES_DISPLAY
-------------------- --------------------- -------------------- --------------- ------------- ----------------- -------------------- --------------------
2024-12-31T00:10:02  31-DEC-24 12:10:31 AM 02:58:10		COMPLETED	DB FULL       DISK		  399.80G	       101.61G
2024-12-30T00:10:02  30-DEC-24 12:10:31 AM 02:57:50		COMPLETED	DB FULL       DISK		  399.80G	       101.65G
2024-12-29T00:10:01  29-DEC-24 12:10:30 AM 02:58:00		COMPLETED	DB FULL       DISK		  399.80G	       101.80G
2024-12-28T00:10:01  28-DEC-24 12:10:29 AM 02:58:13		COMPLETED	DB FULL       DISK		  399.80G	       101.74G
2024-12-27T00:10:01  27-DEC-24 12:10:29 AM 02:59:32		COMPLETED	DB FULL       DISK		  399.80G	       101.84G
2024-12-26T00:10:01  26-DEC-24 12:10:29 AM 02:58:12		COMPLETED	DB FULL       DISK		  399.80G	       101.88G
2024-12-25T00:10:02  25-DEC-24 12:10:31 AM 02:58:52		COMPLETED	DB FULL       DISK		  399.80G	       101.97G
2024-12-24T00:10:02  24-DEC-24 12:10:30 AM 02:59:43		COMPLETED	DB FULL       DISK		  399.80G	       102.02G
2024-12-23T00:10:01  23-DEC-24 12:10:30 AM 03:04:42		COMPLETED	DB FULL       DISK		  399.80G	       102.32G
2024-12-22T00:10:01  22-DEC-24 12:10:29 AM 02:58:51		COMPLETED	DB FULL       DISK		  399.80G	       102.25G

10 rows selected.

********************************************************************************************************************************************************************
###RMAN BACKUP INFORMATION END###
********************************************************************************************************************************************************************
********************************************************************************************************************************************************************
### SCHEMA SIZE INFORMATION START ###
********************************************************************************************************************************************************************

OWNER		     SCHEMA_SIZE_MB SCHEMA_SIZE_GB
-------------------- -------------- --------------
SKXR			  215842.13	    210.78
MISRETAIL		   17517.19	     17.11
SYS			    5549.56	      5.42
GINARCHIVE		    3262.75	      3.19
COGS_MIGRATION		     252.19	       .25
GINVIEW 		     242.38	       .24
APEX_040200			194	       .19
MDSYS			      78.69	       .08
XDB			       68.5	       .07
AUDSYS			      37.75	       .04
SYSTEM			      32.19	       .03
GININTG 		      18.31	       .02
ORDDATA 		      16.13	       .02
WMSYS			       7.19	       .01
DVSYS			       4.44		 0
CTXSYS			       3.81		 0
GSMADMIN_INTERNAL	       1.38		 0
GATEWAY 		       1.06		 0
DBSNMP				.75		 0
OUTLN				.56		 0
ORDSYS				.44		 0
OJVMSYS 			.38		 0
SCOTT				.38		 0
LBACSYS 			.31		 0

24 rows selected.

********************************************************************************************************************************************************************
### SCHEMA SIZE INFORMATION END ###
********************************************************************************************************************************************************************
********************************************************************************************************************************************************************
### DATA DELETION  INFORMATION START ###
********************************************************************************************************************************************************************

OWNER SEGMENT_NAME		     SEGMENT_TY TABLE_NAME		       COLUMN_NAME	    TABLESPA SCHEMA_SIZE_MB SCHEMA_SIZE_GIG
----- ------------------------------ ---------- ------------------------------ -------------------- -------- -------------- ---------------
SKXR  SYS_LOB0004082415C00008$$      LOBSEGMENT GDS2_EVENT_QUEUE_DATA_ARCHIVE  BATCH_DATA	    USERS	    6770.19	       6.61
SKXR  SYS_LOB0013165624C00016$$      LOBSEGMENT DXSEND2 		       SENDDATA 	    USERS	    6288.13	       6.14
SKXR  SYS_LOB0013165612C00010$$      LOBSEGMENT DXRECEIVE2		       RECEIVEDATA	    USERS	    6213.13	       6.07
SKXR  SYS_LOB0008563995C00013$$      LOBSEGMENT GDS2_WEBHOOK_SUCCESS	       REQUEST_DATA	    USERS	    2435.19	       2.38
SKXR  SYS_LOB0000096177C00008$$      LOBSEGMENT GDS2_EVENT_QUEUE_DATA	       BATCH_DATA	    USERS	    2432.19	       2.38
SKXR  GDS_INBOUND_QUEUE 	     TABLE							    USERS	       1672	       1.63
SKXR  DXSEND2			     TABLE							    USERS	       1413	       1.38
SKXR  DXRECEIVE2		     TABLE							    USERS		794		.78
SKXR  PSITE_EMRTRANSACTION_LOG	     TABLE							    USERS		576		.56
SKXR  GDS2_EVENT_QUEUE_ARCHIVE	     TABLE							    USERS		467		.46
SKXR  GDS2_EVENT_TRACK_ARCHIVE	     TABLE							    USERS		427		.42
SKXR  SYS_LOB0000095962C00002$$      LOBSEGMENT DXRECEIVEDATA		       FILEDATA 	    USERS	     170.13		.17
SKXR  SYS_LOB0000095965C00002$$      LOBSEGMENT DXSENDDATA		       FILEDATA 	    USERS	     160.13		.16
SKXR  GDS2_WEBHOOK_SUCCESS	     TABLE							    USERS		 80		.08
SKXR  DXSENDDATA		     TABLE							    USERS		 57		.06

15 rows selected.

********************************************************************************************************************************************************************
### DATA DELETION  INFORMATION END ###
********************************************************************************************************************************************************************
********************************************************************************************************************************************************************
###MOST MODIFIED TABLES###
********************************************************************************************************************************************************************

TABLE_NAME				    INSERTS TIMESTAMP LAST_ANALYZED
---------------------------------------- ---------- --------- ---------------
INVSTOCK				      85503 30-DEC-24 28-DEC-24
PSITE_EVENT_ARCHIVE			      77339 31-DEC-24 27-DEC-24
PSITE_POSSTLMAUDIT_HO			      70749 31-DEC-24 28-DEC-24
PSITE_POSBILLITEM			      70069 31-DEC-24 28-DEC-24
OBJECT_SEGMENT				      58926 31-DEC-24 27-DEC-24
STAGING_SETTLEMENTDATA			      54961 31-DEC-24 30-DEC-24
SALSSDET				      43142 30-DEC-24 27-DEC-24
PSITE_POSBILLMOP			      30264 31-DEC-24 28-DEC-24
PSITE_POSBILL				      28952 31-DEC-24 28-DEC-24
PSITE_WEB_EVENT_ARCHIVE 		      27053 31-DEC-24 27-DEC-24
DS_JOB_QUEUE				      26648 31-DEC-24 30-DEC-24
PSITE_POSSTLMAUDIT_POS			      25767 30-DEC-24 28-DEC-24
OBJECT_DUMP				      22765 31-DEC-24 27-DEC-24
SALCSDET				      18397 30-DEC-24 28-DEC-24
PSITE_CUSTOMER_DIST			      18019 31-DEC-24 28-DEC-24
INVGRCCHG_ITEM				      17969 30-DEC-24 28-DEC-24
PURORDCHG_ITEM				      17408 30-DEC-24 28-DEC-24
INVGRCDET				      15489 30-DEC-24 28-DEC-24
INVSTOCK_LOG				      15477 30-DEC-24 30-DEC-24
PURORDDET				      14491 30-DEC-24 28-DEC-24
PSITE_CUSTOMER				      11979 31-DEC-24 28-DEC-24
INVSTOCK_ONHAND_STOCKPOINT_AGG		       9299 30-DEC-24 28-DEC-24
INVSTOCK_ONHAND_AGG			       9102 30-DEC-24 28-DEC-24
ADMERRAUDIT				       8781 31-DEC-24 27-DEC-24
PSITE_ALLOC_ITEM			       8219 30-DEC-24 28-DEC-24
PSITE_POSSTLMSTOCKINFO_HO		       6767 31-DEC-24 27-DEC-24
INVITEMLASTINWARD			       6535 30-DEC-24 28-DEC-24
INVSTOCK_INTRA				       5986 30-DEC-24 28-DEC-24
PSITE_POSSTLMDETAIL			       5971 30-DEC-24 27-DEC-24
DXSESSIONLOG2				       5089 31-DEC-24 27-DEC-24
PSITE_POSSTLMSTOCKRECO_POS		       4243 30-DEC-24 27-DEC-24
INVSTOCK_ONHAND_INTRA_AGG		       4119 30-DEC-24 28-DEC-24
PSITE_POSPAYMOPCOUNT			       4064 30-DEC-24 27-DEC-24
PSITE_POSREPRINTBILLAUDIT		       3635 30-DEC-24 27-DEC-24
FINPOST 				       3599 30-DEC-24 28-DEC-24
PSITE_POSPAYMOP 			       3320 30-DEC-24 27-DEC-24
PSITE_POSSTLMSTOCKINFO_POS		       3093 30-DEC-24 27-DEC-24
PSITE_GRTITEM				       2922 30-DEC-24 27-DEC-24
PSITE_POSBILLITEMRETURN 		       2440 30-DEC-24 27-DEC-24
PSITE_PACKETITEM			       2438 30-DEC-24 28-DEC-24
PSITE_GRCITEM				       2380 30-DEC-24 28-DEC-24
FINCOSTTAG				       2024 30-DEC-24 28-DEC-24
PSITE_ALLOC_ARTICLE			       1507 30-DEC-24 27-DEC-24
PSITE_POSSTLMSESSION			       1429 30-DEC-24 27-DEC-24
PSITE_POSSESSION			       1418 30-DEC-24 27-DEC-24
PSITE_POSSTLMOTH			       1338 30-DEC-24 27-DEC-24
PURORDCHG				       1256 30-DEC-24 28-DEC-24
SALCSMOP				       1176 30-DEC-24 27-DEC-24
SALSSMAIN				       1015 30-DEC-24 27-DEC-24
PO_SEND_MAIL					939 30-DEC-24 27-DEC-24

50 rows selected.


TABLE_NAME				    UPDATES TIMESTAMP LAST_ANALYZED
---------------------------------------- ---------- --------- ---------------
INVSTOCK_ONHAND_AGG			      75405 30-DEC-24 28-DEC-24
INVSTOCK_ONHAND_STOCKPOINT_AGG		      70489 30-DEC-24 28-DEC-24
STAGING_SETTLEMENTDATA			      54781 31-DEC-24 30-DEC-24
PSITE_POSSTLM				      54621 31-DEC-24 30-DEC-24
INVSTOCK				      37088 30-DEC-24 28-DEC-24
INVGRCDET				      30893 30-DEC-24 28-DEC-24
PURORDDET				      30064 30-DEC-24 28-DEC-24
INVSTOCK_LOG				      15477 30-DEC-24 30-DEC-24
DXSESSIONLOG2				      10178 31-DEC-24 27-DEC-24
DS_POS_STATISTICS			       9317 31-DEC-24 30-DEC-24
INVITEMLASTINWARD			       8859 30-DEC-24 28-DEC-24
PSITE_CUSTOMER				       7214 31-DEC-24 28-DEC-24
FINPOST 				       6284 30-DEC-24 28-DEC-24
PURORDMAIN				       4196 30-DEC-24 28-DEC-24
FINCOSTTAG_CHECK			       3296 30-DEC-24 28-DEC-24
FINPOST_CHECK				       2870 30-DEC-24 28-DEC-24
PSITE_PACKET				       2518 30-DEC-24 28-DEC-24
SALSSMAIN				       2030 30-DEC-24 27-DEC-24
INVSTOCK_ONHAND_INTRA_AGG		       1864 30-DEC-24 28-DEC-24
INVGRCMAIN				       1762 30-DEC-24 28-DEC-24
DXSESSIONLOG				       1616 31-DEC-24 27-DEC-24
PSITE_GRT				       1319 30-DEC-24 27-DEC-24
PSITE_POSBILL					967 31-DEC-24 28-DEC-24
PO_SEND_MAIL					941 30-DEC-24 27-DEC-24
SALCSMAIN					851 30-DEC-24 28-DEC-24
ER_LASTPOSBILLSYNCINFO				559 31-DEC-24 30-DEC-24
DXRECEIVE2					470 31-DEC-24 30-DEC-24
ADMLASTNO					268 30-DEC-24 30-DEC-24
PSITE_POSBILLCN 				134 30-DEC-24 27-DEC-24
PSITE_GRC					104 30-DEC-24 28-DEC-24
SALRTDET					102 30-DEC-24 28-DEC-24
INVITEM_PRICE					100 30-DEC-24 27-DEC-24
ADMCMP						 99 31-DEC-24 30-DEC-24
GVLEAVES					 93 30-DEC-24 27-DEC-24
ADMSITE 					 74 31-DEC-24 30-DEC-24
PSITE_EVENT_TRACKING2				 63 31-DEC-24 30-DEC-24
GRIDSTATE					 55 30-DEC-24 27-DEC-24
DXSEND2 					 51 31-DEC-24 30-DEC-24
SALINVDET					 51 30-DEC-24 28-DEC-24
INVDCDET					 51 30-DEC-24 28-DEC-24
PSITE_CUS_BULK_MERGE_SESSION			 50 30-DEC-24 27-DEC-24
PSITE_CUSTOMER_MERGE				 48 30-DEC-24 27-DEC-24
PSITE_EVENT_TRACKING				 47 31-DEC-24 30-DEC-24
POSJOURNAL					 39 30-DEC-24 27-DEC-24
PSITE_ALLOC_ITEM				 34 30-DEC-24 28-DEC-24
PSITE_SALESPERSON				 28 30-DEC-24 28-DEC-24
LOG_TAG_AGG					 21 30-DEC-24 30-DEC-24
INVGRTDET					 12 30-DEC-24 28-DEC-24
INVGRTMAIN					 12 30-DEC-24 28-DEC-24
GVISSUE_JOURNAL 				 10 30-DEC-24 27-DEC-24

50 rows selected.


TABLE_NAME				    DELETES TIMESTAMP LAST_ANALYZED
---------------------------------------- ---------- --------- ---------------
STAGING_SETTLEMENTDATA			      55031 31-DEC-24 30-DEC-24
PSITE_POSSTLMAUDIT_HO			      45108 31-DEC-24 28-DEC-24
DS_JOB_QUEUE				      26648 31-DEC-24 30-DEC-24
PSITE_POSBILLITEM_PARK			      16201 31-DEC-24 30-DEC-24
INVSTOCK_LOG				      15477 30-DEC-24 30-DEC-24
PSITE_POSBILLMOP_PARK			       7133 31-DEC-24 30-DEC-24
PSITE_POSBILL_PARK			       6895 31-DEC-24 30-DEC-24
PSITE_POSBILLITEM			       6285 31-DEC-24 28-DEC-24
PSITE_POSSTLMSTOCKINFO_HO		       3728 31-DEC-24 27-DEC-24
PSITE_POSBILLMOP			       2489 31-DEC-24 28-DEC-24
PSITE_POSBILL				       2242 31-DEC-24 28-DEC-24
ADMERRAUDIT				       1258 31-DEC-24 27-DEC-24
TEMP_PSITE_POSSTLM				610 31-DEC-24 30-DEC-24
PSITE_POSREPRINTBILLAUDIT			598 30-DEC-24 27-DEC-24
PROMO_ASSORTMENT_INCLUDE			485 30-DEC-24 28-DEC-24
PURORDCHG_ITEM					431 30-DEC-24 28-DEC-24
PURORDDET					431 30-DEC-24 28-DEC-24
PSITE_POSBILLITEMRETURN 			254 30-DEC-24 27-DEC-24
INVSTOCK					204 30-DEC-24 28-DEC-24
PSITE_POSSTLMAUDIT_POS				147 30-DEC-24 28-DEC-24
PSITE_CUSTOMER_DIST				 78 31-DEC-24 28-DEC-24
TEMP_ALLOC_CUSTOMER				 67 31-DEC-24 30-DEC-24
PSITE_EVENT_TRACKING2				 63 31-DEC-24 30-DEC-24
PSITE_POSSTLMSTOCKINFO_POS			 53 30-DEC-24 27-DEC-24
PSITE_CUSTOMER					 48 31-DEC-24 28-DEC-24
TEMP_ALLOC_GVLEAVES				 48 30-DEC-24 27-DEC-24
PSITE_EVENT_TRACKING				 47 31-DEC-24 30-DEC-24
PSITE_POSSTLMSTOCKRECO_POS			 44 30-DEC-24 27-DEC-24
TEMP_ALLOC_ITEM 				 44 30-DEC-24 28-DEC-24
PSITE_WEB_EVENT 				 44 31-DEC-24 30-DEC-24
INVGRCCHG_ITEM					 30 30-DEC-24 28-DEC-24
PSITE_POSBILLCNADJ				 20 30-DEC-24 27-DEC-24
FINCOSTTAG					 10 30-DEC-24 28-DEC-24
PSITE_SYSINFO					  9 31-DEC-24 30-DEC-24
PURORDCHG					  8 30-DEC-24 28-DEC-24
OLAP_CUBE_REFRESH_HISTORY			  7 30-DEC-24 27-DEC-24
PURORDMAIN					  6 30-DEC-24 28-DEC-24
INVGRCCHG					  5 30-DEC-24 28-DEC-24
PSITE_TERMINAL					  5 30-DEC-24 27-DEC-24
PSITE_POSBILLMOPDENO				  5 30-DEC-24 27-DEC-24
MDLISTCRITERIADETAIL				  4 30-DEC-24 27-DEC-24
FINCOSTTAG_CHECK				  3 30-DEC-24 28-DEC-24
PSITE_PTCBILL					  3 30-DEC-24 27-DEC-24
PSITE_ALLOCATION_DETAIL 			  3 30-DEC-24 27-DEC-24
FINPOST 					  3 30-DEC-24 28-DEC-24
INVSTOCK_INTRA_LOG				  2 30-DEC-24 30-DEC-24
PSITE_EMRSUBMIT_QUEUE				  2 30-DEC-24 30-DEC-24
FINPOST_CHECK					  1 30-DEC-24 28-DEC-24
PROMO_ASSORTMENT_EXCLUDE			  1 30-DEC-24 28-DEC-24
ADMCMP						  0 31-DEC-24 30-DEC-24

50 rows selected.

********************************************************************************************************************************************************************
###MOST MODIFIED TABLES###
********************************************************************************************************************************************************************
********************************************************************************************************************************************************************
###MST_STATTAB LAST ANALYZED ###
********************************************************************************************************************************************************************

TABLE_NAME				 DBA_STATISTICS  DBA_TABLES
---------------------------------------- --------------- ---------------
INVSTOCK_ONHAND_STOCKPOINT_AGG		 28-DEC-24	 28-DEC-24
INVSTOCK				 28-DEC-24	 28-DEC-24
INVSTOCK_ONHAND_AGG			 28-DEC-24	 28-DEC-24
PURINVMAIN				 28-DEC-24	 28-DEC-24
PURINVCHG				 28-DEC-24	 28-DEC-24
PURINVCHG_ITEM				 28-DEC-24	 28-DEC-24
PURINVDET				 28-DEC-24	 28-DEC-24
INVGRCCHG_ITEM				 28-DEC-24	 28-DEC-24
INVGRCCHG				 28-DEC-24	 28-DEC-24
INVGRCMAIN				 28-DEC-24	 28-DEC-24
INVGRCDET				 28-DEC-24	 28-DEC-24
SALCSDET				 28-DEC-24	 28-DEC-24
SALCSMAIN				 28-DEC-24	 28-DEC-24
PSITE_POSBILLITEM			 28-DEC-24	 28-DEC-24
PSITE_POSBILL				 28-DEC-24	 28-DEC-24
PSITE_POSBILLMOP			 28-DEC-24	 28-DEC-24
FINPOST 				 28-DEC-24	 28-DEC-24
INVDCDET				 28-DEC-24	 28-DEC-24
INVDCMAIN				 28-DEC-24	 28-DEC-24
SALORDDET				 28-DEC-24	 28-DEC-24
SALORDMAIN				 28-DEC-24	 28-DEC-24
TEMP_INVDCSO_CHECK			 28-DEC-24	 28-DEC-24
TEMP_SALINVDET_STAGING			 28-DEC-24	 28-DEC-24
SALINVCHG_ITEM				 28-DEC-24	 28-DEC-24
SALINVCHG				 28-DEC-24	 28-DEC-24
SALINVMAIN				 28-DEC-24	 28-DEC-24
SALINVDET				 28-DEC-24	 28-DEC-24
FINPOST_CHECK				 28-DEC-24	 28-DEC-24
PSITE_GRCCHGITEM			 28-DEC-24	 28-DEC-24
PSITE_GRCITEM				 28-DEC-24	 28-DEC-24
PSITE_GRC				 28-DEC-24	 28-DEC-24
PSITE_GRCCHG				 28-DEC-24	 28-DEC-24
SALORDCHG_ITEM				 28-DEC-24	 28-DEC-24
SALORDCHG				 28-DEC-24	 28-DEC-24
INVITEMLASTINWARD			 28-DEC-24	 28-DEC-24
TEMP_ALLOC_ITEM 			 28-DEC-24	 28-DEC-24
PSITE_AUDITJOURNALITEM			 28-DEC-24	 28-DEC-24
PSITE_AUDITJOURNAL			 28-DEC-24	 28-DEC-24
INT$STG_CREATEITEM_ALL_FLD		 28-DEC-24	 28-DEC-24
PURRTCHG_ITEM				 28-DEC-24	 28-DEC-24
PURRTCHG				 28-DEC-24	 28-DEC-24
PURRTMAIN				 28-DEC-24	 28-DEC-24
PURRTDET				 28-DEC-24	 28-DEC-24
FINCOSTTAG_CHECK			 28-DEC-24	 28-DEC-24
INVGRTCHG_ITEM				 28-DEC-24	 28-DEC-24
INVGRTCHG				 28-DEC-24	 28-DEC-24
INVGRTMAIN				 28-DEC-24	 28-DEC-24
INVGRTDET				 28-DEC-24	 28-DEC-24
FINCOSTTAG				 28-DEC-24	 28-DEC-24
PSITE_ALLOC_ITEM			 28-DEC-24	 28-DEC-24
PSITE_CUSTOMER				 28-DEC-24	 28-DEC-24
INVBARCODELOG				 28-DEC-24	 28-DEC-24
PRDBOMDET				 28-DEC-24	 28-DEC-24
PRDLOTOPERATION 			 28-DEC-24	 28-DEC-24
PSITE_CUSTOMER_DIST			 28-DEC-24	 28-DEC-24
PRDLOTBOM				 28-DEC-24	 28-DEC-24
INVSTOCK_INTRA				 28-DEC-24	 28-DEC-24
INVBINSTOCK_ONHAND			 28-DEC-24	 28-DEC-24
SALRTMAIN				 28-DEC-24	 28-DEC-24
SALRTCHG_ITEM				 28-DEC-24	 28-DEC-24
SALRTCHG				 28-DEC-24	 28-DEC-24
PRDWIPTRANS				 28-DEC-24	 28-DEC-24
SALRTDET				 28-DEC-24	 28-DEC-24
INVSTOCK_ONHAND_INTRA_AGG		 28-DEC-24	 28-DEC-24
PROMO_ASSORTMENT_INCLUDE		 28-DEC-24	 28-DEC-24
PROMO_ASSORTMENT_EXCLUDE		 28-DEC-24	 28-DEC-24
INVPICKLISTMAIN 			 28-DEC-24	 28-DEC-24
PSITE_DELIVERYSLIPITEM			 28-DEC-24	 28-DEC-24
INVPICKLISTDET				 28-DEC-24	 28-DEC-24
PURORDCHG_ITEM				 28-DEC-24	 28-DEC-24
PURORDCHG				 28-DEC-24	 28-DEC-24
PURORDMAIN				 28-DEC-24	 28-DEC-24
PURORDDET				 28-DEC-24	 28-DEC-24
PSITE_POSSTLMAUDIT_POS			 28-DEC-24	 28-DEC-24
PSITE_POSSTLMAUDIT_HO			 28-DEC-24	 28-DEC-24
PSITE_PACKETITEM			 28-DEC-24	 28-DEC-24
PSITE_PACKET				 28-DEC-24	 28-DEC-24
PSITE_SALESPERSON			 28-DEC-24	 28-DEC-24
PSITE_DELIVERYSLIPITEMVOID		 28-DEC-24	 28-DEC-24
PSITE_EMRSUBMIT_QUEUE			 30-DEC-24	 30-DEC-24
INT$STG_CREATEPO_ALL_FLD		 30-DEC-24	 30-DEC-24
PSITE_POSSTLM				 30-DEC-24	 30-DEC-24
TEMP_ALLOC_CUSTOMER			 30-DEC-24	 30-DEC-24
INVSTOCK_LOG				 30-DEC-24	 30-DEC-24

84 rows selected.

********************************************************************************************************************************************************************
###MST_STATTAB LAST ANALYZED ###
********************************************************************************************************************************************************************
********************************************************************************************************************************************************************
###Archive INFORMATION START###
********************************************************************************************************************************************************************

NAME		     SPACE_LIMIT SPACE_USED SPACE_RECLIMABLE NUMBER_OF_FILES
-------------------- ----------- ---------- ---------------- ---------------
/arch/			    1400	174		 173		4879

********************************************************************************************************************************************************************
###Archive INFORMATION END###
********************************************************************************************************************************************************************
