PRODUCTION SERVER DISK SPACE START
***********************************************************************************************************************

Filesystem               Size  Used Avail Use% Mounted on
devtmpfs                  63G     0   63G   0% /dev
tmpfs                     63G  4.0K   63G   1% /dev/shm
tmpfs                     63G  2.3G   61G   4% /run
tmpfs                     63G     0   63G   0% /sys/fs/cgroup
/dev/mapper/rhel-root     99G   34G   60G  36% /
/dev/sdb                 3.5T  315G  3.0T  10% /arch
/dev/sda2                2.0G  143M  1.7G   8% /boot
/dev/sda1                1.9G  9.8M  1.9G   1% /boot/efi
/dev/mapper/rhel-arch    788G  379G  370G  51% /ARCBKP
/dev/mapper/rhel-u01     3.0T  2.5T  328G  89% /u01
/dev/mapper/rhel-backup  3.0T  1.7T  1.2T  59% /backup
tmpfs                     13G  4.0K   13G   1% /run/user/42
tmpfs                     13G   44K   13G   1% /run/user/1001
tmpfs                     13G     0   13G   0% /run/user/0
PRODUCTION SERVER DISK SPACE END
***********************************************************************************************************************
BACKUP SERVER DISK SPACE START
***********************************************************************************************************************
Filesystem             Size  Used Avail Use% Mounted on
devtmpfs                72G     0   72G   0% /dev
tmpfs                   72G     0   72G   0% /dev/shm
tmpfs                   72G  418M   71G   1% /run
tmpfs                   72G     0   72G   0% /sys/fs/cgroup
/dev/mapper/rhel-root  100G  6.7G   94G   7% /
/dev/sdb               2.0T  1.5T  412G  79% /backup
/dev/sda2             1014M  178M  837M  18% /boot
/dev/sda4             1022M  6.5M 1016M   1% /boot/efi
/dev/mapper/rhel-arch  795G  315G  481G  40% /arch
/dev/mapper/rhel-u01   2.1T  1.9T  157G  93% /u01
tmpfs                   15G   44K   15G   1% /run/user/1001
/dev/sr0               4.3G  4.3G     0 100% /run/media/oracle/RHEL-7.9 Server.x86_64
BACKUP SERVER DISK SPACE END
***********************************************************************************************************************
PRODUCTION LOAD
********************************************************************************************************************************************************************

top - 17:30:02 up 44 days,  4:16,  3 users,  load average: 6.60, 7.51, 7.06
Tasks: 915 total,  16 running, 899 sleeping,   0 stopped,   0 zombie
%Cpu(s): 24.5 us,  6.7 sy,  0.0 ni, 66.7 id,  2.1 wa,  0.0 hi,  0.0 si,  0.0 st
KiB Mem : 13143483+total,  2316916 free, 18877492 used, 11024041+buff/cache
KiB Swap: 13421772+total, 12113164+free, 13086084 used. 23765352 avail Mem 

   PID USER      PR  NI    VIRT    RES    SHR S  %CPU %MEM     TIME+ COMMAND
 34968 oracle    20   0 1696776  13696   8004 S 105.9  0.0   0:00.42 azcopy
 34285 oracle    20   0   60.4g   4.7g   4.7g R 100.0  3.7   0:14.75 oracle_34+
 34908 oracle    20   0   60.3g 679268 675444 R 100.0  0.5   0:00.45 oracle_34+
 35030 oracle    20   0   38.0g 282800 279448 R 100.0  0.2   0:00.17 oracle_35+
271392 oracle    20   0   60.4g  36.3g  36.2g R 100.0 28.9  38:07.10 oracle_27+
 19613 oracle    20   0   60.4g  11.2g  11.1g R  94.1  8.9   1:25.78 ora_j002_+
 30192 oracle    20   0   38.1g 155800  42244 R  94.1  0.1  14:13.86 oracle_30+
 32922 oracle    20   0   60.3g   4.9g   4.9g R  94.1  3.9   0:06.39 ora_j003_+
 33355 oracle    20   0   60.4g   2.3g   2.3g R  94.1  1.8   5:49.37 oracle_33+
 28327 oracle    20   0   60.6g  13.0g  12.8g R  88.2 10.4   2:45.82 ora_j000_+
 34219 oracle    20   0   38.2g   6.7g   6.5g R  76.5  5.4   2:17.83 ora_j000_+
 30214 oracle    20   0   60.3g   1.2g   1.1g R  64.7  0.9  10:27.43 oracle_30+
 34953 oracle    20   0  251772  23604   4392 R  58.8  0.0   0:00.24 aws
PRODUCTION LOAD
********************************************************************************************************************************************************************
***********************************************************************************************************************
###LONG RUNNING QUERY FOR MORE THAN ONE MINUTE###
***********************************************************************************************************************

USERNAME			      SID    SERIAL# MINS_RUNNING
------------------------------ ---------- ---------- ------------
SBHO				      449      25837   3.31666667


USERNAME   SID	 SERIA MINS_RUNNING PROGRAM		 SQL_ID        ADDRESS		TERMINAL	     ACTION		  EVENT 	       LOGON_TIME	    WAIT_CLASS
---------- ----- ----- ------------ -------------------- ------------- ---------------- -------------------- -------------------- -------------------- -------------------- ---------------
SBHO	   449	 25837	 3.38333333 oracle@backmis.style 9rq1rpdfpbrjf 0000000ED55C60A0 UNKNOWN 	     MASTERDATA_ETL_JOB   SQL*Net more data fr 31-DEC-2024 17:26:43 Network

***********************************************************************************************************************
###LONG RUNNING QUERY FOR MORE THAN ONE MINUTE###
***********************************************************************************************************************
***********************************************************************************************************************
###LOCKING SESSION###
***********************************************************************************************************************

no rows selected


no rows selected

***********************************************************************************************************************
###LOCKING SESSION###
***********************************************************************************************************************
********************************************************************************************************************************************************************
###TEMP TABLESPACE###
********************************************************************************************************************************************************************

TABLESPACE			 MB_TOTAL    MB_USED	MB_FREE
------------------------------ ---------- ---------- ----------
TEMP				    20624	   2	  20622
TEMPNEW 		       119427.953	5284 114143.953

********************************************************************************************************************************************************************
###TEMP TABLESPACE###
********************************************************************************************************************************************************************
********************************************************************************************************************************************************************
###SESSION USING TEMP###
********************************************************************************************************************************************************************

SID_SERIAL	USERNAME	OSUSER		     SPID      MODULE			 PROGRAM	    MB_USED TABLESPACE	    STATEMENTS
--------------- --------------- -------------------- --------- ------------------------- --------------- ---------- --------------- ----------
1059,11346	SBHO		APPSERVER$	     34835     DataSync.API		 oracle@backmis.	  2 TEMPNEW	    1
1062,37922	SBHO		APPSERVER$	     34886     DataSync.API		 oracle@backmis.	  2 TEMPNEW	    1
1093,56452	SBHO		Administrator	     165413    TOAD 12.9.0.71		 oracle@backmis.	  2 TEMPNEW	    1
1124,60297	GININTG 	Administrator	     226823    TOAD 12.9.0.71		 oracle@backmis.	  1 TEMP	    1
1161,31607	SBHO		SYSTEM		     34285     w3wp.exe 		 oracle@backmis.	  8 TEMPNEW	    4
1220,54667	SBHO		APPSERVER$	     34837     DataSync.API		 oracle@backmis.	  2 TEMPNEW	    1
1252,32151	SBHO		SYSTEM		     34272     w3wp.exe 		 oracle@backmis.	  8 TEMPNEW	    4
1282,60803	SBHO		APPSERVER$	     34839     DataSync.API		 oracle@backmis.	  2 TEMPNEW	    1
1285,12452	SBHO		SYSTEM		     34274     w3wp.exe 		 oracle@backmis.	  6 TEMPNEW	    3
1314,39475	SBHO		SYSTEM		     34276     w3wp.exe 		 oracle@backmis.	  8 TEMPNEW	    4
1317,50896	SBHO		APPSERVER$	     34842     DataSync.API		 oracle@backmis.	  2 TEMPNEW	    1
1346,35112	SBHO		SYSTEM		     34278     w3wp.exe 		 oracle@backmis.	  6 TEMPNEW	    3
1349,48351	SBHO		APPSERVER$	     34844     DataSync.API		 oracle@backmis.	  2 TEMPNEW	    1
1381,30941	SBHO		APPSERVER$	     34890     DataSync.API		 oracle@backmis.	  2 TEMPNEW	    1
1383,42624	SBHO		APPSERVER$	     34846     DataSync.API		 oracle@backmis.	  2 TEMPNEW	    1
1384,17601	SBHO		SYSTEM		     34292     w3wp.exe 		 oracle@backmis.	  6 TEMPNEW	    3
1447,51499	SBHO		Administrator	     179277    TOAD 12.9.0.71		 oracle@backmis.       1164 TEMPNEW	    2
1505,17135	SBHO		APPSERVER$	     34817     DataSync.API		 oracle@backmis.	  2 TEMPNEW	    1
164,36499	SBHO		APPSERVER$	     34858     DataSync.API		 oracle@backmis.	  2 TEMPNEW	    1
262,5703	SBHO		Administrator	     159870    TOAD 12.9.0.71		 oracle@backmis.	  2 TEMPNEW	    1
290,22613	SBHO		APPSERVER$	     34867     DataSync.API		 oracle@backmis.	  2 TEMPNEW	    1
328,40930	SBHO		APPSERVER$	     34869     DataSync.API		 oracle@backmis.	  2 TEMPNEW	    1
329,39274	SBHO		APPSERVER$	     34819     DataSync.API		 oracle@backmis.	  2 TEMPNEW	    1
360,61756	SBHO		APPSERVER$	     34878     DataSync.API		 oracle@backmis.	  2 TEMPNEW	    1
449,25837	SBHO		oracle		     28327     DBMS_SCHEDULER		 oracle@backmis.       4008 TEMPNEW	    2
451,33205	SBHO		APPSERVER$	     34821     DataSync.API		 oracle@backmis.	  2 TEMPNEW	    1
456,64922	SBHO		APPSERVER$	     34882     DataSync.API		 oracle@backmis.	  2 TEMPNEW	    1
483,51562	SBHO		APPSERVER$	     34884     DataSync.API		 oracle@backmis.	  2 TEMPNEW	    1
488,44299	SBHO		SYSTEM		     34193     w3wp.exe 		 oracle@backmis.	  6 TEMPNEW	    3
517,9561	SBHO		APPSERVER$	     34823     DataSync.API		 oracle@backmis.	  2 TEMPNEW	    1
520,29262	SBHO		APPSERVER$	     34888     DataSync.API		 oracle@backmis.	  2 TEMPNEW	    1
552,8455	SBHO		APPSERVER$	     34892     DataSync.API		 oracle@backmis.	  2 TEMPNEW	    1
553,28004	SBHO		APPSERVER$	     34825     DataSync.API		 oracle@backmis.	  2 TEMPNEW	    1
582,9660	SBHO		APPSERVER$	     34827     DataSync.API		 oracle@backmis.	  2 TEMPNEW	    1
612,62189	SBHO		APPSERVER$	     34896     DataSync.API		 oracle@backmis.	  2 TEMPNEW	    1
617,62849	SBHO		Administrator	     33272     GDS.EventBusRunner.exe	 oracle@backmis.	  4 TEMPNEW	    2
646,36347	GININTG 	Administrator	     96359     JDBC Thin Client 	 oracle@backmis.	  1 TEMP	    1
648,44646	SBHO		APPSERVER$	     34898     DataSync.API		 oracle@backmis.	  2 TEMPNEW	    1
69,14088	SBHO		APPSERVER$	     34854     DataSync.API		 oracle@backmis.	  2 TEMPNEW	    1
706,10311	SBHO		APPSERVER$	     34829     DataSync.API		 oracle@backmis.	  2 TEMPNEW	    1
803,51689	SBHO		APPSERVER$	     34814     DataSync.API		 oracle@backmis.	  2 TEMPNEW	    1
930,47255	SBHO		APPSERVER$	     34831     DataSync.API		 oracle@backmis.	  2 TEMPNEW	    1

42 rows selected.

********************************************************************************************************************************************************************
###SESSION USING TEMP###
********************************************************************************************************************************************************************
********************************************************************************************************************************************************************
###UNDO TABLESPACE###
********************************************************************************************************************************************************************

TABLESPACE_NAME 		   SIZEMB    USAGEMB	 FREEMB
------------------------------ ---------- ---------- ----------
UNDOTBS1		       98303.9531      38458 59845.9531

********************************************************************************************************************************************************************
###SESSION USING UNDO###
********************************************************************************************************************************************************************

SID_SERIAL	USERNAME	OSUSER		     PROGRAM		       START_TIME	    ACTIVE_UNDO_SIZE_IN_MB
--------------- --------------- -------------------- ------------------------- -------------------- ----------------------
449,25837	SBHO		oracle		     oracle@backmis.stylebaaza 12/31/24 17:28:27		  .0078125
488,44299	SBHO		SYSTEM		     w3wp.exe		       12/31/24 17:30:18		  .0234375
866,25516	GININTG 	Administrator	     JDBC Thin Client	       12/31/24 17:30:19		  .0234375

*****************************************************************************************************************************************************************
###UNDO SEGMENT STATUS###
********************************************************************************************************************************************************************

TABLESPACE_NAME 	       SIZE_MB	       USAGE_MB        FREE_MB
------------------------------ --------------- --------------- ---------------
UNDOTBS1		       98303.953125    38458	       59845.953125


TABLESPACE		       STATUS	 SUM_IN_MB	 COUNTS
------------------------------ --------- --------------- ---------------
UNDOTBS1		       ACTIVE	 152		 5
UNDOTBS1		       EXPIRED	 14303.3125	 487
UNDOTBS1		       UNEXPIRED 24002.6875	 2076

******************************************************************************************************************************************************************
###UNDO SEGMENT STATUS###
********************************************************************************************************************************************************************
###MV LAST REFRESH TIME###
********************************************************************************************************************************************************************

OWNER		MVIEW_NAME		       LAST_REFRESH_DATE
--------------- ------------------------------ -------------------
SBHO		SITE_MV 		       2024-12-31 17:30:05
SBHO		COST_SHEET_MV		       2024-12-31 17:30:01
SBHO		INVGRP_MV		       2024-12-31 17:30:05
SBHO		CONTROL_SL_MV		       2024-12-31 17:30:05
SBHO		ITEM_MV 		       2024-12-31 17:30:01
SBHO		ROUTE_MV		       2024-12-31 17:30:05
SBHO		LEDGER_MV		       2024-12-31 17:30:01
SBHO		POS_CUSTOMER_MV 	       2024-12-31 17:30:05
SBHO		PRICE_CHART_MV		       2024-12-31 17:30:05
SBHO		SALESPERSON_MV		       2024-12-31 17:30:05
SBHO		COA_MV			       2024-12-31 17:30:01
SBHO		ADMOU_MV		       2024-12-31 17:30:05
SBHO		BOM_MV			       2024-12-31 17:30:00
SBHO		FACT_POS_SALE_DET_MV	       2024-12-31 17:30:01
SBHO		SITE_DETAIL_MV		       2024-12-14 23:35:06

15 rows selected.


OWNER		MVIEW_NAME		       LAST_REFRESH_DATE
--------------- ------------------------------ -------------------
SBHO		SITE_DETAIL_MV		       2024-12-14 23:35:06

********************************************************************************************************************************************************************
###MV LAST REFRESH TIME###
********************************************************************************************************************************************************************
###PROGRAM WISE SESSIONS###
********************************************************************************************************************************************************************

PROGRAM 			    TOTAL_SESSIONS ACTIVE_SESSIONS INACTIVE_SESSIONS
----------------------------------- -------------- --------------- -----------------
oracle@backmis.stylebaazar.in (TNS		 7		 4		   3
w3wp.exe					17		 2		  15
JDBC Thin Client				40		 2		  38
oracle@backmis.stylebaazar.in (J000		 1		 1		   0
oracle@backmis.stylebaazar.in (J004		 1		 1		   0
oracle@backmis.stylebaazar.in (J003		 1		 1		   0
oracle@backmis.stylebaazar.in (J005		 1		 1		   0
DataSync.API					23		 1		  22
oracle@backmis.stylebaazar.in (J009		 1		 1		   0
oracle@backmis.stylebaazar.in (J008		 1		 1		   0
oracle@backmis.stylebaazar.in (J001		 1		 1		   0
oracle@backmis.stylebaazar.in (J007		 1		 1		   0
oracle@backmis.stylebaazar.in (J002		 1		 1		   0
oracle@backmis.stylebaazar.in (J010		 1		 1		   0
sqlplus@backmis.stylebaazar.in (TNS		 1		 1		   0
GDS.EventBusRunner				 1		 1		   0
oracle@backmis.stylebaazar.in (J006		 1		 1		   0
ORACLE.EXE					 1		 0		   1
LaunchPad.exe					 2		 0		   2
dis51usr.exe					 6		 0		   6
Ginesys.API					 1		 0		   1
LicenseManager.Service.exe			 1		 0		   1
Planning.Service.exe				 1		 0		   1
Finance.API					 4		 0		   4
SMTPMailer.Service.exe				 1		 0		   1
eWebReportsScheduler.exe			 2		 0		   2
Toad.exe					 7		 0		   7
GDS.EventBusRunner.exe				 1		 0		   1

28 rows selected.

********************************************************************************************************************************************************************
###TOP CPU CONSUMING SESSION(PROGRAM WISE) START###
********************************************************************************************************************************************************************

      RANK	  SID	 SERIAL# PROGRAM		 CPUMINS LOGON_TIME  ACTION		  EVENT 	       TERMINAL   WAIT_CLASS
---------- ---------- ---------- -------------------- ---------- ----------- -------------------- -------------------- ---------- ---------------
	 1	  385	   32172 oracle@backmis.style	  184.32 18-NOV-2024			  rdbms ipc message    UNKNOWN	  Idle
	 2	  646	   36347 JDBC Thin Client	  116.82 27-DEC-2024			  SQL*Net message from unknown	  Idle
	 3	  961	    2795 oracle@backmis.style	   59.02 18-NOV-2024			  rdbms ipc message    UNKNOWN	  Idle
	 4	  993	   49247 oracle@backmis.style	   57.65 18-NOV-2024			  rdbms ipc message    UNKNOWN	  Idle
	 5	  262	    5703 Toad.exe		   44.14 10-DEC-2024			  SQL*Net message from GINESYSAPI Idle
	 6	  866	   25516 JDBC Thin Client	   38.09 31-DEC-2024			  db file sequential r unknown	  User I/O
	 7	  836	   37412 JDBC Thin Client	   26.78 27-DEC-2024			  SQL*Net message from unknown	  Idle
	 8	  354	   31168 oracle@backmis.style	   17.15 18-NOV-2024			  rdbms ipc message    UNKNOWN	  Idle
	 9	 1287	   26493 JDBC Thin Client	   13.17 31-DEC-2024			  latch: call allocati unknown	  Other
	10	 1223	   25663 GDS.EventBusRunner	    6.11 31-DEC-2024			  db file sequential r APPSERVER  User I/O

10 rows selected.

###TOP CPU CONSUMING SESSION(PROGRAM WISE) END###
********************************************************************************************************************************************************************
###Today Cube Refresh status START###
********************************************************************************************************************************************************************

      CODE DATACUBE_CODE  CUBE_CODE START_TIM END_TIME	RUN_DURATI CREATOR		STATUS		   ERROR_REASON
---------- ------------- ---------- --------- --------- ---------- -------------------- ------------------ ----------------------------------------
    111336	      25       2058 31-DEC-24 31-DEC-24 00:00:09   SRM_Outward_1	Refresh completed
    111335	      25       2058 31-DEC-24 31-DEC-24 00:00:08   SRM_Outward_1	Refresh completed
    111334	      77       2013 31-DEC-24			   Nitin Singhania	In-Progress
    111333	      36       1982 31-DEC-24			   Nitin Singhania	In-Progress
    111332	      25       2058 31-DEC-24 31-DEC-24 00:00:09   SRM_Outward_1	Refresh completed
    111331	      25       2058 31-DEC-24 31-DEC-24 00:00:06   SRM_Outward_1	Refresh completed
    111330	      25       2058 31-DEC-24 31-DEC-24 00:00:05   SRM_Outward_1	Refresh completed
    111329	      21       2035 31-DEC-24 31-DEC-24 00:00:11   SRM_Inward_2 	Refresh completed
    111328	      25       2058 31-DEC-24 31-DEC-24 00:00:05   SRM_Outward_1	Refresh completed
    111327	      25       2058 31-DEC-24 31-DEC-24 00:00:06   SRM_Outward_1	Refresh completed
    111326	      25       2058 31-DEC-24 31-DEC-24 00:00:05   SRM_Outward_1	Refresh completed
    111325	      25       2058 31-DEC-24 31-DEC-24 00:00:06   SRM_Outward_1	Refresh completed
    111324	      25       2058 31-DEC-24 31-DEC-24 00:00:07   SRM_Outward_1	Refresh completed
    111323	      25       2058 31-DEC-24 31-DEC-24 00:00:05   SRM_Outward_1	Refresh completed
    111322	      25       2058 31-DEC-24 31-DEC-24 00:00:06   SRM_Outward_1	Refresh completed
    111321	      25       2058 31-DEC-24 31-DEC-24 00:00:06   SRM_Outward_1	Refresh completed
    111320	      25       2058 31-DEC-24 31-DEC-24 00:00:11   SRM_Outward_1	Refresh completed
    111319	      25       2058 31-DEC-24 31-DEC-24 00:00:10   SRM_Outward_1	Refresh completed
    111318	      21       2035 31-DEC-24 31-DEC-24 00:02:38   SRM_Inward_1 	Refresh completed
    111317	      21       2035 31-DEC-24 31-DEC-24 00:00:52   SRM_Inward_2 	Refresh completed
    111316	      21       2035 31-DEC-24 31-DEC-24 00:00:17   SRM_Inward_2 	Refresh completed
    111315	      21       2035 31-DEC-24 31-DEC-24 00:00:14   SRM_Inward_2 	Refresh completed
    111314	      21       2035 31-DEC-24 31-DEC-24 00:02:44   SRM_Inward_1 	Refresh completed
    111313	      25       2058 31-DEC-24 31-DEC-24 00:00:25   SRM_Outward_2	Refresh completed
    111312	      21       2035 31-DEC-24 31-DEC-24 00:02:29   SRM_Inward_1 	Refresh completed
    111311	      77       2053 31-DEC-24 31-DEC-24 00:40:43   SIBSANKAR SARKAR	Refresh completed
    111310	      25       2058 31-DEC-24 31-DEC-24 00:00:05   SRM_Outward_1	Refresh completed
    111309	      25       2058 31-DEC-24 31-DEC-24 00:00:06   SRM_Outward_1	Refresh completed
    111308	      36       1982 31-DEC-24 31-DEC-24 00:22:02   Nitin Singhania	Refresh completed
    111307	      25       2058 31-DEC-24 31-DEC-24 00:00:15   SRM_Outward_1	Refresh completed
    111306	      77       2053 31-DEC-24 31-DEC-24 00:29:48   SIBSANKAR SARKAR	Refresh completed
    111305	      25       2058 31-DEC-24 31-DEC-24 00:00:20   SRM_Outward_1	Refresh completed
    111299	      21       2035 31-DEC-24 31-DEC-24 00:00:11   SRM_Inward_1 	Refresh completed
    111298	      81       2018 31-DEC-24 31-DEC-24 00:42:33   Amar Kant Singh	Refresh completed
    111297	      77       2040 31-DEC-24 31-DEC-24 00:48:04   Amar Kant Singh	Refresh completed
    111296	      22       1958 31-DEC-24 31-DEC-24 00:00:31   Amar Kant Singh	Refresh completed
    111295	      21       2035 31-DEC-24 31-DEC-24 00:00:12   Soumen Patra 	Refresh completed
    111294	      28       1976 31-DEC-24 31-DEC-24 00:00:01   Chander Singh	Failed		   Object reference not set to an instance
    111293	       5       2033 31-DEC-24 31-DEC-24 01:31:23   Chander Singh	Refresh completed
    111292	      29       1860 31-DEC-24 31-DEC-24 02:05:28   Ginesys		Refresh completed

40 rows selected.

###Today Cube Refresh status END###
********************************************************************************************************************************************************************
********************************************************************************************************************************************************************
###CURRENT ARCHIVE GENERATED###
********************************************************************************************************************************************************************

DAY	    NUM_ARCHIVES_GENERATED ARCHIVE_SIZE_GB
----------- ---------------------- ---------------
2024-12-31		      1840	      81.7
2024-12-30		      1918	     79.58
2024-12-29		       758	     22.89
2024-12-28		       864	      28.4
2024-12-27		      2380	    101.89

********************************************************************************************************************************************************************
###CURRENT ARCHIVE GENERATED###
********************************************************************************************************************************************************************
