PRODUCTION SERVER DISK SPACE
********************************************************************************************************************************************************************

Filesystem             Size  Used Avail Use% Mounted on
devtmpfs                63G     0   63G   0% /dev
tmpfs                   63G  1.7M   63G   1% /dev/shm
tmpfs                   63G  4.1G   59G   7% /run
tmpfs                   63G     0   63G   0% /sys/fs/cgroup
/dev/mapper/rhel-root   99G  9.6G   84G  11% /
/dev/sda2              976M  190M  720M  21% /boot
/dev/sdb2              1.3T  394G  775G  34% /arch
/dev/sda1             1022M  8.4M 1014M   1% /boot/efi
/dev/sdb1              1.4T  1.1T  240G  83% /backup
/dev/mapper/rhel-u02   1.6T   75G  1.5T   5% /u02
/dev/mapper/rhel-u01   1.7T  1.3T  370G  78% /u01
tmpfs                   13G     0   13G   0% /run/user/1001
tmpfs                   13G   44K   13G   1% /run/user/0
PRODUCTION SERVER DISK SPACE
********************************************************************************************************************************************************************
BACKUP SERVER DISK SPACE START
********************************************************************************************************************************************************************
Filesystem               Size  Used Avail Use% Mounted on
devtmpfs                  55G     0   55G   0% /dev
tmpfs                     55G     0   55G   0% /dev/shm
tmpfs                     55G  691M   55G   2% /run
tmpfs                     55G     0   55G   0% /sys/fs/cgroup
/dev/mapper/rhel00-root   99G   14G   80G  15% /
/dev/sda2                976M  242M  667M  27% /boot
/dev/sda1               1022M  8.4M 1014M   1% /boot/efi
/dev/mapper/rhel-home    1.3T  1.1T  103G  92% /backup
/dev/mapper/rhel00-arch  966G  419G  499G  46% /arch
/dev/mapper/rhel00-u01   1.7T  1.2T  399G  75% /u01
tmpfs                     11G   16K   11G   1% /run/user/42
tmpfs                     11G     0   11G   0% /run/user/1001
tmpfs                     11G     0   11G   0% /run/user/0
BACKUP SERVER DISK SPACE END
********************************************************************************************************************************************************************
PRODUCTION LOAD
********************************************************************************************************************************************************************

top - 17:30:02 up 289 days,  2:04,  5 users,  load average: 2.21, 2.55, 2.45
Tasks: 1321 total,   1 running, 1320 sleeping,   0 stopped,   0 zombie
%Cpu(s):  0.2 us,  0.4 sy,  0.0 ni, 98.6 id,  0.7 wa,  0.0 hi,  0.0 si,  0.0 st
KiB Mem : 13142464+total, 11495068 free, 12153416 used, 10777615+buff/cache
KiB Swap: 13421772+total, 12212010+free, 12097620 used. 72989056 avail Mem 

   PID USER      PR  NI    VIRT    RES    SHR S  %CPU %MEM     TIME+ COMMAND
 61189 oracle    20   0   52.0g   2.1g   2.1g D  17.6  1.7   0:17.27 oracle_61+
 62115 oracle    20   0  163324   3280   1536 R  11.8  0.0   0:00.03 top
268348 root      20   0  721988  79640   1800 S  11.8  0.1   2836:37 gsd-color
  2197 root      20   0   21956   1236    868 S   5.9  0.0 341:20.00 irqbalance
 62044 oracle    20   0   52.0g 207896 202848 S   5.9  0.2   0:00.14 oracle_62+
 62056 oracle    20   0   52.0g  31876  28588 S   5.9  0.0   0:00.02 oracle_62+
 62112 oracle    20   0   52.0g  31316  28076 S   5.9  0.0   0:00.02 oracle_62+
 62118 oracle    20   0   52.0g  28124  24948 S   5.9  0.0   0:00.01 oracle_62+
 62120 oracle    20   0   52.0g  30940  27652 S   5.9  0.0   0:00.01 oracle_62+
     1 root      20   0  191528   3224   1688 S   0.0  0.0   1369:51 systemd
     2 root      20   0       0      0      0 S   0.0  0.0   5:02.97 kthreadd
     4 root       0 -20       0      0      0 S   0.0  0.0   0:00.00 kworker/0+
     6 root      20   0       0      0      0 S   0.0  0.0  34:03.27 ksoftirqd+
PRODUCTION LOAD
********************************************************************************************************************************************************************
********************************************************************************************************************************************************************
###LONG RUNNING QUERY FOR MORE THAN ONE MINUTE###
********************************************************************************************************************************************************************

no rows selected


no rows selected

********************************************************************************************************************************************************************
###LONG RUNNING QUERY FOR MORE THAN ONE MINUTE###
********************************************************************************************************************************************************************
********************************************************************************************************************************************************************
###LOCKING SESSION###
********************************************************************************************************************************************************************

no rows selected


no rows selected

********************************************************************************************************************************************************************
###LOCKING SESSION###
********************************************************************************************************************************************************************
********************************************************************************************************************************************************************
###KILLED SESSION###
********************************************************************************************************************************************************************

  COUNT(*) KILL_TIME SESSION_L
---------- --------- ---------
	 2 30-DEC-24 30-DEC-24
	 3 29-DEC-24 29-DEC-24
	 1 22-DEC-24 22-DEC-24
	 3 20-DEC-24 20-DEC-24
	 1 19-DEC-24 19-DEC-24
	 1 17-DEC-24 17-DEC-24
	 1 15-DEC-24 15-DEC-24
	 2 13-DEC-24 13-DEC-24
	 1 12-DEC-24 12-DEC-24
	 3 11-DEC-24 11-DEC-24

10 rows selected.

********************************************************************************************************************************************************************
###KILLED SESSION###
********************************************************************************************************************************************************************
********************************************************************************************************************************************************************
###TEMP TABLESPACE###
********************************************************************************************************************************************************************

TABLESPACE			 MB_TOTAL    MB_USED	MB_FREE
------------------------------ ---------- ---------- ----------
TEMP			       65534.9844	  44 65490.9844

********************************************************************************************************************************************************************
###TEMP TABLESPACE###
********************************************************************************************************************************************************************
********************************************************************************************************************************************************************
###SESSION USING TEMP###
********************************************************************************************************************************************************************

SID_SERIAL	USERNAME	OSUSER		     SPID      MODULE			 PROGRAM	    MB_USED TABLESPACE	    STATEMENTS
--------------- --------------- -------------------- --------- ------------------------- --------------- ---------- --------------- ----------
1461,50550	MMPL		SYSTEM		     61183     w3wp.exe 		 oracle@prd		  7 TEMP	    5
1730,16229	MMPL		ASHOK		     71865     TOAD 12.9.0.71		 oracle@prd		  1 TEMP	    1
1812,56970	MMPL		SYSTEM		     61187     w3wp.exe 		 oracle@prd		  3 TEMP	    3
1841,5362	MMPL		SYSTEM		     61189     w3wp.exe 		 oracle@prd		  5 TEMP	    5
1867,1590	MMPL		SYSTEM		     61191     w3wp.exe 		 oracle@prd		  3 TEMP	    3
1893,2617	MMPL		SYSTEM		     61193     w3wp.exe 		 oracle@prd		  5 TEMP	    5
1919,32126	MMPL		GINESYS$	     61992     DataSync.API		 oracle@prd		  1 TEMP	    1
2432,1402	MMPL		GINESYS$	     61995     DataSync.API		 oracle@prd		  1 TEMP	    1
2462,593	MMPL		SYSTEM		     61050     w3wp.exe 		 oracle@prd		  5 TEMP	    5
2486,22226	MMPL		SYSTEM		     61052     w3wp.exe 		 oracle@prd		  3 TEMP	    3
2512,63598	MMPL		SYSTEM		     61054     w3wp.exe 		 oracle@prd		  3 TEMP	    3
2540,19285	MMPL		SYSTEM		     61056     w3wp.exe 		 oracle@prd		  3 TEMP	    3
545,19656	MMPL		SYSTEM		     62041     GinApps.Scheduler.exe	 oracle@prd		  1 TEMP	    1
842,13901	MMPL		SYSTEM		     61185     w3wp.exe 		 oracle@prd		  3 TEMP	    3

14 rows selected.

********************************************************************************************************************************************************************
###SESSION USING TEMP###
********************************************************************************************************************************************************************
********************************************************************************************************************************************************************
###MV LAST REFRESH TIME###
********************************************************************************************************************************************************************

OWNER		MVIEW_NAME		       LAST_REFRESH_DATE
--------------- ------------------------------ -------------------
MMPL		ADMOU_MV		       2024-12-31 17:27:00
MMPL		BOM_MV			       2024-12-31 17:26:59
MMPL		SITE_MV 		       2024-12-31 17:27:00
MMPL		COA_MV			       2024-12-31 17:26:59
MMPL		CONTROL_SL_MV		       2024-12-31 17:27:00
MMPL		LEDGER_MV		       2024-12-31 17:26:59
MMPL		POS_CUSTOMER_MV 	       2024-12-31 17:27:00
MMPL		PRICE_CHART_MV		       2024-12-31 17:27:00
MMPL		ROUTE_MV		       2024-12-31 17:27:00
MMPL		SALESPERSON_MV		       2024-12-31 17:27:00
MMPL		COST_SHEET_MV		       2024-12-31 17:26:59
MMPL		FACT_POS_SALE_DET_MV	       2024-12-31 17:29:01
MMPL		INVGRP_MV		       2024-12-31 17:27:00
MMPL		ITEM_MV 		       2024-12-31 17:26:59

14 rows selected.


no rows selected

********************************************************************************************************************************************************************
###MV LAST REFRESH TIME###
********************************************************************************************************************************************************************
###PROGRAM WISE SESSIONS###
********************************************************************************************************************************************************************

PROGRAM 			    TOTAL_SESSIONS ACTIVE_SESSIONS INACTIVE_SESSIONS
----------------------------------- -------------- --------------- -----------------
sqlplus@prd (TNS V1-V3) 			 1		 1		   0
oracle@prd (J000)				 1		 1		   0
oracle@prd (J004)				 1		 1		   0
oracle@prd (J001)				 1		 1		   0
oracle@prd (J003)				 1		 1		   0
oracle@prd (J002)				 1		 1		   0
LicenseManager.exe				 2		 0		   2
w3wp.exe					15		 0		  15
DataSync.API					16		 0		  16
POSDxDataGatherer.exe				 1		 0		   1
ORACLE.EXE					32		 0		  32
LaunchPad.exe					48		 0		  48
JDBC Thin Client				 1		 0		   1
LicenseManager.Service.exe			 1		 0		   1
eWebReportsScheduler.exe			 3		 0		   3
Analytics.exe					80		 0		  80
CPOS.SettlementAuthorization.exe		 3		 0		   3
Toad.exe					 4		 0		   4
GinApps.Scheduler.exe				 7		 0		   7

19 rows selected.

********************************************************************************************************************************************************************
###TOP CPU CONSUMING SESSION(PROGRAM WISE) START###
********************************************************************************************************************************************************************

      RANK	  SID	 SERIAL# PROGRAM		 CPUMINS LOGON_TIME  ACTION		  EVENT 	       TERMINAL   WAIT_CLASS
---------- ---------- ---------- -------------------- ---------- ----------- -------------------- -------------------- ---------- ---------------
	 1	 2998	   34469 JDBC Thin Client	 9400.22 26-AUG-2024			  SQL*Net message from unknown	  Idle
	 2	  244	   28203 oracle@prd (DBRM)	  848.03 17-MAR-2024			  rdbms ipc message    UNKNOWN	  Idle
	 3	  973	    9563 oracle@prd (MMON)	  810.61 17-MAR-2024			  rdbms ipc message    UNKNOWN	  Idle
	 4	 1000	   56026 oracle@prd (MMNL)	  427.41 17-MAR-2024			  rdbms ipc message    UNKNOWN	  Idle
	 5	 1378	   37322 oracle@prd (CJQ0)	   59.43 17-MAR-2024			  oracle thread bootst UNKNOWN	  Other
	 6	 1594	   19595 oracle@prd (W003)	   52.83 17-MAR-2024 KTSJ Slave 	  Space Manager: slave UNKNOWN	  Idle
	 7	 2000	   19421 oracle@prd (W00H)	   48.69 01-APR-2024 KTSJ Slave 	  Space Manager: slave UNKNOWN	  Idle
	 8	 1515	   58690 oracle@prd (W004)	   45.63 18-MAR-2024 KTSJ Slave 	  Space Manager: slave UNKNOWN	  Idle
	 9	 1568	   15733 oracle@prd (W00I)	   44.96 05-APR-2024 KTSJ Slave 	  Space Manager: slave UNKNOWN	  Idle
	10	 1109	   36686 oracle@prd (W00C)	   43.95 26-MAR-2024 KTSJ Slave 	  Space Manager: slave UNKNOWN	  Idle

10 rows selected.

###TOP CPU CONSUMING SESSION(PROGRAM WISE) END###
********************************************************************************************************************************************************************
###Today Cube Refresh status START###
********************************************************************************************************************************************************************

      CODE DATACUBE_CODE  CUBE_CODE START_TIM END_TIME	RUN_DURATI CREATOR		STATUS		   ERROR_REASON
---------- ------------- ---------- --------- --------- ---------- -------------------- ------------------ ----------------------------------------
    131266	      21	988 31-DEC-24 31-DEC-24 00:21:11   Shriya Magar 	Refresh completed
    131265	      63       1019 31-DEC-24 31-DEC-24 00:04:50   Ashok		Refresh completed
    131264	      29       1027 31-DEC-24 31-DEC-24 00:14:41   Shriya Magar 	Refresh completed
    131263	       5       1004 31-DEC-24 31-DEC-24 00:42:18   Shriya Magar 	Refresh completed
    131262	      22	913 31-DEC-24 31-DEC-24 00:00:55   shriya thapa magar	Refresh completed
    131261	       5       1004 31-DEC-24 31-DEC-24 00:41:48   Shriya Magar 	Refresh completed
    131260	      29       1021 31-DEC-24 31-DEC-24 01:13:10   Shriya Magar 	Refresh completed
    131259	      24	922 31-DEC-24 31-DEC-24 00:06:46   shriya thapa magar	Refresh completed
    131258	      19	917 31-DEC-24 31-DEC-24 00:03:22   shriya thapa magar	Refresh completed
    131257	       3	928 31-DEC-24 31-DEC-24 00:04:40   Shriya Magar 	Refresh completed
    131256	      21	988 31-DEC-24 31-DEC-24 00:21:08   Shriya Magar 	Refresh completed
    131255	      22	913 31-DEC-24 31-DEC-24 00:00:57   shriya thapa magar	Refresh completed
    131254	       9	924 31-DEC-24 31-DEC-24 00:08:36   Anzali		Refresh completed
    131253	      24	922 31-DEC-24 31-DEC-24 00:06:39   shriya thapa magar	Refresh completed
    131252	      29       1027 31-DEC-24 31-DEC-24 00:22:50   Shriya Magar 	Refresh completed
    131251	       5       1004 31-DEC-24			   Shriya Magar 	In-Progress
    131250	      22	913 31-DEC-24 31-DEC-24 00:00:56   shriya thapa magar	Refresh completed
    131249	      21	988 31-DEC-24 31-DEC-24 00:22:00   Shriya Magar 	Refresh completed
    131248	      63       1019 31-DEC-24 31-DEC-24 00:04:58   Ashok		Refresh completed
    131247	      24	922 31-DEC-24 31-DEC-24 00:06:54   shriya thapa magar	Refresh completed
    131246	      29       1026 31-DEC-24 31-DEC-24 00:02:14   Lalit Tamang 	Refresh completed
    131245	      22	913 31-DEC-24 31-DEC-24 00:01:32   shriya thapa magar	Refresh completed
    131244	      62	937 31-DEC-24 31-DEC-24 00:03:12   Youbaraj Gurung	Refresh completed
    131243	      25	954 31-DEC-24 31-DEC-24 00:38:45   Youbaraj Gurung	Refresh completed
    131242	      13	918 31-DEC-24 31-DEC-24 00:07:38   shriya thapa magar	Refresh completed
    131241	       5       1004 31-DEC-24 31-DEC-24 01:05:32   Lalit Tamang 	Refresh completed
    131240	      63       1019 31-DEC-24 31-DEC-24 00:05:01   Lalit Tamang 	Refresh completed
    131239	       3	928 31-DEC-24 31-DEC-24 00:04:37   shriya thapa magar	Refresh completed
    131238	      35	916 31-DEC-24 31-DEC-24 00:11:22   shriya thapa magar	Refresh completed
    131237	      21	988 31-DEC-24 31-DEC-24 00:20:52   Shriya Magar 	Refresh completed
    131236	      25	954 31-DEC-24 31-DEC-24 00:24:19   Youbaraj Gurung	Refresh completed
    131235	      24	922 31-DEC-24 31-DEC-24 00:06:52   shriya thapa magar	Refresh completed
    131234	      24	922 31-DEC-24 31-DEC-24 00:06:53   shriya thapa magar	Refresh completed
    131233	      24	922 31-DEC-24 31-DEC-24 00:06:06   shriya thapa magar	Refresh completed

34 rows selected.

###Today Cube Refresh status END###
********************************************************************************************************************************************************************
********************************************************************************************************************************************************************
###CURRENT ARCHIVE GENERATED###
********************************************************************************************************************************************************************

DAY	    NUM_ARCHIVES_GENERATED ARCHIVE_SIZE_GB
----------- ---------------------- ---------------
2024-12-31		       449	     23.84
2024-12-30		      2204	    179.85
2024-12-29		       867	     51.18
2024-12-28		       896	     49.91
2024-12-27		       657	     27.51

********************************************************************************************************************************************************************
###CURRENT ARCHIVE GENERATED###
********************************************************************************************************************************************************************
