PRODUCTION SERVER DISK SPACE START**************************************************************************
Filesystem               Size  Used Avail Use% Mounted on
devtmpfs                 126G     0  126G   0% /dev
tmpfs                    126G     0  126G   0% /dev/shm
tmpfs                    126G  4.1G  122G   4% /run
tmpfs                    126G     0  126G   0% /sys/fs/cgroup
/dev/mapper/rhel-root     92G   40G   48G  46% /
/dev/sda2                992M  141M  785M  16% /boot
/dev/sda1                5.4G   11M  5.4G   1% /boot/efi
/dev/mapper/rhel-u03     917G  287G  584G  33% /u03
/dev/mapper/rhel-u02     917G   27G  844G   4% /u02
/dev/mapper/rhel-arch    1.3T  820G  425G  66% /arch
/dev/mapper/rhel-backup  1.4T  1.2T  201G  86% /backup
/dev/mapper/rhel-u01     887G  785G   57G  94% /u01
tmpfs                     26G     0   26G   0% /run/user/1001
tmpfs                     26G   20K   26G   1% /run/user/42
tmpfs                     26G     0   26G   0% /run/user/0
PRODUCTION SERVER DISK SPACE END**************************************************************************
BACKUP SERVER DISK SPACE START**************************************************************************
Filesystem               Size  Used Avail Use% Mounted on
devtmpfs                  32G     0   32G   0% /dev
tmpfs                     32G     0   32G   0% /dev/shm
tmpfs                     32G  1.7G   30G   6% /run
tmpfs                     32G     0   32G   0% /sys/fs/cgroup
/dev/mapper/rhel-root     99G  6.6G   87G   7% /
/dev/sda2                991M  154M  770M  17% /boot
/dev/mapper/rhel-u02     886G  297G  545G  36% /u02
/dev/mapper/rhel-backup 1008G  878G   79G  92% /backup
/dev/mapper/rhel-arch    1.4T  820G  490G  63% /arch
/dev/mapper/rhel-u03     886G  109G  733G  13% /u03
/dev/mapper/rhel-u01     886G  738G  104G  88% /u01
tmpfs                    6.3G     0  6.3G   0% /run/user/1001
tmpfs                    6.3G   20K  6.3G   1% /run/user/42
BACKUP SERVER DISK SPACE END**************************************************************************
top - 17:30:11 up 185 days, 21:10,  1 user,  load average: 1.08, 1.25, 1.53
Tasks: 909 total,   1 running, 908 sleeping,   0 stopped,   0 zombie
%Cpu(s):  1.2 us,  0.1 sy,  0.0 ni, 98.7 id,  0.0 wa,  0.0 hi,  0.0 si,  0.0 st
KiB Mem : 26340928+total,  2115348 free, 16207084 used, 24508684+buff/cache
KiB Swap: 13355827+total, 12358963+free,  9968640 used. 17896182+avail Mem 

  PID USER      PR  NI    VIRT    RES    SHR S  %CPU %MEM     TIME+ COMMAND
43835 oracle    20   0   75.8g   5.1g   5.1g S  93.8  2.0   0:16.23 oracle_438+
43845 oracle    20   0   75.8g   3.5g   3.4g S   6.2  1.4   0:11.10 oracle_438+
    1 root      20   0  191424   3528   1984 S   0.0  0.0 652:48.57 systemd
    2 root      20   0       0      0      0 S   0.0  0.0   0:27.65 kthreadd
    4 root       0 -20       0      0      0 S   0.0  0.0   0:00.00 kworker/0:+
    6 root      20   0       0      0      0 S   0.0  0.0  12:54.08 ksoftirqd/0
    7 root      rt   0       0      0      0 S   0.0  0.0   0:10.90 migration/0
    8 root      20   0       0      0      0 S   0.0  0.0   0:00.00 rcu_bh
    9 root      20   0       0      0      0 S   0.0  0.0  56:34.05 rcu_sched
   10 root       0 -20       0      0      0 S   0.0  0.0   0:00.00 lru-add-dr+
   11 root      rt   0       0      0      0 S   0.0  0.0   0:17.86 watchdog/0
   12 root      rt   0       0      0      0 S   0.0  0.0   0:17.50 watchdog/1
   13 root      rt   0       0      0      0 S   0.0  0.0   0:12.38 migration/1
**PRODUCTION LOAD******************************************************************************************************************************************************************
********************************************************************************************************************************************************************
###LONG RUNNING QUERY FOR MORE THAN ONE MINUTE###
********************************************************************************************************************************************************************

no rows selected


no rows selected

********************************************************************************************************************************************************************
###LONG RUNNING QUERY FOR MORE THAN ONE MINUTE###
********************************************************************************************************************************************************************
********************************************************************************************************************************************************************
###LOCKING SESSION###
********************************************************************************************************************************************************************

no rows selected


no rows selected

********************************************************************************************************************************************************************
###LOCKING SESSION###
********************************************************************************************************************************************************************
********************************************************************************************************************************************************************
###TEMP TABLESPACE###
********************************************************************************************************************************************************************

TABLESPACE			 MB_TOTAL    MB_USED	MB_FREE
------------------------------ ---------- ---------- ----------
TEMP			       32767.9844	  90 32677.9844

********************************************************************************************************************************************************************
###TEMP TABLESPACE###
********************************************************************************************************************************************************************
********************************************************************************************************************************************************************
###SESSION USING TEMP###
********************************************************************************************************************************************************************

SID_SERIAL	USERNAME	OSUSER		     SPID      MODULE			 PROGRAM	    MB_USED TABLESPACE	    STATEMENTS
--------------- --------------- -------------------- --------- ------------------------- --------------- ---------- --------------- ----------
102,23		GVHO		SYSTEM		     43831     w3wp.exe 		 oracle@prod		  4 TEMP	    4
1042,38339	GVHO		WIN-EDVAB4D46QA$     46223     DataSync.API		 oracle@prod		  1 TEMP	    1
125,41459	GVHO		SYSTEM		     43833     w3wp.exe 		 oracle@prod		  4 TEMP	    4
142,43584	GVHO		SYSTEM		     43835     w3wp.exe 		 oracle@prod		  4 TEMP	    4
143,29333	GVHO		WIN-EDVAB4D46QA$     46228     DataSync.API		 oracle@prod		  1 TEMP	    1
162,54434	GVHO		SYSTEM		     43837     w3wp.exe 		 oracle@prod		  4 TEMP	    4
186,9102	GVHO		SYSTEM		     43839     w3wp.exe 		 oracle@prod		  4 TEMP	    4
205,56798	GVHO		SYSTEM		     43841     w3wp.exe 		 oracle@prod		  6 TEMP	    6
22,19896	GVHO		WIN-EDVAB4D46QA$     46230     DataSync.API		 oracle@prod		  1 TEMP	    1
223,60044	GVHO		SYSTEM		     43843     w3wp.exe 		 oracle@prod		  4 TEMP	    4
243,52553	GVHO		SYSTEM		     43845     w3wp.exe 		 oracle@prod		  4 TEMP	    4
265,13229	GVHO		SYSTEM		     43847     w3wp.exe 		 oracle@prod		  5 TEMP	    5
282,48797	GVHO		SYSTEM		     43849     w3wp.exe 		 oracle@prod		  6 TEMP	    6
302,42789	GVHO		SYSTEM		     43851     w3wp.exe 		 oracle@prod		  6 TEMP	    6
325,64409	GVHO		SYSTEM		     43856     w3wp.exe 		 oracle@prod		  4 TEMP	    4
344,39743	GVHO		SYSTEM		     43858     w3wp.exe 		 oracle@prod		  3 TEMP	    3
363,2806	GVHO		SYSTEM		     43860     w3wp.exe 		 oracle@prod		  5 TEMP	    5
385,42973	GVHO		SYSTEM		     43862     w3wp.exe 		 oracle@prod		  3 TEMP	    3
403,27180	GVHO		SYSTEM		     43864     w3wp.exe 		 oracle@prod		  3 TEMP	    3
422,29655	GVHO		SYSTEM		     43866     w3wp.exe 		 oracle@prod		  3 TEMP	    3
562,1710	GVHO		Administrator	     75572     TOAD 12.9.0.71		 oracle@prod		  1 TEMP	    1
62,24163	GVHO		SYSTEM		     43823     w3wp.exe 		 oracle@prod		  4 TEMP	    4
624,41532	GVHO		Administrator	     44077     TOAD 12.9.0.71		 oracle@prod		  1 TEMP	    1
83,12353	GVHO		SYSTEM		     43825     w3wp.exe 		 oracle@prod		  4 TEMP	    4
884,40041	GVHO		SYSTEM		     43829     w3wp.exe 		 oracle@prod		  5 TEMP	    5

25 rows selected.

********************************************************************************************************************************************************************
###SESSION USING TEMP###
********************************************************************************************************************************************************************
###UNDO TABLESPACE###
********************************************************************************************************************************************************************

TABLESPACE_NAME 		   SIZEMB    USAGEMB	 FREEMB
------------------------------ ---------- ---------- ----------
UNDOTBS1		       32767.9844      16009 16758.9844

********************************************************************************************************************************************************************
###SESSION USING UNDO###
********************************************************************************************************************************************************************

SID_SERIAL	USERNAME	OSUSER		     PROGRAM		       START_TIME	    ACTIVE_UNDO_SIZE_IN_MB
--------------- --------------- -------------------- ------------------------- -------------------- ----------------------
562,1710	GVHO		Administrator	     Toad.exe		       08/22/24 17:07:55		  .0078125
624,41532	GVHO		Administrator	     Toad.exe		       12/22/24 20:25:35		  .0078125

********************************************************************************************************************************************************************
###UNDO SEGMENT STATUS###
********************************************************************************************************************************************************************

TABLESPACE_NAME 	       SIZE_MB	       USAGE_MB        FREE_MB
------------------------------ --------------- --------------- ---------------
UNDOTBS1		       32767.984375    16009	       16758.984375


TABLESPACE		       STATUS	 SUM_IN_MB	 COUNTS
------------------------------ --------- --------------- ---------------
UNDOTBS1		       ACTIVE	 65.125 	 4
UNDOTBS1		       EXPIRED	 222		 80
UNDOTBS1		       UNEXPIRED 15721.875	 2643

********************************************************************************************************************************************************************
###UNDO SEGMENT STATUS###
********************************************************************************************************************************************************************
********************************************************************************************************************************************************************
###MV LAST REFRESH TIME###
********************************************************************************************************************************************************************

OWNER		MVIEW_NAME		       LAST_REFRESH_DATE
--------------- ------------------------------ -------------------
GVHO		SITE_DETAIL_MV		       2024-12-31 17:15:01
GVHO		SITE_MV 		       2024-12-31 17:28:43
GVHO		LEDGER_MV		       2024-12-31 17:28:38
GVHO		POS_CUSTOMER_MV 	       2024-12-31 17:28:43
GVHO		ITEM_MV 		       2024-12-31 17:28:38
GVHO		CONTROL_SL_MV		       2024-12-31 17:28:43
GVHO		COA_MV			       2024-12-31 17:28:38
GVHO		COST_SHEET_MV		       2024-12-31 17:28:38
GVHO		FACT_POS_SALE_DET_MV	       2024-12-31 17:30:03
GVHO		BOM_MV			       2024-12-31 17:28:38
GVHO		SALESPERSON_MV		       2024-12-31 17:28:43
GVHO		ADMOU_MV		       2024-12-31 17:28:43
GVHO		INVGRP_MV		       2024-12-31 17:28:43
GVHO		PRICE_CHART_MV		       2024-12-31 17:28:43
GVHO		ROUTE_MV		       2024-12-31 17:28:43

15 rows selected.


no rows selected

********************************************************************************************************************************************************************
###MV LAST REFRESH TIME###
********************************************************************************************************************************************************************
###PROGRAM WISE SESSIONS###
********************************************************************************************************************************************************************

PROGRAM 			    TOTAL_SESSIONS ACTIVE_SESSIONS INACTIVE_SESSIONS
----------------------------------- -------------- --------------- -----------------
oracle@prod (J004)				 1		 1		   0
oracle@prod (J007)				 1		 1		   0
sqlplus@prod (TNS V1-V3)			 1		 1		   0
oracle@prod (J002)				 1		 1		   0
oracle@prod (J001)				 1		 1		   0
oracle@prod (J010)				 1		 1		   0
oracle@prod (J000)				 1		 1		   0
oracle@prod (J008)				 1		 1		   0
oracle@prod (J005)				 1		 1		   0
oracle@prod (J006)				 1		 1		   0
oracle@prod (J003)				 1		 1		   0
oracle@prod (J009)				 1		 1		   0
oracle@prodbkp (TNS V1-V3)			 1		 0		   1
LaunchPad.exe					 2		 0		   2
LicenseManager.Service.exe			 1		 0		   1
GinApps.Scheduler.exe				 1		 0		   1
w3wp.exe					31		 0		  31
DataExchange.exe				 3		 0		   3
Finance.API					 2		 0		   2
DataSync.API					 4		 0		   4
JDBC Thin Client				20		 0		  20
SMTPMailer.Service.exe				 1		 0		   1
Analytics.exe					 6		 0		   6
eWebReportsScheduler.exe			 3		 0		   3
						 1		 0		   1
Toad.exe					 3		 0		   3
GNFS.Service.exe				 1		 0		   1
oracle@prod (TNS V1-V3) 			 1		 0		   1
Planning.Service.exe				 1		 0		   1

29 rows selected.

********************************************************************************************************************************************************************
###TOP CPU CONSUMING SESSION(PROGRAM WISE) START###
********************************************************************************************************************************************************************

      RANK	  SID	 SERIAL# PROGRAM		 CPUMINS LOGON_TIME  ACTION		  EVENT 	       TERMINAL   WAIT_CLASS
---------- ---------- ---------- -------------------- ---------- ----------- -------------------- -------------------- ---------- ---------------
	 1	 1184	    5867 eWebReportsScheduler	 6761.01 07-NOV-2024			  SQL*Net message from WIN-EDVAB4 Idle
	 2	  423	   36869 eWebReportsScheduler	 2698.05 25-NOV-2024			  SQL*Net message from WIN-EDVAB4 Idle
	 3	  322	   21062 eWebReportsScheduler	 2073.26 04-OCT-2024			  SQL*Net message from WIN-EDVAB4 Idle
	 4	  181	   58561 oracle@prod (DBRM)	  571.56 28-JUN-2024			  rdbms ipc message    UNKNOWN	  Idle
	 5	  641	   56705 oracle@prod (MMON)	  566.85 28-JUN-2024			  rdbms ipc message    UNKNOWN	  Idle
	 6	  661	    1450 oracle@prod (MMNL)	  261.93 28-JUN-2024			  rdbms ipc message    UNKNOWN	  Idle
	 7	 1444	   42759 oracle@prodbkp (TNS	  215.58 23-NOV-2024			  SQL*Net message from		  Idle
	 8	  202	   37986 JDBC Thin Client	   61.11 10-DEC-2024			  SQL*Net message from unknown	  Idle
	 9	  941	   19021 oracle@prod (CJQ0)	   33.53 28-JUN-2024			  rdbms ipc message    UNKNOWN	  Idle
	10	  624	   41532 Toad.exe		   26.45 04-OCT-2024			  SQL*Net message from GVTMAGICA  Idle

10 rows selected.

###TOP CPU CONSUMING SESSION(PROGRAM WISE) END###
********************************************************************************************************************************************************************
###Today Cube Refresh status START###
********************************************************************************************************************************************************************

no rows selected

###Today Cube Refresh status END###
********************************************************************************************************************************************************************
********************************************************************************************************************************************************************
###CURRENT ARCHIVE GENERATED###
********************************************************************************************************************************************************************

DAY	    NUM_ARCHIVES_GENERATED ARCHIVE_SIZE_GB
----------- ---------------------- ---------------
2024-12-31		       531	     73.81
2024-12-30		      1038	    157.51
2024-12-29		       988	    135.63
2024-12-28		      1141	    183.41
2024-12-27		      1611	    304.96

********************************************************************************************************************************************************************
###CURRENT ARCHIVE GENERATED###
********************************************************************************************************************************************************************
