PRODUCTION SERVER DISK SPACE START
***********************************************************************************************************************
Filesystem               Size  Used Avail Use% Mounted on
devtmpfs                  63G     0   63G   0% /dev
tmpfs                     63G  4.0K   63G   1% /dev/shm
tmpfs                     63G  2.3G   61G   4% /run
tmpfs                     63G     0   63G   0% /sys/fs/cgroup
/dev/mapper/rhel-root     99G   34G   60G  36% /
/dev/sdb                 3.5T  284G  3.0T   9% /arch
/dev/sda2                2.0G  143M  1.7G   8% /boot
/dev/sda1                1.9G  9.8M  1.9G   1% /boot/efi
/dev/mapper/rhel-arch    788G  379G  370G  51% /ARCBKP
/dev/mapper/rhel-u01     3.0T  2.5T  328G  89% /u01
/dev/mapper/rhel-backup  3.0T  1.7T  1.2T  59% /backup
tmpfs                     13G  4.0K   13G   1% /run/user/42
tmpfs                     13G   44K   13G   1% /run/user/1001
tmpfs                     13G     0   13G   0% /run/user/0
PRODUCTION SERVER DISK SPACE END
***********************************************************************************************************************
top - 17:00:01 up 44 days,  3:46,  3 users,  load average: 5.44, 4.65, 3.96
Tasks: 893 total,  16 running, 877 sleeping,   0 stopped,   0 zombie
%Cpu(s): 21.5 us,  4.6 sy,  0.0 ni, 69.8 id,  4.0 wa,  0.0 hi,  0.1 si,  0.0 st
KiB Mem : 13143483+total,  3837884 free, 17426748 used, 11017019+buff/cache
KiB Swap: 13421772+total, 12116416+free, 13053556 used. 25198224 avail Mem 

   PID USER      PR  NI    VIRT    RES    SHR S  %CPU %MEM     TIME+ COMMAND
 21794 oracle    20   0   60.6g   9.3g   9.0g R 100.0  7.4   2:28.41 ora_j001_+
 25796 oracle    20   0   60.3g   4.2g   4.2g R 100.0  3.3   0:12.88 oracle_25+
 25802 oracle    20   0   60.4g   4.4g   4.3g R 100.0  3.5   0:25.41 oracle_25+
 26532 oracle    20   0 1772556  13356   7720 S 100.0  0.0   0:00.21 azcopy
 11134 oracle    20   0   60.4g  16.2g  16.2g R  94.1 12.9   5:32.58 ora_j000_+
 24953 oracle    20   0   60.4g   2.4g   2.3g R  94.1  1.9   5:46.29 oracle_24+
271392 oracle    20   0   60.4g  30.5g  30.5g R  94.1 24.3  26:15.20 oracle_27+
 25821 oracle    20   0   38.2g   6.6g   6.4g D  76.5  5.3   2:33.47 ora_j000_+
 26478 oracle    20   0   60.3g 343052 337684 S  58.8  0.3   0:01.21 oracle_26+
 26516 oracle    20   0  202016  11964   3816 R  58.8  0.0   0:00.11 aws
 26527 oracle    20   0  202180  12244   3816 D  58.8  0.0   0:00.11 aws
 26600 oracle    20   0       0      0      0 R  17.6  0.0   0:00.03 oracle_26+
 57166 oracle    20   0   60.3g  41.4g  41.3g D  17.6 33.0 105:34.80 ora_dbw1_+
***********************************************************************************************************************
###LONG RUNNING QUERY FOR MORE THAN ONE MINUTE###
***********************************************************************************************************************

USERNAME			      SID    SERIAL# MINS_RUNNING
------------------------------ ---------- ---------- ------------
MISRETAIL			       32      31834	     3.05


USERNAME   SID	 SERIA MINS_RUNNING PROGRAM		 SQL_ID        ADDRESS		TERMINAL	     ACTION		  EVENT 	       LOGON_TIME	    WAIT_CLASS
---------- ----- ----- ------------ -------------------- ------------- ---------------- -------------------- -------------------- -------------------- -------------------- ---------------
MISRETAIL  32	 31834	 3.06666667 oracle@backmis.style 9rq1rpdfpbrjf 0000000997DDB5E0 UNKNOWN 	     MASTERDATA_ETL_JOB   direct path read tem 31-DEC-2024 16:56:58 User I/O

***********************************************************************************************************************
###LONG RUNNING QUERY FOR MORE THAN ONE MINUTE###
***********************************************************************************************************************
***********************************************************************************************************************
###LOCKING SESSION###
***********************************************************************************************************************

no rows selected


no rows selected

***********************************************************************************************************************
###LOCKING SESSION###
***********************************************************************************************************************
********************************************************************************************************************************************************************
###TEMP TABLESPACE###
********************************************************************************************************************************************************************

TABLESPACE			 MB_TOTAL    MB_USED	MB_FREE
------------------------------ ---------- ---------- ----------
TEMP			       46391.9844	5859 40532.9844

********************************************************************************************************************************************************************
###TEMP TABLESPACE###
********************************************************************************************************************************************************************
********************************************************************************************************************************************************************
###SESSION USING TEMP###
********************************************************************************************************************************************************************

SID_SERIAL	USERNAME	OSUSER		     SPID      MODULE			 PROGRAM	    MB_USED TABLESPACE	    STATEMENTS
--------------- --------------- -------------------- --------- ------------------------- --------------- ---------- --------------- ----------
32,31834	MISRETAIL	oracle		     25821     DBMS_SCHEDULER		 oracle@backmis.       5859 TEMP	    2

********************************************************************************************************************************************************************
###SESSION USING TEMP###
********************************************************************************************************************************************************************
********************************************************************************************************************************************************************
********************************************************************************************************************************************************************
###UNDO SEGMENT STATUS START###
********************************************************************************************************************************************************************

TABLESPACE		       STATUS	  SUM_IN_MB	COUNTS
------------------------------ --------- ---------- ----------
UNDOTBS1		       ACTIVE		 72	     2
UNDOTBS1		       EXPIRED	 25677.6875	   454
UNDOTBS1		       UNEXPIRED 18419.1875	   724

********************************************************************************************************************************************************************
###UNDO SEGMENT STATUS END###
********************************************************************************************************************************************************************
********************************************************************************************************************************************************************
###SESSION USING UNDO START###
********************************************************************************************************************************************************************

       SID    SERIAL# USERNAME			     OSUSER			    PROGRAM			   START_TIME		ACTIVE_UNDO_SIZE_IN_MB
---------- ---------- ------------------------------ ------------------------------ ------------------------------ -------------------- ----------------------
       461	 4333 MISRETAIL 		     amit.s139			    dis51usr.exe		   12/31/24 11:30:23		      .0078125
	32	31834 MISRETAIL 		     oracle			    oracle@backmis.stylebaazar.in  12/31/24 16:57:53		      .0078125

********************************************************************************************************************************************************************
###SESSION USING UNDO END###
********************************************************************************************************************************************************************
