PRODUCTION SERVER DISK SPACE START
********************************************************************************************************************************************************************
Filesystem                      Size  Used Avail Use% Mounted on
/dev/mapper/rhel_prdbkp-root    148G   16G  125G  12% /
devtmpfs                        126G     0  126G   0% /dev
tmpfs                           126G  9.6M  126G   1% /dev/shm
tmpfs                           126G  4.0G  122G   4% /run
tmpfs                           126G     0  126G   0% /sys/fs/cgroup
/dev/nvme1n1                    1.5T  245G  1.2T  18% /u02
/dev/sda2                       2.0G  138M  1.7G   8% /boot
/dev/sda1                       2.0G  9.8M  2.0G   1% /boot/efi
/dev/nvme0n1                    1.5T  666G  728G  48% /u01
/dev/mapper/rhel_prdbkp-backup  2.0T  1.3T  677G  65% /backup
/dev/mapper/rhel_prdbkp-arch    1.3T  324G  845G  28% /arch
tmpfs                            26G     0   26G   0% /run/user/1001
tmpfs                            26G   16K   26G   1% /run/user/42
tmpfs                            26G     0   26G   0% /run/user/0
PRODUCTION SERVER DISK SPACE END
********************************************************************************************************************************************************************
BACKUP SERVER DISK SPACE START
********************************************************************************************************************************************************************
Filesystem               Size  Used Avail Use% Mounted on
devtmpfs                 126G     0  126G   0% /dev
tmpfs                    126G     0  126G   0% /dev/shm
tmpfs                    126G  4.0G  122G   4% /run
tmpfs                    126G     0  126G   0% /sys/fs/cgroup
/dev/mapper/rhel-root    148G   11G  130G   8% /
/dev/nvme1n1             1.5T   85G  1.3T   7% /u02
/dev/sdb2                2.0G  193M  1.7G  11% /boot
/dev/sdb1                2.0G  8.4M  2.0G   1% /boot/efi
/dev/nvme0n1             1.5T  578G  815G  42% /u01
/dev/mapper/rhel-arch    1.3T  324G  845G  28% /arch
/dev/mapper/rhel-backup  2.0T  1.2T  711G  63% /backup
tmpfs                     26G     0   26G   0% /run/user/1001
tmpfs                     26G   12K   26G   1% /run/user/42
BACKUP SERVER DISK SPACE END
********************************************************************************************************************************************************************
***PRODUCTION LOAD**************************************************************************
top - 17:00:02 up 509 days,  5:27,  1 user,  load average: 1.75, 2.10, 2.05
Tasks: 832 total,   4 running, 828 sleeping,   0 stopped,   0 zombie
%Cpu(s):  6.3 us,  1.4 sy,  0.0 ni, 92.2 id,  0.0 wa,  0.0 hi,  0.0 si,  0.0 st
KiB Mem : 26361888+total,  1811380 free, 14355208 used, 24745228+buff/cache
KiB Swap: 13421772+total, 12515968+free,  9058048 used. 19222203+avail Mem 

  PID USER      PR  NI    VIRT    RES    SHR S  %CPU %MEM     TIME+ COMMAND
25610 oracle    20   0 2768268  49608   9348 S 164.7  0.0   0:00.62 azcopy
23810 oracle    20   0   58.7g   3.1g   3.1g R  94.1  1.2   0:18.38 oracle_238+
24207 oracle    20   0   58.8g   5.8g   5.7g R  94.1  2.3   0:36.63 oracle_242+
25167 oracle    20   0   58.9g   6.0g   5.8g R  94.1  2.4   0:23.21 oracle_251+
20455 gdm       20   0  781204 141432   3344 S   5.9  0.1  16238:06 gsd-color
25700 oracle    20   0  162692   2780   1540 R   5.9  0.0   0:00.01 top
    1 root      20   0  196168   3676   2212 S   0.0  0.0   1281:00 systemd
    2 root      20   0       0      0      0 S   0.0  0.0   1:10.99 kthreadd
    3 root      20   0       0      0      0 S   0.0  0.0 430:22.26 ksoftirqd/0
    5 root       0 -20       0      0      0 S   0.0  0.0   0:00.00 kworker/0:+
    6 root      20   0       0      0      0 S   0.0  0.0   0:00.00 kworker/u1+
    8 root      rt   0       0      0      0 S   0.0  0.0   5:07.49 migration/0
    9 root      20   0       0      0      0 S   0.0  0.0   0:00.00 rcu_bh
********************************************************************************************************************************************************************
********************************************************************************************************************************************************************
###LONG RUNNING QUERY FOR MORE THAN ONE MINUTE###
********************************************************************************************************************************************************************

no rows selected


no rows selected

********************************************************************************************************************************************************************
###LONG RUNNING QUERY FOR MORE THAN ONE MINUTE###
********************************************************************************************************************************************************************
********************************************************************************************************************************************************************
###LOCKING SESSION###
***********************************************************************************************************************

no rows selected


no rows selected

********************************************************************************************************************************************************************
###LOCKING SESSION###
********************************************************************************************************************************************************************
###KILLED SESSION###
***********************************************************************************************************************

  COUNT(1) KILL_TIME	       SESSION_LOGON_TIME
---------- ------------------- -------------------
	 1 2024-12-30 16:30:01 2024-12-30 13:52:35
	 1 2024-12-23 15:30:03 2024-12-23 14:18:51
	 1 2024-12-13 18:00:03 2024-12-13 16:30:16
	 1 2024-12-09 14:30:03 2024-12-09 13:04:28
	 1 2024-12-02 17:30:02 2024-12-02 16:00:33
	 1 2024-10-14 17:00:03 2024-10-14 15:17:56
	 1 2024-10-08 17:00:00 2024-10-08 15:26:31

7 rows selected.

***********************************************************************************************************************
###KILLED SESSION###
***********************************************************************************************************************
********************************************************************************************************************************************************************
###TEMP TABLESPACE###
********************************************************************************************************************************************************************

TABLESPACE			 MB_TOTAL    MB_USED	MB_FREE
------------------------------ ---------- ---------- ----------
TEMP			       65534.9844	  48 65486.9844

********************************************************************************************************************************************************************
###TEMP TABLESPACE###
********************************************************************************************************************************************************************
********************************************************************************************************************************************************************
###SESSION USING TEMP###
********************************************************************************************************************************************************************

SID_SERIAL	USERNAME	OSUSER		     SPID      MODULE			 PROGRAM	    MB_USED TABLESPACE	    STATEMENTS
--------------- --------------- -------------------- --------- ------------------------- --------------- ---------- --------------- ----------
1185,36626	CBHO		APPSERVER$	     25472     DataSync.API		 oracle@prd		  1 TEMP	    1
1232,44530	CBHO		APPSERVER$	     25512     DataSync.API		 oracle@prd		  1 TEMP	    1
1256,43925	CBHO		SYSTEM		     25171     w3wp.exe 		 oracle@prd		  3 TEMP	    3
131,51825	CBHO		APPSERVER$	     25545     DataSync.API		 oracle@prd		  1 TEMP	    1
1323,6581	CBHO		APPSERVER$	     25520     DataSync.API		 oracle@prd		  1 TEMP	    1
1354,22869	CBHO		APPSERVER$	     25522     DataSync.API		 oracle@prd		  1 TEMP	    1
1378,3446	CBHO		APPSERVER$	     25524     DataSync.API		 oracle@prd		  1 TEMP	    1
1425,14386	CBHO		SYSTEM		     25173     w3wp.exe 		 oracle@prd		  3 TEMP	    3
1449,59718	CBHO		SYSTEM		     25175     w3wp.exe 		 oracle@prd		  3 TEMP	    3
1469,44429	CBHO		SYSTEM		     25177     w3wp.exe 		 oracle@prd		  3 TEMP	    3
148,60000	CBHO		Lenovo		     39905     TOAD 12.9.0.71		 oracle@prd		  1 TEMP	    1
1520,56686	CBHO		APPSERVER$	     25533     DataSync.API		 oracle@prd		  1 TEMP	    1
198,12223	CBHO		SYSTEM		     24207     w3wp.exe 		 oracle@prd		  3 TEMP	    3
29,28266	CBHO		SYSTEM		     24203     w3wp.exe 		 oracle@prd		  3 TEMP	    3
366,23606	CBHO		SYSTEM		     24209     w3wp.exe 		 oracle@prd		  3 TEMP	    3
389,1772	CBHO		APPSERVER$	     25427     DataSync.API		 oracle@prd		  1 TEMP	    1
391,57562	CBHO		SYSTEM		     24211     w3wp.exe 		 oracle@prd		  3 TEMP	    3
460,64091	CBHO		APPSERVER$	     25570     DataSync.API		 oracle@prd		  1 TEMP	    1
52,29954	CBHO		APPSERVER$	     25539     DataSync.API		 oracle@prd		  1 TEMP	    1
54,64798	CBHO		SYSTEM		     24205     w3wp.exe 		 oracle@prd		  3 TEMP	    3
628,18978	CBHO		APPSERVER$	     23717     Ginesys.API		 oracle@prd		  1 TEMP	    1
723,60294	CBHO		APPSERVER$	     25491     DataSync.API		 oracle@prd		  1 TEMP	    1
799,60373	CBHO		APPSERVER$	     25468     DataSync.API		 oracle@prd		  1 TEMP	    1
800,50980	GININTG 	Admin		     56123     JDBC Thin Client 	 oracle@prd		  1 TEMP	    1
81,43923	CBHO		APPSERVER$	     25429     DataSync.API		 oracle@prd		  1 TEMP	    1
872,60523	CBHO		qvadmin 	     60371     TOAD 12.9.0.71		 oracle@prd		  1 TEMP	    1
9,17606 	CBHO		APPSERVER$	     25476     DataSync.API		 oracle@prd		  1 TEMP	    1
919,30876	CBHO		SYSTEM		     25167     w3wp.exe 		 oracle@prd		  3 TEMP	    3

28 rows selected.

********************************************************************************************************************************************************************
###SESSION USING TEMP###
********************************************************************************************************************************************************************
###UNDO TABLESPACE###
********************************************************************************************************************************************************************

TABLESPACE_NAME 		   SIZEMB    USAGEMB	 FREEMB
------------------------------ ---------- ---------- ----------
UNDOTBS1		       98303.9531 20091.4375 78212.5156

********************************************************************************************************************************************************************
###SESSION USING UNDO###
********************************************************************************************************************************************************************

SID_SERIAL	USERNAME	OSUSER		     PROGRAM		       START_TIME	    ACTIVE_UNDO_SIZE_IN_MB
--------------- --------------- -------------------- ------------------------- -------------------- ----------------------
513,44150	CBHO		oracle		     oracle@prd (J004)	       12/31/24 17:00:02		   .015625

********************************************************************************************************************************************************************
###UNDO SEGMENT STATUS###
********************************************************************************************************************************************************************

TABLESPACE		       STATUS	  SUM_IN_MB	COUNTS
------------------------------ --------- ---------- ----------
UNDOTBS1		       ACTIVE		 64	     1
UNDOTBS1		       EXPIRED	 13923.0625	  1253
UNDOTBS1		       UNEXPIRED   6104.375	  1450

********************************************************************************************************************************************************************
********************************************************************************************************************************************************************
###MV LAST REFRESH TIME###
********************************************************************************************************************************************************************

OWNER		MVIEW_NAME		       LAST_REFRESH_DATE
--------------- ------------------------------ -------------------
CBHO		LEDGER_MV		       2024-12-31 16:58:33
CBHO		PRICE_CHART_MV		       2024-12-31 16:58:34
CBHO		ROUTE_MV		       2024-12-31 16:58:34
CBHO		ADMOU_MV		       2024-12-31 16:58:34
CBHO		COST_SHEET_MV		       2024-12-31 16:58:33
CBHO		INVGRP_MV		       2024-12-31 16:58:34
CBHO		ITEM_MV 		       2024-12-31 16:58:33
CBHO		SITE_MV 		       2024-12-31 16:58:34
CBHO		BOM_MV			       2024-12-31 16:58:33
CBHO		COA_MV			       2024-12-31 16:58:33
CBHO		SALESPERSON_MV		       2024-12-31 16:58:34
CBHO		SITE_DETAIL_MV		       2024-12-31 16:59:03
CBHO		CONTROL_SL_MV		       2024-12-31 16:58:34

13 rows selected.


no rows selected

********************************************************************************************************************************************************************
###MV LAST REFRESH TIME###
********************************************************************************************************************************************************************
###PROGRAM WISE SESSIONS###
********************************************************************************************************************************************************************

PROGRAM 			    TOTAL_SESSIONS ACTIVE_SESSIONS INACTIVE_SESSIONS
----------------------------------- -------------- --------------- -----------------
w3wp.exe					39		 3		  36
oracle@prd (J006)				 1		 1		   0
oracle@prd (J005)				 1		 1		   0
oracle@prd (J004)				 1		 1		   0
oracle@prd (J001)				 1		 1		   0
oracle@prd (J008)				 1		 1		   0
oracle@prd (J012)				 1		 1		   0
oracle@prd (J000)				 1		 1		   0
sqlplus@prd (TNS V1-V3) 			 1		 1		   0
oracle@prd (J011)				 1		 1		   0
oracle@prd (J013)				 1		 1		   0
oracle@prd (J007)				 1		 1		   0
oracle@prd (J002)				 1		 1		   0
oracle@prd (J003)				 1		 1		   0
oracle@prd (J010)				 1		 1		   0
oracle@prd (J009)				 1		 1		   0
JDBC Thin Client				20		 0		  20
ORACLE.EXE					15		 0		  15
DataSync.API					48		 0		  48
GinApps.Scheduler.exe				 2		 0		   2
Ginesys.API					 1		 0		   1
LicenseManager.Service.exe			 1		 0		   1
eWebReportsScheduler.exe			 2		 0		   2
SMTPMailer.Service.exe				 1		 0		   1
Toad.exe					 2		 0		   2
Planning.Service.exe				 1		 0		   1

26 rows selected.

********************************************************************************************************************************************************************
###TOP CPU CONSUMING SESSION(PROGRAM WISE) START###
********************************************************************************************************************************************************************

      RANK	  SID	 SERIAL# PROGRAM		 CPUMINS LOGON_TIME  ACTION		  EVENT 	       TERMINAL   WAIT_CLASS
---------- ---------- ---------- -------------------- ---------- ----------- -------------------- -------------------- ---------- ---------------
	 1	 1393	   42143 eWebReportsScheduler	 1441.86 28-NOV-2024			  SQL*Net message from GSLWEB	  Idle
	 2	  697	   54803 oracle@prd (MMON)	 1330.62 03-SEP-2023			  rdbms ipc message    UNKNOWN	  Idle
	 3	  217	   22931 oracle@prd (DBRM)	  891.71 03-SEP-2023			  rdbms ipc message    UNKNOWN	  Idle
	 4	  721	   48261 oracle@prd (MMNL)	  807.65 03-SEP-2023			  rdbms ipc message    UNKNOWN	  Idle
	 5	 1129	   65410 oracle@prd (CJQ0)	  119.01 03-SEP-2023			  rdbms ipc message    UNKNOWN	  Idle
	 6	  800	   50980 JDBC Thin Client	  117.85 18-DEC-2024			  SQL*Net message from unknown	  Idle
	 7	  553	   60421 oracle@prd (SMON)	   33.96 03-SEP-2023			  smon timer	       UNKNOWN	  Idle
	 8	  242	   43499 oracle@prd (W003)	   32.36 04-SEP-2023 KTSJ Slave 	  Space Manager: slave UNKNOWN	  Idle
	 9	 1057	   51453 oracle@prd (W002)	   32.32 04-SEP-2023 KTSJ Slave 	  Space Manager: slave UNKNOWN	  Idle
	10	  554	   61944 oracle@prd (W001)	   32.28 04-SEP-2023 KTSJ Slave 	  Space Manager: slave UNKNOWN	  Idle

10 rows selected.

###TOP CPU CONSUMING SESSION(PROGRAM WISE) END###
********************************************************************************************************************************************************************
###Today Cube Refresh status START###
********************************************************************************************************************************************************************

      CODE DATACUBE_CODE  CUBE_CODE START_TIM END_TIME	RUN_DURATI CREATOR		STATUS		   ERROR_REASON
---------- ------------- ---------- --------- --------- ---------- -------------------- ------------------ ----------------------------------------
     43067	       7       1603 31-DEC-24 31-DEC-24 02:17:21   Amol Vanju		Failed		   ORA-01628: max # extents (32765) reached
     43066	       5       1622 31-DEC-24 31-DEC-24 02:31:46   Amol Vanju		Refresh completed
     43065	      25       1644 31-DEC-24 31-DEC-24 00:53:37   Integration		Refresh completed
     43064	      14       1652 31-DEC-24 31-DEC-24 02:18:12   Amol Vanju		Refresh completed
     43063	      24       1658 31-DEC-24 31-DEC-24 00:36:00   Amol Vanju		Refresh completed
     43062	      26       1574 31-DEC-24 31-DEC-24 00:26:59   Amol Vanju		Refresh completed
     43061	      29       1654 31-DEC-24 31-DEC-24 00:34:07   Amol Vanju		Refresh completed

7 rows selected.

###Today Cube Refresh status END###
********************************************************************************************************************************************************************
********************************************************************************************************************************************************************
###CURRENT ARCHIVE GENERATED###
********************************************************************************************************************************************************************

DAY	    NUM_ARCHIVES_GENERATED ARCHIVE_SIZE_GB
----------- ---------------------- ---------------
2024-12-31		       639	     39.06
2024-12-30		       708	     29.35
2024-12-29		       671	      21.9
2024-12-28		       692	      25.9
2024-12-27		       961	     51.76

********************************************************************************************************************************************************************
###CURRENT ARCHIVE GENERATED###
********************************************************************************************************************************************************************
