********************************************************************************************************************************************************************
###TABLESPACE INFORMATION START###
********************************************************************************************************************************************************************

TABLESPACE_NAME        TOTAL_GB    USED_GB    FREE_GB	TMAXSIZE      USED%
-------------------- ---------- ---------- ---------- ---------- ----------
USERS			    458        419	   39	     480	 91
INDX			    256        245	   11	     288	 96
SOCH_ADMIN		    128        101	   27	     192	 79
GINOLAP 		     70 	 6	   64	     128	  9
TEMP			     64 	20	   44	      64	 31
UNDOTBS1		     64 	22	   42	      64	 34
SOCHMIS 		     58 	56	    2	      96	 97
SYSAUX			     29 	 5	   24	      32	 17
SYSTEM			      5 	 2	    3	      32	 40
GIN_TS_NOLOGGING	      3 	 2	    1	      32	 67
GIN_TS_SUMMARY		      3 	 3	    0	      32	100
DEV_WLS 		      1 	 0	    1	      32	  0
DEV_IAS_OPSS		      1 	 0	    1	      32	  0
DEV_STB 		      1 	 0	    1	      32	  0
GIN_TS_TX_DATA		      1 	 0	    1	      32	  0
DEV_IAU 		      1 	 0	    1	      32	  0

16 rows selected.


no rows selected

********************************************************************************************************************************************************************
###TABLESPACE INFORMATION END###
********************************************************************************************************************************************************************
********************************************************************************************************************************************************************
###RMAN BACKUP INFORMATION START###
********************************************************************************************************************************************************************

COMMAND_ID	     START_TIME 	   TIME_TAKEN_DISPLAY	STATUS		INPUT_TYPE    OUTPUT_DEVICE_TYP INPUT_BYTES_DISPLAY  OUTPUT_BYTES_DISPLAY
-------------------- --------------------- -------------------- --------------- ------------- ----------------- -------------------- --------------------
2024-12-31T00:10:02  31-DEC-24 12:10:32 AM 07:48:15		COMPLETED	DB FULL       DISK		    1.26T	       259.40G
2024-12-30T00:10:02  30-DEC-24 12:10:30 AM 07:49:20		COMPLETED	DB FULL       DISK		    1.28T	       259.51G
2024-12-29T00:10:02  29-DEC-24 12:10:30 AM 07:58:32		COMPLETED	DB FULL       DISK		    1.29T	       263.05G
2024-12-28T00:10:02  28-DEC-24 12:10:31 AM 07:59:03		COMPLETED	DB FULL       DISK		    1.29T	       262.49G
2024-12-27T00:10:01  27-DEC-24 12:10:30 AM 08:07:56		COMPLETED	DB FULL       DISK		    1.31T	       269.27G
2024-12-26T00:10:02  26-DEC-24 12:10:31 AM 07:27:37		COMPLETED	DB FULL       DISK		    1.20T	       243.44G
2024-12-25T00:10:01  25-DEC-24 12:10:31 AM 08:09:56		COMPLETED	DB FULL       DISK		    1.33T	       275.88G
2024-12-24T00:10:02  24-DEC-24 12:10:32 AM 07:43:34		COMPLETED	DB FULL       DISK		    1.27T	       258.38G
2024-12-23T00:10:01  23-DEC-24 12:10:30 AM 07:50:21		COMPLETED	DB FULL       DISK		    1.27T	       256.57G
2024-12-22T00:10:01  22-DEC-24 12:10:27 AM 07:36:46		COMPLETED	DB FULL       DISK		    1.23T	       250.94G

10 rows selected.

********************************************************************************************************************************************************************
###RMAN BACKUP INFORMATION END###
********************************************************************************************************************************************************************
********************************************************************************************************************************************************************
### SCHEMA SIZE INFORMATION START ###
********************************************************************************************************************************************************************

OWNER		     SCHEMA_SIZE_MB SCHEMA_SIZE_GB
-------------------- -------------- --------------
MDRL			  593371.38	    579.46
SOCH_ADMIN		  160492.44	    156.73
GINARCHIVE		   73120.88	     71.41
SYS			   27683.06	     27.03
USMSYS			   19141.13	     18.69
GINVIEW 		    2768.13	       2.7
COGS_MIGRATION		    2127.38	      2.08
TEST			    1068.13	      1.04
AUDSYS			     609.19	       .59
GININTG 		      236.5	       .23
APEX_040200			194	       .19
GATEWAY 		     191.31	       .19
MDSYS			      78.69	       .08
XDB			       68.5	       .07
DEV_OPSS		      51.25	       .05
DEV_IAU 		      47.44	       .05
SYSTEM			      32.31	       .03
ORDDATA 		      16.13	       .02
DEV_WLS 		       8.63	       .01
WMSYS			       7.19	       .01
DVSYS			       4.44		 0
CTXSYS			       3.81		 0
GSMADMIN_INTERNAL	       1.38		 0
DBSNMP				.88		 0
DEV_STB 			.88		 0
OUTLN				.56		 0
ORDSYS				.44		 0
SCOTT				.38		 0
OJVMSYS 			.38		 0
LBACSYS 			.31		 0
DEV_WLS_RUNTIME 		.13		 0

31 rows selected.

********************************************************************************************************************************************************************
### SCHEMA SIZE INFORMATION END ###
********************************************************************************************************************************************************************
********************************************************************************************************************************************************************
### DATA DELETION  INFORMATION START ###
********************************************************************************************************************************************************************

OWNER SEGMENT_NAME		     SEGMENT_TY TABLE_NAME		       COLUMN_NAME	    TABLESPA SCHEMA_SIZE_MB SCHEMA_SIZE_GIG
----- ------------------------------ ---------- ------------------------------ -------------------- -------- -------------- ---------------
MDRL  INBOUND_API_LOG		     TABLE							    USERS	   20920.69	      20.43
MDRL  SYS_LOB0000183814C00008$$      LOBSEGMENT GDS2_EVENT_QUEUE_DATA_ARCHIVE  BATCH_DATA	    USERS	   10623.19	      10.37
MDRL  SYS_LOB0000118513C00002$$      LOBSEGMENT DXSENDDATA		       FILEDATA 	    USERS	       4419	       4.32
MDRL  SYS_LOB0000118852C00008$$      LOBSEGMENT GDS2_EVENT_QUEUE_DATA	       BATCH_DATA	    USERS	    2286.19	       2.23
MDRL  SYS_LOB0000118804C00003$$      LOBSEGMENT GDS_INBOUND_QUEUE	       REQUESTDATA	    USERS	       1631	       1.59
MDRL  SYS_LOB0000118510C00002$$      LOBSEGMENT DXRECEIVEDATA		       FILEDATA 	    USERS	       1547	       1.51
MDRL  MLOG$_PSITE_POSBILL	     TABLE							    USERS	       1530	       1.49
MDRL  PSITE_EMRTRANSACTION_LOG	     TABLE							    USERS	       1347	       1.32
MDRL  SYS_LOB0000449472C00013$$      LOBSEGMENT GDS2_WEBHOOK_SUCCESS	       REQUEST_DATA	    USERS	    1089.19	       1.06
MDRL  SYS_LOB0001568812C00016$$      LOBSEGMENT DXSEND2 		       SENDDATA 	    USERS	     856.19		.84
MDRL  SYS_LOB0000449529C00006$$      LOBSEGMENT INBOUND_API_LOG 	       REQUEST_DATA	    USERS	     792.19		.77
MDRL  GDS2_EVENT_TRACK_ARCHIVE	     TABLE							    USERS		708		.69
MDRL  GDS2_EVENT_QUEUE_ARCHIVE	     TABLE							    USERS		559		.55
MDRL  DXSENDDATA		     TABLE							    USERS		476		.46
MDRL  DXRECEIVEDATA		     TABLE							    USERS		151		.15

15 rows selected.

********************************************************************************************************************************************************************
### DATA DELETION  INFORMATION END ###
********************************************************************************************************************************************************************
********************************************************************************************************************************************************************
### OBJECT INFORMATION ###
********************************************************************************************************************************************************************

SNAP_TIME   OBJECT_NAME 														     BLOCK_CHANGED
----------- -------------------------------------------------------------------------------------------------------------------------------- -------------
24-12-30 11 PSITE_EVENT 															  47407472
24-12-30 13 PSITE_EVENT 															  44042720
24-12-30 12 PSITE_EVENT 															  38207408
24-12-30 16 PSITE_EVENT 															  36308688
24-12-30 14 PSITE_EVENT 															  33914608
24-12-30 15 PSITE_EVENT 															  31967728
24-12-30 10 PSITE_EVENT 															  31883744

7 rows selected.

********************************************************************************************************************************************************************
### OBJECT INFORMATION ###
********************************************************************************************************************************************************************
********************************************************************************************************************************************************************
###MOST MODIFIED TABLES###
********************************************************************************************************************************************************************

no rows selected


no rows selected


no rows selected

********************************************************************************************************************************************************************
###MOST MODIFIED TABLES###
********************************************************************************************************************************************************************
********************************************************************************************************************************************************************
###MST_STATTAB LAST ANALYZED ###
********************************************************************************************************************************************************************

TABLE_NAME				 DBA_STATISTICS  DBA_TABLES
---------------------------------------- --------------- ---------------
INVSTOCK_ONHAND_STOCKPOINT_AGG		 28-DEC-24	 28-DEC-24
INVSTOCK				 28-DEC-24	 28-DEC-24
INVSTOCK_ONHAND_AGG			 28-DEC-24	 28-DEC-24
PURINVCHG_ITEM				 28-DEC-24	 28-DEC-24
PURINVCHG				 28-DEC-24	 28-DEC-24
PURINVMAIN				 28-DEC-24	 28-DEC-24
PURINVDET				 28-DEC-24	 28-DEC-24
INVGRCCHG_ITEM				 28-DEC-24	 28-DEC-24
INVGRCCHG				 28-DEC-24	 28-DEC-24
INVGRCMAIN				 28-DEC-24	 28-DEC-24
INVGRCDET				 28-DEC-24	 28-DEC-24
SALCSDET				 28-DEC-24	 28-DEC-24
SALCSMAIN				 28-DEC-24	 28-DEC-24
PSITE_POSBILLITEM			 28-DEC-24	 28-DEC-24
PSITE_POSBILL				 28-DEC-24	 28-DEC-24
PSITE_POSBILLMOP			 28-DEC-24	 28-DEC-24
FINPOST 				 28-DEC-24	 28-DEC-24
INVDCDET				 28-DEC-24	 28-DEC-24
TEMP_INVDCSO_CHECK			 28-DEC-24	 28-DEC-24
TEMP_SALINVDET_STAGING			 28-DEC-24	 28-DEC-24
INVDCMAIN				 28-DEC-24	 28-DEC-24
SALORDDET				 28-DEC-24	 28-DEC-24
SALORDMAIN				 28-DEC-24	 28-DEC-24
SALINVCHG_ITEM				 28-DEC-24	 28-DEC-24
SALINVCHG				 28-DEC-24	 28-DEC-24
SALINVMAIN				 28-DEC-24	 28-DEC-24
SALINVDET				 28-DEC-24	 28-DEC-24
FINPOST_CHECK				 28-DEC-24	 28-DEC-24
TEMP_ALLOC_CUSTOMER			 28-DEC-24	 28-DEC-24
PSITE_GRCCHGITEM			 28-DEC-24	 28-DEC-24
PSITE_GRCITEM				 28-DEC-24	 28-DEC-24
PSITE_GRC				 28-DEC-24	 28-DEC-24
INT$STG_CREATEPO_ALL_FLD		 28-DEC-24	 28-DEC-24
PSITE_GRCCHG				 28-DEC-24	 28-DEC-24
SALORDCHG_ITEM				 28-DEC-24	 28-DEC-24
SALORDCHG				 28-DEC-24	 28-DEC-24
INVITEMLASTINWARD			 28-DEC-24	 28-DEC-24
TEMP_ALLOC_ITEM 			 28-DEC-24	 28-DEC-24
PSITE_AUDITJOURNALITEM			 28-DEC-24	 28-DEC-24
PSITE_AUDITJOURNAL			 28-DEC-24	 28-DEC-24
PURRTCHG_ITEM				 28-DEC-24	 28-DEC-24
PURRTCHG				 28-DEC-24	 28-DEC-24
PURRTMAIN				 28-DEC-24	 28-DEC-24
PURRTDET				 28-DEC-24	 28-DEC-24
FINCOSTTAG_CHECK			 28-DEC-24	 28-DEC-24
INVGRTCHG_ITEM				 28-DEC-24	 28-DEC-24
INVGRTCHG				 28-DEC-24	 28-DEC-24
INVGRTMAIN				 28-DEC-24	 28-DEC-24
INVGRTDET				 28-DEC-24	 28-DEC-24
FINCOSTTAG				 28-DEC-24	 28-DEC-24
PSITE_ALLOC_ITEM			 28-DEC-24	 28-DEC-24
PSITE_CUSTOMER				 28-DEC-24	 28-DEC-24
INVBARCODELOG				 28-DEC-24	 28-DEC-24
PRDBOMDET				 28-DEC-24	 28-DEC-24
PRDLOTOPERATION 			 28-DEC-24	 28-DEC-24
PSITE_CUSTOMER_DIST			 28-DEC-24	 28-DEC-24
PRDLOTBOM				 28-DEC-24	 28-DEC-24
INVSTOCK_INTRA				 28-DEC-24	 28-DEC-24
PRDWIPTRANS				 28-DEC-24	 28-DEC-24
INVBINSTOCK_ONHAND			 28-DEC-24	 28-DEC-24
SALRTCHG_ITEM				 28-DEC-24	 28-DEC-24
SALRTCHG				 28-DEC-24	 28-DEC-24
SALRTMAIN				 28-DEC-24	 28-DEC-24
SALRTDET				 28-DEC-24	 28-DEC-24
INVSTOCK_ONHAND_INTRA_AGG		 28-DEC-24	 28-DEC-24
PSITE_POSSTLM				 28-DEC-24	 28-DEC-24
PROMO_ASSORTMENT_INCLUDE		 28-DEC-24	 28-DEC-24
PROMO_ASSORTMENT_EXCLUDE		 28-DEC-24	 28-DEC-24
INVPICKLISTMAIN 			 28-DEC-24	 28-DEC-24
PSITE_DELIVERYSLIPITEM			 28-DEC-24	 28-DEC-24
PURORDCHG_ITEM				 28-DEC-24	 28-DEC-24
PURORDCHG				 28-DEC-24	 28-DEC-24
PURORDMAIN				 28-DEC-24	 28-DEC-24
PURORDDET				 28-DEC-24	 28-DEC-24
PSITE_POSSTLMAUDIT_POS			 28-DEC-24	 28-DEC-24
PSITE_POSSTLMAUDIT_HO			 28-DEC-24	 28-DEC-24
PSITE_PACKETITEM			 28-DEC-24	 28-DEC-24
PSITE_PACKET				 28-DEC-24	 28-DEC-24
PSITE_SALESPERSON			 28-DEC-24	 28-DEC-24
PSITE_DELIVERYSLIPITEMVOID		 28-DEC-24	 28-DEC-24
INT$STG_CREATEITEM_ALL_FLD		 30-DEC-24	 30-DEC-24
PSITE_EMRSUBMIT_QUEUE			 30-DEC-24	 30-DEC-24
INVSTOCK_LOG				 30-DEC-24	 30-DEC-24
INVPICKLISTDET				 31-DEC-24	 31-DEC-24

84 rows selected.

********************************************************************************************************************************************************************
###MST_STATTAB LAST ANALYZED ###
********************************************************************************************************************************************************************
********************************************************************************************************************************************************************
###Archive INFORMATION START###
********************************************************************************************************************************************************************

NAME		     SPACE_LIMIT SPACE_USED SPACE_RECLIMABLE NUMBER_OF_FILES
-------------------- ----------- ---------- ---------------- ---------------
/arch/			     990	777		 748		3204

********************************************************************************************************************************************************************
###Archive INFORMATION END###
********************************************************************************************************************************************************************
