PRODUCTION SERVER DISK SPACE START******************************************************
Filesystem               Size  Used Avail Use% Mounted on
/dev/mapper/rhel-root    296G  5.9G  275G   3% /
devtmpfs                  63G     0   63G   0% /dev
tmpfs                     63G     0   63G   0% /dev/shm
tmpfs                     63G  212M   63G   1% /run
tmpfs                     63G     0   63G   0% /sys/fs/cgroup
/dev/sda2                976M  236M  673M  26% /boot
/dev/sda1               1022M  9.8M 1013M   1% /boot/efi
/dev/mapper/rhel-arch    975G   50G  876G   6% /arch
/dev/mapper/rhel-backup  975G  418G  508G  46% /backup
/dev/mapper/rhel-home     99G  188M   94G   1% /home
/dev/mapper/datavg-u02   1.8T   77M  1.7T   1% /u02
/dev/mapper/datavg-u01   1.8T  503G  1.2T  31% /u01
tmpfs                     13G     0   13G   0% /run/user/1001
tmpfs                     13G   12K   13G   1% /run/user/42
tmpfs                     13G     0   13G   0% /run/user/0
PRODUCTION SERVER DISK SPACE END******************************************************
BACKUP SERVER DISK SPACE START*******************************************************
Filesystem               Size  Used Avail Use% Mounted on
/dev/mapper/rhel-root     89G  5.3G   79G   7% /
devtmpfs                 7.7G     0  7.7G   0% /dev
tmpfs                    7.7G   20K  7.7G   1% /dev/shm
tmpfs                    7.7G   82M  7.7G   2% /run
tmpfs                    7.7G     0  7.7G   0% /sys/fs/cgroup
/dev/sda2                1.1G  134M  870M  14% /boot
/dev/sda1                1.1G  9.8M  1.1G   1% /boot/efi
/dev/mapper/rhel-arch    192G   14G  168G   8% /arch
/dev/mapper/rhel-backup  246G  185G   49G  80% /backup
/dev/mapper/rhel-u01     395G  225G  150G  60% /u01
tmpfs                    1.6G   40K  1.6G   1% /run/user/1001
BACKUP SERVER DISK SPACE END*******************************************************
***PRODUCTION LOAD**************************************************************************
top - 17:00:01 up 9 days,  8:02,  1 user,  load average: 0.40, 0.24, 0.29
Tasks: 670 total,   1 running, 669 sleeping,   0 stopped,   0 zombie
%Cpu(s):  0.1 us,  0.5 sy,  0.0 ni, 99.4 id,  0.0 wa,  0.0 hi,  0.0 si,  0.0 st
KiB Mem : 13141524+total,  1079192 free,  2855620 used, 12748043+buff/cache
KiB Swap: 13421772+total, 13421438+free,     3336 used. 72094760 avail Mem 

   PID USER      PR  NI    VIRT    RES    SHR S  %CPU %MEM     TIME+ COMMAND
  3127 oracle    20   0   20.3g  24380  20504 S   6.2  0.0   5:43.43 ora_dia0_+
193004 oracle    20   0  162512   2716   1528 R   6.2  0.0   0:00.02 top
     1 root      20   0  194648   7232   2124 S   0.0  0.0   4:03.08 systemd
     2 root      20   0       0      0      0 S   0.0  0.0   0:00.32 kthreadd
     3 root      20   0       0      0      0 S   0.0  0.0   0:01.90 ksoftirqd+
     5 root       0 -20       0      0      0 S   0.0  0.0   0:00.00 kworker/0+
     6 root      20   0       0      0      0 S   0.0  0.0   0:00.00 kworker/u+
     8 root      rt   0       0      0      0 S   0.0  0.0   0:00.19 migration+
     9 root      20   0       0      0      0 S   0.0  0.0   0:00.00 rcu_bh
    10 root      20   0       0      0      0 S   0.0  0.0   5:16.60 rcu_sched
    11 root       0 -20       0      0      0 S   0.0  0.0   0:00.00 lru-add-d+
    12 root      rt   0       0      0      0 S   0.0  0.0   0:02.35 watchdog/0
    13 root      rt   0       0      0      0 S   0.0  0.0   0:02.36 watchdog/1
********************************************************************************************************************************************************************
********************************************************************************************************************************************************************
###LONG RUNNING QUERY FOR MORE THAN ONE MINUTE###
********************************************************************************************************************************************************************

no rows selected


no rows selected

********************************************************************************************************************************************************************
###LONG RUNNING QUERY FOR MORE THAN ONE MINUTE###
********************************************************************************************************************************************************************
********************************************************************************************************************************************************************
###LOCKING SESSION###
********************************************************************************************************************************************************************

no rows selected


no rows selected

********************************************************************************************************************************************************************
###LOCKING SESSION###
********************************************************************************************************************************************************************
***********************************************************************************************************************
###KILLED SESSION###
***********************************************************************************************************************

  COUNT(1) KILL_TIME	       SESSION_LOGON_TIME
---------- ------------------- -------------------
	 1 2024-05-14 14:00:01 2024-05-14 12:49:18

***********************************************************************************************************************
###KILLED SESSION###
***********************************************************************************************************************
********************************************************************************************************************************************************************
###TEMP TABLESPACE###
********************************************************************************************************************************************************************

TABLESPACE			 MB_TOTAL    MB_USED	MB_FREE
------------------------------ ---------- ---------- ----------
TEMP				    32767	   7	  32760

********************************************************************************************************************************************************************
###TEMP TABLESPACE###
********************************************************************************************************************************************************************
********************************************************************************************************************************************************************
###SESSION USING TEMP###
********************************************************************************************************************************************************************

SID_SERIAL	USERNAME	OSUSER		     SPID      MODULE			 PROGRAM	    MB_USED TABLESPACE	    STATEMENTS
--------------- --------------- -------------------- --------- ------------------------- --------------- ---------- --------------- ----------
354,4909	ARPL		SYSTEM		     192425    w3wp.exe 		 oracle@prddb		  3 TEMP	    3
706,16652	ARPL		SYSTEM		     192427    w3wp.exe 		 oracle@prddb		  3 TEMP	    3
770,30016	ARPL		SYSTEM		     192429    w3wp.exe 		 oracle@prddb		  1 TEMP	    1

********************************************************************************************************************************************************************
###SESSION USING TEMP###
********************************************************************************************************************************************************************
###UNDO  TABLESPACE###
********************************************************************************************************************************************************************

TABLESPACE_NAME 		   SIZEMB    USAGEMB	 FREEMB
------------------------------ ---------- ---------- ----------
UNDOTBS1		       32767.9844    67.3125 32700.6719

********************************************************************************************************************************************************************
###SESSION USING UNDO###
********************************************************************************************************************************************************************

no rows selected

********************************************************************************************************************************************************************
###UNDO SEGMENT STATUS###
********************************************************************************************************************************************************************

TABLESPACE_NAME 	       SIZE_MB	       USAGE_MB        FREE_MB
------------------------------ --------------- --------------- ---------------
UNDOTBS1		       32767.984375    67.3125	       32700.671875


TABLESPACE		       STATUS	 SUM_MB 	 COUNTS
------------------------------ --------- --------------- ---------------
UNDOTBS1		       UNEXPIRED 54.125 	 56
UNDOTBS1		       EXPIRED	 13.1875	 31

********************************************************************************************************************************************************************
###MV LAST REFRESH TIME###
********************************************************************************************************************************************************************

OWNER		MVIEW_NAME		       LAST_REFRESH_DATE
--------------- ------------------------------ -------------------
ARPL		SITE_MV 		       2024-12-31 16:57:01
ARPL		FACT_POS_SALE_DET_MV	       2024-12-31 17:00:00
ARPL		PLN_RANGING_SITE_MV	       2022-04-01 15:17:38
ARPL		COA_MV			       2024-12-31 16:56:59
ARPL		ADMOU_MV		       2024-12-31 16:57:00
ARPL		COST_SHEET_MV		       2024-12-31 16:56:59
ARPL		LEDGER_MV		       2024-12-31 16:56:59
ARPL		POS_CUSTOMER_MV 	       2024-12-31 16:57:00
ARPL		PRICE_CHART_MV		       2024-12-31 16:57:01
ARPL		ROUTE_MV		       2024-12-31 16:57:01
ARPL		SALESPERSON_MV		       2024-12-31 16:57:01
ARPL		SITE_DETAIL_MV		       2024-12-31 16:19:00
ARPL		CONTROL_SL_MV		       2024-12-31 16:57:00
ARPL		INVGRP_MV		       2024-12-31 16:57:01
ARPL		BOM_MV			       2024-12-31 16:56:59
ARPL		ITEM_MV 		       2024-12-31 16:56:59

16 rows selected.


no rows selected

********************************************************************************************************************************************************************
###MV LAST REFRESH TIME###
********************************************************************************************************************************************************************
###PROGRAM WISE SESSIONS###
********************************************************************************************************************************************************************

PROGRAM 			    TOTAL_SESSIONS ACTIVE_SESSIONS INACTIVE_SESSIONS
----------------------------------- -------------- --------------- -----------------
sqlplus@prddb (TNS V1-V3)			 1		 1		   0
oracle@prddb (J004)				 1		 1		   0
oracle@prddb (J002)				 1		 1		   0
oracle@prddb (J001)				 1		 1		   0
oracle@prddb (J005)				 1		 1		   0
oracle@prddb (J000)				 1		 1		   0
oracle@prddb (J003)				 1		 1		   0
w3wp.exe					 7		 0		   7
DataExchange.exe				 3		 0		   3
LicenseManager.Service.exe			 1		 0		   1
Planning.Service.exe				 1		 0		   1
Analytics.exe					 3		 0		   3
SMTPMailer.Service.exe				 1		 0		   1
LaunchPad.exe					 2		 0		   2
GNFS.Service.exe				 1		 0		   1

15 rows selected.

********************************************************************************************************************************************************************
###TOP CPU CONSUMING SESSION(PROGRAM WISE) START###
********************************************************************************************************************************************************************

      RANK	  SID	 SERIAL# PROGRAM		 CPUMINS LOGON_TIME  ACTION		  EVENT 	       TERMINAL   WAIT_CLASS
---------- ---------- ---------- -------------------- ---------- ----------- -------------------- -------------------- ---------- ---------------
	 1	  897	   34565 w3wp.exe		   13.08 31-DEC-2024			  SQL*Net message from V12-SERVER Idle
	 2	  865	   34840 oracle@prddb (MMNL)	    7.68 23-JUN-2023			  rdbms ipc message    UNKNOWN	  Idle
	 3	  833	   65191 oracle@prddb (MMON)	    3.51 23-JUN-2023			  rdbms ipc message    UNKNOWN	  Idle
	 4	 1313	   54632 oracle@prddb (CJQ0)	    2.34 23-JUN-2023			  rdbms ipc message    UNKNOWN	  Idle
	 5	  289	   33429 oracle@prddb (DBRM)	     .62 23-JUN-2023			  rdbms ipc message    UNKNOWN	  Idle
	 6	  673	   49323 oracle@prddb (SMON)	     .56 23-JUN-2023			  smon timer	       UNKNOWN	  Idle
	 7	 1249	   41190 oracle@prddb (W001)	      .5 23-JUN-2023 KTSJ Slave 	  Space Manager: slave UNKNOWN	  Idle
	 8	  322	   13970 oracle@prddb (W002)	      .5 23-JUN-2023 KTSJ Slave 	  Space Manager: slave UNKNOWN	  Idle
	 9	 1217	    3941 oracle@prddb (W000)	     .49 23-JUN-2023 KTSJ Slave 	  Space Manager: slave UNKNOWN	  Idle
	10	  386	   18501 oracle@prddb (W003)	     .48 22-DEC-2024 KTSJ Slave 	  Space Manager: slave UNKNOWN	  Idle

10 rows selected.

###TOP CPU CONSUMING SESSION(PROGRAM WISE) END###
********************************************************************************************************************************************************************
###Today Cube Refresh status START###
********************************************************************************************************************************************************************

no rows selected

###Today Cube Refresh status END###
********************************************************************************************************************************************************************
********************************************************************************************************************************************************************
###CURRENT ARCHIVE GENERATED###
********************************************************************************************************************************************************************

DAY	    NUM_ARCHIVES_GENERATED ARCHIVE_SIZE_GB
----------- ---------------------- ---------------
2024-12-31		       275	      1.17
2024-12-30		       486	      1.56
2024-12-29		       486	      1.22
2024-12-28		       486	       1.5
2024-12-27		       489	      2.41

********************************************************************************************************************************************************************
###CURRENT ARCHIVE GENERATED###
********************************************************************************************************************************************************************
