********************************************************************************************************************************************************************
###TABLESPACE INFORMATION START###
********************************************************************************************************************************************************************

TABLESPACE_NAME        TOTAL_GB    USED_GB    FREE_GB	TMAXSIZE      USED%
-------------------- ---------- ---------- ---------- ---------- ----------
USERS			    403        291	  112	     416	 72
GINOLAP 		    276        230	   46	     288	 83
INDX			    204        182	   22	     224	 89
UNDOTBS1		     86 	15	   71	      96	 17
TEMP			     64 	 0	   64	      64	  0
GIN_TS_SUMMARY		     32 	17	   15	      32	 53
SYSAUX			     21 	 7	   14	      32	 33
GIN_TS_NOLOGGING	      5 	 2	    3	      32	 40
SYSTEM			      3 	 3	    0	      32	100
GIN_TS_TX_DATA		      2 	 0	    2	      32	  0

10 rows selected.


TABLESPACE_NAME 	USED_GB   TMAXSIZE	ALERT
-------------------- ---------- ---------- ----------
GIN_TS_SUMMARY		  17.46 	32	   15

********************************************************************************************************************************************************************
###TABLESPACE INFORMATION END###
********************************************************************************************************************************************************************
********************************************************************************************************************************************************************
###MST_STATTAB LAST ANALYZED ###
********************************************************************************************************************************************************************
********************************************************************************************************************************************************************
###RMAN BACKUP INFORMATION START###
********************************************************************************************************************************************************************

COMMAND_ID	     START_TIME 	   TIME_TAKEN_DISPLAY	STATUS		INPUT_TYPE    OUTPUT_DEVICE_TYP INPUT_BYTES_DISPLAY  OUTPUT_BYTES_DISPLAY
-------------------- --------------------- -------------------- --------------- ------------- ----------------- -------------------- --------------------
2024-12-31T00:10:01  31-DEC-24 12:10:26 AM 05:36:11		COMPLETED	DB FULL       DISK		    1.01T	       185.02G
2024-12-30T00:10:01  30-DEC-24 12:10:25 AM 05:40:21		COMPLETED	DB FULL       DISK		    1.01T	       187.16G
2024-12-29T00:10:02  29-DEC-24 12:10:24 AM 05:37:31		COMPLETED	DB FULL       DISK		    1.01T	       186.28G
2024-12-28T00:10:01  28-DEC-24 12:10:24 AM 05:41:51		COMPLETED	DB FULL       DISK		    1.01T	       185.67G
2024-12-27T00:10:02  27-DEC-24 12:10:24 AM 05:36:50		COMPLETED	DB FULL       DISK		    1.01T	       186.33G
2024-12-26T00:10:02  26-DEC-24 12:10:26 AM 05:35:31		COMPLETED	DB FULL       DISK		    1.01T	       185.43G
2024-12-25T00:10:01  25-DEC-24 12:10:28 AM 05:36:30		COMPLETED	DB FULL       DISK		    1.01T	       185.50G
2024-12-24T00:10:02  24-DEC-24 12:10:24 AM 05:34:11		COMPLETED	DB FULL       DISK		    1.01T	       184.91G
2024-12-23T00:10:01  23-DEC-24 12:10:23 AM 05:22:51		COMPLETED	DB FULL       DISK		    1.01T	       176.99G
2024-12-22T00:10:02  22-DEC-24 12:10:27 AM 05:22:51		COMPLETED	DB FULL       DISK		    1.01T	       176.50G

10 rows selected.

********************************************************************************************************************************************************************
###RMAN BACKUP INFORMATION END###
********************************************************************************************************************************************************************
********************************************************************************************************************************************************************
### SCHEMA SIZE INFORMATION START ###
********************************************************************************************************************************************************************

OWNER		     SCHEMA_SIZE_MB SCHEMA_SIZE_GB
-------------------- -------------- --------------
CSPL			  482498.25	    471.19
MISRETAIL		  235072.19	    229.56
SYS			   23733.56	     23.18
GINARCHIVE		    9968.81	      9.74
GINVIEW 		    9315.06	       9.1
COGS_MIGRATION		    1688.94	      1.65
AUDSYS			     743.19	       .73
MISCUSTOM		     383.13	       .37
APEX_040200			194	       .19
GININTG 			191	       .19
GATEWAY 		     142.38	       .14
MDSYS			      78.69	       .08
XDB			       68.5	       .07
SYSTEM			      32.19	       .03
ORDDATA 		      16.13	       .02
WMSYS			       7.19	       .01
DVSYS			       4.44		 0
CTXSYS			       3.81		 0
GSMADMIN_INTERNAL	       1.38		 0
DBSNMP				.81		 0
OUTLN				.56		 0
ORDSYS				.44		 0
SCOTT				.38		 0
OJVMSYS 			.38		 0
LBACSYS 			.31		 0

25 rows selected.

********************************************************************************************************************************************************************
### SCHEMA SIZE INFORMATION END ###
********************************************************************************************************************************************************************
********************************************************************************************************************************************************************
### DATA DELETION  INFORMATION START ###
********************************************************************************************************************************************************************

OWNER SEGMENT_NAME		     SEGMENT_TY TABLE_NAME		       COLUMN_NAME	    TABLESPA SCHEMA_SIZE_MB SCHEMA_SIZE_GIG
----- ------------------------------ ---------- ------------------------------ -------------------- -------- -------------- ---------------
CSPL  SYS_LOB0002113583C00008$$      LOBSEGMENT GDS2_EVENT_QUEUE_DATA_ARCHIVE  BATCH_DATA	    USERS	   18524.19	      18.09
CSPL  SYS_LOB0000094982C00002$$      LOBSEGMENT DXRECEIVEDATA		       FILEDATA 	    USERS	    6345.13		6.2
CSPL  SYS_LOB0000094985C00002$$      LOBSEGMENT DXSENDDATA		       FILEDATA 	    USERS	    5163.13	       5.04
CSPL  SYS_LOB0000095296C00008$$      LOBSEGMENT GDS2_EVENT_QUEUE_DATA	       BATCH_DATA	    USERS	     752.19		.73
CSPL  MLOG$_PSITE_POSBILL	     TABLE							    USERS		734		.72
CSPL  DXSENDDATA		     TABLE							    USERS		704		.69
CSPL  GDS2_EVENT_QUEUE_ARCHIVE	     TABLE							    USERS		396		.39
CSPL  GDS2_EVENT_TRACK_ARCHIVE	     TABLE							    USERS		386		.38
CSPL  SYS_LOB0003440093C00010$$      LOBSEGMENT DXRECEIVE2		       RECEIVEDATA	    USERS	     300.19		.29
CSPL  ADMERRAUDIT		     TABLE							    USERS	     192.31		.19
CSPL  SYS_LOB0003440105C00016$$      LOBSEGMENT DXSEND2 		       SENDDATA 	    USERS	     192.19		.19
CSPL  DXRECEIVEDATA		     TABLE							    USERS		 82		.08
CSPL  INBOUND_API_LOG		     TABLE							    USERS		 72		.07
CSPL  DXSEND2			     TABLE							    USERS		 22		.02
CSPL  DXRECEIVE2		     TABLE							    USERS		 19		.02

15 rows selected.

********************************************************************************************************************************************************************
### DATA DELETION  INFORMATION END ###
********************************************************************************************************************************************************************
********************************************************************************************************************************************************************
### OBJECT INFORMATION ###
********************************************************************************************************************************************************************

SNAP_TIME   OBJECT_NAME 														     BLOCK_CHANGED
----------- -------------------------------------------------------------------------------------------------------------------------------- -------------
24-12-30 13 T$RETAILSALE_1096															   7162512
24-12-30 09 ** MISSING: 6305655/6305655 													   7020992
24-12-30 18 INX_T$SITE2SITE_1003_01														   6611456
24-12-30 09 ** MISSING: 6305656/6305656 													   6046896
24-12-30 13 INX_T$RETAILSALE_1096_01														   6046432
24-12-30 13 T$SALINV_308															   4939664
24-12-30 13 INX_T$SALINV_308_BAR_02														   4094688

7 rows selected.

********************************************************************************************************************************************************************
### OBJECT INFORMATION ###
********************************************************************************************************************************************************************
********************************************************************************************************************************************************************
###MOST MODIFIED TABLES###
********************************************************************************************************************************************************************

TABLE_NAME				    INSERTS TIMESTAMP LAST_ANALYZED
---------------------------------------- ---------- --------- ---------------
INVSTOCK				     118747 30-DEC-24 28-DEC-24
SALCSDET				      97139 30-DEC-24 28-DEC-24
INVSTOCK_LOG				      96420 30-DEC-24 30-DEC-24
OBJECT_SEGMENT				      62127 31-DEC-24 28-DEC-24
INVGRCCHG_ITEM				      41385 30-DEC-24 28-DEC-24
PSITE_POSBILLITEM			      37763 30-DEC-24 28-DEC-24
PURORDCHG_ITEM				      32262 30-DEC-24 28-DEC-24
PURINVCHG_ITEM				      28763 30-DEC-24 28-DEC-24
PSITE_WEB_EVENT_ARCHIVE 		      20375 30-DEC-24 28-DEC-24
PSITE_EVENT_ARCHIVE			      14645 30-DEC-24 28-DEC-24
PSITE_POSBILL				      12830 30-DEC-24 28-DEC-24
PSITE_POSBILLMOP			      12762 30-DEC-24 28-DEC-24
PSITE_EMRSUBMIT_QUEUE			      11457 30-DEC-24 28-DEC-24
ADMERRAUDIT				       9118 31-DEC-24 27-DEC-24
INVSTOCK_ONHAND_STOCKPOINT_AGG		       7906 30-DEC-24 28-DEC-24
INVSTOCK_ONHAND_AGG			       7785 30-DEC-24 28-DEC-24
INVGRCDET				       6601 30-DEC-24 28-DEC-24
PURINVDET				       5202 30-DEC-24 28-DEC-24
INVITEMLASTINWARD			       4861 30-DEC-24 28-DEC-24
PSITE_ALLOC_ITEM			       4649 30-DEC-24 28-DEC-24
PURRTCHG_ITEM				       4635 30-DEC-24 28-DEC-24
PURORDDET				       4277 30-DEC-24 28-DEC-24
INVGRTCHG_ITEM				       4253 30-DEC-24 28-DEC-24
FINCOSTTAG				       4194 30-DEC-24 28-DEC-24
FINPOST 				       3823 30-DEC-24 28-DEC-24
TEMP_ALLOC_CUSTOMER			       3777 30-DEC-24 28-DEC-24
PSITE_POSSTLMAUDIT_POS			       3528 30-DEC-24 28-DEC-24
PSITE_GRCITEM				       3284 30-DEC-24 28-DEC-24
DS_JOB_QUEUE				       3185 31-DEC-24 30-DEC-24
INVITEM 				       3040 30-DEC-24 28-DEC-24
LPCARD					       3000 30-DEC-24 28-DEC-24
LPCARD_POINT				       2676 30-DEC-24 28-DEC-24
PSITE_POSSTLMAUDIT_HO			       2499 30-DEC-24 28-DEC-24
PSITE_CUSTOMER_DIST			       2405 30-DEC-24 28-DEC-24
PSITE_GRCCHGITEM			       2210 30-DEC-24 28-DEC-24
PSITE_POSBILLITEMRETURN 		       1995 30-DEC-24 28-DEC-24
INVSTOCK_INTRA				       1974 30-DEC-24 28-DEC-24
INVDCDET				       1967 30-DEC-24 28-DEC-24
PSITE_CUSTOMER				       1942 30-DEC-24 28-DEC-24
INVSTOCK_ONHAND_INTRA_AGG		       1740 30-DEC-24 28-DEC-24
PSITE_GRTITEM				       1668 30-DEC-24 28-DEC-24
PSITE_POSORDERITEM			       1403 30-DEC-24 28-DEC-24
FINPOST_CHECK				       1184 30-DEC-24 28-DEC-24
PURORDCHG				       1179 30-DEC-24 28-DEC-24
PSITE_POSSTLMSTOCKINFO_POS		       1138 30-DEC-24 28-DEC-24
FINCOSTTAG_CHECK			       1044 30-DEC-24 28-DEC-24
PSITE_POSSTLMDETAIL			       1016 30-DEC-24 28-DEC-24
POSJOURNAL_DETAIL				988 30-DEC-24 28-DEC-24
PSITE_PACKETITEM				985 30-DEC-24 28-DEC-24
PURINVCHG					960 30-DEC-24 28-DEC-24

50 rows selected.


TABLE_NAME				    UPDATES TIMESTAMP LAST_ANALYZED
---------------------------------------- ---------- --------- ---------------
INVSTOCK				     199084 30-DEC-24 28-DEC-24
INVSTOCK_ONHAND_AGG			     120232 30-DEC-24 28-DEC-24
INVSTOCK_ONHAND_STOCKPOINT_AGG		     115366 30-DEC-24 28-DEC-24
INVSTOCK_LOG				     108860 30-DEC-24 30-DEC-24
INVITEM 				      39661 30-DEC-24 28-DEC-24
INVGRCDET				      19469 30-DEC-24 28-DEC-24
LPCARD_POINT				      14698 30-DEC-24 28-DEC-24
FINCOSTTAG_CHECK			      13468 30-DEC-24 28-DEC-24
FINPOST 				      13295 30-DEC-24 28-DEC-24
FINPOST_CHECK				       9872 30-DEC-24 28-DEC-24
PURORDDET				       8271 30-DEC-24 28-DEC-24
PURINVDET				       5202 30-DEC-24 28-DEC-24
MAILJOB 				       5096 31-DEC-24 30-DEC-24
TEMP_INVDCSO_CHECK			       3488 30-DEC-24 28-DEC-24
LPCARD					       3436 30-DEC-24 28-DEC-24
INVITEMLASTINWARD			       2374 30-DEC-24 28-DEC-24
PURINVCHG				       1920 30-DEC-24 28-DEC-24
SALORDDET				       1744 30-DEC-24 28-DEC-24
INVGRTDET				       1496 30-DEC-24 28-DEC-24
DXSESSIONLOG2				       1274 31-DEC-24 30-DEC-24
DXSESSIONLOG				       1086 31-DEC-24 27-DEC-24
SALORDMAIN					996 30-DEC-24 28-DEC-24
PSITE_PACKET					845 30-DEC-24 28-DEC-24
PURRTDET					806 30-DEC-24 28-DEC-24
PSITE_POSORDER					781 30-DEC-24 28-DEC-24
INVGRCMAIN					618 30-DEC-24 28-DEC-24
GRIDSTATE					586 31-DEC-24 27-DEC-24
PURINVMAIN					539 30-DEC-24 28-DEC-24
PSITE_CUSTOMER					527 30-DEC-24 28-DEC-24
PSITE_PROMO_ASSIGN				525 30-DEC-24 28-DEC-24
INVLGTNOTE					497 30-DEC-24 28-DEC-24
POSJOURNAL					489 30-DEC-24 28-DEC-24
INVDCMAIN					470 30-DEC-24 28-DEC-24
INVGATEIN					452 30-DEC-24 27-DEC-24
INVDCDET					450 30-DEC-24 28-DEC-24
FINCOSTTAG					399 30-DEC-24 28-DEC-24
SALRTDET					368 30-DEC-24 28-DEC-24
PURORDMAIN					345 30-DEC-24 28-DEC-24
PSITE_GRT					340 30-DEC-24 28-DEC-24
FINJRNDET					340 30-DEC-24 27-DEC-24
FINVCHDET					313 30-DEC-24 27-DEC-24
PSITE_POSSTLM					287 30-DEC-24 28-DEC-24
FINJRNMAIN					280 30-DEC-24 27-DEC-24
GVLEAVES					245 30-DEC-24 27-DEC-24
SALRTMAIN					212 30-DEC-24 28-DEC-24
INVSTOCK_ONHAND_INTRA_AGG			210 30-DEC-24 28-DEC-24
SALINVMAIN					199 30-DEC-24 28-DEC-24
PO_SEND_MAIL					175 30-DEC-24 28-DEC-24
PURRTCHG					161 30-DEC-24 28-DEC-24
INVGRTMAIN					135 30-DEC-24 28-DEC-24

50 rows selected.


TABLE_NAME				    DELETES TIMESTAMP LAST_ANALYZED
---------------------------------------- ---------- --------- ---------------
INVSTOCK_LOG				     108860 30-DEC-24 30-DEC-24
PSITE_POSBILLITEM_PARK			      23143 30-DEC-24 30-DEC-24
INVSTOCK				      16066 30-DEC-24 28-DEC-24
SALCSDET				      13728 30-DEC-24 28-DEC-24
PURORDCHG_ITEM				       9903 30-DEC-24 28-DEC-24
INVGRCCHG_ITEM				       9316 30-DEC-24 28-DEC-24
PSITE_POSBILLMOP_PARK			       7873 30-DEC-24 30-DEC-24
TEMP_ALLOC_CUSTOMER			       4998 30-DEC-24 28-DEC-24
DS_JOB_QUEUE				       3185 31-DEC-24 30-DEC-24
PSITE_POSBILL_PARK			       2440 30-DEC-24 30-DEC-24
PSITE_POSBILLITEM			       1935 30-DEC-24 28-DEC-24
PSITE_POSSTLMAUDIT_POS			       1428 30-DEC-24 28-DEC-24
FINCOSTTAG				       1377 30-DEC-24 28-DEC-24
PSITE_POSSTLMSTOCKINFO_POS			872 30-DEC-24 28-DEC-24
PSITE_POSBILL					635 30-DEC-24 28-DEC-24
PSITE_POSBILLMOP				606 30-DEC-24 28-DEC-24
POSJOURNAL_DETAIL				589 30-DEC-24 28-DEC-24
PSITE_POSORDERITEM				499 30-DEC-24 28-DEC-24
PSITE_POSSTLMDETAIL				488 30-DEC-24 28-DEC-24
INVGRCDET					450 30-DEC-24 28-DEC-24
PSITE_POSSTLMSTOCKRECO_POS			416 30-DEC-24 28-DEC-24
PSITE_POSSTLMAUDIT_HO				399 30-DEC-24 28-DEC-24
FINPOST 					351 30-DEC-24 28-DEC-24
PSITE_POSSTLMSESSION				296 30-DEC-24 28-DEC-24
POSJOURNAL					291 30-DEC-24 28-DEC-24
PSITE_POSORDER					277 30-DEC-24 28-DEC-24
PSITE_POSSTLMSTOCKINFO_HO			263 30-DEC-24 28-DEC-24
SALCSMOP					261 30-DEC-24 28-DEC-24
PURORDCHG					256 30-DEC-24 28-DEC-24
PROMO_ASSORTMENT_EXCLUDE			253 30-DEC-24 28-DEC-24
PSITE_POSBILLITEMRETURN 			157 30-DEC-24 28-DEC-24
INVGRCCHG					137 30-DEC-24 28-DEC-24
FINCOSTTAG_CHECK				128 30-DEC-24 28-DEC-24
FINPOST_CHECK					127 30-DEC-24 28-DEC-24
INT$MAPPING					 53 30-DEC-24 27-DEC-24
STAGING_SETTLEMENTDATA				 44 30-DEC-24 30-DEC-24
TEMP_ALLOC_ITEM 				 43 30-DEC-24 28-DEC-24
PROMO_ASSORTMENT_INCLUDE			 43 30-DEC-24 28-DEC-24
PSITE_POSSTLM					 42 30-DEC-24 28-DEC-24
PROMO_SLAB					 41 30-DEC-24 28-DEC-24
FINTAG						 36 30-DEC-24 27-DEC-24
PROMO_BUY					 34 30-DEC-24 28-DEC-24
ADMERRAUDIT					 32 31-DEC-24 27-DEC-24
PURORDDET					 26 30-DEC-24 28-DEC-24
INVGRTCHG_ITEM					 24 30-DEC-24 28-DEC-24
TEMP_PSITE_POSSTLM				 23 31-DEC-24 30-DEC-24
SALINVCHG_ITEM					 20 30-DEC-24 28-DEC-24
HRDEMP_OU					 20 29-DEC-24 27-DEC-24
PSITE_PTCBILL					 14 30-DEC-24 28-DEC-24
GRT_AUTHORIZE_TRAP				 14 30-DEC-24 27-DEC-24

50 rows selected.

********************************************************************************************************************************************************************
###MOST MODIFIED TABLES###
********************************************************************************************************************************************************************
********************************************************************************************************************************************************************
###MST_STATTAB LAST ANALYZED ###
********************************************************************************************************************************************************************

TABLE_NAME				 DBA_STATISTICS  DBA_TABLES
---------------------------------------- --------------- ---------------
INVSTOCK_ONHAND_STOCKPOINT_AGG		 28-DEC-24	 28-DEC-24
INVSTOCK				 28-DEC-24	 28-DEC-24
INVSTOCK_ONHAND_AGG			 28-DEC-24	 28-DEC-24
PURINVCHG_ITEM				 28-DEC-24	 28-DEC-24
PURINVCHG				 28-DEC-24	 28-DEC-24
PURINVMAIN				 28-DEC-24	 28-DEC-24
PURINVDET				 28-DEC-24	 28-DEC-24
INVGRCCHG_ITEM				 28-DEC-24	 28-DEC-24
INVGRCCHG				 28-DEC-24	 28-DEC-24
INVGRCMAIN				 28-DEC-24	 28-DEC-24
INVGRCDET				 28-DEC-24	 28-DEC-24
SALCSDET				 28-DEC-24	 28-DEC-24
PSITE_POSBILLITEM			 28-DEC-24	 28-DEC-24
PSITE_POSBILL				 28-DEC-24	 28-DEC-24
PSITE_POSBILLMOP			 28-DEC-24	 28-DEC-24
FINPOST 				 28-DEC-24	 28-DEC-24
INVDCDET				 28-DEC-24	 28-DEC-24
TEMP_INVDCSO_CHECK			 28-DEC-24	 28-DEC-24
TEMP_SALINVDET_STAGING			 28-DEC-24	 28-DEC-24
INVDCMAIN				 28-DEC-24	 28-DEC-24
SALORDDET				 28-DEC-24	 28-DEC-24
SALORDMAIN				 28-DEC-24	 28-DEC-24
SALINVCHG_ITEM				 28-DEC-24	 28-DEC-24
SALINVCHG				 28-DEC-24	 28-DEC-24
SALINVMAIN				 28-DEC-24	 28-DEC-24
SALINVDET				 28-DEC-24	 28-DEC-24
FINPOST_CHECK				 28-DEC-24	 28-DEC-24
TEMP_ALLOC_CUSTOMER			 28-DEC-24	 28-DEC-24
PSITE_GRCCHGITEM			 28-DEC-24	 28-DEC-24
PSITE_GRCITEM				 28-DEC-24	 28-DEC-24
PSITE_GRC				 28-DEC-24	 28-DEC-24
PSITE_GRCCHG				 28-DEC-24	 28-DEC-24
INT$STG_CREATEPO_ALL_FLD		 28-DEC-24	 28-DEC-24
SALORDCHG				 28-DEC-24	 28-DEC-24
SALORDCHG_ITEM				 28-DEC-24	 28-DEC-24
INVITEMLASTINWARD			 28-DEC-24	 28-DEC-24
TEMP_ALLOC_ITEM 			 28-DEC-24	 28-DEC-24
PSITE_AUDITJOURNALITEM			 28-DEC-24	 28-DEC-24
PSITE_AUDITJOURNAL			 28-DEC-24	 28-DEC-24
PURRTCHG_ITEM				 28-DEC-24	 28-DEC-24
PURRTCHG				 28-DEC-24	 28-DEC-24
PURRTMAIN				 28-DEC-24	 28-DEC-24
PURRTDET				 28-DEC-24	 28-DEC-24
FINCOSTTAG_CHECK			 28-DEC-24	 28-DEC-24
INVGRTCHG_ITEM				 28-DEC-24	 28-DEC-24
INVGRTCHG				 28-DEC-24	 28-DEC-24
INVGRTMAIN				 28-DEC-24	 28-DEC-24
INVGRTDET				 28-DEC-24	 28-DEC-24
FINCOSTTAG				 28-DEC-24	 28-DEC-24
PSITE_ALLOC_ITEM			 28-DEC-24	 28-DEC-24
PSITE_CUSTOMER				 28-DEC-24	 28-DEC-24
INVBARCODELOG				 28-DEC-24	 28-DEC-24
PRDBOMDET				 28-DEC-24	 28-DEC-24
PRDLOTOPERATION 			 28-DEC-24	 28-DEC-24
PSITE_CUSTOMER_DIST			 28-DEC-24	 28-DEC-24
PRDLOTBOM				 28-DEC-24	 28-DEC-24
INVSTOCK_INTRA				 28-DEC-24	 28-DEC-24
INVBINSTOCK_ONHAND			 28-DEC-24	 28-DEC-24
PRDWIPTRANS				 28-DEC-24	 28-DEC-24
SALRTCHG_ITEM				 28-DEC-24	 28-DEC-24
SALRTCHG				 28-DEC-24	 28-DEC-24
SALRTMAIN				 28-DEC-24	 28-DEC-24
SALRTDET				 28-DEC-24	 28-DEC-24
INVSTOCK_ONHAND_INTRA_AGG		 28-DEC-24	 28-DEC-24
PSITE_POSSTLM				 28-DEC-24	 28-DEC-24
PROMO_ASSORTMENT_INCLUDE		 28-DEC-24	 28-DEC-24
PROMO_ASSORTMENT_EXCLUDE		 28-DEC-24	 28-DEC-24
INVPICKLISTMAIN 			 28-DEC-24	 28-DEC-24
INVPICKLISTDET				 28-DEC-24	 28-DEC-24
PSITE_DELIVERYSLIPITEM			 28-DEC-24	 28-DEC-24
PURORDCHG_ITEM				 28-DEC-24	 28-DEC-24
PURORDCHG				 28-DEC-24	 28-DEC-24
PURORDMAIN				 28-DEC-24	 28-DEC-24
PURORDDET				 28-DEC-24	 28-DEC-24
PSITE_POSSTLMAUDIT_POS			 28-DEC-24	 28-DEC-24
PSITE_POSSTLMAUDIT_HO			 28-DEC-24	 28-DEC-24
PSITE_PACKETITEM			 28-DEC-24	 28-DEC-24
PSITE_PACKET				 28-DEC-24	 28-DEC-24
PSITE_SALESPERSON			 28-DEC-24	 28-DEC-24
PSITE_EMRSUBMIT_QUEUE			 28-DEC-24	 28-DEC-24
PSITE_DELIVERYSLIPITEMVOID		 28-DEC-24	 28-DEC-24
INVSTOCK_LOG				 30-DEC-24	 30-DEC-24
INT$STG_CREATEITEM_ALL_FLD		 30-DEC-24	 30-DEC-24
SALCSMAIN				 30-DEC-24	 30-DEC-24

84 rows selected.

********************************************************************************************************************************************************************
###MST_STATTAB LAST ANALYZED ###
********************************************************************************************************************************************************************
********************************************************************************************************************************************************************
###Archive INFORMATION START###
********************************************************************************************************************************************************************

NAME		     SPACE_LIMIT SPACE_USED SPACE_RECLIMABLE NUMBER_OF_FILES
-------------------- ----------- ---------- ---------------- ---------------
/arch			     825	433		 418		5979

********************************************************************************************************************************************************************
###Archive INFORMATION END###
********************************************************************************************************************************************************************
