PRODUCTION SERVER DISK SPACE START
***********************************************************************************************************************
Filesystem               Size  Used Avail Use% Mounted on
/dev/mapper/rhel-root    148G  6.2G  134G   5% /
devtmpfs                  63G     0   63G   0% /dev
tmpfs                     63G     0   63G   0% /dev/shm
tmpfs                     63G  1.9G   61G   3% /run
tmpfs                     63G     0   63G   0% /sys/fs/cgroup
/dev/sda2                976M  142M  768M  16% /boot
/dev/sda1               1022M  9.8M 1013M   1% /boot/efi
/dev/sdb1                1.9T  1.1T  687G  62% /u01
/dev/sdb2                1.7T  623G  944G  40% /u02
/dev/mapper/rhel-arch   1008G  792G  165G  83% /arch
/dev/mapper/rhel-backup  2.2T  1.4T  763G  65% /backup
tmpfs                     13G   40K   13G   1% /run/user/1001
/dev/sdc1                1.9T  1.8T   90G  96% /run/media/oracle/GINBKUP
tmpfs                     13G     0   13G   0% /run/user/0
PRODUCTION SERVER DISK SPACE END
***********************************************************************************************************************
top - 17:00:02 up 79 days,  4:55,  2 users,  load average: 1.23, 1.21, 1.23
Tasks: 445 total,   3 running, 419 sleeping,   0 stopped,  23 zombie
%Cpu(s):  4.4 us,  3.9 sy,  0.0 ni, 91.7 id,  0.0 wa,  0.0 hi,  0.0 si,  0.0 st
KiB Mem : 13151475+total,   669992 free,  3128820 used, 12771594+buff/cache
KiB Swap: 13421772+total, 13177802+free,  2439700 used. 42474836 avail Mem 

  PID USER      PR  NI    VIRT    RES    SHR S  %CPU %MEM     TIME+ COMMAND
27824 root      20   0  115832   2100    780 R  81.2  0.0 407:19.98 mount.ntfs
 7099 oracle    20   0  118012    708    244 S  37.5  0.0   4:40.72 rsync
 7091 oracle    20   0  118016   1624   1072 S  31.2  0.0   3:50.31 rsync
 8088 oracle    20   0  118388   1076    684 R  18.8  0.0   0:00.03 rsync
    1 root      20   0  192804   3044   1524 S   0.0  0.0 268:23.69 systemd
    2 root      20   0       0      0      0 S   0.0  0.0   3:37.09 kthreadd
    3 root      20   0       0      0      0 S   0.0  0.0   0:49.40 ksoftirqd/0
    5 root       0 -20       0      0      0 S   0.0  0.0   0:00.00 kworker/0:+
    7 root      rt   0       0      0      0 S   0.0  0.0  10:12.91 migration/0
    8 root      20   0       0      0      0 S   0.0  0.0   0:00.00 rcu_bh
    9 root      20   0       0      0      0 S   0.0  0.0  36:02.73 rcu_sched
   10 root      rt   0       0      0      0 S   0.0  0.0   0:15.00 watchdog/0
   11 root      rt   0       0      0      0 S   0.0  0.0   0:24.41 watchdog/1
***********************************************************************************************************************
###LONG RUNNING QUERY FOR MORE THAN ONE MINUTES###
***********************************************************************************************************************

no rows selected


no rows selected

***********************************************************************************************************************
###LONG RUNNING QUERY FOR MORE THAN ONE MINUTE###
***********************************************************************************************************************
***********************************************************************************************************************
###LOCKING SESSION###
***********************************************************************************************************************

no rows selected


no rows selected

***********************************************************************************************************************
###LOCKING SESSION###
***********************************************************************************************************************
********************************************************************************************************************************************************************
###TEMP TABLESPACE###
********************************************************************************************************************************************************************

TABLESPACE			 MB_TOTAL    MB_USED	MB_FREE
------------------------------ ---------- ---------- ----------
TEMP			       32767.9844	   0 32767.9844

********************************************************************************************************************************************************************
###TEMP TABLESPACE###
********************************************************************************************************************************************************************
********************************************************************************************************************************************************************
###SESSION USING TEMP###
********************************************************************************************************************************************************************

no rows selected

********************************************************************************************************************************************************************
###SESSION USING TEMP###
********************************************************************************************************************************************************************
********************************************************************************************************************************************************************
********************************************************************************************************************************************************************
###UNDO SEGMENT STATUS START###
********************************************************************************************************************************************************************

TABLESPACE		       STATUS	  SUM_IN_MB	COUNTS
------------------------------ --------- ---------- ----------
UNDOTBS1		       EXPIRED	     256.75	    86
UNDOTBS1		       UNEXPIRED      467.5	   104

********************************************************************************************************************************************************************
###UNDO SEGMENT STATUS END###
********************************************************************************************************************************************************************
********************************************************************************************************************************************************************
###SESSION USING UNDO START###
********************************************************************************************************************************************************************

no rows selected

********************************************************************************************************************************************************************
###SESSION USING UNDO END###
********************************************************************************************************************************************************************
