PRODUCTION SERVER DISK SPACE START
********************************************************************************************************************************************************************

Filesystem                   Size  Used Avail Use% Mounted on
/dev/mapper/rhel_prd-root    296G  8.3G  272G   3% /
devtmpfs                      63G     0   63G   0% /dev
tmpfs                         63G     0   63G   0% /dev/shm
tmpfs                         63G  2.7G   61G   5% /run
tmpfs                         63G     0   63G   0% /sys/fs/cgroup
/dev/sda2                    976M  134M  775M  15% /boot
/dev/sda1                   1022M  9.8M 1013M   1% /boot/efi
/dev/mapper/rhel_prd-arch    788G  207G  541G  28% /arch
/dev/mapper/rhel_prd-backup 1008G  826G  131G  87% /backup
/dev/mapper/rhel_prd-u01     1.3T  313G  923G  26% /u01
tmpfs                         13G   64K   13G   1% /run/user/1001
tmpfs                         13G  8.0K   13G   1% /run/user/42
tmpfs                         13G     0   13G   0% /run/user/0
tmpfs                         13G     0   13G   0% /run/user/984
PRODUCTION SERVER DISK SPACE END
********************************************************************************************************************************************************************

BACKUP SERVER DISK SPACE START
********************************************************************************************************************************************************************

Filesystem      Size  Used Avail Use% Mounted on
/dev/sda5       148G   21G  120G  15% /
devtmpfs        3.8G     0  3.8G   0% /dev
tmpfs           3.8G   24K  3.8G   1% /dev/shm
tmpfs           3.8G  411M  3.4G  11% /run
tmpfs           3.8G     0  3.8G   0% /sys/fs/cgroup
/dev/sda2       2.0G  135M  1.7G   8% /boot
/dev/sda4       788G  207G  541G  28% /arch
/dev/sda1      1022M  9.8M 1013M   1% /boot/efi
/dev/sda7       1.4T  1.1T  207G  85% /backup
/dev/sda3       1.3T  657G  605G  53% /u01
tmpfs           771M  4.0K  771M   1% /run/user/42
tmpfs           771M   44K  771M   1% /run/user/1000
/dev/sdb1       1.9T  1.4T  436G  77% /run/media/oracle/BACKUP
BACKUP SERVER DISK SPACE END
********************************************************************************************************************************************************************

***PRODUCTION LOAD**************************************************************************
top - 17:30:02 up 141 days,  8:13,  2 users,  load average: 1.34, 0.61, 0.47
Tasks: 606 total,   3 running, 603 sleeping,   0 stopped,   0 zombie
%Cpu(s):  3.6 us,  1.1 sy,  0.0 ni, 95.3 id,  0.0 wa,  0.0 hi,  0.0 si,  0.0 st
KiB Mem : 13150408+total,  1544560 free,  6422516 used, 12353700+buff/cache
KiB Swap: 13421772+total, 13262745+free,  1590272 used. 86223576 avail Mem 

  PID USER      PR  NI    VIRT    RES    SHR S  %CPU %MEM     TIME+ COMMAND
25905 oracle    20   0   38.0g 113536 108940 R  93.8  0.1   0:35.78 oracle_259+
  163 root      rt   0       0      0      0 S   6.2  0.0   2:19.29 migration/+
19800 polkitd   20   0  621504  16924   4512 S   6.2  0.0   1905:45 polkitd
    1 root      20   0  193588   3692   2152 S   0.0  0.0  44:56.95 systemd
    2 root      20   0       0      0      0 S   0.0  0.0   0:04.49 kthreadd
    3 root      20   0       0      0      0 S   0.0  0.0   1:04.98 ksoftirqd/0
    5 root       0 -20       0      0      0 S   0.0  0.0   0:00.00 kworker/0:+
    7 root      rt   0       0      0      0 S   0.0  0.0   0:02.74 migration/0
    8 root      20   0       0      0      0 S   0.0  0.0   0:00.00 rcu_bh
    9 root      20   0       0      0      0 S   0.0  0.0 251:17.88 rcu_sched
   10 root       0 -20       0      0      0 S   0.0  0.0   0:00.00 lru-add-dr+
   11 root      rt   0       0      0      0 S   0.0  0.0   0:20.64 watchdog/0
   12 root      rt   0       0      0      0 S   0.0  0.0   0:20.04 watchdog/1
********************************************************************************************************************************************************************
********************************************************************************************************************************************************************
###LONG RUNNING QUERY FOR MORE THAN ONE MINUTE###
********************************************************************************************************************************************************************

no rows selected


no rows selected

********************************************************************************************************************************************************************
###LONG RUNNING QUERY FOR MORE THAN ONE MINUTE###
********************************************************************************************************************************************************************
********************************************************************************************************************************************************************
###LOCKING SESSION###
***********************************************************************************************************************

no rows selected


no rows selected

********************************************************************************************************************************************************************
###LOCKING SESSION###
********************************************************************************************************************************************************************
###KILLED SESSION###
***********************************************************************************************************************
FROM CBHO.session_data
          *
ERROR at line 2:
ORA-00942: table or view does not exist


***********************************************************************************************************************
###KILLED SESSION###
***********************************************************************************************************************
********************************************************************************************************************************************************************
###TEMP TABLESPACE###
********************************************************************************************************************************************************************

TABLESPACE			 MB_TOTAL    MB_USED	MB_FREE
------------------------------ ---------- ---------- ----------
TEMP			       32767.9844	   3 32764.9844

********************************************************************************************************************************************************************
###TEMP TABLESPACE###
********************************************************************************************************************************************************************
********************************************************************************************************************************************************************
###SESSION USING TEMP###
********************************************************************************************************************************************************************

SID_SERIAL	USERNAME	OSUSER		     SPID      MODULE			 PROGRAM	    MB_USED TABLESPACE	    STATEMENTS
--------------- --------------- -------------------- --------- ------------------------- --------------- ---------- --------------- ----------
227,6961	GININTG 	Administrator	     4252      JDBC Thin Client 	 oracle@PRD		  1 TEMP	    1
261,10433	SLPL		Administrator	     24610     GinApps.Scheduler.exe	 oracle@PRD		  1 TEMP	    1
337,13137	SLPL		Administrator	     32316     TOAD 12.9.0.71		 oracle@PRD		  1 TEMP	    1

********************************************************************************************************************************************************************
###SESSION USING TEMP###
********************************************************************************************************************************************************************
###UNDO TABLESPACE###
********************************************************************************************************************************************************************

TABLESPACE_NAME 		   SIZEMB    USAGEMB	 FREEMB
------------------------------ ---------- ---------- ----------
UNDOTBS1		       32767.9844	 495 32272.9844

********************************************************************************************************************************************************************
###SESSION USING UNDO###
********************************************************************************************************************************************************************

SID_SERIAL	USERNAME	OSUSER		     PROGRAM		       START_TIME	    ACTIVE_UNDO_SIZE_IN_MB
--------------- --------------- -------------------- ------------------------- -------------------- ----------------------
108,3104	SLPL		SYSTEM		     w3wp.exe		       12/31/24 17:29:25		     .8125

********************************************************************************************************************************************************************
###UNDO SEGMENT STATUS###
********************************************************************************************************************************************************************

TABLESPACE		       STATUS	  SUM_IN_MB	COUNTS
------------------------------ --------- ---------- ----------
UNDOTBS1		       ACTIVE		  8	     1
UNDOTBS1		       EXPIRED	   265.5625	   121
UNDOTBS1		       UNEXPIRED   221.4375	   110

********************************************************************************************************************************************************************
********************************************************************************************************************************************************************
###MV LAST REFRESH TIME###
********************************************************************************************************************************************************************

OWNER		MVIEW_NAME		       LAST_REFRESH_DATE
--------------- ------------------------------ -------------------
SLPL		BOM_MV			       2024-12-31 17:28:03
SLPL		ITEM_MV 		       2024-12-31 17:28:03
SLPL		SITE_DETAIL_MV		       2024-12-31 17:04:03
SLPL		LEDGER_MV		       2024-12-31 17:28:03
SLPL		POS_CUSTOMER_MV 	       2024-12-31 17:28:04
SLPL		PRICE_CHART_MV		       2024-12-31 17:28:04
SLPL		ROUTE_MV		       2024-12-31 17:28:04
SLPL		SALESPERSON_MV		       2024-12-31 17:28:04
SLPL		ADMOU_MV		       2024-12-31 17:28:04
SLPL		SITE_MV 		       2024-12-31 17:28:04
SLPL		COST_SHEET_MV		       2024-12-31 17:28:03
SLPL		FACT_POS_SALE_DET_MV	       2024-12-31 17:29:03
SLPL		COA_MV			       2024-12-31 17:28:03
SLPL		INVGRP_MV		       2024-12-31 17:28:04
SLPL		CONTROL_SL_MV		       2024-12-31 17:28:04

15 rows selected.


no rows selected

********************************************************************************************************************************************************************
###MV LAST REFRESH TIME###
********************************************************************************************************************************************************************
###PROGRAM WISE SESSIONS###
********************************************************************************************************************************************************************

PROGRAM 			    TOTAL_SESSIONS ACTIVE_SESSIONS INACTIVE_SESSIONS
----------------------------------- -------------- --------------- -----------------
oracle@PRD (J000)				 1		 1		   0
oracle@PRD (J001)				 1		 1		   0
sqlplus@PRD (TNS V1-V3) 			 1		 1		   0
w3wp.exe					14		 1		  13
Finance.API					 2		 0		   2
Planning.Service.exe				 1		 0		   1
LicenseManager.Service.exe			 1		 0		   1
DataExchange.exe				 3		 0		   3
GinApps.Scheduler.exe				 1		 0		   1
JDBC Thin Client				20		 0		  20
LaunchPad.exe					 2		 0		   2
SMTPMailer.Service.exe				 1		 0		   1
eWebReportsScheduler.exe			 2		 0		   2
oracle@PRD (TNS V1-V3)				 1		 0		   1
GNFS.Service.exe				 1		 0		   1
Toad.exe					 1		 0		   1

16 rows selected.

********************************************************************************************************************************************************************
###TOP CPU CONSUMING SESSION(PROGRAM WISE) START###
********************************************************************************************************************************************************************

      RANK	  SID	 SERIAL# PROGRAM		 CPUMINS LOGON_TIME  ACTION		  EVENT 	       TERMINAL   WAIT_CLASS
---------- ---------- ---------- -------------------- ---------- ----------- -------------------- -------------------- ---------- ---------------
	 1	   36	   59614 eWebReportsScheduler	  469.11 07-NOV-2024			  SQL*Net message from SHREE-HO   Idle
	 2	  376	   43696 oracle@PRD (MMON)	  213.86 12-AUG-2024			  rdbms ipc message    UNKNOWN	  Idle
	 3	  406	   12919 oracle@PRD (MMNL)	   91.78 12-AUG-2024			  rdbms ipc message    UNKNOWN	  Idle
	 4	  151	   40470 oracle@PRD (DBRM)	   88.14 12-AUG-2024			  rdbms ipc message    UNKNOWN	  Idle
	 5	  122	   24669 oracle@PRD (CJQ0)	   35.16 12-AUG-2024			  rdbms ipc message    UNKNOWN	  Idle
	 6	  301	   58236 oracle@PRD (SMON)	       8 12-AUG-2024			  smon timer	       UNKNOWN	  Idle
	 7	  183	   48750 oracle@PRD (W005)	    7.64 12-AUG-2024 KTSJ Slave 	  Space Manager: slave UNKNOWN	  Idle
	 8	  452	   21804 oracle@PRD (W009)	    7.63 12-AUG-2024 KTSJ Slave 	  Space Manager: slave UNKNOWN	  Idle
	 9	   62	    5072 oracle@PRD (W000)	    7.63 12-AUG-2024 KTSJ Slave 	  Space Manager: slave UNKNOWN	  Idle
	10	  288	   14269 oracle@PRD (W007)	    7.62 12-AUG-2024 KTSJ Slave 	  Space Manager: slave UNKNOWN	  Idle

10 rows selected.

###TOP CPU CONSUMING SESSION(PROGRAM WISE) END###
********************************************************************************************************************************************************************
###Today Cube Refresh status START###
********************************************************************************************************************************************************************

      CODE DATACUBE_CODE  CUBE_CODE START_TIM END_TIME	RUN_DURATI CREATOR		STATUS		   ERROR_REASON
---------- ------------- ---------- --------- --------- ---------- -------------------- ------------------ ----------------------------------------
     15339	       5	287 31-DEC-24 31-DEC-24 00:02:49   Sunil Singh		Refresh completed
     15338	       5	239 31-DEC-24 31-DEC-24 00:01:12   Sunil Singh		Refresh completed

###Today Cube Refresh status END###
********************************************************************************************************************************************************************
********************************************************************************************************************************************************************
###CURRENT ARCHIVE GENERATED###
********************************************************************************************************************************************************************

DAY	    NUM_ARCHIVES_GENERATED ARCHIVE_SIZE_GB
----------- ---------------------- ---------------
2024-12-31		       667	     21.44
2024-12-30		       985	     28.04
2024-12-29		       756	     16.98
2024-12-28		       824	      20.7
2024-12-27		       824	     21.43

********************************************************************************************************************************************************************
###CURRENT ARCHIVE GENERATED###
********************************************************************************************************************************************************************
