
APPLY DATE and TIME
------------------------------
12-31-2024 13:07:01


NAME	  OPEN_MODE	       DATABASE_ROLE
--------- -------------------- ----------------
GINESYS   MOUNTED	       PRIMARY


Archive Applied
------------------------------------------------------------------------
Last Archive Sequence Applied : 783677

ORA-00279: change 86643308404 generated at 12/31/2024 12:08:01 needed for
thread 1
ORA-00289: suggestion :
/arch/GINESYS/archivelog/2024_12_31/o1_mf_1_783678_mq74g1v0_.arc
ORA-00280: change 86643308404 for thread 1 is in sequence #783678


ORA-00279: change 86643321194 generated at 12/31/2024 12:10:01 needed for
thread 1
ORA-00289: suggestion :
/arch/GINESYS/archivelog/2024_12_31/o1_mf_1_783679_mq74ks7z_.arc
ORA-00280: change 86643321194 for thread 1 is in sequence #783679
ORA-00278: log file
'/arch/GINESYS/archivelog/2024_12_31/o1_mf_1_783678_mq74g1v0_.arc' no longer
needed for this recovery


ORA-00279: change 86643331813 generated at 12/31/2024 12:12:01 needed for
thread 1
ORA-00289: suggestion :
/arch/GINESYS/archivelog/2024_12_31/o1_mf_1_783680_mq74oklp_.arc
ORA-00280: change 86643331813 for thread 1 is in sequence #783680
ORA-00278: log file
'/arch/GINESYS/archivelog/2024_12_31/o1_mf_1_783679_mq74ks7z_.arc' no longer
needed for this recovery


ORA-00279: change 86643593539 generated at 12/31/2024 12:14:01 needed for
thread 1
ORA-00289: suggestion :
/arch/GINESYS/archivelog/2024_12_31/o1_mf_1_783681_mq74s9xz_.arc
ORA-00280: change 86643593539 for thread 1 is in sequence #783681
ORA-00278: log file
'/arch/GINESYS/archivelog/2024_12_31/o1_mf_1_783680_mq74oklp_.arc' no longer
needed for this recovery


ORA-00279: change 86644148564 generated at 12/31/2024 12:16:01 needed for
thread 1
ORA-00289: suggestion :
/arch/GINESYS/archivelog/2024_12_31/o1_mf_1_783682_mq74x1ct_.arc
ORA-00280: change 86644148564 for thread 1 is in sequence #783682
ORA-00278: log file
'/arch/GINESYS/archivelog/2024_12_31/o1_mf_1_783681_mq74s9xz_.arc' no longer
needed for this recovery


ORA-00279: change 86644323195 generated at 12/31/2024 12:18:01 needed for
thread 1
ORA-00289: suggestion :
/arch/GINESYS/archivelog/2024_12_31/o1_mf_1_783683_mq750sr8_.arc
ORA-00280: change 86644323195 for thread 1 is in sequence #783683
ORA-00278: log file
'/arch/GINESYS/archivelog/2024_12_31/o1_mf_1_783682_mq74x1ct_.arc' no longer
needed for this recovery


ORA-00279: change 86644357646 generated at 12/31/2024 12:20:01 needed for
thread 1
ORA-00289: suggestion :
/arch/GINESYS/archivelog/2024_12_31/o1_mf_1_783684_mq754kxv_.arc
ORA-00280: change 86644357646 for thread 1 is in sequence #783684
ORA-00278: log file
'/arch/GINESYS/archivelog/2024_12_31/o1_mf_1_783683_mq750sr8_.arc' no longer
needed for this recovery


ORA-00279: change 86644371673 generated at 12/31/2024 12:22:01 needed for
thread 1
ORA-00289: suggestion :
/arch/GINESYS/archivelog/2024_12_31/o1_mf_1_783685_mq7589b8_.arc
ORA-00280: change 86644371673 for thread 1 is in sequence #783685
ORA-00278: log file
'/arch/GINESYS/archivelog/2024_12_31/o1_mf_1_783684_mq754kxv_.arc' no longer
needed for this recovery


ORA-00279: change 86644399801 generated at 12/31/2024 12:24:01 needed for
thread 1
ORA-00289: suggestion :
/arch/GINESYS/archivelog/2024_12_31/o1_mf_1_783686_mq75d1p2_.arc
ORA-00280: change 86644399801 for thread 1 is in sequence #783686
ORA-00278: log file
'/arch/GINESYS/archivelog/2024_12_31/o1_mf_1_783685_mq7589b8_.arc' no longer
needed for this recovery


ORA-00279: change 86644828257 generated at 12/31/2024 12:26:01 needed for
thread 1
ORA-00289: suggestion :
/arch/GINESYS/archivelog/2024_12_31/o1_mf_1_783687_mq75ht4q_.arc
ORA-00280: change 86644828257 for thread 1 is in sequence #783687
ORA-00278: log file
'/arch/GINESYS/archivelog/2024_12_31/o1_mf_1_783686_mq75d1p2_.arc' no longer
needed for this recovery


ORA-00279: change 86645253088 generated at 12/31/2024 12:28:02 needed for
thread 1
ORA-00289: suggestion :
/arch/GINESYS/archivelog/2024_12_31/o1_mf_1_783688_mq75jj5w_.arc
ORA-00280: change 86645253088 for thread 1 is in sequence #783688
ORA-00278: log file
'/arch/GINESYS/archivelog/2024_12_31/o1_mf_1_783687_mq75ht4q_.arc' no longer
needed for this recovery


ORA-00279: change 86645303244 generated at 12/31/2024 12:28:24 needed for
thread 1
ORA-00289: suggestion :
/arch/GINESYS/archivelog/2024_12_31/o1_mf_1_783689_mq75k984_.arc
ORA-00280: change 86645303244 for thread 1 is in sequence #783689
ORA-00278: log file
'/arch/GINESYS/archivelog/2024_12_31/o1_mf_1_783688_mq75jj5w_.arc' no longer
needed for this recovery


ORA-00279: change 86645337405 generated at 12/31/2024 12:28:49 needed for
thread 1
ORA-00289: suggestion :
/arch/GINESYS/archivelog/2024_12_31/o1_mf_1_783690_mq75kqz2_.arc
ORA-00280: change 86645337405 for thread 1 is in sequence #783690
ORA-00278: log file
'/arch/GINESYS/archivelog/2024_12_31/o1_mf_1_783689_mq75k984_.arc' no longer
needed for this recovery


ORA-00279: change 86645380809 generated at 12/31/2024 12:29:03 needed for
thread 1
ORA-00289: suggestion :
/arch/GINESYS/archivelog/2024_12_31/o1_mf_1_783691_mq75kwm7_.arc
ORA-00280: change 86645380809 for thread 1 is in sequence #783691
ORA-00278: log file
'/arch/GINESYS/archivelog/2024_12_31/o1_mf_1_783690_mq75kqz2_.arc' no longer
needed for this recovery


ORA-00279: change 86645409159 generated at 12/31/2024 12:29:08 needed for
thread 1
ORA-00289: suggestion :
/arch/GINESYS/archivelog/2024_12_31/o1_mf_1_783692_mq75ljlq_.arc
ORA-00280: change 86645409159 for thread 1 is in sequence #783692
ORA-00278: log file
'/arch/GINESYS/archivelog/2024_12_31/o1_mf_1_783691_mq75kwm7_.arc' no longer
needed for this recovery


ORA-00279: change 86645453075 generated at 12/31/2024 12:29:28 needed for
thread 1
ORA-00289: suggestion :
/arch/GINESYS/archivelog/2024_12_31/o1_mf_1_783693_mq75lwmp_.arc
ORA-00280: change 86645453075 for thread 1 is in sequence #783693
ORA-00278: log file
'/arch/GINESYS/archivelog/2024_12_31/o1_mf_1_783692_mq75ljlq_.arc' no longer
needed for this recovery


ORA-00279: change 86645491854 generated at 12/31/2024 12:29:40 needed for
thread 1
ORA-00289: suggestion :
/arch/GINESYS/archivelog/2024_12_31/o1_mf_1_783694_mq75mgvb_.arc
ORA-00280: change 86645491854 for thread 1 is in sequence #783694
ORA-00278: log file
'/arch/GINESYS/archivelog/2024_12_31/o1_mf_1_783693_mq75lwmp_.arc' no longer
needed for this recovery


ORA-00279: change 86645550615 generated at 12/31/2024 12:29:58 needed for
thread 1
ORA-00289: suggestion :
/arch/GINESYS/archivelog/2024_12_31/o1_mf_1_783695_mq75mkmb_.arc
ORA-00280: change 86645550615 for thread 1 is in sequence #783695
ORA-00278: log file
'/arch/GINESYS/archivelog/2024_12_31/o1_mf_1_783694_mq75mgvb_.arc' no longer
needed for this recovery


ORA-00279: change 86645569590 generated at 12/31/2024 12:30:01 needed for
thread 1
ORA-00289: suggestion :
/arch/GINESYS/archivelog/2024_12_31/o1_mf_1_783696_mq75mwc9_.arc
ORA-00280: change 86645569590 for thread 1 is in sequence #783696
ORA-00278: log file
'/arch/GINESYS/archivelog/2024_12_31/o1_mf_1_783695_mq75mkmb_.arc' no longer
needed for this recovery


ORA-00279: change 86645598254 generated at 12/31/2024 12:30:12 needed for
thread 1
ORA-00289: suggestion :
/arch/GINESYS/archivelog/2024_12_31/o1_mf_1_783697_mq75nb66_.arc
ORA-00280: change 86645598254 for thread 1 is in sequence #783697
ORA-00278: log file
'/arch/GINESYS/archivelog/2024_12_31/o1_mf_1_783696_mq75mwc9_.arc' no longer
needed for this recovery


ORA-00279: change 86645625546 generated at 12/31/2024 12:30:26 needed for
thread 1
ORA-00289: suggestion :
/arch/GINESYS/archivelog/2024_12_31/o1_mf_1_783698_mq75nm1n_.arc
ORA-00280: change 86645625546 for thread 1 is in sequence #783698
ORA-00278: log file
'/arch/GINESYS/archivelog/2024_12_31/o1_mf_1_783697_mq75nb66_.arc' no longer
needed for this recovery


ORA-00279: change 86645676560 generated at 12/31/2024 12:30:35 needed for
thread 1
ORA-00289: suggestion :
/arch/GINESYS/archivelog/2024_12_31/o1_mf_1_783699_mq75o4k6_.arc
ORA-00280: change 86645676560 for thread 1 is in sequence #783699
ORA-00278: log file
'/arch/GINESYS/archivelog/2024_12_31/o1_mf_1_783698_mq75nm1n_.arc' no longer
needed for this recovery


ORA-00279: change 86645715028 generated at 12/31/2024 12:30:52 needed for
thread 1
ORA-00289: suggestion :
/arch/GINESYS/archivelog/2024_12_31/o1_mf_1_783700_mq75oj9y_.arc
ORA-00280: change 86645715028 for thread 1 is in sequence #783700
ORA-00278: log file
'/arch/GINESYS/archivelog/2024_12_31/o1_mf_1_783699_mq75o4k6_.arc' no longer
needed for this recovery


ORA-00279: change 86645746689 generated at 12/31/2024 12:31:04 needed for
thread 1
ORA-00289: suggestion :
/arch/GINESYS/archivelog/2024_12_31/o1_mf_1_783701_mq75oyc3_.arc
ORA-00280: change 86645746689 for thread 1 is in sequence #783701
ORA-00278: log file
'/arch/GINESYS/archivelog/2024_12_31/o1_mf_1_783700_mq75oj9y_.arc' no longer
needed for this recovery


ORA-00279: change 86645749608 generated at 12/31/2024 12:31:18 needed for
thread 1
ORA-00289: suggestion :
/arch/GINESYS/archivelog/2024_12_31/o1_mf_1_783702_mq75qb0k_.arc
ORA-00280: change 86645749608 for thread 1 is in sequence #783702
ORA-00278: log file
'/arch/GINESYS/archivelog/2024_12_31/o1_mf_1_783701_mq75oyc3_.arc' no longer
needed for this recovery


ORA-00279: change 86645774363 generated at 12/31/2024 12:32:01 needed for
thread 1
ORA-00289: suggestion :
/arch/GINESYS/archivelog/2024_12_31/o1_mf_1_783703_mq75v233_.arc
ORA-00280: change 86645774363 for thread 1 is in sequence #783703
ORA-00278: log file
'/arch/GINESYS/archivelog/2024_12_31/o1_mf_1_783702_mq75qb0k_.arc' no longer
needed for this recovery


ORA-00279: change 86645787462 generated at 12/31/2024 12:34:02 needed for
thread 1
ORA-00289: suggestion :
/arch/GINESYS/archivelog/2024_12_31/o1_mf_1_783704_mq75ysgv_.arc
ORA-00280: change 86645787462 for thread 1 is in sequence #783704
ORA-00278: log file
'/arch/GINESYS/archivelog/2024_12_31/o1_mf_1_783703_mq75v233_.arc' no longer
needed for this recovery


ORA-00279: change 86646298702 generated at 12/31/2024 12:36:01 needed for
thread 1
ORA-00289: suggestion :
/arch/GINESYS/archivelog/2024_12_31/o1_mf_1_783705_mq762l3m_.arc
ORA-00280: change 86646298702 for thread 1 is in sequence #783705
ORA-00278: log file
'/arch/GINESYS/archivelog/2024_12_31/o1_mf_1_783704_mq75ysgv_.arc' no longer
needed for this recovery


ORA-00279: change 86646728183 generated at 12/31/2024 12:38:02 needed for
thread 1
ORA-00289: suggestion :
/arch/GINESYS/archivelog/2024_12_31/o1_mf_1_783706_mq7669ft_.arc
ORA-00280: change 86646728183 for thread 1 is in sequence #783706
ORA-00278: log file
'/arch/GINESYS/archivelog/2024_12_31/o1_mf_1_783705_mq762l3m_.arc' no longer
needed for this recovery


ORA-00279: change 86646746495 generated at 12/31/2024 12:40:01 needed for
thread 1
ORA-00289: suggestion :
/arch/GINESYS/archivelog/2024_12_31/o1_mf_1_783707_mq76b1g5_.arc
ORA-00280: change 86646746495 for thread 1 is in sequence #783707
ORA-00278: log file
'/arch/GINESYS/archivelog/2024_12_31/o1_mf_1_783706_mq7669ft_.arc' no longer
needed for this recovery


ORA-00279: change 86646756525 generated at 12/31/2024 12:42:01 needed for
thread 1
ORA-00289: suggestion :
/arch/GINESYS/archivelog/2024_12_31/o1_mf_1_783708_mq76fssm_.arc
ORA-00280: change 86646756525 for thread 1 is in sequence #783708
ORA-00278: log file
'/arch/GINESYS/archivelog/2024_12_31/o1_mf_1_783707_mq76b1g5_.arc' no longer
needed for this recovery


ORA-00279: change 86646785213 generated at 12/31/2024 12:44:01 needed for
thread 1
ORA-00289: suggestion :
/arch/GINESYS/archivelog/2024_12_31/o1_mf_1_783709_mq76kk6z_.arc
ORA-00280: change 86646785213 for thread 1 is in sequence #783709
ORA-00278: log file
'/arch/GINESYS/archivelog/2024_12_31/o1_mf_1_783708_mq76fssm_.arc' no longer
needed for this recovery


ORA-00279: change 86647560516 generated at 12/31/2024 12:46:01 needed for
thread 1
ORA-00289: suggestion :
/arch/GINESYS/archivelog/2024_12_31/o1_mf_1_783710_mq76o9m7_.arc
ORA-00280: change 86647560516 for thread 1 is in sequence #783710
ORA-00278: log file
'/arch/GINESYS/archivelog/2024_12_31/o1_mf_1_783709_mq76kk6z_.arc' no longer
needed for this recovery


ORA-00279: change 86647607161 generated at 12/31/2024 12:48:01 needed for
thread 1
ORA-00289: suggestion :
/arch/GINESYS/archivelog/2024_12_31/o1_mf_1_783711_mq76rnj5_.arc
ORA-00280: change 86647607161 for thread 1 is in sequence #783711
ORA-00278: log file
'/arch/GINESYS/archivelog/2024_12_31/o1_mf_1_783710_mq76o9m7_.arc' no longer
needed for this recovery


ORA-00279: change 86647691784 generated at 12/31/2024 12:49:48 needed for
thread 1
ORA-00289: suggestion :
/arch/GINESYS/archivelog/2024_12_31/o1_mf_1_783712_mq76s16m_.arc
ORA-00280: change 86647691784 for thread 1 is in sequence #783712
ORA-00278: log file
'/arch/GINESYS/archivelog/2024_12_31/o1_mf_1_783711_mq76rnj5_.arc' no longer
needed for this recovery


ORA-00279: change 86647709521 generated at 12/31/2024 12:50:01 needed for
thread 1
ORA-00289: suggestion :
/arch/GINESYS/archivelog/2024_12_31/o1_mf_1_783713_mq76wsmb_.arc
ORA-00280: change 86647709521 for thread 1 is in sequence #783713
ORA-00278: log file
'/arch/GINESYS/archivelog/2024_12_31/o1_mf_1_783712_mq76s16m_.arc' no longer
needed for this recovery


ORA-00279: change 86647762361 generated at 12/31/2024 12:52:01 needed for
thread 1
ORA-00289: suggestion :
/arch/GINESYS/archivelog/2024_12_31/o1_mf_1_783714_mq76yz2w_.arc
ORA-00280: change 86647762361 for thread 1 is in sequence #783714
ORA-00278: log file
'/arch/GINESYS/archivelog/2024_12_31/o1_mf_1_783713_mq76wsmb_.arc' no longer
needed for this recovery


ORA-00279: change 86647914018 generated at 12/31/2024 12:53:11 needed for
thread 1
ORA-00289: suggestion :
/arch/GINESYS/archivelog/2024_12_31/o1_mf_1_783715_mq76z6s6_.arc
ORA-00280: change 86647914018 for thread 1 is in sequence #783715
ORA-00278: log file
'/arch/GINESYS/archivelog/2024_12_31/o1_mf_1_783714_mq76yz2w_.arc' no longer
needed for this recovery


ORA-00279: change 86648074820 generated at 12/31/2024 12:53:18 needed for
thread 1
ORA-00289: suggestion :
/arch/GINESYS/archivelog/2024_12_31/o1_mf_1_783716_mq76zg5d_.arc
ORA-00280: change 86648074820 for thread 1 is in sequence #783716
ORA-00278: log file
'/arch/GINESYS/archivelog/2024_12_31/o1_mf_1_783715_mq76z6s6_.arc' no longer
needed for this recovery


ORA-00279: change 86648244547 generated at 12/31/2024 12:53:26 needed for
thread 1
ORA-00289: suggestion :
/arch/GINESYS/archivelog/2024_12_31/o1_mf_1_783717_mq76zoc3_.arc
ORA-00280: change 86648244547 for thread 1 is in sequence #783717
ORA-00278: log file
'/arch/GINESYS/archivelog/2024_12_31/o1_mf_1_783716_mq76zg5d_.arc' no longer
needed for this recovery


ORA-00279: change 86648356026 generated at 12/31/2024 12:53:33 needed for
thread 1
ORA-00289: suggestion :
/arch/GINESYS/archivelog/2024_12_31/o1_mf_1_783718_mq76zxml_.arc
ORA-00280: change 86648356026 for thread 1 is in sequence #783718
ORA-00278: log file
'/arch/GINESYS/archivelog/2024_12_31/o1_mf_1_783717_mq76zoc3_.arc' no longer
needed for this recovery


ORA-00279: change 86648475720 generated at 12/31/2024 12:53:41 needed for
thread 1
ORA-00289: suggestion :
/arch/GINESYS/archivelog/2024_12_31/o1_mf_1_783719_mq7709lw_.arc
ORA-00280: change 86648475720 for thread 1 is in sequence #783719
ORA-00278: log file
'/arch/GINESYS/archivelog/2024_12_31/o1_mf_1_783718_mq76zxml_.arc' no longer
needed for this recovery


ORA-00279: change 86648682394 generated at 12/31/2024 12:53:53 needed for
thread 1
ORA-00289: suggestion :
/arch/GINESYS/archivelog/2024_12_31/o1_mf_1_783720_mq770n8t_.arc
ORA-00280: change 86648682394 for thread 1 is in sequence #783720
ORA-00278: log file
'/arch/GINESYS/archivelog/2024_12_31/o1_mf_1_783719_mq7709lw_.arc' no longer
needed for this recovery


ORA-00279: change 86648893996 generated at 12/31/2024 12:54:04 needed for
thread 1
ORA-00289: suggestion :
/arch/GINESYS/archivelog/2024_12_31/o1_mf_1_783721_mq770z1y_.arc
ORA-00280: change 86648893996 for thread 1 is in sequence #783721
ORA-00278: log file
'/arch/GINESYS/archivelog/2024_12_31/o1_mf_1_783720_mq770n8t_.arc' no longer
needed for this recovery


ORA-00279: change 86649065328 generated at 12/31/2024 12:54:15 needed for
thread 1
ORA-00289: suggestion :
/arch/GINESYS/archivelog/2024_12_31/o1_mf_1_783722_mq7716dv_.arc
ORA-00280: change 86649065328 for thread 1 is in sequence #783722
ORA-00278: log file
'/arch/GINESYS/archivelog/2024_12_31/o1_mf_1_783721_mq770z1y_.arc' no longer
needed for this recovery


ORA-00279: change 86649185539 generated at 12/31/2024 12:54:22 needed for
thread 1
ORA-00289: suggestion :
/arch/GINESYS/archivelog/2024_12_31/o1_mf_1_783723_mq771fon_.arc
ORA-00280: change 86649185539 for thread 1 is in sequence #783723
ORA-00278: log file
'/arch/GINESYS/archivelog/2024_12_31/o1_mf_1_783722_mq7716dv_.arc' no longer
needed for this recovery


ORA-00279: change 86649308481 generated at 12/31/2024 12:54:29 needed for
thread 1
ORA-00289: suggestion :
/arch/GINESYS/archivelog/2024_12_31/o1_mf_1_783724_mq771okz_.arc
ORA-00280: change 86649308481 for thread 1 is in sequence #783724
ORA-00278: log file
'/arch/GINESYS/archivelog/2024_12_31/o1_mf_1_783723_mq771fon_.arc' no longer
needed for this recovery


ORA-00279: change 86649408252 generated at 12/31/2024 12:54:37 needed for
thread 1
ORA-00289: suggestion :
/arch/GINESYS/archivelog/2024_12_31/o1_mf_1_783725_mq7720xr_.arc
ORA-00280: change 86649408252 for thread 1 is in sequence #783725
ORA-00278: log file
'/arch/GINESYS/archivelog/2024_12_31/o1_mf_1_783724_mq771okz_.arc' no longer
needed for this recovery


ORA-00279: change 86649610301 generated at 12/31/2024 12:54:48 needed for
thread 1
ORA-00289: suggestion :
/arch/GINESYS/archivelog/2024_12_31/o1_mf_1_783726_mq7728pc_.arc
ORA-00280: change 86649610301 for thread 1 is in sequence #783726
ORA-00278: log file
'/arch/GINESYS/archivelog/2024_12_31/o1_mf_1_783725_mq7720xr_.arc' no longer
needed for this recovery


ORA-00279: change 86649725548 generated at 12/31/2024 12:54:56 needed for
thread 1
ORA-00289: suggestion :
/arch/GINESYS/archivelog/2024_12_31/o1_mf_1_783727_mq772k1g_.arc
ORA-00280: change 86649725548 for thread 1 is in sequence #783727
ORA-00278: log file
'/arch/GINESYS/archivelog/2024_12_31/o1_mf_1_783726_mq7728pc_.arc' no longer
needed for this recovery


ORA-00279: change 86649878925 generated at 12/31/2024 12:55:05 needed for
thread 1
ORA-00289: suggestion :
/arch/GINESYS/archivelog/2024_12_31/o1_mf_1_783728_mq772txx_.arc
ORA-00280: change 86649878925 for thread 1 is in sequence #783728
ORA-00278: log file
'/arch/GINESYS/archivelog/2024_12_31/o1_mf_1_783727_mq772k1g_.arc' no longer
needed for this recovery


ORA-00279: change 86650032422 generated at 12/31/2024 12:55:14 needed for
thread 1
ORA-00289: suggestion :
/arch/GINESYS/archivelog/2024_12_31/o1_mf_1_783729_mq774bpl_.arc
ORA-00280: change 86650032422 for thread 1 is in sequence #783729
ORA-00278: log file
'/arch/GINESYS/archivelog/2024_12_31/o1_mf_1_783728_mq772txx_.arc' no longer
needed for this recovery


ORA-00279: change 86650112190 generated at 12/31/2024 12:56:02 needed for
thread 1
ORA-00289: suggestion :
/arch/GINESYS/archivelog/2024_12_31/o1_mf_1_783730_mq7782m4_.arc
ORA-00280: change 86650112190 for thread 1 is in sequence #783730
ORA-00278: log file
'/arch/GINESYS/archivelog/2024_12_31/o1_mf_1_783729_mq774bpl_.arc' no longer
needed for this recovery


ORA-00279: change 86650176553 generated at 12/31/2024 12:58:02 needed for
thread 1
ORA-00289: suggestion :
/arch/GINESYS/archivelog/2024_12_31/o1_mf_1_783731_mq77cvwk_.arc
ORA-00280: change 86650176553 for thread 1 is in sequence #783731
ORA-00278: log file
'/arch/GINESYS/archivelog/2024_12_31/o1_mf_1_783730_mq7782m4_.arc' no longer
needed for this recovery


ORA-00279: change 86650205102 generated at 12/31/2024 13:00:03 needed for
thread 1
ORA-00289: suggestion :
/arch/GINESYS/archivelog/2024_12_31/o1_mf_1_783732_mq77hk49_.arc
ORA-00280: change 86650205102 for thread 1 is in sequence #783732
ORA-00278: log file
'/arch/GINESYS/archivelog/2024_12_31/o1_mf_1_783731_mq77cvwk_.arc' no longer
needed for this recovery


ORA-00279: change 86650307294 generated at 12/31/2024 13:02:01 needed for
thread 1
ORA-00289: suggestion :
/arch/GINESYS/archivelog/2024_12_31/o1_mf_1_783733_mq77m9j2_.arc
ORA-00280: change 86650307294 for thread 1 is in sequence #783733
ORA-00278: log file
'/arch/GINESYS/archivelog/2024_12_31/o1_mf_1_783732_mq77hk49_.arc' no longer
needed for this recovery


ORA-00279: change 86650860977 generated at 12/31/2024 13:04:01 needed for
thread 1
ORA-00289: suggestion :
/arch/GINESYS/archivelog/2024_12_31/o1_mf_1_783734_mq77q1yq_.arc
ORA-00280: change 86650860977 for thread 1 is in sequence #783734
ORA-00278: log file
'/arch/GINESYS/archivelog/2024_12_31/o1_mf_1_783733_mq77m9j2_.arc' no longer
needed for this recovery


ORA-00279: change 86651158548 generated at 12/31/2024 13:06:01 needed for
thread 1
ORA-00289: suggestion :
/arch/GINESYS/archivelog/2024_12_31/o1_mf_1_783735_mq77tsbl_.arc
ORA-00280: change 86651158548 for thread 1 is in sequence #783735
ORA-00278: log file
'/arch/GINESYS/archivelog/2024_12_31/o1_mf_1_783734_mq77q1yq_.arc' no longer
needed for this recovery


ORA-00279: change 86651175147 generated at 12/31/2024 13:08:01 needed for
thread 1
ORA-00289: suggestion :
/arch/GINESYS/archivelog/2024_12_31/o1_mf_1_783736_%u_.arc
ORA-00280: change 86651175147 for thread 1 is in sequence #783736
ORA-00278: log file
'/arch/GINESYS/archivelog/2024_12_31/o1_mf_1_783735_mq77tsbl_.arc' no longer
needed for this recovery


ORA-00308: cannot open archived log
'/arch/GINESYS/archivelog/2024_12_31/o1_mf_1_783736_%u_.arc'
ORA-27037: unable to obtain file status
Linux-x86_64 Error: 2: No such file or directory
Additional information: 3



Archive Applied
------------------------------------------------------------------------
Last Archive Sequence Applied : 783735


Finished DATE and TIME
------------------------------
12-31-2024 13:11:44

