PRODUCTION SERVER DISK SPACE START
********************************************************************************************************************************************************************

Filesystem                       Size  Used Avail Use% Mounted on
devtmpfs                          97G     0   97G   0% /dev
tmpfs                             97G     0   97G   0% /dev/shm
tmpfs                             97G  627M   96G   1% /run
tmpfs                             97G     0   97G   0% /sys/fs/cgroup
/dev/mapper/rhel-root             98G   18G   76G  19% /
/dev/sda2                        976M  188M  722M  21% /boot
/dev/mapper/u02-u02              487G   57G  405G  13% /u02
/dev/mapper/compbkp-compbkp      687G  237G  415G  37% /compbkp
/dev/mapper/arch-arch           1003G  761G  192G  80% /arch
/dev/mapper/u01-u01              1.5T  1.4T   49G  97% /u01
/dev/sda1                       1022M  6.8M 1016M   1% /boot/efi
/dev/mapper/uncompbkp-uncompbkp  1.5T  1.2T  236G  84% /uncompbkp
tmpfs                             20G  5.7M   20G   1% /run/user/1001
tmpfs                             20G  1.2M   20G   1% /run/user/42
tmpfs                             20G  4.6M   20G   1% /run/user/0
/dev/sr0                         7.9G  7.9G     0 100% /run/media/oracle/RHEL-8-2-0-BaseOS-x86_64
PRODUCTION SERVER DISK SPACE END
********************************************************************************************************************************************************************

BACKUP SERVER DISK SPACE START
********************************************************************************************************************************************************************

Filesystem                       Size  Used Avail Use% Mounted on
devtmpfs                          32G     0   32G   0% /dev
tmpfs                             32G     0   32G   0% /dev/shm
tmpfs                             32G  306M   32G   1% /run
tmpfs                             32G     0   32G   0% /sys/fs/cgroup
/dev/mapper/rhel-root             98G  8.2G   85G   9% /
/dev/sda2                        976M  187M  722M  21% /boot
/dev/mapper/u09-u09              294G   88G  191G  32% /u09
/dev/mapper/u01-u01              1.5T  1.3T  156G  90% /u01
/dev/mapper/compbkp-compbkp      687G  237G  415G  37% /compbkp
/dev/mapper/arch-arch           1003G  761G  192G  80% /arch
/dev/mapper/u02-u02              487G  168G  295G  37% /u02
/dev/mapper/uncompbkp-uncompbkp  1.5T  1.4T   89G  94% /uncompbkp
/dev/sda1                       1022M  6.8M 1016M   1% /boot/efi
tmpfs                            6.3G     0  6.3G   0% /run/user/1001
tmpfs                            6.3G  1.2M  6.3G   1% /run/user/42
BACKUP SERVER DISK SPACE END
********************************************************************************************************************************************************************

***PRODUCTION LOAD**************************************************************************
top - 19:30:01 up 33 days, 16:30,  4 users,  load average: 5.02, 6.61, 7.55
Tasks: 928 total,   4 running, 920 sleeping,   4 stopped,   0 zombie
%Cpu(s):  7.2 us,  3.2 sy,  0.0 ni, 86.5 id,  2.8 wa,  0.1 hi,  0.1 si,  0.0 st
MiB Mem : 197191.3 total,   4299.8 free,  13679.2 used, 179212.3 buff/cache
MiB Swap: 131072.0 total, 120368.0 free,  10704.0 used.  89776.0 avail Mem 

    PID USER      PR  NI    VIRT    RES    SHR S  %CPU  %MEM     TIME+ COMMAND
 382853 oracle    20   0 2940580  64480  25640 S 112.5   0.0   0:00.50 azcopy
 374971 oracle    20   0  101.0g  29.1g  28.4g R 100.0  15.1  23:12.64 oracle_+
 381032 oracle    20   0  100.3g  15.3g  15.3g R 100.0   7.9   1:53.69 oracle_+
  10411 oracle    20   0  100.4g  73404  50444 D  43.8   0.0  34:04.45 ora_arc+
   2321 polkitd   20   0 2068664  39416  10740 R  18.8   0.0  96:51.64 polkitd
 382782 oracle    20   0  100.3g 761216 757832 S  18.8   0.4   0:01.12 oracle_+
   2328 dbus      20   0   86856   7912   3988 S  12.5   0.0  52:48.16 dbus-da+
   2914 pcp       20   0  207844   5616   5228 S   6.2   0.0   6:46.35 pmcd
 145745 root      20   0 6175004  59056  19064 S   6.2   0.0  15:53.71 gnome-s+
 146167 root      20   0 1410660  61456  15860 S   6.2   0.0   3:30.24 gnome-s+
 361409 root      20   0       0      0      0 I   6.2   0.0   0:00.02 kworker+
 382908 oracle    20   0  100.3g 136196 132284 D   6.2   0.1   0:00.09 ora_m00+
      1 root      20   0  245500   7596   4872 S   0.0   0.0  13:31.24 systemd
********************************************************************************************************************************************************************
********************************************************************************************************************************************************************
###LONG RUNNING QUERY FOR MORE THAN ONE MINUTE###
********************************************************************************************************************************************************************

USERNAME			      SID    SERIAL# MINS_RUNNING
------------------------------ ---------- ---------- ------------
RSBR				     2025      61888   22.7666667
RSBR				     1388      64277   1.48333333


USERNAME   SID	 SERIA MINS_RUNNING PROGRAM		 SQL_ID        ADDRESS		TERMINAL	     ACTION		  EVENT 	       LOGON_TIME	    WAIT_CLASS
---------- ----- ----- ------------ -------------------- ------------- ---------------- -------------------- -------------------- -------------------- -------------------- ---------------
RSBR	   2025  61888	      22.95 Ginesys.API 	 1j72qknjc4n7v 00000001A90F1AB0 V12APP					  db file sequential r 08-DEC-2024 19:06:03 User I/O
RSBR	   1388  64277	 1.66666667 w3wp.exe		 fzshc8xmgh912 00000002791AC810 V12APP					  db file sequential r 08-DEC-2024 19:24:38 User I/O

********************************************************************************************************************************************************************
###LONG RUNNING QUERY FOR MORE THAN ONE MINUTE###
********************************************************************************************************************************************************************
********************************************************************************************************************************************************************
###LOCKING SESSION###
***********************************************************************************************************************
###KILLED SESSION###
***********************************************************************************************************************

  COUNT(1) KILL_TIME	       SESSION_LOGON_TIME
---------- ------------------- -------------------
	 1 2024-11-28 16:00:03 2024-11-28 14:39:03
	 1 2024-11-22 14:30:01 2024-11-22 13:01:21
	 1 2024-11-20 14:30:00 2024-11-20 12:58:31
	 1 2024-11-12 17:00:00 2024-11-12 15:40:46
	 1 2024-11-05 15:00:02 2024-11-05 13:35:31
	 1 2024-11-05 14:00:01 2024-11-05 12:39:21
	 1 2024-10-25 19:00:02 2024-10-25 17:46:39

7 rows selected.

***********************************************************************************************************************
###KILLED SESSION###
***********************************************************************************************************************
********************************************************************************************************************************************************************

no rows selected


no rows selected

********************************************************************************************************************************************************************
###LOCKING SESSION###
********************************************************************************************************************************************************************
********************************************************************************************************************************************************************
###TEMP TABLESPACE###
********************************************************************************************************************************************************************

TABLESPACE			 MB_TOTAL    MB_USED	MB_FREE
------------------------------ ---------- ---------- ----------
TEMP			       131071.938	  57 131014.938

********************************************************************************************************************************************************************
###TEMP TABLESPACE###
********************************************************************************************************************************************************************
********************************************************************************************************************************************************************
###SESSION USING TEMP###
********************************************************************************************************************************************************************

SID_SERIAL	USERNAME	OSUSER		     SPID      MODULE			 PROGRAM	    MB_USED TABLESPACE	    STATEMENTS
--------------- --------------- -------------------- --------- ------------------------- --------------- ---------- --------------- ----------
1073,11145	RSBR		SYSTEM		     380932    w3wp.exe 		 oracle@prd		  3 TEMP	    3
1139,26389	RSBR		SYSTEM		     380934    w3wp.exe 		 oracle@prd		  3 TEMP	    3
1205,43686	RSBR		V12APP$ 	     382964    DataSync.API		 oracle@prd		  1 TEMP	    1
1327,64274	RSBR		SYSTEM		     381030    w3wp.exe 		 oracle@prd		  3 TEMP	    3
1328,51838	RSBR		V12APP$ 	     313733    Ginesys.API		 oracle@prd		  3 TEMP	    3
1388,64277	RSBR		SYSTEM		     381032    w3wp.exe 		 oracle@prd		  3 TEMP	    3
1455,2812	RSBR		SYSTEM		     381034    w3wp.exe 		 oracle@prd		  3 TEMP	    3
1515,32805	RSBR		SYSTEM		     381036    w3wp.exe 		 oracle@prd		  3 TEMP	    3
1644,52799	RSBR		SYSTEM		     381038    w3wp.exe 		 oracle@prd		  4 TEMP	    4
193,54045	RSBR		SYSTEM		     380928    w3wp.exe 		 oracle@prd		  4 TEMP	    4
2021,57959	RSBR		Administrator	     1162807   TOAD 12.9.0.71		 oracle@prd		  5 TEMP	    5
2025,61888	RSBR		V12APP$ 	     374971    Ginesys.API		 oracle@prd		  2 TEMP	    2
2396,62314	RSBR		Administrator	     3986569   TOAD 12.9.0.71		 oracle@prd		  5 TEMP	    5
2588,54571	RSBR		SYSTEM		     381040    w3wp.exe 		 oracle@prd		  3 TEMP	    3
2843,524	RSBR		SYSTEM		     380924    w3wp.exe 		 oracle@prd		  5 TEMP	    5
385,17030	RSBR		SYSTEM		     380930    w3wp.exe 		 oracle@prd		  3 TEMP	    3
67,65188	RSBR		SYSTEM		     380926    w3wp.exe 		 oracle@prd		  3 TEMP	    3
951,31974	RSBR		V12APP$ 	     382784    DataSync.API		 oracle@prd		  1 TEMP	    1

18 rows selected.

********************************************************************************************************************************************************************
###SESSION USING TEMP###
********************************************************************************************************************************************************************
###UNDO TABLESPACE###
********************************************************************************************************************************************************************

TABLESPACE_NAME 		   SIZEMB    USAGEMB	 FREEMB
------------------------------ ---------- ---------- ----------
UNDOTBS1		       65535.9688 12825.0625 52710.9063

********************************************************************************************************************************************************************
###SESSION USING UNDO###
********************************************************************************************************************************************************************

SID_SERIAL	USERNAME	OSUSER		     PROGRAM		       START_TIME	    ACTIVE_UNDO_SIZE_IN_MB
--------------- --------------- -------------------- ------------------------- -------------------- ----------------------
1388,64277	RSBR		SYSTEM		     w3wp.exe		       12/08/24 19:28:10		   .421875
2025,61888	RSBR		V12APP$ 	     Ginesys.API	       12/08/24 19:30:14		  .0078125

********************************************************************************************************************************************************************
###UNDO SEGMENT STATUS###
********************************************************************************************************************************************************************

TABLESPACE		       STATUS	  SUM_IN_MB	COUNTS
------------------------------ --------- ---------- ----------
UNDOTBS1		       ACTIVE		 16	     2
UNDOTBS1		       EXPIRED	  7651.5625	  1269
UNDOTBS1		       UNEXPIRED     5157.5	   681

********************************************************************************************************************************************************************
********************************************************************************************************************************************************************
###MV LAST REFRESH TIME###
********************************************************************************************************************************************************************

OWNER		MVIEW_NAME		       LAST_REFRESH_DATE
--------------- ------------------------------ -------------------
RSBR		SITE_MV 		       2024-12-08 19:27:33
RSBR		POS_CUSTOMER_MV 	       2024-12-08 19:27:32
RSBR		INVGRP_MV		       2024-12-08 19:27:33
RSBR		LEDGER_MV		       2024-12-08 19:27:04
RSBR		BOM_MV			       2024-10-25 17:44:01
RSBR		ADMOU_MV		       2024-12-08 19:27:30
RSBR		COA_MV			       2024-12-08 19:27:04
RSBR		PRICE_CHART_MV		       2024-12-08 19:27:33
RSBR		ROUTE_MV		       2024-12-08 19:27:33
RSBR		SALESPERSON_MV		       2024-12-08 19:27:32
RSBR		CONTROL_SL_MV		       2024-12-08 19:27:30
RSBR		ITEM_MV 		       2024-12-08 19:27:04
RSBR		COST_SHEET_MV		       2024-12-08 19:27:04
RSBR		PLN_RANGING_SITE_MV	       2023-10-03 13:48:21

14 rows selected.


OWNER		MVIEW_NAME		       LAST_REFRESH_DATE
--------------- ------------------------------ -------------------
RSBR		BOM_MV			       2024-10-25 17:44:01

********************************************************************************************************************************************************************
###MV LAST REFRESH TIME###
********************************************************************************************************************************************************************
###PROGRAM WISE SESSIONS###
********************************************************************************************************************************************************************

PROGRAM 			    TOTAL_SESSIONS ACTIVE_SESSIONS INACTIVE_SESSIONS
----------------------------------- -------------- --------------- -----------------
oracle@prd (J011)				 1		 1		   0
oracle@prd (J010)				 1		 1		   0
oracle@prd (J012)				 1		 1		   0
oracle@prd (J005)				 1		 1		   0
oracle@prd (J004)				 1		 1		   0
oracle@prd (J008)				 1		 1		   0
DataSync.API					 4		 1		   3
w3wp.exe					27		 1		  26
oracle@prd (J001)				 1		 1		   0
oracle@prd (J002)				 1		 1		   0
oracle@prd (J006)				 1		 1		   0
Ginesys.API					 2		 1		   1
oracle@prd (J014)				 1		 1		   0
sqlplus@prd (TNS V1-V3) 			 1		 1		   0
oracle@prd (J003)				 1		 1		   0
oracle@prd (J007)				 1		 1		   0
oracle@prd (J013)				 1		 1		   0
oracle@prd (J009)				 1		 1		   0
oracle@prd (J000)				 1		 1		   0
LaunchPad.exe					 2		 0		   2
JDBC Thin Client				12		 0		  12
extract@prd (TNS V1-V3) 			 2		 0		   2
dis51usr.exe					 6		 0		   6
oracle@prdbkp (TNS V1-V3)			 2		 0		   2
Planning.Service.exe				 1		 0		   1
oracle@misdb (TNS V1-V3)			 1		 0		   1
SMTPMailer.Service.exe				 1		 0		   1
eWebReportsScheduler.exe			 1		 0		   1
Toad.exe					 3		 0		   3
GNFS.Service.exe				 1		 0		   1
oracle@prd (TNS V1-V3)				 1		 0		   1
LicenseManager.Service.exe			 1		 0		   1

32 rows selected.

********************************************************************************************************************************************************************
###TOP CPU CONSUMING SESSION(PROGRAM WISE) START###
********************************************************************************************************************************************************************

      RANK	  SID	 SERIAL# PROGRAM		 CPUMINS LOGON_TIME  ACTION		  EVENT 	       TERMINAL   WAIT_CLASS
---------- ---------- ---------- -------------------- ---------- ----------- -------------------- -------------------- ---------- ---------------
	 1	  257	   50315 eWebReportsScheduler	 1721.73 30-NOV-2024			  SQL*Net message from V12_WEB	  Idle
	 2	 1328	   51838 Ginesys.API		  201.97 08-DEC-2024			  SQL*Net message from V12APP	  Idle
	 3	 2021	   57959 Toad.exe		   78.56 19-NOV-2024			  SQL*Net message from SCP	  Idle
	 4	 1765	   42143 oracle@prd (MMON)	   61.16 05-NOV-2024			  rdbms ipc message    UNKNOWN	  Idle
	 5	 1828	   40158 oracle@prd (MMNL)	   52.42 05-NOV-2024			  rdbms ipc message    UNKNOWN	  Idle
	 6	 2396	   62314 Toad.exe		   40.54 26-NOV-2024			  SQL*Net message from SCP	  Idle
	 7	 2025	   61888 Ginesys.API		   23.43 08-DEC-2024			  db file sequential r V12APP	  User I/O
	 8	  316	   38003 oracle@prd (DBRM)	   21.58 05-NOV-2024			  rdbms ipc message    UNKNOWN	  Idle
	 9	  572	    8935 JDBC Thin Client	   11.93 08-DEC-2024			  SQL*Net message from unknown	  Idle
	10	  191	   49344 oracle@prd (CJQ0)	    8.16 05-NOV-2024			  rdbms ipc message    UNKNOWN	  Idle

10 rows selected.

###TOP CPU CONSUMING SESSION(PROGRAM WISE) END###
********************************************************************************************************************************************************************
###Today Cube Refresh status START###
********************************************************************************************************************************************************************

      CODE DATACUBE_CODE  CUBE_CODE START_TIM END_TIME	RUN_DURATI CREATOR		STATUS		   ERROR_REASON
---------- ------------- ---------- --------- --------- ---------- -------------------- ------------------ ----------------------------------------
     30353	      36       2454 08-DEC-24 08-DEC-24 00:34:27   Raghu		Refresh completed
     30352	      76       2190 08-DEC-24 08-DEC-24 00:04:26   P Kameshwararao	Refresh completed
     30351	      21       2436 08-DEC-24 08-DEC-24 00:40:29   Rajesh Reddy 	Refresh completed

###Today Cube Refresh status END###
********************************************************************************************************************************************************************
********************************************************************************************************************************************************************
###CURRENT ARCHIVE GENERATED###
********************************************************************************************************************************************************************

DAY	    NUM_ARCHIVES_GENERATED ARCHIVE_SIZE_GB
----------- ---------------------- ---------------
2024-12-08		      1526	    130.03
2024-12-07		      2189	    186.95
2024-12-06		      1680	    134.77
2024-12-05		      1929	    158.18
2024-12-04		      3174	    283.25

********************************************************************************************************************************************************************
###CURRENT ARCHIVE GENERATED###
********************************************************************************************************************************************************************
