
APPLY DATE and TIME
------------------------------
12-31-2024 13:07:01


NAME	  OPEN_MODE	       DATABASE_ROLE
--------- -------------------- ----------------
GINESYS   MOUNTED	       PRIMARY


Archive Applied
------------------------------------------------------------------------
Last Archive Sequence Applied : 365909

ORA-00279: change 7488320061 generated at 12/31/2024 12:06:01 needed for thread
1
ORA-00289: suggestion :
/arch/GINESYS/archivelog/2024_12_31/o1_mf_1_365910_mq74b9vw_.arc
ORA-00280: change 7488320061 for thread 1 is in sequence #365910


ORA-00279: change 7488321751 generated at 12/31/2024 12:08:01 needed for thread
1
ORA-00289: suggestion :
/arch/GINESYS/archivelog/2024_12_31/o1_mf_1_365911_mq74g1y6_.arc
ORA-00280: change 7488321751 for thread 1 is in sequence #365911
ORA-00278: log file
'/arch/GINESYS/archivelog/2024_12_31/o1_mf_1_365910_mq74b9vw_.arc' no longer
needed for this recovery


ORA-00279: change 7488322082 generated at 12/31/2024 12:10:01 needed for thread
1
ORA-00289: suggestion :
/arch/GINESYS/archivelog/2024_12_31/o1_mf_1_365912_mq74ksdz_.arc
ORA-00280: change 7488322082 for thread 1 is in sequence #365912
ORA-00278: log file
'/arch/GINESYS/archivelog/2024_12_31/o1_mf_1_365911_mq74g1y6_.arc' no longer
needed for this recovery


ORA-00279: change 7488323939 generated at 12/31/2024 12:12:01 needed for thread
1
ORA-00289: suggestion :
/arch/GINESYS/archivelog/2024_12_31/o1_mf_1_365913_mq74okw2_.arc
ORA-00280: change 7488323939 for thread 1 is in sequence #365913
ORA-00278: log file
'/arch/GINESYS/archivelog/2024_12_31/o1_mf_1_365912_mq74ksdz_.arc' no longer
needed for this recovery


ORA-00279: change 7488324231 generated at 12/31/2024 12:14:01 needed for thread
1
ORA-00289: suggestion :
/arch/GINESYS/archivelog/2024_12_31/o1_mf_1_365914_mq74s99m_.arc
ORA-00280: change 7488324231 for thread 1 is in sequence #365914
ORA-00278: log file
'/arch/GINESYS/archivelog/2024_12_31/o1_mf_1_365913_mq74okw2_.arc' no longer
needed for this recovery


ORA-00279: change 7488324592 generated at 12/31/2024 12:16:01 needed for thread
1
ORA-00289: suggestion :
/arch/GINESYS/archivelog/2024_12_31/o1_mf_1_365915_mq74x1rf_.arc
ORA-00280: change 7488324592 for thread 1 is in sequence #365915
ORA-00278: log file
'/arch/GINESYS/archivelog/2024_12_31/o1_mf_1_365914_mq74s99m_.arc' no longer
needed for this recovery


ORA-00279: change 7488326291 generated at 12/31/2024 12:18:01 needed for thread
1
ORA-00289: suggestion :
/arch/GINESYS/archivelog/2024_12_31/o1_mf_1_365916_mq750s8s_.arc
ORA-00280: change 7488326291 for thread 1 is in sequence #365916
ORA-00278: log file
'/arch/GINESYS/archivelog/2024_12_31/o1_mf_1_365915_mq74x1rf_.arc' no longer
needed for this recovery


ORA-00279: change 7488326879 generated at 12/31/2024 12:20:01 needed for thread
1
ORA-00289: suggestion :
/arch/GINESYS/archivelog/2024_12_31/o1_mf_1_365917_mq754kp1_.arc
ORA-00280: change 7488326879 for thread 1 is in sequence #365917
ORA-00278: log file
'/arch/GINESYS/archivelog/2024_12_31/o1_mf_1_365916_mq750s8s_.arc' no longer
needed for this recovery


ORA-00279: change 7488328489 generated at 12/31/2024 12:22:01 needed for thread
1
ORA-00289: suggestion :
/arch/GINESYS/archivelog/2024_12_31/o1_mf_1_365918_mq758963_.arc
ORA-00280: change 7488328489 for thread 1 is in sequence #365918
ORA-00278: log file
'/arch/GINESYS/archivelog/2024_12_31/o1_mf_1_365917_mq754kp1_.arc' no longer
needed for this recovery


ORA-00279: change 7488328848 generated at 12/31/2024 12:24:01 needed for thread
1
ORA-00289: suggestion :
/arch/GINESYS/archivelog/2024_12_31/o1_mf_1_365919_mq75d1m4_.arc
ORA-00280: change 7488328848 for thread 1 is in sequence #365919
ORA-00278: log file
'/arch/GINESYS/archivelog/2024_12_31/o1_mf_1_365918_mq758963_.arc' no longer
needed for this recovery


ORA-00279: change 7488329457 generated at 12/31/2024 12:26:01 needed for thread
1
ORA-00289: suggestion :
/arch/GINESYS/archivelog/2024_12_31/o1_mf_1_365920_mq75ht2r_.arc
ORA-00280: change 7488329457 for thread 1 is in sequence #365920
ORA-00278: log file
'/arch/GINESYS/archivelog/2024_12_31/o1_mf_1_365919_mq75d1m4_.arc' no longer
needed for this recovery


ORA-00279: change 7488331145 generated at 12/31/2024 12:28:02 needed for thread
1
ORA-00289: suggestion :
/arch/GINESYS/archivelog/2024_12_31/o1_mf_1_365921_mq75mklq_.arc
ORA-00280: change 7488331145 for thread 1 is in sequence #365921
ORA-00278: log file
'/arch/GINESYS/archivelog/2024_12_31/o1_mf_1_365920_mq75ht2r_.arc' no longer
needed for this recovery


ORA-00279: change 7488331656 generated at 12/31/2024 12:30:01 needed for thread
1
ORA-00289: suggestion :
/arch/GINESYS/archivelog/2024_12_31/o1_mf_1_365922_mq75q9n3_.arc
ORA-00280: change 7488331656 for thread 1 is in sequence #365922
ORA-00278: log file
'/arch/GINESYS/archivelog/2024_12_31/o1_mf_1_365921_mq75mklq_.arc' no longer
needed for this recovery


ORA-00279: change 7488333279 generated at 12/31/2024 12:32:01 needed for thread
1
ORA-00289: suggestion :
/arch/GINESYS/archivelog/2024_12_31/o1_mf_1_365923_mq75v15h_.arc
ORA-00280: change 7488333279 for thread 1 is in sequence #365923
ORA-00278: log file
'/arch/GINESYS/archivelog/2024_12_31/o1_mf_1_365922_mq75q9n3_.arc' no longer
needed for this recovery


ORA-00279: change 7488333569 generated at 12/31/2024 12:34:01 needed for thread
1
ORA-00289: suggestion :
/arch/GINESYS/archivelog/2024_12_31/o1_mf_1_365924_mq75yskv_.arc
ORA-00280: change 7488333569 for thread 1 is in sequence #365924
ORA-00278: log file
'/arch/GINESYS/archivelog/2024_12_31/o1_mf_1_365923_mq75v15h_.arc' no longer
needed for this recovery


ORA-00279: change 7488333928 generated at 12/31/2024 12:36:01 needed for thread
1
ORA-00289: suggestion :
/arch/GINESYS/archivelog/2024_12_31/o1_mf_1_365925_mq762kym_.arc
ORA-00280: change 7488333928 for thread 1 is in sequence #365925
ORA-00278: log file
'/arch/GINESYS/archivelog/2024_12_31/o1_mf_1_365924_mq75yskv_.arc' no longer
needed for this recovery


ORA-00279: change 7488335694 generated at 12/31/2024 12:38:01 needed for thread
1
ORA-00289: suggestion :
/arch/GINESYS/archivelog/2024_12_31/o1_mf_1_365926_mq766b0c_.arc
ORA-00280: change 7488335694 for thread 1 is in sequence #365926
ORA-00278: log file
'/arch/GINESYS/archivelog/2024_12_31/o1_mf_1_365925_mq762kym_.arc' no longer
needed for this recovery


ORA-00279: change 7488336077 generated at 12/31/2024 12:40:02 needed for thread
1
ORA-00289: suggestion :
/arch/GINESYS/archivelog/2024_12_31/o1_mf_1_365927_mq76b1f0_.arc
ORA-00280: change 7488336077 for thread 1 is in sequence #365927
ORA-00278: log file
'/arch/GINESYS/archivelog/2024_12_31/o1_mf_1_365926_mq766b0c_.arc' no longer
needed for this recovery


ORA-00279: change 7488337964 generated at 12/31/2024 12:42:01 needed for thread
1
ORA-00289: suggestion :
/arch/GINESYS/archivelog/2024_12_31/o1_mf_1_365928_mq76fswr_.arc
ORA-00280: change 7488337964 for thread 1 is in sequence #365928
ORA-00278: log file
'/arch/GINESYS/archivelog/2024_12_31/o1_mf_1_365927_mq76b1f0_.arc' no longer
needed for this recovery


ORA-00279: change 7488338306 generated at 12/31/2024 12:44:01 needed for thread
1
ORA-00289: suggestion :
/arch/GINESYS/archivelog/2024_12_31/o1_mf_1_365929_mq76kkb9_.arc
ORA-00280: change 7488338306 for thread 1 is in sequence #365929
ORA-00278: log file
'/arch/GINESYS/archivelog/2024_12_31/o1_mf_1_365928_mq76fswr_.arc' no longer
needed for this recovery


ORA-00279: change 7488338670 generated at 12/31/2024 12:46:01 needed for thread
1
ORA-00289: suggestion :
/arch/GINESYS/archivelog/2024_12_31/o1_mf_1_365930_mq76o9qh_.arc
ORA-00280: change 7488338670 for thread 1 is in sequence #365930
ORA-00278: log file
'/arch/GINESYS/archivelog/2024_12_31/o1_mf_1_365929_mq76kkb9_.arc' no longer
needed for this recovery


ORA-00279: change 7488340652 generated at 12/31/2024 12:48:01 needed for thread
1
ORA-00289: suggestion :
/arch/GINESYS/archivelog/2024_12_31/o1_mf_1_365931_mq76s1pn_.arc
ORA-00280: change 7488340652 for thread 1 is in sequence #365931
ORA-00278: log file
'/arch/GINESYS/archivelog/2024_12_31/o1_mf_1_365930_mq76o9qh_.arc' no longer
needed for this recovery


ORA-00279: change 7488341173 generated at 12/31/2024 12:50:01 needed for thread
1
ORA-00289: suggestion :
/arch/GINESYS/archivelog/2024_12_31/o1_mf_1_365932_mq76ws4h_.arc
ORA-00280: change 7488341173 for thread 1 is in sequence #365932
ORA-00278: log file
'/arch/GINESYS/archivelog/2024_12_31/o1_mf_1_365931_mq76s1pn_.arc' no longer
needed for this recovery


ORA-00279: change 7488356812 generated at 12/31/2024 12:52:01 needed for thread
1
ORA-00289: suggestion :
/arch/GINESYS/archivelog/2024_12_31/o1_mf_1_365933_mq770l0h_.arc
ORA-00280: change 7488356812 for thread 1 is in sequence #365933
ORA-00278: log file
'/arch/GINESYS/archivelog/2024_12_31/o1_mf_1_365932_mq76ws4h_.arc' no longer
needed for this recovery


ORA-00279: change 7488361844 generated at 12/31/2024 12:54:02 needed for thread
1
ORA-00289: suggestion :
/arch/GINESYS/archivelog/2024_12_31/o1_mf_1_365934_mq774b46_.arc
ORA-00280: change 7488361844 for thread 1 is in sequence #365934
ORA-00278: log file
'/arch/GINESYS/archivelog/2024_12_31/o1_mf_1_365933_mq770l0h_.arc' no longer
needed for this recovery


ORA-00279: change 7488363475 generated at 12/31/2024 12:56:02 needed for thread
1
ORA-00289: suggestion :
/arch/GINESYS/archivelog/2024_12_31/o1_mf_1_365935_mq7781x4_.arc
ORA-00280: change 7488363475 for thread 1 is in sequence #365935
ORA-00278: log file
'/arch/GINESYS/archivelog/2024_12_31/o1_mf_1_365934_mq774b46_.arc' no longer
needed for this recovery


ORA-00279: change 7488366544 generated at 12/31/2024 12:58:01 needed for thread
1
ORA-00289: suggestion :
/arch/GINESYS/archivelog/2024_12_31/o1_mf_1_365936_mq77cssc_.arc
ORA-00280: change 7488366544 for thread 1 is in sequence #365936
ORA-00278: log file
'/arch/GINESYS/archivelog/2024_12_31/o1_mf_1_365935_mq7781x4_.arc' no longer
needed for this recovery


ORA-00279: change 7488367655 generated at 12/31/2024 13:00:01 needed for thread
1
ORA-00289: suggestion :
/arch/GINESYS/archivelog/2024_12_31/o1_mf_1_365937_mq77hkwf_.arc
ORA-00280: change 7488367655 for thread 1 is in sequence #365937
ORA-00278: log file
'/arch/GINESYS/archivelog/2024_12_31/o1_mf_1_365936_mq77cssc_.arc' no longer
needed for this recovery


ORA-00279: change 7488369864 generated at 12/31/2024 13:02:01 needed for thread
1
ORA-00289: suggestion :
/arch/GINESYS/archivelog/2024_12_31/o1_mf_1_365938_mq77m9jd_.arc
ORA-00280: change 7488369864 for thread 1 is in sequence #365938
ORA-00278: log file
'/arch/GINESYS/archivelog/2024_12_31/o1_mf_1_365937_mq77hkwf_.arc' no longer
needed for this recovery


ORA-00279: change 7488370371 generated at 12/31/2024 13:04:01 needed for thread
1
ORA-00289: suggestion :
/arch/GINESYS/archivelog/2024_12_31/o1_mf_1_365939_mq77q1x0_.arc
ORA-00280: change 7488370371 for thread 1 is in sequence #365939
ORA-00278: log file
'/arch/GINESYS/archivelog/2024_12_31/o1_mf_1_365938_mq77m9jd_.arc' no longer
needed for this recovery


ORA-00279: change 7488373260 generated at 12/31/2024 13:06:01 needed for thread
1
ORA-00289: suggestion :
/arch/GINESYS/archivelog/2024_12_31/o1_mf_1_365940_%u_.arc
ORA-00280: change 7488373260 for thread 1 is in sequence #365940
ORA-00278: log file
'/arch/GINESYS/archivelog/2024_12_31/o1_mf_1_365939_mq77q1x0_.arc' no longer
needed for this recovery


ORA-00308: cannot open archived log
'/arch/GINESYS/archivelog/2024_12_31/o1_mf_1_365940_%u_.arc'
ORA-27037: unable to obtain file status
Linux-x86_64 Error: 2: No such file or directory
Additional information: 3



Archive Applied
------------------------------------------------------------------------
Last Archive Sequence Applied : 365939


Finished DATE and TIME
------------------------------
12-31-2024 13:07:10

