
APPLY DATE and TIME
------------------------------
12-31-2024 13:05:01


NAME	  OPEN_MODE	       DATABASE_ROLE
--------- -------------------- ----------------
GINESYS   MOUNTED	       PRIMARY


Archive Applied
------------------------------------------------------------------------
Last Archive Sequence Applied : 2986834

ORA-00279: change 40086364068 generated at 12/31/2024 12:00:01 needed for
thread 1
ORA-00289: suggestion :
/arch/GINESYS/archivelog/2024_12_31/o1_mf_1_2986835_mq73z1xx_.arc
ORA-00280: change 40086364068 for thread 1 is in sequence #2986835


ORA-00279: change 40086366298 generated at 12/31/2024 12:02:01 needed for
thread 1
ORA-00289: suggestion :
/arch/GINESYS/archivelog/2024_12_31/o1_mf_1_2986836_mq742sgz_.arc
ORA-00280: change 40086366298 for thread 1 is in sequence #2986836
ORA-00278: log file
'/arch/GINESYS/archivelog/2024_12_31/o1_mf_1_2986835_mq73z1xx_.arc' no longer
needed for this recovery


ORA-00279: change 40086366786 generated at 12/31/2024 12:04:01 needed for
thread 1
ORA-00289: suggestion :
/arch/GINESYS/archivelog/2024_12_31/o1_mf_1_2986837_mq746kz1_.arc
ORA-00280: change 40086366786 for thread 1 is in sequence #2986837
ORA-00278: log file
'/arch/GINESYS/archivelog/2024_12_31/o1_mf_1_2986836_mq742sgz_.arc' no longer
needed for this recovery


ORA-00279: change 40086377729 generated at 12/31/2024 12:06:01 needed for
thread 1
ORA-00289: suggestion :
/arch/GINESYS/archivelog/2024_12_31/o1_mf_1_2986838_mq74b9hy_.arc
ORA-00280: change 40086377729 for thread 1 is in sequence #2986838
ORA-00278: log file
'/arch/GINESYS/archivelog/2024_12_31/o1_mf_1_2986837_mq746kz1_.arc' no longer
needed for this recovery


ORA-00279: change 40086379728 generated at 12/31/2024 12:08:01 needed for
thread 1
ORA-00289: suggestion :
/arch/GINESYS/archivelog/2024_12_31/o1_mf_1_2986839_mq74d5mv_.arc
ORA-00280: change 40086379728 for thread 1 is in sequence #2986839
ORA-00278: log file
'/arch/GINESYS/archivelog/2024_12_31/o1_mf_1_2986838_mq74b9hy_.arc' no longer
needed for this recovery


ORA-00279: change 40086379850 generated at 12/31/2024 12:09:01 needed for
thread 1
ORA-00289: suggestion :
/arch/GINESYS/archivelog/2024_12_31/o1_mf_1_2986840_mq74g221_.arc
ORA-00280: change 40086379850 for thread 1 is in sequence #2986840
ORA-00278: log file
'/arch/GINESYS/archivelog/2024_12_31/o1_mf_1_2986839_mq74d5mv_.arc' no longer
needed for this recovery


ORA-00279: change 40086380389 generated at 12/31/2024 12:10:02 needed for
thread 1
ORA-00289: suggestion :
/arch/GINESYS/archivelog/2024_12_31/o1_mf_1_2986841_mq74ksl2_.arc
ORA-00280: change 40086380389 for thread 1 is in sequence #2986841
ORA-00278: log file
'/arch/GINESYS/archivelog/2024_12_31/o1_mf_1_2986840_mq74g221_.arc' no longer
needed for this recovery


ORA-00279: change 40086381803 generated at 12/31/2024 12:12:01 needed for
thread 1
ORA-00289: suggestion :
/arch/GINESYS/archivelog/2024_12_31/o1_mf_1_2986842_mq74ok3m_.arc
ORA-00280: change 40086381803 for thread 1 is in sequence #2986842
ORA-00278: log file
'/arch/GINESYS/archivelog/2024_12_31/o1_mf_1_2986841_mq74ksl2_.arc' no longer
needed for this recovery


ORA-00279: change 40086384695 generated at 12/31/2024 12:14:01 needed for
thread 1
ORA-00289: suggestion :
/arch/GINESYS/archivelog/2024_12_31/o1_mf_1_2986843_mq74s9n2_.arc
ORA-00280: change 40086384695 for thread 1 is in sequence #2986843
ORA-00278: log file
'/arch/GINESYS/archivelog/2024_12_31/o1_mf_1_2986842_mq74ok3m_.arc' no longer
needed for this recovery


ORA-00279: change 40086385209 generated at 12/31/2024 12:16:01 needed for
thread 1
ORA-00289: suggestion :
/arch/GINESYS/archivelog/2024_12_31/o1_mf_1_2986844_mq74x14z_.arc
ORA-00280: change 40086385209 for thread 1 is in sequence #2986844
ORA-00278: log file
'/arch/GINESYS/archivelog/2024_12_31/o1_mf_1_2986843_mq74s9n2_.arc' no longer
needed for this recovery


ORA-00279: change 40086386577 generated at 12/31/2024 12:18:01 needed for
thread 1
ORA-00289: suggestion :
/arch/GINESYS/archivelog/2024_12_31/o1_mf_1_2986845_mq74x15g_.arc
ORA-00280: change 40086386577 for thread 1 is in sequence #2986845
ORA-00278: log file
'/arch/GINESYS/archivelog/2024_12_31/o1_mf_1_2986844_mq74x14z_.arc' no longer
needed for this recovery


ORA-00279: change 40086386581 generated at 12/31/2024 12:18:01 needed for
thread 1
ORA-00289: suggestion :
/arch/GINESYS/archivelog/2024_12_31/o1_mf_1_2986846_mq750sch_.arc
ORA-00280: change 40086386581 for thread 1 is in sequence #2986846
ORA-00278: log file
'/arch/GINESYS/archivelog/2024_12_31/o1_mf_1_2986845_mq74x15g_.arc' no longer
needed for this recovery


ORA-00279: change 40086388815 generated at 12/31/2024 12:20:01 needed for
thread 1
ORA-00289: suggestion :
/arch/GINESYS/archivelog/2024_12_31/o1_mf_1_2986847_mq754kxb_.arc
ORA-00280: change 40086388815 for thread 1 is in sequence #2986847
ORA-00278: log file
'/arch/GINESYS/archivelog/2024_12_31/o1_mf_1_2986846_mq750sch_.arc' no longer
needed for this recovery


ORA-00279: change 40086390013 generated at 12/31/2024 12:22:01 needed for
thread 1
ORA-00289: suggestion :
/arch/GINESYS/archivelog/2024_12_31/o1_mf_1_2986848_mq7589gk_.arc
ORA-00280: change 40086390013 for thread 1 is in sequence #2986848
ORA-00278: log file
'/arch/GINESYS/archivelog/2024_12_31/o1_mf_1_2986847_mq754kxb_.arc' no longer
needed for this recovery


ORA-00279: change 40086391285 generated at 12/31/2024 12:24:01 needed for
thread 1
ORA-00289: suggestion :
/arch/GINESYS/archivelog/2024_12_31/o1_mf_1_2986849_mq75d203_.arc
ORA-00280: change 40086391285 for thread 1 is in sequence #2986849
ORA-00278: log file
'/arch/GINESYS/archivelog/2024_12_31/o1_mf_1_2986848_mq7589gk_.arc' no longer
needed for this recovery


ORA-00279: change 40086392979 generated at 12/31/2024 12:26:01 needed for
thread 1
ORA-00289: suggestion :
/arch/GINESYS/archivelog/2024_12_31/o1_mf_1_2986850_mq75fx41_.arc
ORA-00280: change 40086392979 for thread 1 is in sequence #2986850
ORA-00278: log file
'/arch/GINESYS/archivelog/2024_12_31/o1_mf_1_2986849_mq75d203_.arc' no longer
needed for this recovery


ORA-00279: change 40086393303 generated at 12/31/2024 12:27:01 needed for
thread 1
ORA-00289: suggestion :
/arch/GINESYS/archivelog/2024_12_31/o1_mf_1_2986851_mq75hskb_.arc
ORA-00280: change 40086393303 for thread 1 is in sequence #2986851
ORA-00278: log file
'/arch/GINESYS/archivelog/2024_12_31/o1_mf_1_2986850_mq75fx41_.arc' no longer
needed for this recovery


ORA-00279: change 40086394747 generated at 12/31/2024 12:28:01 needed for
thread 1
ORA-00289: suggestion :
/arch/GINESYS/archivelog/2024_12_31/o1_mf_1_2986852_mq75ml2w_.arc
ORA-00280: change 40086394747 for thread 1 is in sequence #2986852
ORA-00278: log file
'/arch/GINESYS/archivelog/2024_12_31/o1_mf_1_2986851_mq75hskb_.arc' no longer
needed for this recovery


ORA-00279: change 40086396502 generated at 12/31/2024 12:30:02 needed for
thread 1
ORA-00289: suggestion :
/arch/GINESYS/archivelog/2024_12_31/o1_mf_1_2986853_mq75q98s_.arc
ORA-00280: change 40086396502 for thread 1 is in sequence #2986853
ORA-00278: log file
'/arch/GINESYS/archivelog/2024_12_31/o1_mf_1_2986852_mq75ml2w_.arc' no longer
needed for this recovery


ORA-00279: change 40086398830 generated at 12/31/2024 12:32:01 needed for
thread 1
ORA-00289: suggestion :
/arch/GINESYS/archivelog/2024_12_31/o1_mf_1_2986854_mq75v1sj_.arc
ORA-00280: change 40086398830 for thread 1 is in sequence #2986854
ORA-00278: log file
'/arch/GINESYS/archivelog/2024_12_31/o1_mf_1_2986853_mq75q98s_.arc' no longer
needed for this recovery


ORA-00279: change 40086399410 generated at 12/31/2024 12:34:01 needed for
thread 1
ORA-00289: suggestion :
/arch/GINESYS/archivelog/2024_12_31/o1_mf_1_2986855_mq75ysby_.arc
ORA-00280: change 40086399410 for thread 1 is in sequence #2986855
ORA-00278: log file
'/arch/GINESYS/archivelog/2024_12_31/o1_mf_1_2986854_mq75v1sj_.arc' no longer
needed for this recovery


ORA-00279: change 40086400758 generated at 12/31/2024 12:36:01 needed for
thread 1
ORA-00289: suggestion :
/arch/GINESYS/archivelog/2024_12_31/o1_mf_1_2986856_mq762kvw_.arc
ORA-00280: change 40086400758 for thread 1 is in sequence #2986856
ORA-00278: log file
'/arch/GINESYS/archivelog/2024_12_31/o1_mf_1_2986855_mq75ysby_.arc' no longer
needed for this recovery


ORA-00279: change 40086405943 generated at 12/31/2024 12:38:01 needed for
thread 1
ORA-00289: suggestion :
/arch/GINESYS/archivelog/2024_12_31/o1_mf_1_2986857_mq7669kg_.arc
ORA-00280: change 40086405943 for thread 1 is in sequence #2986857
ORA-00278: log file
'/arch/GINESYS/archivelog/2024_12_31/o1_mf_1_2986856_mq762kvw_.arc' no longer
needed for this recovery


ORA-00279: change 40086406610 generated at 12/31/2024 12:40:01 needed for
thread 1
ORA-00289: suggestion :
/arch/GINESYS/archivelog/2024_12_31/o1_mf_1_2986858_mq76b238_.arc
ORA-00280: change 40086406610 for thread 1 is in sequence #2986858
ORA-00278: log file
'/arch/GINESYS/archivelog/2024_12_31/o1_mf_1_2986857_mq7669kg_.arc' no longer
needed for this recovery


ORA-00279: change 40086408264 generated at 12/31/2024 12:42:02 needed for
thread 1
ORA-00289: suggestion :
/arch/GINESYS/archivelog/2024_12_31/o1_mf_1_2986859_mq76fsnp_.arc
ORA-00280: change 40086408264 for thread 1 is in sequence #2986859
ORA-00278: log file
'/arch/GINESYS/archivelog/2024_12_31/o1_mf_1_2986858_mq76b238_.arc' no longer
needed for this recovery


ORA-00279: change 40086411241 generated at 12/31/2024 12:44:01 needed for
thread 1
ORA-00289: suggestion :
/arch/GINESYS/archivelog/2024_12_31/o1_mf_1_2986860_mq76horj_.arc
ORA-00280: change 40086411241 for thread 1 is in sequence #2986860
ORA-00278: log file
'/arch/GINESYS/archivelog/2024_12_31/o1_mf_1_2986859_mq76fsnp_.arc' no longer
needed for this recovery


ORA-00279: change 40086411456 generated at 12/31/2024 12:45:01 needed for
thread 1
ORA-00289: suggestion :
/arch/GINESYS/archivelog/2024_12_31/o1_mf_1_2986861_mq76kk6b_.arc
ORA-00280: change 40086411456 for thread 1 is in sequence #2986861
ORA-00278: log file
'/arch/GINESYS/archivelog/2024_12_31/o1_mf_1_2986860_mq76horj_.arc' no longer
needed for this recovery


ORA-00279: change 40086411539 generated at 12/31/2024 12:46:01 needed for
thread 1
ORA-00289: suggestion :
/arch/GINESYS/archivelog/2024_12_31/o1_mf_1_2986862_mq76o9p6_.arc
ORA-00280: change 40086411539 for thread 1 is in sequence #2986862
ORA-00278: log file
'/arch/GINESYS/archivelog/2024_12_31/o1_mf_1_2986861_mq76kk6b_.arc' no longer
needed for this recovery


ORA-00279: change 40086413190 generated at 12/31/2024 12:48:01 needed for
thread 1
ORA-00289: suggestion :
/arch/GINESYS/archivelog/2024_12_31/o1_mf_1_2986863_mq76s17q_.arc
ORA-00280: change 40086413190 for thread 1 is in sequence #2986863
ORA-00278: log file
'/arch/GINESYS/archivelog/2024_12_31/o1_mf_1_2986862_mq76o9p6_.arc' no longer
needed for this recovery


ORA-00279: change 40086414785 generated at 12/31/2024 12:50:01 needed for
thread 1
ORA-00289: suggestion :
/arch/GINESYS/archivelog/2024_12_31/o1_mf_1_2986864_mq76wsqw_.arc
ORA-00280: change 40086414785 for thread 1 is in sequence #2986864
ORA-00278: log file
'/arch/GINESYS/archivelog/2024_12_31/o1_mf_1_2986863_mq76s17q_.arc' no longer
needed for this recovery


ORA-00279: change 40086415581 generated at 12/31/2024 12:52:01 needed for
thread 1
ORA-00289: suggestion :
/arch/GINESYS/archivelog/2024_12_31/o1_mf_1_2986865_mq770k8y_.arc
ORA-00280: change 40086415581 for thread 1 is in sequence #2986865
ORA-00278: log file
'/arch/GINESYS/archivelog/2024_12_31/o1_mf_1_2986864_mq76wsqw_.arc' no longer
needed for this recovery


ORA-00279: change 40086416964 generated at 12/31/2024 12:54:01 needed for
thread 1
ORA-00289: suggestion :
/arch/GINESYS/archivelog/2024_12_31/o1_mf_1_2986866_mq770k9f_.arc
ORA-00280: change 40086416964 for thread 1 is in sequence #2986866
ORA-00278: log file
'/arch/GINESYS/archivelog/2024_12_31/o1_mf_1_2986865_mq770k8y_.arc' no longer
needed for this recovery


ORA-00279: change 40086416968 generated at 12/31/2024 12:54:01 needed for
thread 1
ORA-00289: suggestion :
/arch/GINESYS/archivelog/2024_12_31/o1_mf_1_2986867_mq7749qj_.arc
ORA-00280: change 40086416968 for thread 1 is in sequence #2986867
ORA-00278: log file
'/arch/GINESYS/archivelog/2024_12_31/o1_mf_1_2986866_mq770k9f_.arc' no longer
needed for this recovery


ORA-00279: change 40086418592 generated at 12/31/2024 12:56:01 needed for
thread 1
ORA-00289: suggestion :
/arch/GINESYS/archivelog/2024_12_31/o1_mf_1_2986868_mq77818v_.arc
ORA-00280: change 40086418592 for thread 1 is in sequence #2986868
ORA-00278: log file
'/arch/GINESYS/archivelog/2024_12_31/o1_mf_1_2986867_mq7749qj_.arc' no longer
needed for this recovery


ORA-00279: change 40086420214 generated at 12/31/2024 12:58:01 needed for
thread 1
ORA-00289: suggestion :
/arch/GINESYS/archivelog/2024_12_31/o1_mf_1_2986869_mq77csto_.arc
ORA-00280: change 40086420214 for thread 1 is in sequence #2986869
ORA-00278: log file
'/arch/GINESYS/archivelog/2024_12_31/o1_mf_1_2986868_mq77818v_.arc' no longer
needed for this recovery


ORA-00279: change 40086422498 generated at 12/31/2024 13:00:01 needed for
thread 1
ORA-00289: suggestion :
/arch/GINESYS/archivelog/2024_12_31/o1_mf_1_2986870_%u_.arc
ORA-00280: change 40086422498 for thread 1 is in sequence #2986870
ORA-00278: log file
'/arch/GINESYS/archivelog/2024_12_31/o1_mf_1_2986869_mq77csto_.arc' no longer
needed for this recovery


ORA-00308: cannot open archived log
'/arch/GINESYS/archivelog/2024_12_31/o1_mf_1_2986870_%u_.arc'
ORA-27037: unable to obtain file status
Linux-x86_64 Error: 2: No such file or directory
Additional information: 3



Archive Applied
------------------------------------------------------------------------
Last Archive Sequence Applied : 2986869


Finished DATE and TIME
------------------------------
12-31-2024 13:05:07

