PRODUCTION SERVER DISK SPACE START
********************************************************************************************************************************************************************

Filesystem                       Size  Used Avail Use% Mounted on
devtmpfs                          97G     0   97G   0% /dev
tmpfs                             97G     0   97G   0% /dev/shm
tmpfs                             97G  1.2G   96G   2% /run
tmpfs                             97G     0   97G   0% /sys/fs/cgroup
/dev/mapper/rhel-root             98G   26G   68G  28% /
/dev/sda2                        976M  188M  722M  21% /boot
/dev/mapper/u02-u02              487G   95G  367G  21% /u02
/dev/mapper/compbkp-compbkp      687G   73M  652G   1% /compbkp
/dev/mapper/arch-arch           1003G  761G  192G  80% /arch
/dev/mapper/u01-u01              1.5T  1.4T   24G  99% /u01
/dev/sda1                       1022M  6.8M 1016M   1% /boot/efi
/dev/mapper/uncompbkp-uncompbkp  1.5T  1.2T  230G  84% /uncompbkp
tmpfs                             20G  5.7M   20G   1% /run/user/1001
tmpfs                             20G  1.2M   20G   1% /run/user/42
tmpfs                             20G  4.6M   20G   1% /run/user/0
/dev/sr0                         7.9G  7.9G     0 100% /run/media/oracle/RHEL-8-2-0-BaseOS-x86_64
PRODUCTION SERVER DISK SPACE END
********************************************************************************************************************************************************************

BACKUP SERVER DISK SPACE START
********************************************************************************************************************************************************************

Filesystem                       Size  Used Avail Use% Mounted on
devtmpfs                          32G     0   32G   0% /dev
tmpfs                             32G     0   32G   0% /dev/shm
tmpfs                             32G  530M   31G   2% /run
tmpfs                             32G     0   32G   0% /sys/fs/cgroup
/dev/mapper/rhel-root             98G  8.5G   85G  10% /
/dev/sda2                        976M  187M  722M  21% /boot
/dev/mapper/u09-u09              294G   89G  190G  32% /u09
/dev/mapper/u01-u01              1.5T  1.3T  126G  92% /u01
/dev/mapper/compbkp-compbkp      687G  244G  408G  38% /compbkp
/dev/mapper/arch-arch           1003G  761G  192G  80% /arch
/dev/mapper/u02-u02              487G  223G  239G  49% /u02
/dev/mapper/uncompbkp-uncompbkp  1.5T  1.2T  242G  84% /uncompbkp
/dev/sda1                       1022M  6.8M 1016M   1% /boot/efi
tmpfs                            6.3G     0  6.3G   0% /run/user/1001
tmpfs                            6.3G  1.2M  6.3G   1% /run/user/42
tmpfs                            6.3G  3.5M  6.3G   1% /run/user/0
BACKUP SERVER DISK SPACE END
********************************************************************************************************************************************************************

***PRODUCTION LOAD**************************************************************************
top - 17:00:01 up 56 days, 14:00,  4 users,  load average: 8.91, 9.02, 8.63
Tasks: 985 total,  13 running, 972 sleeping,   0 stopped,   0 zombie
%Cpu(s): 25.3 us,  6.2 sy,  0.0 ni, 56.2 id, 11.7 wa,  0.3 hi,  0.2 si,  0.0 st
MiB Mem : 197191.3 total,   1320.5 free,  17133.6 used, 178737.2 buff/cache
MiB Swap: 131072.0 total, 117433.9 free,  13638.1 used.  88018.8 avail Mem 

    PID USER      PR  NI    VIRT    RES    SHR S  %CPU  %MEM     TIME+ COMMAND
1108874 oracle    20   0  100.4g  21.1g  21.1g R 100.0  11.0   2:00.43 oracle_+
1108876 oracle    20   0  100.3g  18.9g  18.9g R 100.0   9.8   7:15.02 oracle_+
1111464 oracle    20   0  100.4g 917332 893004 R 100.0   0.5   0:02.71 oracle_+
1111556 oracle    20   0 2712984  47488  27908 S 106.2   0.0   0:00.60 azcopy
1093284 oracle    20   0  100.3g  31.2g  31.2g R 100.0  16.2   6:41.49 ora_j00+
1108600 oracle    20   0  100.4g   7.8g   7.8g R 100.0   4.1   2:10.25 oracle_+
1109827 oracle    20   0  100.3g   1.7g   1.7g R 100.0   0.9   0:01.89 ora_j00+
1111537 oracle    20   0  100.3g 151184 144856 R 100.0   0.1   0:00.43 ora_j00+
1111545 oracle    20   0  100.3g 470888 466668 R 100.0   0.2   0:00.28 ora_j00+
1111592 oracle    20   0  100.4g  72976  69844 R 100.0   0.0   0:00.30 ora_j00+
1107438 oracle    20   0  101.3g   6.7g   5.7g D  87.5   3.5   1:15.31 oracle_+
1107783 oracle    20   0  100.3g  32.2g  32.2g R  62.5  16.7   2:39.98 ora_j00+
1111586 oracle    20   0  100.4g  74024  69876 R  50.0   0.0   0:00.18 ora_j00+
********************************************************************************************************************************************************************
********************************************************************************************************************************************************************
###LONG RUNNING QUERY FOR MORE THAN ONE MINUTE###
********************************************************************************************************************************************************************

USERNAME			      SID    SERIAL# MINS_RUNNING
------------------------------ ---------- ---------- ------------
RSBR				     2336      43932	     5.15


USERNAME   SID	 SERIA MINS_RUNNING PROGRAM		 SQL_ID        ADDRESS		TERMINAL	     ACTION		  EVENT 	       LOGON_TIME	    WAIT_CLASS
---------- ----- ----- ------------ -------------------- ------------- ---------------- -------------------- -------------------- -------------------- -------------------- ---------------
RSBR	   2336  43932	       5.35 w3wp.exe		 fnx0p4b7azyza 0000000582581A08 V12APP					  resmgr:cpu quantum   31-DEC-2024 16:51:24 Scheduler
GINVIEW    1770  52885	 1.18333333 w3wp.exe		 bp0npd227ruph 00000007DD25B2E0 V12_WEB 				  direct path read     31-DEC-2024 16:45:15 User I/O

********************************************************************************************************************************************************************
###LONG RUNNING QUERY FOR MORE THAN ONE MINUTE###
********************************************************************************************************************************************************************
********************************************************************************************************************************************************************
###LOCKING SESSION###
***********************************************************************************************************************

no rows selected


no rows selected

********************************************************************************************************************************************************************
###LOCKING SESSION###
********************************************************************************************************************************************************************
###KILLED SESSION###
***********************************************************************************************************************

  COUNT(1) KILL_TIME	       SESSION_LOGON_TIME
---------- ------------------- -------------------
	 1 2024-12-29 13:00:01 2024-12-29 11:31:17
	 1 2024-12-24 12:30:00 2024-12-24 10:54:22
	 1 2024-12-12 13:00:02 2024-12-12 11:22:33
	 1 2024-12-10 20:00:00 2024-12-10 18:32:08
	 1 2024-11-28 16:00:03 2024-11-28 14:39:03
	 1 2024-11-22 14:30:01 2024-11-22 13:01:21
	 1 2024-11-20 14:30:00 2024-11-20 12:58:31

7 rows selected.

***********************************************************************************************************************
###KILLED SESSION###
***********************************************************************************************************************
********************************************************************************************************************************************************************
###TEMP TABLESPACE###
********************************************************************************************************************************************************************

TABLESPACE			 MB_TOTAL    MB_USED	MB_FREE
------------------------------ ---------- ---------- ----------
TEMP			       143395.938	1023 142372.938

********************************************************************************************************************************************************************
###TEMP TABLESPACE###
********************************************************************************************************************************************************************
********************************************************************************************************************************************************************
###SESSION USING TEMP###
********************************************************************************************************************************************************************

SID_SERIAL	USERNAME	OSUSER		     SPID      MODULE			 PROGRAM	    MB_USED TABLESPACE	    STATEMENTS
--------------- --------------- -------------------- --------- ------------------------- --------------- ---------- --------------- ----------
1140,46655	RSBR		SYSTEM		     1111464   w3wp.exe 		 oracle@prd		  4 TEMP	    4
1141,63145	RSBR		SYSTEM		     1108641   w3wp.exe 		 oracle@prd		  4 TEMP	    4
1267,35399	RSBR		SYSTEM		     1111468   w3wp.exe 		 oracle@prd		  3 TEMP	    3
134,48192	RSBR		V12APP$ 	     1111520   DataSync.API		 oracle@prd		  1 TEMP	    1
1579,56895	RSBR		rsb		     1063887   TOAD 12.9.0.71		 oracle@prd		  1 TEMP	    1
1643,36070	RSBR		V12APP$ 	     1111480   DataSync.API		 oracle@prd		  1 TEMP	    1
1703,39386	RSBR		V12APP$ 	     1111482   DataSync.API		 oracle@prd		  1 TEMP	    1
1770,52885	GINVIEW 	GinesysReportAppPool 1107438   w3wp.exe 		 oracle@prd		928 TEMP	    3
1830,48537	RSBR		V12APP$ 	     1111484   DataSync.API		 oracle@prd		  1 TEMP	    1
1897,9160	RSBR		SYSTEM		     1108645   w3wp.exe 		 oracle@prd		  6 TEMP	    6
193,10029	RSBR		V12APP$ 	     1111522   DataSync.API		 oracle@prd		  1 TEMP	    1
1956,17475	RSBR		V12APP$ 	     1111486   DataSync.API		 oracle@prd		  1 TEMP	    1
1958,45219	RSBR		SYSTEM		     1108872   w3wp.exe 		 oracle@prd		  4 TEMP	    4
2021,31492	RSBR		V12APP$ 	     1111488   DataSync.API		 oracle@prd		  1 TEMP	    1
2022,49952	RSBR		SYSTEM		     1108647   w3wp.exe 		 oracle@prd		  4 TEMP	    4
2085,3854	RSBR		V12APP$ 	     1111490   DataSync.API		 oracle@prd		  1 TEMP	    1
2210,32890	RSBR		V12APP$ 	     1111494   DataSync.API		 oracle@prd		  1 TEMP	    1
2272,56949	RSBR		SYSTEM		     1108874   w3wp.exe 		 oracle@prd		  4 TEMP	    4
2275,35169	RSBR		V12APP$ 	     1111496   DataSync.API		 oracle@prd		  1 TEMP	    1
2336,43932	RSBR		SYSTEM		     1108876   w3wp.exe 		 oracle@prd		  3 TEMP	    3
2337,39620	RSBR		V12APP$ 	     1111498   DataSync.API		 oracle@prd		  1 TEMP	    1
2401,2408	RSBR		V12APP$ 	     1111500   DataSync.API		 oracle@prd		  1 TEMP	    1
2464,58540	RSBR		SYSTEM		     1108878   w3wp.exe 		 oracle@prd		  4 TEMP	    4
2465,61 	RSBR		V12APP$ 	     1111502   DataSync.API		 oracle@prd		  1 TEMP	    1
2527,7320	RSBR		V12APP$ 	     1111504   DataSync.API		 oracle@prd		  1 TEMP	    1
256,57291	RSBR		SYSTEM		     1109429   w3wp.exe 		 oracle@prd		  6 TEMP	    6
2588,1599	RSBR		V12APP$ 	     1111506   DataSync.API		 oracle@prd		  1 TEMP	    1
259,39960	RSBR		V12APP$ 	     1111524   DataSync.API		 oracle@prd		  1 TEMP	    1
2648,55600	RSBR		V12APP$ 	     1111508   DataSync.API		 oracle@prd		  1 TEMP	    1
2713,28174	RSBR		V12APP$ 	     1111510   DataSync.API		 oracle@prd		  1 TEMP	    1
2839,16087	RSBR		V12APP$ 	     1111512   DataSync.API		 oracle@prd		  1 TEMP	    1
2906,47250	RSBR		V12APP$ 	     1111514   DataSync.API		 oracle@prd		  1 TEMP	    1
2962,4920	RSBR		Administrator	     2374506   TOAD 12.9.0.71		 oracle@prd		  5 TEMP	    5
319,46016	RSBR		V12APP$ 	     1111526   DataSync.API		 oracle@prd		  1 TEMP	    1
386,56389	RSBR		SYSTEM		     1109431   w3wp.exe 		 oracle@prd		  4 TEMP	    4
450,51401	RSBR		SYSTEM		     1109433   w3wp.exe 		 oracle@prd		  6 TEMP	    6
505,34083	RSBR		SYSTEM		     1109435   w3wp.exe 		 oracle@prd		  7 TEMP	    7
65,47605	RSBR		V12APP$ 	     1111319   Ginesys.API		 oracle@prd		  1 TEMP	    1
695,4062	RSBR		SYSTEM		     1109437   w3wp.exe 		 oracle@prd		  4 TEMP	    4
8,40		RSBR		SYSTEM		     1109427   w3wp.exe 		 oracle@prd		  4 TEMP	    4

40 rows selected.

********************************************************************************************************************************************************************
###SESSION USING TEMP###
********************************************************************************************************************************************************************
###UNDO TABLESPACE###
********************************************************************************************************************************************************************

TABLESPACE_NAME 		   SIZEMB    USAGEMB	 FREEMB
------------------------------ ---------- ---------- ----------
UNDOTBS1		       65535.9688  19807.125 45728.8438

********************************************************************************************************************************************************************
###SESSION USING UNDO###
********************************************************************************************************************************************************************

SID_SERIAL	USERNAME	OSUSER		     PROGRAM		       START_TIME	    ACTIVE_UNDO_SIZE_IN_MB
--------------- --------------- -------------------- ------------------------- -------------------- ----------------------
2336,43932	RSBR		SYSTEM		     w3wp.exe		       12/31/24 16:53:40		     .4375

********************************************************************************************************************************************************************
###UNDO SEGMENT STATUS###
********************************************************************************************************************************************************************

TABLESPACE		       STATUS	  SUM_IN_MB	COUNTS
------------------------------ --------- ---------- ----------
UNDOTBS1		       ACTIVE		 64	     1
UNDOTBS1		       EXPIRED	  3256.1875	   491
UNDOTBS1		       UNEXPIRED 16486.9375	  1889

********************************************************************************************************************************************************************
********************************************************************************************************************************************************************
###MV LAST REFRESH TIME###
********************************************************************************************************************************************************************

OWNER		MVIEW_NAME		       LAST_REFRESH_DATE
--------------- ------------------------------ -------------------
RSBR		SITE_MV 		       2024-12-31 16:58:24
RSBR		POS_CUSTOMER_MV 	       2024-12-31 16:58:23
RSBR		INVGRP_MV		       2024-12-31 16:58:25
RSBR		LEDGER_MV		       2024-12-31 16:57:01
RSBR		BOM_MV			       2024-10-25 17:44:01
RSBR		ADMOU_MV		       2024-12-31 16:58:20
RSBR		COA_MV			       2024-12-31 16:57:01
RSBR		PRICE_CHART_MV		       2024-12-31 16:58:25
RSBR		ROUTE_MV		       2024-12-31 16:58:25
RSBR		SALESPERSON_MV		       2024-12-31 16:58:23
RSBR		CONTROL_SL_MV		       2024-12-31 16:58:20
RSBR		ITEM_MV 		       2024-12-31 16:57:01
RSBR		COST_SHEET_MV		       2024-12-31 16:57:01
RSBR		PLN_RANGING_SITE_MV	       2023-10-03 13:48:21

14 rows selected.


OWNER		MVIEW_NAME		       LAST_REFRESH_DATE
--------------- ------------------------------ -------------------
RSBR		BOM_MV			       2024-10-25 17:44:01

********************************************************************************************************************************************************************
###MV LAST REFRESH TIME###
********************************************************************************************************************************************************************
###PROGRAM WISE SESSIONS###
********************************************************************************************************************************************************************

PROGRAM 			    TOTAL_SESSIONS ACTIVE_SESSIONS INACTIVE_SESSIONS
----------------------------------- -------------- --------------- -----------------
w3wp.exe					34		 6		  28
oracle@prd (J006)				 1		 1		   0
oracle@prd (J014)				 1		 1		   0
oracle@prd (J010)				 1		 1		   0
oracle@prd (J004)				 1		 1		   0
oracle@prd (J005)				 1		 1		   0
oracle@prd (J001)				 1		 1		   0
oracle@prd (J008)				 1		 1		   0
oracle@prd (J016)				 1		 1		   0
dis51usr.exe					12		 1		  11
DataSync.API					23		 1		  22
oracle@prd (J003)				 1		 1		   0
oracle@prd (J011)				 1		 1		   0
oracle@prd (J012)				 1		 1		   0
oracle@prd (J013)				 1		 1		   0
oracle@prd (J007)				 1		 1		   0
oracle@prd (J000)				 1		 1		   0
oracle@prd (J009)				 1		 1		   0
sqlplus@prd (TNS V1-V3) 			 1		 1		   0
oracle@prd (J015)				 1		 1		   0
sqlservr.exe					 1		 0		   1
JDBC Thin Client				 1		 0		   1
extract@prd (TNS V1-V3) 			 2		 0		   2
GinApps.Scheduler.exe				 1		 0		   1
Ginesys.API					 1		 0		   1
oracle@prdbkp (TNS V1-V3)			 1		 0		   1
oracle@misdb (TNS V1-V3)			 2		 0		   2
Finance.API					 4		 0		   4
SMTPMailer.Service.exe				 1		 0		   1
eWebReportsScheduler.exe			 1		 0		   1
GNFS.Service.exe				 1		 0		   1
Toad.exe					 4		 0		   4
oracle@prd (TNS V1-V3)				 1		 0		   1
LicenseManager.Service.exe			 1		 0		   1

34 rows selected.

********************************************************************************************************************************************************************
###TOP CPU CONSUMING SESSION(PROGRAM WISE) START###
********************************************************************************************************************************************************************

      RANK	  SID	 SERIAL# PROGRAM		 CPUMINS LOGON_TIME  ACTION		  EVENT 	       TERMINAL   WAIT_CLASS
---------- ---------- ---------- -------------------- ---------- ----------- -------------------- -------------------- ---------- ---------------
	 1	  131	   57222 eWebReportsScheduler	  158.89 30-DEC-2024			  SQL*Net message from V12_WEB	  Idle
	 2	  576	   58751 JDBC Thin Client	  134.34 29-DEC-2024			  SQL*Net message from unknown	  Idle
	 3	 1765	   42143 oracle@prd (MMON)	  116.83 05-NOV-2024			  rdbms ipc message    UNKNOWN	  Idle
	 4	 1828	   40158 oracle@prd (MMNL)	   81.93 05-NOV-2024			  rdbms ipc message    UNKNOWN	  Idle
	 5	  316	   38003 oracle@prd (DBRM)	   36.68 05-NOV-2024			  rdbms ipc message    UNKNOWN	  Idle
	 6	 1518	   27962 Toad.exe		   22.14 24-DEC-2024			  SQL*Net message from V12APP	  Idle
	 7	  191	   49344 oracle@prd (CJQ0)	   13.76 05-NOV-2024			  rdbms ipc message    UNKNOWN	  Idle
	 8	 2336	   43932 w3wp.exe		    7.64 31-DEC-2024			  resmgr:cpu quantum   V12APP	  Scheduler
	 9	 2775	   25638 extract@prd (TNS V1-	    3.88 24-NOV-2024			  SQL*Net message from		  Idle
	10	 2962	    4920 Toad.exe		    3.87 13-DEC-2024			  SQL*Net message from SCP	  Idle

10 rows selected.

###TOP CPU CONSUMING SESSION(PROGRAM WISE) END###
********************************************************************************************************************************************************************
###Today Cube Refresh status START###
********************************************************************************************************************************************************************

      CODE DATACUBE_CODE  CUBE_CODE START_TIM END_TIME	RUN_DURATI CREATOR		STATUS		   ERROR_REASON
---------- ------------- ---------- --------- --------- ---------- -------------------- ------------------ ----------------------------------------
     30523	      29       2476 31-DEC-24 31-DEC-24 00:39:32   GUTTA SHIVAKUMAR RED Refresh completed
     30522	      78       2452 31-DEC-24 31-DEC-24 01:07:16   GUTTA SHIVAKUMAR RED Refresh completed
     30521	      36       2454 31-DEC-24 31-DEC-24 00:36:44   Raghu		Refresh completed
     30520	      76       2190 31-DEC-24 31-DEC-24 00:04:38   P Kameshwararao	Refresh completed
     30519	      21       2436 31-DEC-24 31-DEC-24 00:56:41   Rajesh Reddy 	Refresh completed

###Today Cube Refresh status END###
********************************************************************************************************************************************************************
********************************************************************************************************************************************************************
###CURRENT ARCHIVE GENERATED###
********************************************************************************************************************************************************************

DAY	    NUM_ARCHIVES_GENERATED ARCHIVE_SIZE_GB
----------- ---------------------- ---------------
2024-12-31		      1567	    138.03
2024-12-30		      2048	    173.15
2024-12-29		      1938	    162.95
2024-12-28		      2354	    202.64
2024-12-27		      2499	    217.45

********************************************************************************************************************************************************************
###CURRENT ARCHIVE GENERATED###
********************************************************************************************************************************************************************
