********************************************************************************************************************************************************************
###TABLESPACE INFORMATION START###
********************************************************************************************************************************************************************

TABLESPACE_NAME        TOTAL_GB    USED_GB    FREE_GB	TMAXSIZE      USED%
-------------------- ---------- ---------- ---------- ---------- ----------
USERS			    437        427	   10	     448	 98
INDX			    178        155	   23	     192	 87
GINOLAP 		     34 	30	    4	      64	 88
TEMP			     32 	 0	   32	      32	  0
UNDOTBS1		     32 	 3	   29	      32	  9
SYSAUX			     24 	 9	   15	      32	 38
SYSTEM			      3 	 2	    1	      32	 67
GIN_TS_SUMMARY		      2 	 2	    0	      32	100
GIN_TS_TX_DATA		      1 	 0	    1	      32	  0
GIN_TS_NOLOGGING	      1 	 0	    1	      32	  0

10 rows selected.


no rows selected

********************************************************************************************************************************************************************
###TABLESPACE INFORMATION END###
********************************************************************************************************************************************************************
********************************************************************************************************************************************************************
###RMAN BACKUP INFORMATION START###
********************************************************************************************************************************************************************

COMMAND_ID	     START_TIME 	   TIME_TAKEN_DISPLAY	STATUS		INPUT_TYPE    OUTPUT_DEVICE_TYP INPUT_BYTES_DISPLAY  OUTPUT_BYTES_DISPLAY
-------------------- --------------------- -------------------- --------------- ------------- ----------------- -------------------- --------------------
2024-12-09T00:10:01  09-DEC-24 12:10:12 AM 07:12:13		COMPLETED	DB FULL       DISK		  711.28G	       285.34G
2024-12-08T00:10:01  08-DEC-24 12:10:13 AM 07:13:44		COMPLETED	DB FULL       DISK		  711.28G	       285.31G
2024-12-07T00:10:01  07-DEC-24 12:10:14 AM 07:11:32		COMPLETED	DB FULL       DISK		  711.28G	       284.75G
2024-12-06T00:10:01  06-DEC-24 12:10:12 AM 07:13:43		COMPLETED	DB FULL       DISK		  710.30G	       284.58G
2024-12-05T00:10:01  05-DEC-24 12:10:13 AM 07:10:32		COMPLETED	DB FULL       DISK		  710.30G	       284.02G
2024-12-04T00:10:01  04-DEC-24 12:10:17 AM 07:09:43		COMPLETED	DB FULL       DISK		  710.30G	       283.67G
2024-12-03T00:10:02  03-DEC-24 12:10:11 AM 07:09:23		COMPLETED	DB FULL       DISK		  710.30G	       283.33G
2024-12-02T00:10:01  02-DEC-24 12:10:10 AM 07:08:02		COMPLETED	DB FULL       DISK		  690.45G	       282.23G
2024-12-01T00:10:01  01-DEC-24 12:10:12 AM 07:05:33		COMPLETED	DB FULL       DISK		  690.45G	       281.82G
2024-11-30T00:10:01  30-NOV-24 12:10:12 AM 07:05:14		COMPLETED	DB FULL       DISK		  690.45G	       281.49G

10 rows selected.

********************************************************************************************************************************************************************
###RMAN BACKUP INFORMATION END###
********************************************************************************************************************************************************************
********************************************************************************************************************************************************************
### SCHEMA SIZE INFORMATION START ###
********************************************************************************************************************************************************************

OWNER		     SCHEMA_SIZE_MB SCHEMA_SIZE_GB
-------------------- -------------- --------------
GVHO			  583253.88	    569.58
MISRETAIL		   29218.44	     28.53
GINARCHIVE		   11856.31	     11.58
SYS			    9885.63	      9.65
AUDSYS			    3695.19	      3.61
GINVIEW 		     2199.5	      2.15
GININTG 		     951.38	       .93
COGS_MIGRATION		     456.06	       .45
APEX_040200			194	       .19
MDSYS			      78.69	       .08
XDB			       68.5	       .07
SYSTEM			      32.19	       .03
ORDDATA 		      16.13	       .02
WMSYS			       7.19	       .01
DVSYS			       4.44		 0
CTXSYS			       3.81		 0
GSMADMIN_INTERNAL	       1.38		 0
GATEWAY 			.88		 0
DBSNMP				.81		 0
OUTLN				.56		 0
SCOTT				 .5		 0
ORDSYS				.44		 0
OJVMSYS 			.38		 0
GVT_ANALYTICS			.38		 0
LBACSYS 			.31		 0

25 rows selected.

********************************************************************************************************************************************************************
### SCHEMA SIZE INFORMATION END ###
********************************************************************************************************************************************************************
********************************************************************************************************************************************************************
### DATA DELETION  INFORMATION START ###
********************************************************************************************************************************************************************

OWNER SEGMENT_NAME		     SEGMENT_TY TABLE_NAME		       COLUMN_NAME	    TABLESPA SCHEMA_SIZE_MB SCHEMA_SIZE_GIG
----- ------------------------------ ---------- ------------------------------ -------------------- -------- -------------- ---------------
GVHO  SYS_LOB0000095342C00002$$      LOBSEGMENT DXRECEIVEDATA		       FILEDATA 	    USERS	   13644.13	      13.32
GVHO  SYS_LOB0000385194C00008$$      LOBSEGMENT GDS2_EVENT_QUEUE_DATA	       BATCH_DATA	    USERS	    4675.13	       4.57
GVHO  SYS_LOB0000095345C00002$$      LOBSEGMENT DXSENDDATA		       FILEDATA 	    USERS	    3653.13	       3.57
GVHO  GDS2_WEBHOOK_STATS	     TABLE							    USERS	       2181	       2.13
GVHO  DXSENDDATA		     TABLE							    USERS	       1758	       1.72
GVHO  SYS_LOB0009775805C00010$$      LOBSEGMENT DXRECEIVE2		       RECEIVEDATA	    USERS	     648.19		.63
GVHO  GDS2_WEBHOOK_SUCCESS	     TABLE							    USERS	     329.94		.32
GVHO  PSITE_EMRTRANSACTION_LOG	     TABLE							    USERS		283		.28
GVHO  DXRECEIVEDATA		     TABLE							    USERS		245		.24
GVHO  ADMERRAUDIT		     TABLE							    USERS		200		 .2
GVHO  MLOG$_PSITE_POSBILL	     TABLE							    USERS		 52		.05
GVHO  DXRECEIVE2		     TABLE							    USERS		 25		.02
GVHO  GDS2_EVENT_TRACK_ARCHIVE	     TABLE							    USERS		 16		.02
GVHO  GDS2_EVENT_QUEUE_DATA	     TABLE							    USERS		  6		.01
GVHO  SYS_LOB0006615222C00018$$      LOBSEGMENT GDS2_WEBHOOK_FAILURE	       RESPONSE_MSG	    USERS	       2.19		  0

15 rows selected.

********************************************************************************************************************************************************************
### DATA DELETION  INFORMATION END ###
********************************************************************************************************************************************************************
********************************************************************************************************************************************************************
### OBJECT INFORMATION ###
********************************************************************************************************************************************************************

SNAP_TIME   OBJECT_NAME 														     BLOCK_CHANGED
----------- -------------------------------------------------------------------------------------------------------------------------------- -------------
24-12-08 21 MLOG$_INVSTOCK															  42860960
24-12-08 21 I_MLOG$_INVSTOCK															  41344240
24-12-08 12 SEQ$																   3592800
24-12-08 09 SEQ$																   3282064
24-12-08 15 SEQ$																   2023168
24-12-08 16 SEQ$																   1855696
24-12-08 13 SEQ$																   1767648

7 rows selected.

********************************************************************************************************************************************************************
### OBJECT INFORMATION ###
********************************************************************************************************************************************************************
********************************************************************************************************************************************************************
###MOST MODIFIED TABLES###
********************************************************************************************************************************************************************

TABLE_NAME				    INSERTS TIMESTAMP LAST_ANALYZED
---------------------------------------- ---------- --------- ---------------
INVSTOCK_LOG				    1055608 09-DEC-24 08-DEC-24
INVSTOCK				     413805 09-DEC-24 07-DEC-24
PSITE_POSSTLMAUDIT_HO			     293874 09-DEC-24 08-DEC-24
PSITE_ALLOC_ITEM			     208478 09-DEC-24 04-DEC-24
OBJECT_SEGMENT				     179707 09-DEC-24 30-NOV-24
PSITE_POSBILLITEM			     128644 09-DEC-24 07-DEC-24
SALSSDET				     120403 09-DEC-24 02-DEC-24
GVT_T_AKT_COSTRATE			     117095 08-DEC-24 29-NOV-24
PSITE_GRCITEM				      98623 09-DEC-24 07-DEC-24
PSITE_EVENT_ARCHIVE			      69862 09-DEC-24 30-NOV-24
SALINVCHG_ITEM				      67519 09-DEC-24 07-DEC-24
TEMP_SALINVDET_STAGING			      64625 09-DEC-24 07-DEC-24
PSITE_POSBILLITEM_PARK			      63398 09-DEC-24 08-DEC-24
INVSTOCK_ONHAND_AGG			      60221 09-DEC-24 07-DEC-24
SALRTDET				      49554 09-DEC-24 04-DEC-24
PSITE_POSBILLMOP			      48202 09-DEC-24 07-DEC-24
PSITE_POSBILL				      45818 09-DEC-24 07-DEC-24
INVSTOCK_ONHAND_STOCKPOINT_AGG		      39686 09-DEC-24 07-DEC-24
INVGRCCHG_ITEM				      39555 09-DEC-24 07-DEC-24
PSITE_POSSTLMSTOCKINFO_HO		      39180 09-DEC-24 08-DEC-24
SALCSDET				      37388 09-DEC-24 07-DEC-24
PSITE_WEB_EVENT_ARCHIVE 		      33507 09-DEC-24 30-NOV-24
INVDCDET				      32751 09-DEC-24 07-DEC-24
SALINVDET				      30936 09-DEC-24 07-DEC-24
PROMO_ASSORTMENT_INCLUDE		      30691 09-DEC-24 07-DEC-24
PSITE_POSBILLMOP_PARK			      24733 09-DEC-24 08-DEC-24
PSITE_POSBILL_PARK			      23540 09-DEC-24 08-DEC-24
INVITEM 				      22461 09-DEC-24 29-NOV-24
DXRECEIVE2				      21448 09-DEC-24 08-DEC-24
DXRECEIVE				      19950 09-DEC-24 29-NOV-24
DXRECEIVEDATA				      19950 09-DEC-24 29-NOV-24
PSITE_AUDITJOURNALITEM			      19669 09-DEC-24 04-DEC-24
FINCOSTTAG				      17602 09-DEC-24 04-DEC-24
PSITE_CUSTOMER_DIST			      16999 09-DEC-24 04-DEC-24
PURINVCHG_ITEM				      16964 09-DEC-24 07-DEC-24
DS_JOB_QUEUE				      15678 09-DEC-24 08-DEC-24
TEMP_PSITE_POSSTLM			      13994 09-DEC-24 08-DEC-24
STAGING_POSBILLITEM			      13759 09-DEC-24 08-DEC-24
DXSEND					      13360 09-DEC-24 29-NOV-24
DXSENDDATA				      13360 09-DEC-24 29-NOV-24
PSITE_CUSTOMER				      13305 09-DEC-24 04-DEC-24
PSITE_GRTCHGITEM			      12730 09-DEC-24 30-NOV-24
SALRTCHG_ITEM				      12257 09-DEC-24 04-DEC-24
PSITE_EMRSUBMIT_QUEUE			      11810 09-DEC-24 04-DEC-24
PSITE_GRCCHGITEM			      11644 09-DEC-24 07-DEC-24
ADMERRAUDIT				      11154 09-DEC-24 07-DEC-24
INVITEMLASTINWARD			      11106 09-DEC-24 04-DEC-24
INVGRTCHG_ITEM				      10598 09-DEC-24 04-DEC-24
INVSTOCK_INTRA				       9304 09-DEC-24 04-DEC-24
INVBARCODELOG				       9041 09-DEC-24 04-DEC-24

50 rows selected.


TABLE_NAME				    UPDATES TIMESTAMP LAST_ANALYZED
---------------------------------------- ---------- --------- ---------------
INVSTOCK_LOG				    1055556 09-DEC-24 08-DEC-24
INT$STG_CREATEITEM_ALL_FLD		     818751 09-DEC-24 07-DEC-24
INVSTOCK				     476973 09-DEC-24 07-DEC-24
GVT_T_AKT_COSTRATE			     415467 08-DEC-24 29-NOV-24
INVSTOCK_ONHAND_AGG			     312900 09-DEC-24 07-DEC-24
INVSTOCK_ONHAND_STOCKPOINT_AGG		     224487 09-DEC-24 07-DEC-24
INVITEM 				     156043 09-DEC-24 29-NOV-24
SALRTDET				     140689 09-DEC-24 04-DEC-24
GVT_WHS_INV_FLOW			     135432 09-DEC-24 08-DEC-24
FINCOSTTAG_CHECK			      71364 09-DEC-24 04-DEC-24
INVDCDET				      49944 09-DEC-24 07-DEC-24
FINPOST 				      39630 09-DEC-24 07-DEC-24
SI_ASSORTMENT_INCLUDE			      38259 09-DEC-24 07-DEC-24
PSITE_POSSTLM				      32953 09-DEC-24 08-DEC-24
ADMSITE 				      30142 09-DEC-24 08-DEC-24
FINPOST_CHECK				      28681 09-DEC-24 07-DEC-24
DS_POS_STATISTICS			      27241 09-DEC-24 08-DEC-24
DXSEND					      26715 09-DEC-24 29-NOV-24
SALINVDET				      24600 09-DEC-24 07-DEC-24
DXRECEIVE2				      21448 09-DEC-24 08-DEC-24
DXRECEIVE				      19954 09-DEC-24 29-NOV-24
INVITEMLASTINWARD			      17992 09-DEC-24 04-DEC-24
INVLGTNOTE				      12804 09-DEC-24 29-NOV-24
INVGRCDET				      12593 09-DEC-24 07-DEC-24
MAILJOB 				      10977 09-DEC-24 08-DEC-24
DXSESSIONLOG				       8621 09-DEC-24 29-NOV-24
INVGATEIN				       8471 09-DEC-24 29-NOV-24
PURINVCHG				       7008 09-DEC-24 07-DEC-24
PSITE_EVENT_TRACKING2			       6418 09-DEC-24 08-DEC-24
INVDCMAIN				       6321 09-DEC-24 07-DEC-24
FINVCHDET				       5976 09-DEC-24 29-NOV-24
TEMP_INVDCSO_CHECK			       5706 09-DEC-24 07-DEC-24
PSITE_EVENT_TRACKING			       5449 09-DEC-24 08-DEC-24
DXSEND2 				       5270 09-DEC-24 08-DEC-24
FINJRNDET				       5216 09-DEC-24 29-NOV-24
GVLEAVES				       5152 09-DEC-24 06-DEC-24
FINJRNMAIN				       4889 09-DEC-24 29-NOV-24
GRIDSTATE				       4210 09-DEC-24 06-DEC-24
PURINVDET				       3770 09-DEC-24 07-DEC-24
PSITE_POSBILLCN 			       3433 09-DEC-24 30-NOV-24
FINVCHMAIN				       3049 09-DEC-24 29-NOV-24
PSITE_CUSTOMER				       2935 09-DEC-24 04-DEC-24
SALORDDET				       2853 09-DEC-24 07-DEC-24
SALINVJRNDET				       2813 07-DEC-24 30-NOV-24
PURSRVCHG				       2802 09-DEC-24 30-NOV-24
DXSESSIONLOG2				       2730 09-DEC-24 08-DEC-24
NFS$TASKS				       2728 09-DEC-24 08-DEC-24
ADMLASTDOC				       2714 09-DEC-24 08-DEC-24
PURSRVMAIN				       2653 09-DEC-24 30-NOV-24
INVGRCMAIN				       2283 09-DEC-24 07-DEC-24

50 rows selected.


TABLE_NAME				    DELETES TIMESTAMP LAST_ANALYZED
---------------------------------------- ---------- --------- ---------------
INVSTOCK_LOG				    1055556 09-DEC-24 08-DEC-24
PSITE_POSSTLMAUDIT_HO			     292299 09-DEC-24 08-DEC-24
INVSTOCK				     100141 09-DEC-24 07-DEC-24
PSITE_POSBILLITEM_PARK			      76059 09-DEC-24 08-DEC-24
PSITE_POSSTLMSTOCKINFO_HO		      39027 09-DEC-24 08-DEC-24
PROMO_ASSORTMENT_INCLUDE		      29713 09-DEC-24 07-DEC-24
PSITE_POSBILLMOP_PARK			      28977 09-DEC-24 08-DEC-24
SALINVCHG_ITEM				      28468 09-DEC-24 07-DEC-24
PSITE_POSBILL_PARK			      27704 09-DEC-24 08-DEC-24
INVGRCCHG_ITEM				      23478 09-DEC-24 07-DEC-24
DXRECEIVE2				      15906 09-DEC-24 08-DEC-24
DS_JOB_QUEUE				      15678 09-DEC-24 08-DEC-24
PSITE_POSBILLITEM			      14078 09-DEC-24 07-DEC-24
TEMP_PSITE_POSSTLM			      13994 09-DEC-24 08-DEC-24
STAGING_POSBILLITEM			      13758 09-DEC-24 08-DEC-24
FINCOSTTAG				      10258 09-DEC-24 04-DEC-24
SALRTCHG_ITEM				       9197 09-DEC-24 04-DEC-24
TEMP_ALLOC_ITEM 			       8730 09-DEC-24 04-DEC-24
PSITE_EVENT_TRACKING2			       6418 09-DEC-24 08-DEC-24
PSITE_POSBILLMOP			       5656 09-DEC-24 07-DEC-24
PSITE_POSBILL				       5600 09-DEC-24 07-DEC-24
PSITE_EVENT_TRACKING			       5449 09-DEC-24 08-DEC-24
STAGING_POSBILLMOP			       5335 09-DEC-24 08-DEC-24
STAGING_POSBILL 			       5008 09-DEC-24 08-DEC-24
TEMP_ALLOC_CUSTOMER			       4413 09-DEC-24 08-DEC-24
INVGRTCHG_ITEM				       4084 09-DEC-24 04-DEC-24
DXSEND2 				       3830 09-DEC-24 08-DEC-24
PSITE_WEB_EVENT 			       3356 09-DEC-24 08-DEC-24
INT$STG_CREATEITEM			       3311 09-DEC-24 07-DEC-24
INT$STG_CREATEITEM_ALL_FLD		       3189 09-DEC-24 07-DEC-24
SALINVJRNCHG_ITEM			       2094 07-DEC-24 30-NOV-24
INVSTOCK_INTRA_LOG			       1634 09-DEC-24 08-DEC-24
FINCOSTTAG_CHECK			       1374 09-DEC-24 04-DEC-24
FINTAG					       1227 09-DEC-24 29-NOV-24
INVGRCCHG				       1054 09-DEC-24 07-DEC-24
PSITE_ROLEMENUOPERATION 			675 09-DEC-24 06-DEC-24
PURSRVCHG					648 09-DEC-24 30-NOV-24
FINGL_SITE					640 09-DEC-24 30-NOV-24
PSITE_ROLEMENU					546 09-DEC-24 06-DEC-24
PURINVJRNCHG_ITEM				460 09-DEC-24 07-DEC-24
PURSRVCHG_ITEM					420 09-DEC-24 30-NOV-24
PURORDCHG_ITEM					384 09-DEC-24 04-DEC-24
INT$ERROR_LOG					376 09-DEC-24 07-DEC-24
INVDCDET					340 09-DEC-24 07-DEC-24
INT$STG_INVGST_EINV				325 09-DEC-24 08-DEC-24
STAGING_SETTLEMENTDATA				325 09-DEC-24 08-DEC-24
PSITE_POSBILLITEMRETURN 			303 09-DEC-24 30-NOV-24
PSITE_POSSTLMAUDIT_POS				273 09-DEC-24 04-DEC-24
SALRTCHG					271 09-DEC-24 04-DEC-24
PURINVCHG_ITEM					252 09-DEC-24 07-DEC-24

50 rows selected.

********************************************************************************************************************************************************************
###MOST MODIFIED TABLES###
********************************************************************************************************************************************************************
********************************************************************************************************************************************************************
###MST_STATTAB LAST ANALYZED ###
********************************************************************************************************************************************************************

TABLE_NAME				 DBA_STATISTICS  DBA_TABLES
---------------------------------------- --------------- ---------------
PSITE_GRC				 04-DEC-24	 04-DEC-24
SALORDCHG_ITEM				 04-DEC-24	 04-DEC-24
INT$STG_CREATEPO_ALL_FLD		 04-DEC-24	 04-DEC-24
PSITE_GRCCHG				 04-DEC-24	 04-DEC-24
SALORDCHG				 04-DEC-24	 04-DEC-24
INVITEMLASTINWARD			 04-DEC-24	 04-DEC-24
TEMP_ALLOC_ITEM 			 04-DEC-24	 04-DEC-24
PSITE_AUDITJOURNALITEM			 04-DEC-24	 04-DEC-24
PSITE_AUDITJOURNAL			 04-DEC-24	 04-DEC-24
PURRTCHG_ITEM				 04-DEC-24	 04-DEC-24
PURRTCHG				 04-DEC-24	 04-DEC-24
PURRTMAIN				 04-DEC-24	 04-DEC-24
PURRTDET				 04-DEC-24	 04-DEC-24
FINCOSTTAG_CHECK			 04-DEC-24	 04-DEC-24
INVGRTCHG_ITEM				 04-DEC-24	 04-DEC-24
INVGRTCHG				 04-DEC-24	 04-DEC-24
INVGRTMAIN				 04-DEC-24	 04-DEC-24
INVGRTDET				 04-DEC-24	 04-DEC-24
FINCOSTTAG				 04-DEC-24	 04-DEC-24
PSITE_ALLOC_ITEM			 04-DEC-24	 04-DEC-24
PSITE_CUSTOMER				 04-DEC-24	 04-DEC-24
INVBARCODELOG				 04-DEC-24	 04-DEC-24
PRDLOTOPERATION 			 04-DEC-24	 04-DEC-24
PRDBOMDET				 04-DEC-24	 04-DEC-24
PSITE_CUSTOMER_DIST			 04-DEC-24	 04-DEC-24
PRDLOTBOM				 04-DEC-24	 04-DEC-24
PRDWIPTRANS				 04-DEC-24	 04-DEC-24
INVSTOCK_INTRA				 04-DEC-24	 04-DEC-24
INVBINSTOCK_ONHAND			 04-DEC-24	 04-DEC-24
SALRTCHG_ITEM				 04-DEC-24	 04-DEC-24
SALRTCHG				 04-DEC-24	 04-DEC-24
SALRTMAIN				 04-DEC-24	 04-DEC-24
SALRTDET				 04-DEC-24	 04-DEC-24
INVSTOCK_ONHAND_INTRA_AGG		 04-DEC-24	 04-DEC-24
INVPICKLISTDET				 04-DEC-24	 04-DEC-24
INVPICKLISTMAIN 			 04-DEC-24	 04-DEC-24
PSITE_DELIVERYSLIPITEM			 04-DEC-24	 04-DEC-24
PURORDCHG_ITEM				 04-DEC-24	 04-DEC-24
PURORDCHG				 04-DEC-24	 04-DEC-24
PURORDMAIN				 04-DEC-24	 04-DEC-24
PURORDDET				 04-DEC-24	 04-DEC-24
PSITE_POSSTLMAUDIT_POS			 04-DEC-24	 04-DEC-24
PSITE_PACKETITEM			 04-DEC-24	 04-DEC-24
PSITE_PACKET				 04-DEC-24	 04-DEC-24
PSITE_EMRSUBMIT_QUEUE			 04-DEC-24	 04-DEC-24
PSITE_DELIVERYSLIPITEMVOID		 04-DEC-24	 04-DEC-24
PSITE_SALESPERSON			 06-DEC-24	 06-DEC-24
INVSTOCK_ONHAND_STOCKPOINT_AGG		 07-DEC-24	 07-DEC-24
INVSTOCK				 07-DEC-24	 07-DEC-24
INVSTOCK_ONHAND_AGG			 07-DEC-24	 07-DEC-24
PURINVCHG_ITEM				 07-DEC-24	 07-DEC-24
PURINVCHG				 07-DEC-24	 07-DEC-24
PURINVMAIN				 07-DEC-24	 07-DEC-24
PURINVDET				 07-DEC-24	 07-DEC-24
INVGRCCHG_ITEM				 07-DEC-24	 07-DEC-24
INVGRCCHG				 07-DEC-24	 07-DEC-24
INVGRCMAIN				 07-DEC-24	 07-DEC-24
INVGRCDET				 07-DEC-24	 07-DEC-24
SALCSDET				 07-DEC-24	 07-DEC-24
SALCSMAIN				 07-DEC-24	 07-DEC-24
PSITE_POSBILLITEM			 07-DEC-24	 07-DEC-24
PSITE_POSBILL				 07-DEC-24	 07-DEC-24
PSITE_POSBILLMOP			 07-DEC-24	 07-DEC-24
FINPOST 				 07-DEC-24	 07-DEC-24
INVDCDET				 07-DEC-24	 07-DEC-24
TEMP_INVDCSO_CHECK			 07-DEC-24	 07-DEC-24
TEMP_SALINVDET_STAGING			 07-DEC-24	 07-DEC-24
INVDCMAIN				 07-DEC-24	 07-DEC-24
SALORDDET				 07-DEC-24	 07-DEC-24
SALORDMAIN				 07-DEC-24	 07-DEC-24
SALINVCHG_ITEM				 07-DEC-24	 07-DEC-24
SALINVCHG				 07-DEC-24	 07-DEC-24
SALINVMAIN				 07-DEC-24	 07-DEC-24
FINPOST_CHECK				 07-DEC-24	 07-DEC-24
PSITE_GRCCHGITEM			 07-DEC-24	 07-DEC-24
PSITE_GRCITEM				 07-DEC-24	 07-DEC-24
INT$STG_CREATEITEM_ALL_FLD		 07-DEC-24	 07-DEC-24
PROMO_ASSORTMENT_INCLUDE		 07-DEC-24	 07-DEC-24
PROMO_ASSORTMENT_EXCLUDE		 07-DEC-24	 07-DEC-24
SALINVDET				 07-DEC-24	 07-DEC-24
PSITE_POSSTLM				 08-DEC-24	 08-DEC-24
INVSTOCK_LOG				 08-DEC-24	 08-DEC-24
TEMP_ALLOC_CUSTOMER			 08-DEC-24	 08-DEC-24
PSITE_POSSTLMAUDIT_HO			 08-DEC-24	 08-DEC-24

84 rows selected.

********************************************************************************************************************************************************************
###MST_STATTAB LAST ANALYZED ###
********************************************************************************************************************************************************************
********************************************************************************************************************************************************************
###Archive INFORMATION START###
********************************************************************************************************************************************************************

NAME		     SPACE_LIMIT SPACE_USED SPACE_RECLIMABLE NUMBER_OF_FILES
-------------------- ----------- ---------- ---------------- ---------------
/arch/			    1024	691		 662		4736

********************************************************************************************************************************************************************
###Archive INFORMATION END###
********************************************************************************************************************************************************************
