********************************************************************************************************************************************************************
###TABLESPACE INFORMATION START###
********************************************************************************************************************************************************************

TABLESPACE_NAME        TOTAL_GB    USED_GB    FREE_GB	TMAXSIZE      USED%
-------------------- ---------- ---------- ---------- ---------- ----------
USERS			   1144        690	  454	    1152	 60
INDX			    544        428	  116	     544	 79
TEMPNEW 		    117 	 8	  109	     128	  7
UNDOTBS1		     96 	19	   77	      96	 20
SYSAUX			     47 	31	   16	      64	 66
GINOLAP 		     25 	 4	   21	      32	 16
TEMP			     20 	 0	   20	      32	  0
GIN_TS_SUMMARY		     15 	 2	   13	      32	 13
SYSTEM			     11 	 9	    2	      32	 82
GIN_INTG		      5 	 2	    3	      32	 40
GIN_TS_NOLOGGING	      3 	 1	    2	      32	 33
GIN_TS_TX_DATA		      1 	 0	    1	      32	  0

12 rows selected.


no rows selected

********************************************************************************************************************************************************************
###TABLESPACE INFORMATION END###
********************************************************************************************************************************************************************
********************************************************************************************************************************************************************
###RMAN BACKUP INFORMATION START###
********************************************************************************************************************************************************************

COMMAND_ID	     START_TIME 	   TIME_TAKEN_DISPLAY	STATUS		INPUT_TYPE    OUTPUT_DEVICE_TYP INPUT_BYTES_DISPLAY  OUTPUT_BYTES_DISPLAY
-------------------- --------------------- -------------------- --------------- ------------- ----------------- -------------------- --------------------
2024-12-31T00:10:03  31-DEC-24 12:11:43 AM 08:48:22		RUNNING 	DB FULL       DISK		    1.82T	       333.25G
2024-12-30T00:10:02  30-DEC-24 12:11:25 AM 08:54:47		COMPLETED	DB FULL       DISK		    1.85T	       338.33G
2024-12-29T00:10:03  29-DEC-24 12:11:34 AM 08:56:38		COMPLETED	DB FULL       DISK		    1.85T	       337.94G
2024-12-28T00:10:03  28-DEC-24 12:11:48 AM 09:01:08		COMPLETED	DB FULL       DISK		    1.85T	       338.07G
2024-12-27T00:10:03  27-DEC-24 12:11:35 AM 08:55:17		COMPLETED	DB FULL       DISK		    1.85T	       337.70G
2024-12-26T00:10:02  26-DEC-24 12:11:54 AM 08:56:28		COMPLETED	DB FULL       DISK		    1.85T	       337.66G
2024-12-25T00:10:03  25-DEC-24 12:11:29 AM 08:54:59		COMPLETED	DB FULL       DISK		    1.85T	       337.63G
2024-12-24T00:10:04  24-DEC-24 12:11:51 AM 08:55:48		COMPLETED	DB FULL       DISK		    1.85T	       337.45G
2024-12-23T00:10:02  23-DEC-24 12:11:51 AM 08:55:39		COMPLETED	DB FULL       DISK		    1.85T	       337.77G
2024-12-22T00:10:02  22-DEC-24 12:11:43 AM 08:54:29		COMPLETED	DB FULL       DISK		    1.85T	       336.57G

10 rows selected.

********************************************************************************************************************************************************************
###RMAN BACKUP INFORMATION END###
********************************************************************************************************************************************************************
********************************************************************************************************************************************************************
###SCHEMA SIZE INFORMATION START ###
********************************************************************************************************************************************************************

OWNER			  SCHEMA_SIZE_MB SCHEMA_SIZE_GB
------------------------- -------------- --------------
SBHO			      1023327.75	 999.34
GINARCHIVE			76604.19	  74.81
SYS				34911.94	  34.09
AUDSYS				24780.19	   24.2
IRS				24443.69	  23.87
USMSYS				19724.75	  19.26
GININTG 			 5438.38	   5.31
GINVIEW 			 2212.44	   2.16
COGS_MIGRATION			  1068.5	   1.04
MISRETAIL			  644.94	    .63
APEX_040200			     194	    .19
VSMSYS				  141.44	    .14
MDSYS				   78.69	    .08
GINLOG				   73.38	    .07
XDB				    68.5	    .07
SYSTEM				   32.19	    .03
ORDDATA 			   16.13	    .02
WMSYS				    7.19	    .01
DVSYS				    4.44	      0
CTXSYS				    3.81	      0
GSMADMIN_INTERNAL		    1.38	      0
GATEWAY 			    1.06	      0
DBSNMP				     .81	      0
OUTLN				     .56	      0
ORDSYS				     .44	      0
OJVMSYS 			     .38	      0
SCOTT				     .38	      0
LBACSYS 			     .31	      0
WFX_SUPPLYMINT			     .13	      0

29 rows selected.

********************************************************************************************************************************************************************
###SCHEMA SIZE INFORMATION END###
********************************************************************************************************************************************************************
********************************************************************************************************************************************************************
### DATA DELETION  INFORMATION START ###
********************************************************************************************************************************************************************

OWNER SEGMENT_NAME		     SEGMENT_TY TABLE_NAME		       COLUMN_NAME	    TABLESPA SCHEMA_SIZE_MB SCHEMA_SIZE_GIG
----- ------------------------------ ---------- ------------------------------ -------------------- -------- -------------- ---------------
SBHO  SYS_LOB0002558003C00008$$      LOBSEGMENT GDS2_EVENT_QUEUE_DATA	       BATCH_DATA	    USERS	   25669.13	      25.07
SBHO  SYS_LOB0000094582C00002$$      LOBSEGMENT DXRECEIVEDATA		       FILEDATA 	    USERS	   11581.13	      11.31
SBHO  SYS_LOB0000094585C00002$$      LOBSEGMENT DXSENDDATA		       FILEDATA 	    USERS	    3943.13	       3.85
SBHO  SYS_LOB0012964326C00010$$      LOBSEGMENT DXRECEIVE2		       RECEIVEDATA	    USERS	    2571.19	       2.51
SBHO  GDS2_EVENT_QUEUE_ARCHIVE	     TABLE							    USERS	       2526	       2.47
SBHO  GDS2_EVENT_TRACK_ARCHIVE	     TABLE							    USERS	       1927	       1.88
SBHO  SYS_LOB0008954515C00013$$      LOBSEGMENT GDS2_WEBHOOK_SUCCESS	       REQUEST_DATA	    USERS	     558.19		.55
SBHO  PSITE_EMRTRANSACTION_LOG	     TABLE							    USERS		249		.24
SBHO  DXSENDDATA		     TABLE							    USERS		240		.23
SBHO  GDS2_EVENT_QUEUE_DATA	     TABLE							    USERS		235		.23
SBHO  INBOUND_API_LOG		     TABLE							    USERS		207		 .2
SBHO  ADMERRAUDIT		     TABLE							    USERS		167		.16
SBHO  DXRECEIVE2		     TABLE							    USERS		160		.16
SBHO  DXRECEIVEDATA		     TABLE							    USERS		 82		.08
SBHO  GDS2_WEBHOOK_SUCCESS	     TABLE							    USERS		 19		.02

15 rows selected.

********************************************************************************************************************************************************************
### DATA DELETION  INFORMATION END ###
********************************************************************************************************************************************************************
********************************************************************************************************************************************************************
###MOST MODIFIED TABLES###
********************************************************************************************************************************************************************

TABLE_NAME				    INSERTS TIMESTAMP LAST_ANALYZED
---------------------------------------- ---------- --------- ---------------
INVSTOCK				     626870 31-DEC-24 28-DEC-24
INVSTOCK_LOG				     293115 31-DEC-24 30-DEC-24
SALCSDET				     239000 31-DEC-24 28-DEC-24
PSITE_POSBILLITEM			     230527 30-DEC-24 28-DEC-24
OBJECT_SEGMENT				      75888 31-DEC-24 28-DEC-24
PSITE_POSBILLMOP			      74317 30-DEC-24 28-DEC-24
PSITE_POSBILL				      68889 30-DEC-24 28-DEC-24
SALRTCHG_ITEM				      61138 30-DEC-24 28-DEC-24
PSITE_EVENT_ARCHIVE			      54854 30-DEC-24 28-DEC-24
PSITE_WEB_EVENT_ARCHIVE 		      33369 30-DEC-24 28-DEC-24
SALRTDET				      30591 30-DEC-24 28-DEC-24
MIS_MAS$POS_CUSTOMER			      29588 30-DEC-24 28-DEC-24
INVSTOCK_ONHAND_AGG			      29553 31-DEC-24 28-DEC-24
PSITE_POSSTLMAUDIT_HO			      29400 31-DEC-24 28-DEC-24
INVDCDET				      26752 30-DEC-24 28-DEC-24
INVSTOCK_ONHAND_STOCKPOINT_AGG		      26476 31-DEC-24 28-DEC-24
PURORDCHG_ITEM				      24954 30-DEC-24 28-DEC-24
SALINVCHG_ITEM				      24396 30-DEC-24 28-DEC-24
PSITE_CUSTOMER_DIST			      24038 30-DEC-24 28-DEC-24
TEMP_SALINVDET_STAGING			      20191 30-DEC-24 28-DEC-24
PSITE_CUSTOMER				      20022 30-DEC-24 28-DEC-24
SALINVDET				      16583 30-DEC-24 28-DEC-24
INVSTOCK_INTRA				      15524 30-DEC-24 28-DEC-24
FINPOST 				      13945 31-DEC-24 28-DEC-24
DS_JOB_QUEUE				      13527 31-DEC-24 30-DEC-24
INVSTOCK_ONHAND_INTRA_AGG		      13033 30-DEC-24 28-DEC-24
PSITE_GRCITEM				      11847 30-DEC-24 28-DEC-24
ADMERRAUDIT				      10605 31-DEC-24 27-DEC-24
PSITE_POSSTLMAUDIT_POS			      10311 31-DEC-24 28-DEC-24
FINCOSTTAG				      10020 31-DEC-24 28-DEC-24
PURINVCHG_ITEM				       9007 30-DEC-24 28-DEC-24
INVGRCCHG_ITEM				       7875 30-DEC-24 28-DEC-24
PSITE_PACKETITEM			       7629 30-DEC-24 28-DEC-24
PSITE_GRCCHGITEM			       6786 30-DEC-24 28-DEC-24
PSITE_POSBILLITEMRETURN 		       5227 30-DEC-24 28-DEC-24
DXSESSIONLOG2				       4821 31-DEC-24 28-DEC-24
PSITE_POSBILLCNADJ			       4423 30-DEC-24 28-DEC-24
PSITE_POSSTLMSTOCKINFO_HO		       4281 31-DEC-24 28-DEC-24
PSITE_POSBILLCN 			       4273 30-DEC-24 28-DEC-24
FINPOST_CHECK				       3855 31-DEC-24 28-DEC-24
PSITE_POSSTLMDETAIL			       3570 31-DEC-24 28-DEC-24
FINCOSTTAG_CHECK			       3439 31-DEC-24 28-DEC-24
INVMISCDET				       3344 30-DEC-24 28-DEC-24
SALCSMOP				       3003 31-DEC-24 28-DEC-24
PSITE_POSSESSION			       2786 31-DEC-24 28-DEC-24
PURORDDET				       2702 30-DEC-24 28-DEC-24
PSITE_POSSTLMSESSION			       2621 31-DEC-24 28-DEC-24
FINGL_SITE				       2338 30-DEC-24 28-DEC-24
INT$STG_CREATEITEM			       2210 30-DEC-24 28-DEC-24
PURORDCHG				       1978 30-DEC-24 28-DEC-24

50 rows selected.


TABLE_NAME				    UPDATES TIMESTAMP LAST_ANALYZED
---------------------------------------- ---------- --------- ---------------
INVSTOCK				     765023 31-DEC-24 28-DEC-24
INVSTOCK_ONHAND_AGG			     411944 31-DEC-24 28-DEC-24
INVSTOCK_ONHAND_STOCKPOINT_AGG		     332318 31-DEC-24 28-DEC-24
MIS_MAS$FINSL				     320397 31-DEC-24 30-DEC-24
INVSTOCK_LOG				     293115 31-DEC-24 30-DEC-24
SALRTDET				      91773 30-DEC-24 28-DEC-24
INVDCDET				      52814 30-DEC-24 28-DEC-24
FINPOST 				      43698 31-DEC-24 28-DEC-24
FINPOST_CHECK				      28828 31-DEC-24 28-DEC-24
FINCOSTTAG_CHECK			      25286 31-DEC-24 28-DEC-24
INVITEM 				      10393 30-DEC-24 28-DEC-24
MIS_MAS$POS_CUSTOMER			       9293 30-DEC-24 28-DEC-24
DXSESSIONLOG2				       8247 31-DEC-24 28-DEC-24
PSITE_CUSTOMER				       6681 30-DEC-24 28-DEC-24
PSITE_PACKET				       5620 30-DEC-24 28-DEC-24
MAILJOB 				       5176 31-DEC-24 30-DEC-24
PSITE_POSBILLCN 			       4632 30-DEC-24 28-DEC-24
DS_POS_STATISTICS			       3907 31-DEC-24 30-DEC-24
MIS_MAS$ITEM				       3830 30-DEC-24 28-DEC-24
INVGRCDET				       3492 30-DEC-24 28-DEC-24
PSITE_POSSTLM				       3418 31-DEC-24 28-DEC-24
PURORDDET				       2517 30-DEC-24 28-DEC-24
INVSTOCK_ONHAND_INTRA_AGG		       2491 30-DEC-24 28-DEC-24
PURINVCHG				       2448 30-DEC-24 28-DEC-24
FINVCHMAIN				       2239 30-DEC-24 28-DEC-24
SALINVDET				       1826 30-DEC-24 28-DEC-24
SALCSMAIN				       1656 31-DEC-24 28-DEC-24
PURINVDET				       1465 30-DEC-24 28-DEC-24
PSITE_GRC				       1392 30-DEC-24 28-DEC-24
INVGRCMAIN				       1287 30-DEC-24 28-DEC-24
PSITE_POSBILL				       1068 30-DEC-24 28-DEC-24
INVITEMLASTINWARD				951 30-DEC-24 28-DEC-24
SALINVMAIN					874 30-DEC-24 28-DEC-24
GRIDSTATE					839 30-DEC-24 28-DEC-24
FINCOSTTAG					804 31-DEC-24 28-DEC-24
PURSRVCHG					782 30-DEC-24 28-DEC-24
DXRECEIVE2					761 31-DEC-24 30-DEC-24
NFS$TASKS					650 31-DEC-24 30-DEC-24
PURINVMAIN					616 30-DEC-24 28-DEC-24
FINJRNDET					560 30-DEC-24 28-DEC-24
PSITE_GRT					556 30-DEC-24 28-DEC-24
FINVCHDET					471 30-DEC-24 28-DEC-24
FINJRNMAIN					442 30-DEC-24 28-DEC-24
NFS$VALID_SMS					418 31-DEC-24 28-DEC-24
INVMISCMAIN					373 30-DEC-24 28-DEC-24
INVLGTNOTE					370 30-DEC-24 28-DEC-24
PURSRVORD_SCHEDULE				364 30-DEC-24 28-DEC-24
PO_SEND_MAIL					326 30-DEC-24 28-DEC-24
PURSRVMAIN					299 30-DEC-24 28-DEC-24
DXSESSIONLOG					210 29-DEC-24 28-DEC-24

50 rows selected.


TABLE_NAME				    DELETES TIMESTAMP LAST_ANALYZED
---------------------------------------- ---------- --------- ---------------
INVSTOCK_LOG				     293115 31-DEC-24 30-DEC-24
INVSTOCK				     188155 31-DEC-24 28-DEC-24
PSITE_POSBILLITEM_PARK			      76082 31-DEC-24 30-DEC-24
PSITE_POSBILLMOP_PARK			      25268 31-DEC-24 30-DEC-24
PSITE_POSBILL_PARK			      23427 31-DEC-24 30-DEC-24
PSITE_POSSTLMAUDIT_HO			      20475 31-DEC-24 28-DEC-24
DS_JOB_QUEUE				      13527 31-DEC-24 30-DEC-24
PURORDCHG_ITEM				      12122 30-DEC-24 28-DEC-24
PSITE_POSBILLITEM			       4766 30-DEC-24 28-DEC-24
PSITE_POSSTLMSTOCKINFO_HO		       2804 31-DEC-24 28-DEC-24
INT$STG_CREATEITEM			       2210 30-DEC-24 28-DEC-24
PURINVCHG_ITEM				       1892 30-DEC-24 28-DEC-24
PSITE_POSBILLMOP			       1614 30-DEC-24 28-DEC-24
PSITE_POSSTLMAUDIT_POS			       1512 31-DEC-24 28-DEC-24
PSITE_POSBILL				       1501 30-DEC-24 28-DEC-24
FINCOSTTAG				       1396 31-DEC-24 28-DEC-24
FINGL_SITE				       1169 30-DEC-24 28-DEC-24
PURORDDET				       1091 30-DEC-24 28-DEC-24
SALINVCHG_ITEM					910 30-DEC-24 28-DEC-24
PURORDCHG					636 30-DEC-24 28-DEC-24
PURSRVCHG_ITEM					515 30-DEC-24 28-DEC-24
PURINVCHG					509 30-DEC-24 28-DEC-24
PURSRVORDCHG_ITEM				436 30-DEC-24 28-DEC-24
TEMP_PSITE_POSSTLM				364 31-DEC-24 30-DEC-24
PSITE_APPUSER					334 30-DEC-24 30-DEC-24
PURSRVCHG					328 30-DEC-24 28-DEC-24
FINPOST 					322 31-DEC-24 28-DEC-24
STAGING_SETTLEMENTDATA				320 31-DEC-24 30-DEC-24
PURSRVORDCHG					316 30-DEC-24 28-DEC-24
SALCSDET					314 31-DEC-24 28-DEC-24
FINCOSTTAG_CHECK				266 31-DEC-24 28-DEC-24
PSITE_POSBILLITEMRETURN 			254 30-DEC-24 28-DEC-24
PSITE_POSSTLMSTOCKRECO_POS			222 31-DEC-24 28-DEC-24
PSITE_POSSTLMSTOCKINFO_POS			209 31-DEC-24 28-DEC-24
FINPOST_CHECK					152 31-DEC-24 28-DEC-24
PSITE_POSBILLCNADJ				103 30-DEC-24 28-DEC-24
PURSRV_SCHEDULE 				 97 30-DEC-24 28-DEC-24
ADMOU_DOCSCHEME 				 86 30-DEC-24 27-DEC-24
RESTRICT_DOC_TRAP				 65 31-DEC-24 28-DEC-24
PSITE_EVENT_TRACKING2				 58 30-DEC-24 30-DEC-24
TEMP_ALLOC_CUSTOMER				 58 30-DEC-24 30-DEC-24
MAILOCCURENCE_EVENT				 56 30-DEC-24 28-DEC-24
PURORDSET					 43 30-DEC-24 28-DEC-24
PSITE_WEB_EVENT 				 39 30-DEC-24 30-DEC-24
INVGRCCHG					 24 30-DEC-24 28-DEC-24
TEMP_ALLOC_GVLEAVES				 24 30-DEC-24 28-DEC-24
INVGRCCHG_ITEM					 24 30-DEC-24 28-DEC-24
PSITE_MOP_ASSIGN				 18 30-DEC-24 28-DEC-24
FINTAG						 16 30-DEC-24 28-DEC-24
OLAP_CUBESET_REFRESH_STATUS			 14 31-DEC-24 30-DEC-24

50 rows selected.

********************************************************************************************************************************************************************
###MOST MODIFIED TABLES###
********************************************************************************************************************************************************************
********************************************************************************************************************************************************************
###MST_STATTAB LAST ANALYZED ###
********************************************************************************************************************************************************************

TABLE_NAME				 DBA_STATISTICS  DBA_TABLES
---------------------------------------- --------------- ---------------
INVSTOCK_ONHAND_STOCKPOINT_AGG		 28-DEC-24	 28-DEC-24
INVSTOCK				 28-DEC-24	 28-DEC-24
INVSTOCK_ONHAND_AGG			 28-DEC-24	 28-DEC-24
PURINVCHG_ITEM				 28-DEC-24	 28-DEC-24
PURINVCHG				 28-DEC-24	 28-DEC-24
PURINVMAIN				 28-DEC-24	 28-DEC-24
PURINVDET				 28-DEC-24	 28-DEC-24
INVGRCCHG_ITEM				 28-DEC-24	 28-DEC-24
INVGRCCHG				 28-DEC-24	 28-DEC-24
INVGRCMAIN				 28-DEC-24	 28-DEC-24
INVGRCDET				 28-DEC-24	 28-DEC-24
SALCSDET				 28-DEC-24	 28-DEC-24
SALCSMAIN				 28-DEC-24	 28-DEC-24
PSITE_POSBILLITEM			 28-DEC-24	 28-DEC-24
PSITE_POSBILL				 28-DEC-24	 28-DEC-24
PSITE_POSBILLMOP			 28-DEC-24	 28-DEC-24
FINPOST 				 28-DEC-24	 28-DEC-24
INVDCDET				 28-DEC-24	 28-DEC-24
TEMP_INVDCSO_CHECK			 28-DEC-24	 28-DEC-24
TEMP_SALINVDET_STAGING			 28-DEC-24	 28-DEC-24
SALORDDET				 28-DEC-24	 28-DEC-24
SALORDMAIN				 28-DEC-24	 28-DEC-24
SALINVCHG_ITEM				 28-DEC-24	 28-DEC-24
SALINVCHG				 28-DEC-24	 28-DEC-24
SALINVMAIN				 28-DEC-24	 28-DEC-24
SALINVDET				 28-DEC-24	 28-DEC-24
FINPOST_CHECK				 28-DEC-24	 28-DEC-24
PSITE_GRCCHGITEM			 28-DEC-24	 28-DEC-24
PSITE_GRCITEM				 28-DEC-24	 28-DEC-24
PSITE_GRC				 28-DEC-24	 28-DEC-24
PSITE_GRCCHG				 28-DEC-24	 28-DEC-24
INT$STG_CREATEPO_ALL_FLD		 28-DEC-24	 28-DEC-24
SALORDCHG				 28-DEC-24	 28-DEC-24
SALORDCHG_ITEM				 28-DEC-24	 28-DEC-24
INVITEMLASTINWARD			 28-DEC-24	 28-DEC-24
TEMP_ALLOC_ITEM 			 28-DEC-24	 28-DEC-24
PSITE_AUDITJOURNALITEM			 28-DEC-24	 28-DEC-24
PSITE_AUDITJOURNAL			 28-DEC-24	 28-DEC-24
PURRTCHG_ITEM				 28-DEC-24	 28-DEC-24
PURRTCHG				 28-DEC-24	 28-DEC-24
PURRTMAIN				 28-DEC-24	 28-DEC-24
PURRTDET				 28-DEC-24	 28-DEC-24
FINCOSTTAG_CHECK			 28-DEC-24	 28-DEC-24
INVGRTCHG_ITEM				 28-DEC-24	 28-DEC-24
INVGRTCHG				 28-DEC-24	 28-DEC-24
INVGRTMAIN				 28-DEC-24	 28-DEC-24
INVGRTDET				 28-DEC-24	 28-DEC-24
FINCOSTTAG				 28-DEC-24	 28-DEC-24
PSITE_ALLOC_ITEM			 28-DEC-24	 28-DEC-24
PSITE_CUSTOMER				 28-DEC-24	 28-DEC-24
PRDBOMDET				 28-DEC-24	 28-DEC-24
PRDLOTOPERATION 			 28-DEC-24	 28-DEC-24
INVBARCODELOG				 28-DEC-24	 28-DEC-24
PSITE_CUSTOMER_DIST			 28-DEC-24	 28-DEC-24
PRDLOTBOM				 28-DEC-24	 28-DEC-24
INVSTOCK_INTRA				 28-DEC-24	 28-DEC-24
PRDWIPTRANS				 28-DEC-24	 28-DEC-24
INVBINSTOCK_ONHAND			 28-DEC-24	 28-DEC-24
SALRTCHG_ITEM				 28-DEC-24	 28-DEC-24
SALRTCHG				 28-DEC-24	 28-DEC-24
SALRTMAIN				 28-DEC-24	 28-DEC-24
SALRTDET				 28-DEC-24	 28-DEC-24
INVSTOCK_ONHAND_INTRA_AGG		 28-DEC-24	 28-DEC-24
PSITE_POSSTLM				 28-DEC-24	 28-DEC-24
PROMO_ASSORTMENT_INCLUDE		 28-DEC-24	 28-DEC-24
INVPICKLISTDET				 28-DEC-24	 28-DEC-24
PSITE_DELIVERYSLIPITEM			 28-DEC-24	 28-DEC-24
INVPICKLISTMAIN 			 28-DEC-24	 28-DEC-24
PROMO_ASSORTMENT_EXCLUDE		 28-DEC-24	 28-DEC-24
PURORDCHG_ITEM				 28-DEC-24	 28-DEC-24
PURORDCHG				 28-DEC-24	 28-DEC-24
PURORDDET				 28-DEC-24	 28-DEC-24
PSITE_POSSTLMAUDIT_POS			 28-DEC-24	 28-DEC-24
PSITE_POSSTLMAUDIT_HO			 28-DEC-24	 28-DEC-24
PSITE_PACKETITEM			 28-DEC-24	 28-DEC-24
PSITE_PACKET				 28-DEC-24	 28-DEC-24
PSITE_SALESPERSON			 28-DEC-24	 28-DEC-24
PSITE_DELIVERYSLIPITEMVOID		 28-DEC-24	 28-DEC-24
PSITE_EMRSUBMIT_QUEUE			 30-DEC-24	 30-DEC-24
INVSTOCK_LOG				 30-DEC-24	 30-DEC-24
TEMP_ALLOC_CUSTOMER			 30-DEC-24	 30-DEC-24
INT$STG_CREATEITEM_ALL_FLD		 30-DEC-24	 30-DEC-24
PURORDMAIN				 30-DEC-24	 30-DEC-24
INVDCMAIN				 30-DEC-24	 30-DEC-24

84 rows selected.

********************************************************************************************************************************************************************
###MST_STATTAB LAST ANALYZED ###
********************************************************************************************************************************************************************
********************************************************************************************************************************************************************
###Archive INFORMATION START###
********************************************************************************************************************************************************************

NAME		     SPACE_LIMIT SPACE_USED SPACE_RECLIMABLE NUMBER_OF_FILES
-------------------- ----------- ---------- ---------------- ---------------
/arch/			    1548	235		 306		5993

********************************************************************************************************************************************************************
###Archive INFORMATION END###
********************************************************************************************************************************************************************
