Filesystem             Size  Used Avail Use% Mounted on
/dev/mapper/rhel-root   92G  5.0G   82G   6% /
devtmpfs                58G     0   58G   0% /dev
tmpfs                   58G     0   58G   0% /dev/shm
tmpfs                   58G  218M   58G   1% /run
tmpfs                   58G     0   58G   0% /sys/fs/cgroup
/dev/sda2              922M  149M  710M  18% /boot
/dev/sdb               4.0T  2.9T  957G  76% /arch
/dev/mapper/rhel-u02   2.3T  1.6T  607G  73% /u02
/dev/mapper/rhel-u01   5.0T  3.2T  1.6T  67% /u01
tmpfs                   12G   28K   12G   1% /run/user/0
tmpfs                   12G     0   12G   0% /run/user/1001
***********************************************************************************************************************
top - 17:30:01 up 89 days,  3:56,  3 users,  load average: 3.52, 3.73, 3.49
Tasks: 589 total,   3 running, 586 sleeping,   0 stopped,   0 zombie
%Cpu(s):  8.2 us,  3.7 sy,  0.0 ni, 86.1 id,  2.1 wa,  0.0 hi,  0.0 si,  0.0 st
KiB Mem : 12154150+total,   462596 free, 10158136 used, 11092077+buff/cache
KiB Swap: 12500172+total, 10753481+free, 17466912 used. 57803476 avail Mem 

  PID USER      PR  NI    VIRT    RES    SHR S  %CPU %MEM     TIME+ COMMAND
 3151 oracle    20   0 70.346g   3852   3668 R 100.0  0.0 128326:30 ora_smon_g+
15019 oracle    20   0 71.420g 1.621g 745452 R  76.5  1.4   0:31.05 oracle_150+
14212 oracle    20   0 70.773g 4.130g 3.705g D  64.7  3.6   7:44.84 oracle_142+
15072 oracle    20   0  158132   2552   1480 R  11.8  0.0   0:00.03 top
 3120 oracle    -2   0 70.335g   3188   3080 S   5.9  0.0   1385:08 ora_vktm_g+
 3145 oracle    20   0 70.347g 2.395g 2.394g S   5.9  2.1   1030:16 ora_lgwr_g+
 3163 oracle    20   0 70.346g 307920 307564 S   5.9  0.3 487:10.90 ora_mmnl_g+
 3370 oracle    20   0 70.409g  59372  10352 S   5.9  0.0   4780:29 oracle_337+
 3494 oracle    20   0 70.363g 501008 492656 S   5.9  0.4   6000:15 ora_pr00_g+
 3501 oracle    20   0 70.349g 4.289g 4.288g S   5.9  3.7 833:44.28 ora_pr03_g+
 3521 oracle    20   0 70.349g 4.245g 4.244g S   5.9  3.7   1810:08 ora_pr0d_g+
 3529 oracle    20   0 70.349g 4.457g 4.457g S   5.9  3.8   1131:07 ora_pr0h_g+
 3537 oracle    20   0 70.349g 4.278g 4.278g S   5.9  3.7 868:37.80 ora_pr0l_g+
********************************************************************************************************************************************************************
###LONG RUNNING QUERY FOR MORE THAN ONE MINUTE###
********************************************************************************************************************************************************************

USERNAME			      SID    SERIAL# MINS_RUNNING
------------------------------ ---------- ---------- ------------
VMHO				     2274      28227	     1.65


USERNAME   SID	 SERIA MINS_RUNNING PROGRAM		 SQL_ID        ADDRESS		TERMINAL	     ACTION		  EVENT 	       LOGON_TIME	    WAIT_CLASS
---------- ----- ----- ------------ -------------------- ------------- ---------------- -------------------- -------------------- -------------------- -------------------- ---------------
VMHO	   2274  28227	 1.76666667 oracle@ginmis (TNS V 6m3830k35rc4y 00000011DDF26E00 					  direct path write te 31-DEC-2024 17:18:04 User I/O

********************************************************************************************************************************************************************
###LONG RUNNING QUERY FOR MORE THAN ONE MINUTE###
********************************************************************************************************************************************************************
********************************************************************************************************************************************************************
###LOCKING SESSION###
********************************************************************************************************************************************************************

no rows selected


no rows selected

********************************************************************************************************************************************************************
###LOCKING SESSION###
********************************************************************************************************************************************************************
********************************************************************************************************************************************************************
###TEMP TABLESPACE ###
********************************************************************************************************************************************************************

TABLESPACE			 MB_TOTAL    MB_USED	MB_FREE
------------------------------ ---------- ---------- ----------
TEMP			       196605.922	 686 195919.922

********************************************************************************************************************************************************************
###TEMP TABLESPACE ###
********************************************************************************************************************************************************************
********************************************************************************************************************************************************************
###SESSION USING TEMP  ###
********************************************************************************************************************************************************************

SID_SERIAL	USERNAME	OSUSER		     SPID      MODULE			 PROGRAM	    MB_USED TABLESPACE	    STATEMENTS
--------------- --------------- -------------------- --------- ------------------------- --------------- ---------- --------------- ----------
2274,28227	VMHO		oracle		     14212     oracle@ginmis (TNS V1-V3) oracle@stbydb		685 TEMP	    2
2652,56340	VMHO		oracle		     15014     oracle@prddb (TNS V1-V3)  oracle@stbydb		  1 TEMP	    1

********************************************************************************************************************************************************************
###SESSION USING TEMP  ###
********************************************************************************************************************************************************************
********************************************************************************************************************************************************************
###PROGRAM WISE SESSIONS###
********************************************************************************************************************************************************************

PROGRAM 			    TOTAL_SESSIONS ACTIVE_SESSIONS INACTIVE_SESSIONS
----------------------------------- -------------- --------------- -----------------
oracle@stbydb (PR0G)				 1		 1		   0
oracle@stbydb (PR0E)				 1		 1		   0
oracle@stbydb (PR06)				 1		 1		   0
oracle@stbydb (PR0M)				 1		 1		   0
oracle@stbydb (PR0O)				 1		 1		   0
oracle@stbydb (PR0I)				 1		 1		   0
oracle@stbydb (PR00)				 1		 1		   0
oracle@ginmis (TNS V1-V3)			16		 1		  15
oracle@stbydb (PR09)				 1		 1		   0
oracle@stbydb (PR0B)				 1		 1		   0
oracle@stbydb (PR01)				 1		 1		   0
oracle@stbydb (PR03)				 1		 1		   0
oracle@stbydb (PR04)				 1		 1		   0
oracle@stbydb (PR07)				 1		 1		   0
oracle@stbydb (PR0A)				 1		 1		   0
oracle@stbydb (PR0D)				 1		 1		   0
oracle@stbydb (PR0F)				 1		 1		   0
oracle@stbydb (PR0J)				 1		 1		   0
oracle@stbydb (PR0N)				 1		 1		   0
sqlplus@stbydb (TNS V1-V3)			 2		 1		   1
oracle@stbydb (PR08)				 1		 1		   0
oracle@stbydb (PR0K)				 1		 1		   0
oracle@stbydb (PR02)				 1		 1		   0
oracle@stbydb (PR0H)				 1		 1		   0
oracle@stbydb (PR05)				 1		 1		   0
oracle@stbydb (PR0C)				 1		 1		   0
oracle@stbydb (PR0L)				 1		 1		   0
oracle@prddb (TNS V1-V3)			 8		 0		   8
oracle@stbydb (TNS V1-V3)			 1		 0		   1
ORACLE.EXE					 1		 0		   1
Toad.exe					 3		 0		   3

31 rows selected.

********************************************************************************************************************************************************************
###PROGRAM WISE SESSIONS###
********************************************************************************************************************************************************************
###TOP CPU CONSUMING SESSION(PROGRAM WISE) START###
********************************************************************************************************************************************************************

      RANK	  SID	 SERIAL# PROGRAM		 CPUMINS LOGON_TIME  ACTION		  EVENT 	       TERMINAL   WAIT_CLASS
---------- ---------- ---------- -------------------- ---------- ----------- -------------------- -------------------- ---------- ---------------
	 1	  633	    9259 oracle@prddb (TNS V1	  3945.6 03-OCT-2024			  SQL*Net vector messa		  Idle
	 2	 2899	    2729 oracle@stbydb (MMON)	  203.34 03-OCT-2024			  rdbms ipc message    UNKNOWN	  Idle
	 3	 2652	   56340 oracle@prddb (TNS V1	   67.07 26-DEC-2024			  SQL*Net message from		  Idle
	 4	  760	   34928 oracle@prddb (TNS V1	    9.65 03-OCT-2024			  SQL*Net message from		  Idle
	 5	 2274	   28227 oracle@ginmis (TNS V	    6.42 31-DEC-2024			  direct path read tem		  User I/O
	 6	  512	   16796 oracle@prddb (TNS V1	    5.36 09-NOV-2024			  SQL*Net message from		  Idle
	 7	 1015	   30840 oracle@ginmis (TNS V	    3.84 31-DEC-2024			  SQL*Net message from		  Idle
	 8	  890	   32547 oracle@ginmis (TNS V	    1.12 31-DEC-2024			  SQL*Net message from		  Idle
	 9	  258	   20528 Toad.exe		     .51 29-DEC-2024			  SQL*Net message from GSL-DESKTO Idle
	10	 2149	   43707 oracle@ginmis (TNS V	     .45 31-DEC-2024			  SQL*Net message from		  Idle

10 rows selected.

###TOP CPU CONSUMING SESSION(PROGRAM WISE) END###
********************************************************************************************************************************************************************
********************************************************************************************************************************************************************
###CURRENT ARCHIVE GENERATED###
********************************************************************************************************************************************************************

DAY	    NUM_ARCHIVES_GENERATED ARCHIVE_SIZE_GB
----------- ---------------------- ---------------
2024-12-31		      1257	    375.11
2024-12-30		      1974	    604.58
2024-12-29		      1107	    299.76
2024-12-28		      1131	    315.24
2024-12-27		      2293	    726.15

********************************************************************************************************************************************************************
###CURRENT ARCHIVE GENERATED###
********************************************************************************************************************************************************************
