top - 13:00:01 up 185 days, 16:40,  1 user,  load average: 0.05, 0.20, 0.35
Tasks: 370 total,   1 running, 369 sleeping,   0 stopped,   0 zombie
%Cpu(s):  6.2 us,  5.5 sy,  0.0 ni, 88.3 id,  0.0 wa,  0.0 hi,  0.0 si,  0.0 st
KiB Mem : 65580320 total,   371304 free,  3632404 used, 61576612 buff/cache
KiB Swap: 13421772+total, 12546304+free,  8754684 used. 11594096 avail Mem 

  PID USER      PR  NI    VIRT    RES    SHR S  %CPU %MEM     TIME+ COMMAND
17930 oracle    20   0   19.1g  68844  65632 S  43.8  0.1   0:00.07 ora_j000_g+
17932 oracle    20   0   19.1g  61216  57104 S  43.8  0.1   0:00.07 ora_j001_g+
17918 oracle    20   0  162232   2272   1524 R  12.5  0.0   0:00.02 top
  105 root      20   0       0      0      0 S   6.2  0.0 994:00.36 kswapd0
24746 oracle    20   0   75.8g  36232  35960 S   6.2  0.1  25:44.51 ora_dbrm_g+
    1 root      20   0  191416   2992   1504 S   0.0  0.0  64:50.05 systemd
    2 root      20   0       0      0      0 S   0.0  0.0   0:05.24 kthreadd
    4 root       0 -20       0      0      0 S   0.0  0.0   0:00.00 kworker/0:+
    6 root      20   0       0      0      0 S   0.0  0.0   5:28.47 ksoftirqd/0
    7 root      rt   0       0      0      0 S   0.0  0.0   0:03.93 migration/0
    8 root      20   0       0      0      0 S   0.0  0.0   0:00.00 rcu_bh
    9 root      20   0       0      0      0 S   0.0  0.0  79:17.21 rcu_sched
   10 root       0 -20       0      0      0 S   0.0  0.0   0:00.00 lru-add-dr+
**PRODUCTION LOAD******************************************************************************************************************************************************************
********************************************************************************************************************************************************************
###LONG RUNNING QUERY FOR MORE THAN ONE MINUTE###
********************************************************************************************************************************************************************

no rows selected


no rows selected

********************************************************************************************************************************************************************
###LONG RUNNING QUERY FOR MORE THAN ONE MINUTE###
********************************************************************************************************************************************************************
********************************************************************************************************************************************************************
###LOCKING SESSION###
********************************************************************************************************************************************************************

no rows selected


no rows selected

********************************************************************************************************************************************************************
###LOCKING SESSION###
********************************************************************************************************************************************************************
********************************************************************************************************************************************************************
###TEMP TABLESPACE###
********************************************************************************************************************************************************************

TABLESPACE			 MB_TOTAL    MB_USED	MB_FREE
------------------------------ ---------- ---------- ----------
TEMP			       65534.9844	   1 65533.9844

********************************************************************************************************************************************************************
###TEMP TABLESPACE###
********************************************************************************************************************************************************************
********************************************************************************************************************************************************************
###SESSION USING TEMP###
********************************************************************************************************************************************************************

SID_SERIAL	USERNAME	OSUSER		     SPID      MODULE			 PROGRAM	    MB_USED TABLESPACE	    STATEMENTS
--------------- --------------- -------------------- --------- ------------------------- --------------- ---------- --------------- ----------
156,20791	GVT		Administrator	     27865     TOAD 12.9.0.71		 oracle@prodbkp 	  1 TEMP	    1

********************************************************************************************************************************************************************
###SESSION USING TEMP###
********************************************************************************************************************************************************************
###UNDO TABLESPACE###
********************************************************************************************************************************************************************

TABLESPACE_NAME 		   SIZEMB    USAGEMB	 FREEMB
------------------------------ ---------- ---------- ----------
UNDOTBS1		       32767.9844   259.3125 32508.6719

********************************************************************************************************************************************************************
###SESSION USING UNDO###
********************************************************************************************************************************************************************

no rows selected

###SESSION USING UNDO###
********************************************************************************************************************************************************************
********************************************************************************************************************************************************************
###MV LAST REFRESH TIME###
********************************************************************************************************************************************************************

OWNER		MVIEW_NAME		       LAST_REFRESH_DATE
--------------- ------------------------------ -------------------
GVT		GVT_MV_CATALOG		       2024-12-30 22:29:05
GVT		GVT_INVSTOCK_ONHAND	       2024-12-30 22:02:08
GVT		GVT_MV_AKT_VENDORWISE	       2024-12-30 22:51:24
GVT		GVT_MV_KIDS_BRANDWISE	       2024-12-30 22:51:36
GVT		GVT_MV_MENS_BRANDWISE	       2024-12-30 23:10:30
GVT		GVT_MV_STOCKNSALE	       2024-12-29 22:29:54
GVT		GVT_MV_GRC_DASHBOARD	       2024-12-17 09:50:44
GVT		GVT_V_AKT_SEGMENT_SALE	       2024-12-17 09:53:35

8 rows selected.


OWNER		MVIEW_NAME		       LAST_REFRESH_DATE
--------------- ------------------------------ -------------------
GVT		GVT_MV_CATALOG		       2024-12-30 22:29:05
GVT		GVT_INVSTOCK_ONHAND	       2024-12-30 22:02:08
GVT		GVT_MV_AKT_VENDORWISE	       2024-12-30 22:51:24
GVT		GVT_MV_KIDS_BRANDWISE	       2024-12-30 22:51:36
GVT		GVT_MV_MENS_BRANDWISE	       2024-12-30 23:10:30
GVT		GVT_MV_STOCKNSALE	       2024-12-29 22:29:54
GVT		GVT_MV_GRC_DASHBOARD	       2024-12-17 09:50:44
GVT		GVT_V_AKT_SEGMENT_SALE	       2024-12-17 09:53:35

8 rows selected.

********************************************************************************************************************************************************************
###MV LAST REFRESH TIME###
********************************************************************************************************************************************************************
###PROGRAM WISE SESSIONS###
********************************************************************************************************************************************************************

PROGRAM 			    TOTAL_SESSIONS ACTIVE_SESSIONS INACTIVE_SESSIONS
----------------------------------- -------------- --------------- -----------------
oracle@prodbkp (J002)				 1		 1		   0
oracle@prodbkp (J001)				 1		 1		   0
sqlplus@prodbkp (TNS V1-V3)			 1		 1		   0
oracle@prodbkp (J000)				 1		 1		   0
oracle@prod (TNS V1-V3) 			 5		 0		   5
w3wp.exe					 1		 0		   1
						 1		 0		   1
Toad.exe					 1		 0		   1

8 rows selected.

********************************************************************************************************************************************************************
###TOP CPU CONSUMING SESSION(PROGRAM WISE) START###
********************************************************************************************************************************************************************

      RANK	  SID	 SERIAL# PROGRAM		 CPUMINS LOGON_TIME  ACTION		  EVENT 	       TERMINAL   WAIT_CLASS
---------- ---------- ---------- -------------------- ---------- ----------- -------------------- -------------------- ---------- ---------------
	 1	  214	    1995 oracle@prod (TNS V1-	  549.79 04-OCT-2024			  SQL*Net message from		  Idle
	 2	  271	   39315 oracle@prodbkp (DBRM	  179.66 28-JUN-2024			  rdbms ipc message    UNKNOWN	  Idle
	 3	  182	   54374 oracle@prodbkp (MMON	  178.41 28-JUN-2024			  rdbms ipc message    UNKNOWN	  Idle
	 4	  156	   20791 Toad.exe		   90.89 28-OCT-2024			  SQL*Net message from GVTMAGICA  Idle
	 5	  212	   44590 oracle@prodbkp (MMNL	   74.68 28-JUN-2024			  rdbms ipc message    UNKNOWN	  Idle
	 6	    2	   19631 oracle@prodbkp (CJQ0	   52.23 28-JUN-2024			  rdbms ipc message    UNKNOWN	  Idle
	 7	  454	   31090 oracle@prodbkp (Q008	   29.85 03-JUL-2024 EMON Reliable Slave  EMON slave idle wait UNKNOWN	  Idle
	 8	   31	   51800 oracle@prodbkp (SMON	   13.22 28-JUN-2024			  smon timer	       UNKNOWN	  Idle
	 9	  273	   36455 oracle@prodbkp (W003	    9.36 29-JUN-2024 KTSJ Slave 	  Space Manager: slave UNKNOWN	  Idle
	10	  242	    7844 oracle@prodbkp (W005	    9.35 30-JUN-2024 KTSJ Slave 	  Space Manager: slave UNKNOWN	  Idle

10 rows selected.

###TOP CPU CONSUMING SESSION(PROGRAM WISE) END###
********************************************************************************************************************************************************************
