PRODUCTION SERVER DISK SPACE START
********************************************************************************************************************************************************************

Filesystem                   Size  Used Avail Use% Mounted on
/dev/mapper/rhel_mrprd-root   99G   16G   78G  17% /
devtmpfs                      63G     0   63G   0% /dev
tmpfs                         63G     0   63G   0% /dev/shm
tmpfs                         63G  1.1G   62G   2% /run
tmpfs                         63G     0   63G   0% /sys/fs/cgroup
/dev/sda1                    976M  148M  761M  17% /boot
/dev/sdb2                    1.2T  726G  348G  68% /backup
/dev/sdb1                    886G  234G  608G  28% /arch
/dev/sdc1                   1008G  202G  756G  22% /u03
/dev/mapper/rhel_mrprd-u02   401G  352G   29G  93% /u02
/dev/mapper/rhel_mrprd-u01   886G  771G   71G  92% /u01
tmpfs                         13G     0   13G   0% /run/user/1001
tmpfs                         13G   12K   13G   1% /run/user/42
tmpfs                         13G     0   13G   0% /run/user/984
tmpfs                         13G     0   13G   0% /run/user/0
PRODUCTION SERVER DISK SPACE END
********************************************************************************************************************************************************************
BACKUP SERVER DISK SPACE START
********************************************************************************************************************************************************************
Filesystem                   Size  Used Avail Use% Mounted on
/dev/mapper/rhel_mrbkp-root   99G  6.0G   88G   7% /
devtmpfs                      16G     0   16G   0% /dev
tmpfs                         16G     0   16G   0% /dev/shm
tmpfs                         16G  658M   15G   5% /run
tmpfs                         16G     0   16G   0% /sys/fs/cgroup
/dev/sda1                    976M  148M  761M  17% /boot
/dev/sdc1                   1008G  562G  396G  59% /u03
/dev/sdb1                    886G  234G  608G  28% /arch
/dev/sdb2                    1.2T  724G  350G  68% /backup
/dev/mapper/rhel_mrbkp-u02   401G  352G   29G  93% /u02
/dev/mapper/rhel_mrbkp-u01   886G  719G  123G  86% /u01
tmpfs                        3.2G   12K  3.2G   1% /run/user/42
tmpfs                        3.2G     0  3.2G   0% /run/user/1001
BACKUP SERVER DISK SPACE END
********************************************************************************************************************************************************************
***PRODUCTION LOAD**************************************************************************
top - 17:30:02 up 36 days, 11:30,  1 user,  load average: 5.76, 5.26, 5.16
Tasks: 561 total,   9 running, 552 sleeping,   0 stopped,   0 zombie
%Cpu(s): 22.8 us,  2.4 sy,  0.0 ni, 73.3 id,  1.5 wa,  0.0 hi,  0.0 si,  0.0 st
KiB Mem : 13186049+total,   775652 free,  7926088 used, 12315875+buff/cache
KiB Swap: 13421772+total, 12826752+free,  5950196 used. 76879384 avail Mem 

  PID USER      PR  NI    VIRT    RES    SHR S  %CPU %MEM     TIME+ COMMAND
 2924 oracle    20   0   50.4g   2.6g   2.6g R 100.0  2.1   0:31.23 oracle_292+
 2928 oracle    20   0   50.4g   4.2g   4.2g R 100.0  3.3   1:08.37 oracle_292+
 3349 oracle    20   0   50.4g   1.8g   1.7g R 100.0  1.4   0:19.84 oracle_334+
 3355 oracle    20   0   50.3g   2.2g   2.2g R 100.0  1.8   0:22.19 oracle_335+
 3505 oracle    20   0   50.3g   4.5g   4.5g R 100.0  3.6   0:34.96 oracle_350+
 2922 oracle    20   0   50.3g   4.9g   4.9g R  87.5  3.9   0:42.65 oracle_292+
30269 oracle    20   0   50.3g  14.4g  14.4g R  87.5 11.4   1:17.36 ora_j001_g+
26858 oracle    20   0   50.5g  19.3g  19.1g R  50.0 15.3  11:41.91 ora_j000_g+
 3550 oracle    20   0   50.3g 213324 208828 S  18.8  0.2   0:00.33 oracle_355+
 3578 oracle    20   0   50.3g 145956 141684 S  12.5  0.1   0:00.20 oracle_357+
 3588 oracle    20   0   50.3g 132684 128352 S  12.5  0.1   0:00.18 oracle_358+
 3351 oracle    20   0   50.3g   1.6g   1.6g S   6.2  1.3   0:25.42 oracle_335+
 3554 oracle    20   0   50.3g 227024 222552 S   6.2  0.2   0:00.31 oracle_355+
********************************************************************************************************************************************************************
********************************************************************************************************************************************************************
###LONG RUNNING QUERY FOR MORE THAN ONE MINUTE###
********************************************************************************************************************************************************************

USERNAME			      SID    SERIAL# MINS_RUNNING
------------------------------ ---------- ---------- ------------
MISRETAIL			     3783	8214	      3.5


USERNAME   SID	 SERIA MINS_RUNNING PROGRAM		 SQL_ID        ADDRESS		TERMINAL	     ACTION		  EVENT 	       LOGON_TIME	    WAIT_CLASS
---------- ----- ----- ------------ -------------------- ------------- ---------------- -------------------- -------------------- -------------------- -------------------- ---------------
MISRETAIL  3783  8214	 3.66666667 oracle@mrprd (J000)  6mycj3ancdw7w 00000000944493B0 UNKNOWN 	     MASTERDATA_ETL_JOB   direct path write te 31-DEC-2024 17:26:33 User I/O

********************************************************************************************************************************************************************
###LONG RUNNING QUERY FOR MORE THAN ONE MINUTE###
********************************************************************************************************************************************************************
********************************************************************************************************************************************************************
###LOCKING SESSION###
********************************************************************************************************************************************************************

no rows selected


no rows selected

********************************************************************************************************************************************************************
###LOCKING SESSION###
***********************************************************************************************************************
###KILLED SESSION###
***********************************************************************************************************************

  COUNT(1) KILL_TIME	       SESSION_LOGON_TIME
---------- ------------------- -------------------
	 1 2024-12-27 13:00:01 2024-12-27 10:17:26
	 1 2024-12-27 12:30:01 2024-12-27 10:17:26
	 1 2024-12-27 12:00:01 2024-12-27 10:17:26
	 1 2024-12-27 11:30:03 2024-12-27 09:29:49
	 1 2024-12-26 19:30:03 2024-12-26 17:50:43
	 1 2024-12-26 13:30:00 2024-12-26 11:49:52
	 1 2024-12-26 13:00:03 2024-12-26 11:07:07

7 rows selected.

***********************************************************************************************************************
###KILLED SESSION###
***********************************************************************************************************************
********************************************************************************************************************************************************************
********************************************************************************************************************************************************************
###TEMP TABLESPACE###
********************************************************************************************************************************************************************

TABLESPACE			 MB_TOTAL    MB_USED	MB_FREE
------------------------------ ---------- ---------- ----------
TEMP			       32767.9844	7789 24978.9844

********************************************************************************************************************************************************************
###TEMP TABLESPACE###
********************************************************************************************************************************************************************
********************************************************************************************************************************************************************
###SESSION USING TEMP###
********************************************************************************************************************************************************************

SID_SERIAL	USERNAME	OSUSER		     SPID      MODULE			 PROGRAM	    MB_USED TABLESPACE	    STATEMENTS
--------------- --------------- -------------------- --------- ------------------------- --------------- ---------- --------------- ----------
1425,28374	JCBL		GINESYS-APP$	     3557      DataSync.API		 oracle@mrprd		  1 TEMP	    1
1656,64614	JCBL		SYSTEM		     3353      w3wp.exe 		 oracle@mrprd		  4 TEMP	    4
1891,42736	JCBL		SYSTEM		     3355      w3wp.exe 		 oracle@mrprd		  4 TEMP	    4
2368,15698	JCBL		SYSTEM		     3578      w3wp.exe 		 oracle@mrprd		  3 TEMP	    3
239,1445	JCBL		SYSTEM		     2926      w3wp.exe 		 oracle@mrprd		  4 TEMP	    4
243,46974	JCBL		SYSTEM		     3572      w3wp.exe 		 oracle@mrprd		  1 TEMP	    1
2604,5921	JCBL		GINESYS-APP$	     3580      DataSync.API		 oracle@mrprd		  1 TEMP	    1
2605,27704	JCBL		SYSTEM		     2930      w3wp.exe 		 oracle@mrprd		  6 TEMP	    6
2836,3122	JCBL		SYSTEM		     2485      w3wp.exe 		 oracle@mrprd		  4 TEMP	    4
3073,30672	JCBL		SYSTEM		     3564      w3wp.exe 		 oracle@mrprd		  3 TEMP	    3
3075,36615	JCBL		SYSTEM		     3584      w3wp.exe 		 oracle@mrprd		  3 TEMP	    3
3546,40234	JCBL		SYSTEM		     3347      w3wp.exe 		 oracle@mrprd		  3 TEMP	    3
3781,23485	JCBL		SYSTEM		     3588      w3wp.exe 		 oracle@mrprd		  3 TEMP	    3
3783,8214	MISRETAIL	oracle		     26858     DBMS_SCHEDULER		 oracle@mrprd (J       7707 TEMP	    2
4014,1511	JCBL		SYSTEM		     3345      w3wp.exe 		 oracle@mrprd		  6 TEMP	    6
4015,13348	JCBL		GINESYS-APP$	     3590      DataSync.API		 oracle@mrprd		  1 TEMP	    1
4250,16434	JCBL		GINESYS-APP$	     3552      DataSync.API		 oracle@mrprd		  1 TEMP	    1
4251,14485	JCBL		SYSTEM		     3349      w3wp.exe 		 oracle@mrprd		  4 TEMP	    4
5195,45971	JCBL		SYSTEM		     3351      w3wp.exe 		 oracle@mrprd		  4 TEMP	    4
5435,47637	JCBL		GINESYS-APP$	     3554      DataSync.API		 oracle@mrprd		  1 TEMP	    1
6848,53892	JCBL		LOCAL SERVICE	     3395      GDS.EventBusRunner.exe	 oracle@mrprd		  1 TEMP	    1
6849,61591	JCBL		SYSTEM		     2922      w3wp.exe 		 oracle@mrprd		  7 TEMP	    6
7086,16597	JCBL		SYSTEM		     2924      w3wp.exe 		 oracle@mrprd		  4 TEMP	    4
714,24766	JCBL		SYSTEM		     2928      w3wp.exe 		 oracle@mrprd		  6 TEMP	    6
7324,40414	JCBL		GINESYS-APP$	     3570      DataSync.API		 oracle@mrprd		  1 TEMP	    1
949,20945	JCBL		SYSTEM		     2461      w3wp.exe 		 oracle@mrprd		  6 TEMP	    6

26 rows selected.

********************************************************************************************************************************************************************
###SESSION USING TEMP###
********************************************************************************************************************************************************************
###UNDO TABLESPACE###
********************************************************************************************************************************************************************

TABLESPACE_NAME 		   SIZEMB    USAGEMB	 FREEMB
------------------------------ ---------- ---------- ----------
UNDOTBS1		       98303.9531  6856.5625 91447.3906

********************************************************************************************************************************************************************
###SESSION USING UNDO###
********************************************************************************************************************************************************************

SID_SERIAL	USERNAME	OSUSER		     PROGRAM		       START_TIME	    ACTIVE_UNDO_SIZE_IN_MB
--------------- --------------- -------------------- ------------------------- -------------------- ----------------------
3783,8214	MISRETAIL	oracle		     oracle@mrprd (J000)       12/31/24 17:26:59		  .2109375

********************************************************************************************************************************************************************
###UNDO SEGMENT STATUS###
********************************************************************************************************************************************************************

TABLESPACE_NAME 	       SIZE_MB	       USAGE_MB        FREE_MB
------------------------------ --------------- --------------- ---------------
UNDOTBS1		       98303.953125    6856.5625       91447.390625


TABLESPACE		       STATUS	 SUM_MB 	 COUNTS
------------------------------ --------- --------------- ---------------
UNDOTBS1		       UNEXPIRED 2371.5 	 610
UNDOTBS1		       EXPIRED	 4469.0625	 739
UNDOTBS1		       ACTIVE	 16		 2

********************************************************************************************************************************************************************
********************************************************************************************************************************************************************
###MV LAST REFRESH TIME###
********************************************************************************************************************************************************************

OWNER		MVIEW_NAME		       LAST_REFRESH_DATE
--------------- ------------------------------ -------------------
JCBL		SITE_MV 		       2024-12-31 17:28:27
JCBL		FACT_POS_SALE_DET_MV	       2024-12-31 17:30:03
JCBL		BOM_MV			       2024-12-31 17:27:47
JCBL		COA_MV			       2024-12-31 17:27:57
JCBL		ADMOU_MV		       2024-12-31 17:28:27
JCBL		CONTROL_SL_MV		       2024-12-31 17:28:27
JCBL		INVGRP_MV		       2024-12-31 17:28:28
JCBL		COST_SHEET_MV		       2024-12-31 17:27:57
JCBL		SITE_DETAIL_MV		       2024-12-31 17:08:01
JCBL		ITEM_MV 		       2024-12-31 17:27:58
JCBL		LEDGER_MV		       2024-12-31 17:27:58
JCBL		POS_CUSTOMER_MV 	       2024-12-31 17:28:27
JCBL		PRICE_CHART_MV		       2024-12-31 17:28:28
JCBL		ROUTE_MV		       2024-12-31 17:28:28
JCBL		SALESPERSON_MV		       2024-12-31 17:28:27

15 rows selected.


no rows selected

********************************************************************************************************************************************************************
### MV LAST REFRESH TIME  ###
********************************************************************************************************************************************************************
###PROGRAM WISE SESSIONS###
********************************************************************************************************************************************************************

PROGRAM 			    TOTAL_SESSIONS ACTIVE_SESSIONS INACTIVE_SESSIONS
----------------------------------- -------------- --------------- -----------------
w3wp.exe					26		 9		  17
GDS.EventBusRunner.exe				 2		 2		   0
oracle@mrprd (J008)				 1		 1		   0
oracle@mrprd (J007)				 1		 1		   0
oracle@mrprd (J001)				 1		 1		   0
oracle@mrprd (J012)				 1		 1		   0
oracle@mrprd (J006)				 1		 1		   0
oracle@mrprd (J013)				 1		 1		   0
oracle@mrprd (J000)				 1		 1		   0
DataSync.API					 3		 1		   2
oracle@mrprd (J010)				 1		 1		   0
oracle@mrprd (J009)				 1		 1		   0
oracle@mrprd (J003)				 1		 1		   0
oracle@mrprd (J005)				 1		 1		   0
sqlplus@mrprd (TNS V1-V3)			 1		 1		   0
oracle@mrprd (J011)				 1		 1		   0
oracle@mrprd (J002)				 1		 1		   0
oracle@mrprd (J014)				 1		 1		   0
oracle@mrprd (J004)				 1		 1		   0
Finance.API					 3		 0		   3
GinApps.Scheduler.exe				 2		 0		   2
eWebReportsScheduler.exe			 2		 0		   2
SMTPMailer.Service.exe				 1		 0		   1
oracle@mrprd (TNS V1-V3)			 1		 0		   1
GNFS.Service.exe				 1		 0		   1
GDS.EventBusRunner				 1		 0		   1
Planning.Service.exe				 1		 0		   1
Toad.exe					 1		 0		   1

28 rows selected.

********************************************************************************************************************************************************************
###TOP CPU CONSUMING SESSION(PROGRAM WISE) START###
********************************************************************************************************************************************************************

      RANK	  SID	 SERIAL# PROGRAM		 CPUMINS LOGON_TIME  ACTION		  EVENT 	       TERMINAL   WAIT_CLASS
---------- ---------- ---------- -------------------- ---------- ----------- -------------------- -------------------- ---------- ---------------
	 1	 4016	   36466 eWebReportsScheduler	  446.82 17-DEC-2024			  SQL*Net message from GINESYS-AP Idle
	 2	 5901	   51820 oracle@mrprd (MMNL)	  131.06 25-NOV-2024			  rdbms ipc message    UNKNOWN	  Idle
	 3	 5665	   63790 oracle@mrprd (MMON)	   87.58 25-NOV-2024			  rdbms ipc message    UNKNOWN	  Idle
	 4	 2125	   43567 oracle@mrprd (DBRM)	   81.23 25-NOV-2024			  rdbms ipc message    UNKNOWN	  Idle
	 5	 5194	   49592 oracle@mrprd (W004)	   35.41 25-NOV-2024 KTSJ Slave 	  Space Manager: slave UNKNOWN	  Idle
	 6	 4959	    5512 oracle@mrprd (W000)	   35.39 25-NOV-2024 KTSJ Slave 	  Space Manager: slave UNKNOWN	  Idle
	 7	 1182	   39148 oracle@mrprd (W001)	   35.11 25-NOV-2024 KTSJ Slave 	  Space Manager: slave UNKNOWN	  Idle
	 8	 2601	   63473 oracle@mrprd (W005)	   35.07 25-NOV-2024 KTSJ Slave 	  Space Manager: slave UNKNOWN	  Idle
	 9	 3070	   31730 oracle@mrprd (W002)	   34.75 25-NOV-2024 KTSJ Slave 	  Space Manager: slave UNKNOWN	  Idle
	10	  948	     471 oracle@mrprd (W003)	   34.67 25-NOV-2024 KTSJ Slave 	  Space Manager: slave UNKNOWN	  Idle

10 rows selected.

###TOP CPU CONSUMING SESSION(PROGRAM WISE) END###
********************************************************************************************************************************************************************
###Today Cube Refresh status START###
********************************************************************************************************************************************************************

      CODE DATACUBE_CODE  CUBE_CODE START_TIM END_TIME	RUN_DURATI CREATOR		STATUS		   ERROR_REASON
---------- ------------- ---------- --------- --------- ---------- -------------------- ------------------ ----------------------------------------
     98770	     108	 13 31-DEC-24 31-DEC-24 00:02:47   Venkat Reddy Marri	Refresh completed
     98767	     108	 13 31-DEC-24 31-DEC-24 00:03:04   Venkat Reddy Marri	Refresh completed
     98769	       9	 24 31-DEC-24 31-DEC-24 00:04:11   Ginesys Team 	Refresh completed
     98768	      73	 25 31-DEC-24 31-DEC-24 00:00:01   Ginesys Team 	Refresh completed
     98765	       9	 24 31-DEC-24 31-DEC-24 00:01:48   Ginesys Team 	Refresh completed
     98764	      73	 25 31-DEC-24 31-DEC-24 00:00:01   Ginesys Team 	Refresh completed
     98763	      18	 26 31-DEC-24 31-DEC-24 00:00:03   Ginesys Team 	Refresh completed
     98766	      18	 26 31-DEC-24 31-DEC-24 00:00:29   Ginesys Team 	Refresh completed
     98762	     108	 13 31-DEC-24 31-DEC-24 00:03:27   Venkat Reddy Marri	Refresh completed
     98761	       9	 24 31-DEC-24 31-DEC-24 00:02:05   Ginesys Team 	Refresh completed
     98760	      73	 25 31-DEC-24 31-DEC-24 00:00:00   Ginesys Team 	Refresh completed
     98759	      18	 26 31-DEC-24 31-DEC-24 00:00:03   Ginesys Team 	Refresh completed

12 rows selected.

###Today Cube Refresh status END###
********************************************************************************************************************************************************************
********************************************************************************************************************************************************************
###CURRENT ARCHIVE GENERATED###
********************************************************************************************************************************************************************

DAY	    NUM_ARCHIVES_GENERATED ARCHIVE_SIZE_GB
----------- ---------------------- ---------------
2024-12-31		       638	     36.23
2024-12-30		      1077	     62.59
2024-12-29		       979		53
2024-12-28		      1352	     81.38
2024-12-27		      1486	      97.9

********************************************************************************************************************************************************************
###CURRENT ARCHIVE GENERATED###
********************************************************************************************************************************************************************
