PRODUCTION SERVER DISK SPACE START
***********************************************************************************************************************
Filesystem                Size  Used Avail Use% Mounted on
/dev/mapper/osvg-root     101G   15G   82G  15% /
devtmpfs                   63G     0   63G   0% /dev
tmpfs                      63G     0   63G   0% /dev/shm
tmpfs                      63G  4.0G   59G   7% /run
tmpfs                      63G     0   63G   0% /sys/fs/cgroup
/dev/sdb2                 922M  134M  725M  16% /boot
/dev/sdb1                 952M  9.8M  942M   2% /boot/efi
/dev/mapper/vg0-backuplv  1.1T  615G  413G  60% /backup
/dev/mapper/osvg-arch     1.5T  181G  1.2T  13% /arch
/dev/mapper/osvg-u01      1.4T  603G  734G  46% /u01
tmpfs                      13G     0   13G   0% /run/user/1001
tmpfs                      13G  4.0K   13G   1% /run/user/42
tmpfs                      13G   36K   13G   1% /run/user/1000
tmpfs                      13G   44K   13G   1% /run/user/0
tmpfs                      13G     0   13G   0% /run/user/984
PRODUCTION SERVER DISK SPACE END
***********************************************************************************************************************
BACKUP SERVER DISK SPACE START
***********************************************************************************************************************
Filesystem             Size  Used Avail Use% Mounted on
devtmpfs                63G     0   63G   0% /dev
tmpfs                   63G     0   63G   0% /dev/shm
tmpfs                   63G  2.1G   61G   4% /run
tmpfs                   63G     0   63G   0% /sys/fs/cgroup
/dev/mapper/rhel-root  101G  8.4G   87G   9% /
/dev/sdb2              976M  140M  770M  16% /boot
/dev/sdb1             1022M   11M 1012M   1% /boot/efi
/dev/sda2              2.0T  611G  1.3T  33% /backup
/dev/sda3              1.5T  181G  1.2T  13% /arch
/dev/sda1              2.0T  698G  1.2T  38% /u01
/dev/mapper/rhel-u03   872G   77M  827G   1% /u03
tmpfs                   13G   12K   13G   1% /run/user/42
tmpfs                   13G     0   13G   0% /run/user/1001
tmpfs                   13G   56K   13G   1% /run/user/0
BACKUP SERVER DISK SPACE END
***********************************************************************************************************************
top - 17:30:06 up 205 days,  1:22,  6 users,  load average: 3.29, 3.66, 3.77
Tasks: 550 total,   6 running, 544 sleeping,   0 stopped,   0 zombie
%Cpu(s): 31.7 us,  3.7 sy,  0.0 ni, 64.6 id,  0.0 wa,  0.0 hi,  0.0 si,  0.0 st
KiB Mem : 13173805+total,  2638716 free,  7712208 used, 12138713+buff/cache
KiB Swap: 12500172+total, 11561036+free,  9391356 used. 63103576 avail Mem 

   PID USER      PR  NI    VIRT    RES    SHR S  %CPU %MEM     TIME+ COMMAND
 60225 oracle    20   0   60.4g   2.7g   2.6g R 100.0  2.1   0:49.53 oracle_60+
 75709 oracle    20   0   60.4g 261196 247288 R 100.0  0.2   0:05.79 oracle_75+
 76076 oracle    20   0   60.3g   1.6g   1.6g R 100.0  1.3   0:03.20 ora_j003_+
 76078 oracle    20   0   60.3g   6.2g   6.2g R 100.0  5.0   0:03.29 ora_j004_+
143335 oracle    20   0   60.4g  39.1g  39.1g R 100.0 31.1  20:02.60 ora_j000_+
 42081 polkitd   20   0  620420  13400   4372 S  12.5  0.0  16993:20 polkitd
 10272 dbus      20   0   63720   4600   1636 S   6.2  0.0  14440:50 dbus-daem+
 29037 root      20   0  398256   4776   2972 S   6.2  0.0 729:46.57 accounts-+
 76265 oracle    20   0  162412   2448   1536 R   6.2  0.0   0:00.01 top
     1 root      20   0  192184   3644   2096 S   0.0  0.0 117:32.26 systemd
     2 root      20   0       0      0      0 S   0.0  0.0   0:06.13 kthreadd
     3 root      20   0       0      0      0 S   0.0  0.0  12:18.21 ksoftirqd+
     5 root       0 -20       0      0      0 S   0.0  0.0   0:00.00 kworker/0+
********************************************************************************************************************************************************************
###LONG RUNNING QUERY FOR MORE THAN ONE MINUTE###
********************************************************************************************************************************************************************

USERNAME			      SID    SERIAL# MINS_RUNNING
------------------------------ ---------- ---------- ------------
SKXR				      119	4287   8.01666667


USERNAME   SID	 SERIA MINS_RUNNING PROGRAM		 SQL_ID        ADDRESS		TERMINAL	     ACTION		  EVENT 	       LOGON_TIME	    WAIT_CLASS
---------- ----- ----- ------------ -------------------- ------------- ---------------- -------------------- -------------------- -------------------- -------------------- ---------------
SKXR	   119	 4287	 8.08333333 oracle@prd (J000)	 39nnjnrx8n560 0000000EFFA76828 UNKNOWN 	     OLAP_MV_REFRESH_JOB  db file scattered re 31-DEC-2024 17:22:05 User I/O

********************************************************************************************************************************************************************
###LONG RUNNING QUERY FOR MORE THAN ONE MINUTE###
********************************************************************************************************************************************************************
********************************************************************************************************************************************************************
###LOCKING SESSION###
********************************************************************************************************************************************************************

no rows selected


no rows selected

********************************************************************************************************************************************************************
###LOCKING SESSION###
********************************************************************************************************************************************************************
********************************************************************************************************************************************************************
###TEMP TABLESPACE###
********************************************************************************************************************************************************************

TABLESPACE			 MB_TOTAL    MB_USED	MB_FREE
------------------------------ ---------- ---------- ----------
TEMP			       32767.9844	  18 32749.9844

********************************************************************************************************************************************************************
###TEMP TABLESPACE###
********************************************************************************************************************************************************************
********************************************************************************************************************************************************************
###SESSION USING TEMP###
********************************************************************************************************************************************************************

SID_SERIAL	USERNAME	OSUSER		     SPID      MODULE			 PROGRAM	    MB_USED TABLESPACE	    STATEMENTS
--------------- --------------- -------------------- --------- ------------------------- --------------- ---------- --------------- ----------
103,55814	SKXR		SYSTEM		     60225     w3wp.exe 		 oracle@prd		  3 TEMP	    3
1058,6915	SKXR		SYSTEM		     73844     w3wp.exe 		 oracle@prd		  3 TEMP	    3
121,47685	SKXR		Saurabh.Pathe	     64592     TOAD 12.9.0.71		 oracle@prd		  1 TEMP	    1
1450,57414	SKXR		SYSTEM		     60218     w3wp.exe 		 oracle@prd		  3 TEMP	    3
203,62491	SKXR		Saurabh.Pathe	     21016     TOAD 12.9.0.71		 oracle@prd		  1 TEMP	    1
314,39491	SKXR		INMUSKXSRIPL$	     71673     DataSync.API		 oracle@prd		  1 TEMP	    1
406,20705	SKXR		administrator	     173538    TOAD 12.9.0.71		 oracle@prd		  1 TEMP	    1
680,37640	SYS		Sagar.Bhati	     37372     TOAD 12.9.0.71		 oracle@prd		  1 TEMP	    1
783,50982	SKXR		SYSTEM		     41001     w3wp.exe 		 oracle@prd		  3 TEMP	    3
973,54420	SKXR		INMUSKXSRIPL$	     76209     DataSync.API		 oracle@prd		  1 TEMP	    1

10 rows selected.

********************************************************************************************************************************************************************
###SESSION USING TEMP###
********************************************************************************************************************************************************************
###UNDO TABLESPACE###
********************************************************************************************************************************************************************

TABLESPACE_NAME 		   SIZEMB    USAGEMB	 FREEMB
------------------------------ ---------- ---------- ----------
UNDOTBS1		       32767.9844   626.6875 32141.2969

********************************************************************************************************************************************************************
###SESSION USING UNDO###
********************************************************************************************************************************************************************

SID_SERIAL	USERNAME	OSUSER		     PROGRAM		       START_TIME	    ACTIVE_UNDO_SIZE_IN_MB
--------------- --------------- -------------------- ------------------------- -------------------- ----------------------
119,4287	SKXR		oracle		     oracle@prd (J000)	       12/31/24 17:29:08		  .0078125

********************************************************************************************************************************************************************
###UNDO SEGMENT STATUS###
********************************************************************************************************************************************************************

TABLESPACE_NAME 	       SIZE_MB	       USAGE_MB        FREE_MB
------------------------------ --------------- --------------- ---------------
UNDOTBS1		       32767.984375    626.6875        32141.296875


TABLESPACE		       STATUS	 SUM_MB 	 COUNTS
------------------------------ --------- --------------- ---------------
UNDOTBS1		       UNEXPIRED 301		 178
UNDOTBS1		       EXPIRED	 324.6875	 375
UNDOTBS1		       ACTIVE	 1		 1

********************************************************************************************************************************************************************
********************************************************************************************************************************************************************
###MV LAST REFRESH TIME###
********************************************************************************************************************************************************************

OWNER		MVIEW_NAME		       LAST_REFRESH_DATE
--------------- ------------------------------ -------------------
SKXR		FACT_POS_SALE_DET_MV	       2024-12-31 17:30:06
SKXR		COA_MV			       2024-12-31 17:23:10
SKXR		SITE_DETAIL_MV		       2024-12-31 17:01:01
SKXR		SITE_MV 		       2024-12-31 17:22:08
SKXR		PLN_RANGING_SITE_MV	       2020-12-03 23:15:14
SKXR		ITEM_MV 		       2024-12-31 17:23:23
SKXR		PRICE_CHART_MV		       2024-12-31 17:22:08
SKXR		LEDGER_MV		       2024-12-31 17:23:10
SKXR		POS_CUSTOMER_MV 	       2024-12-31 17:29:09
SKXR		ROUTE_MV		       2024-12-31 17:22:08
SKXR		SALESPERSON_MV		       2024-12-31 17:18:58
SKXR		CONTROL_SL_MV		       2024-12-31 17:24:19
SKXR		ADMOU_MV		       2024-12-31 17:25:18
SKXR		BOM_MV			       2024-12-31 17:22:24
SKXR		COST_SHEET_MV		       2024-12-31 17:23:10
SKXR		FACT_POS_SALE_SUMM_MV	       2020-12-04 04:31:36
SKXR		FACT_SND_SALE_SUMM_MV	       2020-12-04 04:31:40
SKXR		INVGRP_MV		       2024-12-31 17:22:08

18 rows selected.

********************************************************************************************************************************************************************
###MV LAST REFRESH TIME###
********************************************************************************************************************************************************************
********************************************************************************************************************************************************************
###PROGRAM WISE SESSIONS###
********************************************************************************************************************************************************************

PROGRAM 			    TOTAL_SESSIONS ACTIVE_SESSIONS INACTIVE_SESSIONS
----------------------------------- -------------- --------------- -----------------
sqlplus@prd (TNS V1-V3) 			 1		 1		   0
oracle@prd (J003)				 1		 1		   0
oracle@prd (J004)				 1		 1		   0
oracle@prd (J005)				 1		 1		   0
oracle@prd (J001)				 1		 1		   0
oracle@prd (J008)				 1		 1		   0
oracle@prd (J009)				 1		 1		   0
oracle@prd (J012)				 1		 1		   0
w3wp.exe					24		 1		  23
oracle@prd (J010)				 1		 1		   0
oracle@prd (J000)				 1		 1		   0
oracle@prd (J006)				 1		 1		   0
GDS.EventBusRunner				 1		 1		   0
oracle@prd (J007)				 1		 1		   0
oracle@prd (J002)				 1		 1		   0
oracle@prd (J011)				 1		 1		   0
LaunchPad.exe					 6		 0		   6
JDBC Thin Client				20		 0		  20
DataSync.API					 4		 0		   4
LicenseManager.exe				 4		 0		   4
POSRecoveryManager.exe				 1		 0		   1
GinApps.Scheduler.exe				 2		 0		   2
DataExchange.exe				 6		 0		   6
Ginesys.API					 1		 0		   1
LicenseManager.Service.exe			 1		 0		   1
eWebReportsScheduler.exe			 3		 0		   3
oracle@prd (TNS V1-V3)				 1		 0		   1
GDS.EventBusRunner.exe				 1		 0		   1
Toad.exe					 8		 0		   8

29 rows selected.

********************************************************************************************************************************************************************
###PROGRAM WISE SESSIONS###
********************************************************************************************************************************************************************
###TOP CPU CONSUMING SESSION(PROGRAM WISE) START###
********************************************************************************************************************************************************************

      RANK	  SID	 SERIAL# PROGRAM		 CPUMINS LOGON_TIME  ACTION		  EVENT 	       TERMINAL   WAIT_CLASS
---------- ---------- ---------- -------------------- ---------- ----------- -------------------- -------------------- ---------- ---------------
	 1	  110	   16758 JDBC Thin Client	  619.93 11-OCT-2024			  SQL*Net message from unknown	  Idle
	 2	  578	   30563 oracle@prd (MMON)	  190.63 09-JUN-2024			  rdbms ipc message    UNKNOWN	  Idle
	 3	  675	   32609 oracle@prd (MMNL)	  139.44 09-JUN-2024			  rdbms ipc message    UNKNOWN	  Idle
	 4	  865	   14401 oracle@prd (DBRM)	  126.31 09-JUN-2024			  rdbms ipc message    UNKNOWN	  Idle
	 5	  673	   45101 oracle@prd (CJQ0)	   59.35 09-JUN-2024			  rdbms ipc message    UNKNOWN	  Idle
	 6	  119	    4287 oracle@prd (J000)	    7.98 31-DEC-2024 OLAP_MV_REFRESH_JOB  db file scattered re UNKNOWN	  User I/O
	 7	   24	    9034 Toad.exe		    6.57 28-OCT-2024			  SQL*Net message from STOCKINWOR Idle
	 8	   97	   43996 oracle@prd (SMON)	    5.62 09-JUN-2024			  smon timer	       UNKNOWN	  Idle
	 9	  679	   41837 w3wp.exe		    5.22 31-DEC-2024			  SQL*Net message from INMUSKXSRI Idle
	10	 1259	   58533 eWebReportsScheduler	    4.68 17-DEC-2024			  SQL*Net message from INMUSKXSRI Idle

10 rows selected.

###TOP CPU CONSUMING SESSION(PROGRAM WISE) END###
********************************************************************************************************************************************************************
###Today Cube Refresh status START###
********************************************************************************************************************************************************************

      CODE DATACUBE_CODE  CUBE_CODE START_TIM END_TIME	RUN_DURATI CREATOR		STATUS		   ERROR_REASON
---------- ------------- ---------- --------- --------- ---------- -------------------- ------------------ ----------------------------------------
     10136	       5	 14 31-DEC-24 31-DEC-24 00:00:24   Naushad Babwani	Refresh completed
     10135	     109	 94 31-DEC-24 31-DEC-24 00:07:53   Naushad Babwani	Refresh completed
     10134	       5	 14 31-DEC-24 31-DEC-24 00:00:58   Sandeep Mohite	Refresh completed
     10133	     109	 94 31-DEC-24 31-DEC-24 00:08:35   Naushad Babwani	Refresh completed
     10132	     109	 99 31-DEC-24 31-DEC-24 00:07:50   Mohanish		Refresh completed
     10131	      21	102 31-DEC-24 31-DEC-24 00:04:05   Laxmikant Madhav	Refresh completed
     10130	     109	 99 31-DEC-24 31-DEC-24 00:07:18   Mohanish		Refresh completed

7 rows selected.

###Today Cube Refresh status END###
********************************************************************************************************************************************************************
********************************************************************************************************************************************************************
###CURRENT ARCHIVE GENERATED###
********************************************************************************************************************************************************************

DAY	    NUM_ARCHIVES_GENERATED ARCHIVE_SIZE_GB
----------- ---------------------- ---------------
2024-12-31		       373		 7
2024-12-30		      1463	     93.45
2024-12-29		       583	       7.6
2024-12-28		       588	      8.11
2024-12-27		       703	     20.05

********************************************************************************************************************************************************************
###CURRENT ARCHIVE GENERATED###
********************************************************************************************************************************************************************
