PRODUCTION SERVER DISK SPACE START
***********************************************************************************************************************
Filesystem             Size  Used Avail Use% Mounted on
/dev/mapper/rhel-root   92G  7.9G   80G  10% /
devtmpfs                79G     0   79G   0% /dev
tmpfs                   79G     0   79G   0% /dev/shm
tmpfs                   79G  2.1G   77G   3% /run
tmpfs                   79G     0   79G   0% /sys/fs/cgroup
/dev/sda2              922M  149M  710M  18% /boot
/dev/sdb1              2.7T  1.8T  827G  69% /backup
/dev/sdb2              3.6T  1.9T  1.6T  56% /arch
/dev/mapper/rhel-u02   2.3T  1.6T  598G  73% /u02
/dev/mapper/rhel-u01   5.0T  3.0T  1.8T  63% /u01
/dev/mapper/rhel-u03   5.5T  1.1T  4.2T  21% /u03
tmpfs                   16G     0   16G   0% /run/user/1001
tmpfs                   16G   32K   16G   1% /run/user/0
PRODUCTION SERVER DISK SPACE END
***********************************************************************************************************************
BACKUP SERVER DISK SPACE START
***********************************************************************************************************************
Filesystem      Size  Used Avail Use% Mounted on
/dev/sda3        50G   25G   23G  53% /
tmpfs            16G   72K   16G   1% /dev/shm
/dev/sda4       3.5T  2.6T  724G  79% /oracle
/dev/sdb        3.6T  2.8T  625G  83% /oracle2
/dev/sdc        3.6T  3.1T  318G  91% /oracle1
/dev/sdd1       3.6T  2.9T  598G  83% /mnt/usb
BACKUP SERVER DISK SPACE END
***********************************************************************************************************************
top - 19:30:01 up 66 days,  5:53,  2 users,  load average: 5.79, 6.69, 7.31
Tasks: 807 total,  10 running, 797 sleeping,   0 stopped,   0 zombie
%Cpu(s): 23.7 us,  7.0 sy,  0.0 ni, 68.0 id,  1.1 wa,  0.0 hi,  0.3 si,  0.0 st
KiB Mem : 16489044+total,  2893676 free, 30965680 used, 13103108+buff/cache
KiB Swap: 12500172+total, 11831993+free,  6681792 used. 60851948 avail Mem 

  PID USER      PR  NI    VIRT    RES    SHR S  %CPU %MEM     TIME+ COMMAND
 7962 oracle    20   0 75.343g 0.026t 0.026t R 100.0 16.7  15:01.29 ora_j000_g+
 8814 oracle    20   0 75.369g 0.026t 0.025t R 100.0 16.6  12:51.51 ora_j001_g+
15030 oracle    20   0 75.335g 436296 433836 R 100.0  0.3   0:00.39 ora_j003_g+
15025 oracle    20   0  118040   1800   1068 R  94.4  0.0   0:00.19 rsync
14346 oracle    20   0 75.366g 0.022t 0.022t R  83.3 14.3  34:27.40 oracle_143+
15034 oracle    20   0 75.337g 258408 254408 R  83.3  0.2   0:00.31 ora_j005_g+
 9079 oracle    20   0 75.351g 8.885g 8.872g S  77.8  5.7   5:30.35 oracle_907+
15026 oracle    20   0  183252   7296   3540 S  72.2  0.0   0:00.16 ssh
14308 oracle    20   0 75.339g 6.042g 6.037g S  38.9  3.8   0:19.89 ora_j002_g+
15032 oracle    20   0 75.338g 116032 111692 S  38.9  0.1   0:00.23 ora_j004_g+
15038 oracle    20   0 75.336g 151208 148448 S  33.3  0.1   0:00.19 ora_j007_g+
15040 oracle    20   0 75.336g  41184  37772 S  22.2  0.0   0:00.04 ora_j008_g+
14929 oracle    20   0 75.340g 286516 281216 R  16.7  0.2   0:01.97 oracle_149+
********************************************************************************************************************************************************************
###LONG RUNNING QUERY FOR MORE THAN ONE MINUTE###
********************************************************************************************************************************************************************

USERNAME			      SID    SERIAL# MINS_RUNNING
------------------------------ ---------- ---------- ------------
VMHO				      307	7767   3.93333333


USERNAME   SID	 SERIA MINS_RUNNING PROGRAM		 SQL_ID        ADDRESS		TERMINAL	     ACTION		  EVENT 	       LOGON_TIME	    WAIT_CLASS
---------- ----- ----- ------------ -------------------- ------------- ---------------- -------------------- -------------------- -------------------- -------------------- ---------------
VMHO	   307	 7767		4.2 oracle@prddb (J001)  drks5pgsqruh7 00000001022F1FA8 UNKNOWN 	     OLAP_MV_REFRESH_JOB  resmgr:cpu quantum   08-DEC-2024 19:26:06 Scheduler

********************************************************************************************************************************************************************
###LONG RUNNING QUERY FOR MORE THAN ONE MINUTE###
********************************************************************************************************************************************************************
********************************************************************************************************************************************************************
###LOCKING SESSION###
********************************************************************************************************************************************************************

no rows selected


no rows selected

********************************************************************************************************************************************************************
###LOCKING SESSION###
********************************************************************************************************************************************************************
********************************************************************************************************************************************************************
###TEMP TABLESPACE ###
********************************************************************************************************************************************************************

TABLESPACE			 MB_TOTAL    MB_USED	MB_FREE
------------------------------ ---------- ---------- ----------
TEMP			       163837.938	6649 157188.938

********************************************************************************************************************************************************************
###TEMP TABLESPACE ###
********************************************************************************************************************************************************************
********************************************************************************************************************************************************************
###SESSION USING TEMP  ###
********************************************************************************************************************************************************************

SID_SERIAL	USERNAME	OSUSER		     SPID      MODULE			 PROGRAM	    MB_USED TABLESPACE	    STATEMENTS
--------------- --------------- -------------------- --------- ------------------------- --------------- ---------- --------------- ----------
10,24385	VMHO		SYSTEM		     13959     w3wp.exe 		 oracle@prddb		  3 TEMP	    3
1059,19190	VMHO		GINESYS-APP$	     15097     DataSync.API		 oracle@prddb		  1 TEMP	    1
1061,53983	VMHO		GINESYS-APP$	     15158     DataSync.API		 oracle@prddb		  1 TEMP	    1
1065,32836	VMHO		GINESYS-APP$	     12569     Ginesys.API		 oracle@prddb		  1 TEMP	    1
1154,29646	VMHO		GINESYS-APP$	     15160     DataSync.API		 oracle@prddb		  1 TEMP	    1
1256,61601	VMHO		GINESYS-APP$	     15104     DataSync.API		 oracle@prddb		  1 TEMP	    1
1354,27237	VMHO		GINESYS-APP$	     15102     DataSync.API		 oracle@prddb		  1 TEMP	    1
1451,40960	VMHO		GINESYS-APP$	     14951     DataSync.API		 oracle@prddb		  1 TEMP	    1
1531,41033	VMHO		SYSTEM		     27023     POSDxDataGatherer.exe	 oracle@prddb		  2 TEMP	    2
1544,64880	VMHO		GINESYS-APP$	     15072     DataSync.API		 oracle@prddb		  1 TEMP	    1
1622,48975	VMHO		Administrator	     26782     TOAD 12.9.0.71		 oracle@prddb		  1 TEMP	    1
1816,22381	VMHO		GINESYS-APP$	     15106     DataSync.API		 oracle@prddb		  1 TEMP	    1
1908,35997	VMHO		GINESYS-APP$	     15108     DataSync.API		 oracle@prddb		  1 TEMP	    1
1918,30112	VMHO		GINESYS-APP$	     15151     DataSync.API		 oracle@prddb		  1 TEMP	    1
195,22931	VMHO		GINESYS-APP$	     15133     DataSync.API		 oracle@prddb		  1 TEMP	    1
197,24171	VMHO		SYSTEM		     7178      POSDxDataGatherer.exe	 oracle@prddb		  2 TEMP	    2
198,1644	VMHO		GINESYS-APP$	     15087     DataSync.API		 oracle@prddb		  1 TEMP	    1
2020,32467	VMHO		GINESYS-APP$	     15110     DataSync.API		 oracle@prddb		  1 TEMP	    1
2192,3195	VMHO		GINESYS-APP$	     15112     DataSync.API		 oracle@prddb		  1 TEMP	    1
2208,29671	VMHO		SYSTEM		     15067     w3wp.exe 		 oracle@prddb		  3 TEMP	    3
2212,21758	VMHO		GINESYS-APP$	     15156     DataSync.API		 oracle@prddb		  1 TEMP	    1
2299,24412	VMHO		SYSTEM		     9079      POSDxDataGatherer.exe	 oracle@prddb		  2 TEMP	    2
2300,62521	VMHO		GINESYS-APP$	     15145     DataSync.API		 oracle@prddb		  1 TEMP	    1
2473,54250	VMHO		GINESYS-APP$	     15114     DataSync.API		 oracle@prddb		  1 TEMP	    1
2477,28805	VMHO		Administrator	     18652     TOAD 12.9.0.71		 oracle@prddb	       6587 TEMP	    2
2484,61970	VMHO		GINESYS-APP$	     15074     DataSync.API		 oracle@prddb		  2 TEMP	    2
2569,57025	VMHO		GINESYS-APP$	     15078     DataSync.API		 oracle@prddb		  1 TEMP	    1
2591,9366	VMHO		GINESYS-APP$	     14311     Ginesys.API		 oracle@prddb		  1 TEMP	    1
2670,6019	VMHO		GINESYS-APP$	     15080     DataSync.API		 oracle@prddb		  1 TEMP	    1
2672,15286	VMHO		GINESYS-APP$	     15122     DataSync.API		 oracle@prddb		  1 TEMP	    1
2758,5410	VMHO		GINESYS-APP$	     15124     DataSync.API		 oracle@prddb		  1 TEMP	    1
2762,2357	VMHO		GINESYS-APP$	     15082     DataSync.API		 oracle@prddb		  1 TEMP	    1
2777,944	VMHO		GINESYS-APP$	     15147     DataSync.API		 oracle@prddb		  1 TEMP	    1
2868,11824	VMHO		SYSTEM		     8551      POSDxDataGatherer.exe	 oracle@prddb		  1 TEMP	    1
2970,57173	VMHO		GINESYS-APP$	     15085     DataSync.API		 oracle@prddb		  1 TEMP	    1
309,63303	VMHO		SYSTEM		     7594      POSDxDataGatherer.exe	 oracle@prddb		  2 TEMP	    2
383,29887	VMHO		GINESYS-APP$	     15089     DataSync.API		 oracle@prddb		  1 TEMP	    1
491,10080	GINCUSTOM	Administrator	     7032      SQL Developer		 oracle@prddb		  1 TEMP	    1
574,20986	VMHO		GINESYS-APP$	     15091     DataSync.API		 oracle@prddb		  1 TEMP	    1
675,51062	VMHO		SYSTEM		     30629     POSDxDataGatherer.exe	 oracle@prddb		  2 TEMP	    2
682,12765	VMHO		GINESYS-APP$	     15141     DataSync.API		 oracle@prddb		  1 TEMP	    1
683,26875	VMHO		GINESYS-APP$	     15149     DataSync.API		 oracle@prddb		  1 TEMP	    1
768,63536	VMHO		GINESYS-APP$	     15093     DataSync.API		 oracle@prddb		  1 TEMP	    1
783,44495	VMHO		GINESYS-APP$	     15143     DataSync.API		 oracle@prddb		  1 TEMP	    1
8,54569 	VMHO		SYSTEM		     27182     POSDxDataGatherer.exe	 oracle@prddb		  2 TEMP	    2
865,36479	VMHO		GINESYS-APP$	     15095     DataSync.API		 oracle@prddb		  1 TEMP	    1
872,10228	VMHO		SYSTEM		     14346     POSDxDataGatherer.exe	 oracle@prddb		  2 TEMP	    2
879,38658	VMHO		Administrator	     24723     TOAD 12.9.0.71		 oracle@prddb		  1 TEMP	    1
966,10605	VMHO		GINESYS-APP$	     14981     Ginesys.API		 oracle@prddb		  1 TEMP	    1
969,58155	VMHO		SYSTEM		     8071      POSDxDataGatherer.exe	 oracle@prddb		  1 TEMP	    1
973,50302	VMHO		GINESYS-APP$	     15153     DataSync.API		 oracle@prddb		  1 TEMP	    1

51 rows selected.

********************************************************************************************************************************************************************
###SESSION USING TEMP  ###
********************************************************************************************************************************************************************
********************************************************************************************************************************************************************
###MV LAST REFRESH TIME###
********************************************************************************************************************************************************************

OWNER		MVIEW_NAME		       LAST_REFRESH_DATE
--------------- ------------------------------ -------------------
VMHO		COST_SHEET_MV		       2024-12-08 19:26:45
VMHO		INVGRP_MV		       2024-12-08 19:24:40
VMHO		COA_MV_6		       2023-02-04 13:00:19
VMHO		SALESPERSON_MV		       2024-12-08 19:24:22
VMHO		SITE_DETAIL_MV		       2024-12-08 18:48:01
VMHO		ITEM_MV 		       2024-12-08 19:26:46
VMHO		CONTROL_SL_MV		       2024-12-08 19:26:51
VMHO		PLN_RANGING_SITE_MV	       2023-02-04 14:18:15
VMHO		LEDGER_MV		       2024-12-08 19:26:45
VMHO		MV_REP_SITE		       2024-12-08 00:23:06
VMHO		PRICE_CHART_MV		       2024-12-08 19:24:38
VMHO		ROUTE_MV		       2024-12-08 19:24:39
GINCUSTOM	INFOR_PENDING_ORDERS_MV        2020-03-25 13:01:26
VMHO		SITE_MV 		       2024-12-08 19:24:38
VMHO		ADMOU_MV		       2024-12-08 19:27:25
VMHO		BOM_MV			       2024-02-02 18:36:53
VMHO		COA_MV			       2024-12-08 19:26:45
GININTG 	INVSETMAIN_MV		       2024-12-08 19:26:20
VMHO		FACT_POS_SALE_DET_MV	       2024-12-08 19:30:01

19 rows selected.


OWNER		MVIEW_NAME		       LAST_REFRESH_DATE
--------------- ------------------------------ -------------------
VMHO		BOM_MV			       2024-02-02 18:36:53

********************************************************************************************************************************************************************
###MV LAST REFRESH TIME###
********************************************************************************************************************************************************************
********************************************************************************************************************************************************************
###PROGRAM WISE SESSIONS###
********************************************************************************************************************************************************************

PROGRAM 			    TOTAL_SESSIONS ACTIVE_SESSIONS INACTIVE_SESSIONS
----------------------------------- -------------- --------------- -----------------
GDS3.WebhookNotifier.exe			20		 9		  11
POSDxDataGatherer.exe				 9		 9		   0
w3wp.exe					14		 2		  12
DataSync.API					32		 2		  30
Ginesys.API					 3		 1		   2
oracle@prddb (J000)				 1		 1		   0
oracle@prddb (J003)				 1		 1		   0
oracle@prddb (J001)				 1		 1		   0
oracle@prddb (J002)				 1		 1		   0
oracle@prddb (J005)				 1		 1		   0
sqlplus@prddb (TNS V1-V3)			 1		 1		   0
oracle@prddb (J006)				 1		 1		   0
ORACLE.EXE					 1		 0		   1
oracle@dbsrv (TNS V1-V3)			 7		 0		   7
JDBC Thin Client				51		 0		  51
LicenseManager.Service.exe			 1		 0		   1
REPLMain.exe					 1		 0		   1
GINESYSReplenishmentScheduler.exe		 1		 0		   1
eWebReportsScheduler.exe			 7		 0		   7
GDS3.WebhookNotifier				 1		 0		   1
						 1		 0		   1
SQL Developer					 2		 0		   2
Toad.exe					11		 0		  11

23 rows selected.

********************************************************************************************************************************************************************
###PROGRAM WISE SESSIONS###
********************************************************************************************************************************************************************
********************************************************************************************************************************************************************
###TOP CPU CONSUMING SESSION(PROGRAM WISE) START###
********************************************************************************************************************************************************************

      RANK	  SID	 SERIAL# PROGRAM		 CPUMINS LOGON_TIME  ACTION		  EVENT 	       TERMINAL   WAIT_CLASS
---------- ---------- ---------- -------------------- ---------- ----------- -------------------- -------------------- ---------- ---------------
	 1	 2471	   18718 oracle@prddb (MMON)	  633.65 03-OCT-2024			  rdbms ipc message    UNKNOWN	  Idle
	 2	 2091	   61314 oracle@prddb (MMNL)	  400.13 03-OCT-2024			  rdbms ipc message    UNKNOWN	  Idle
	 3	 2002	   57051 eWebReportsScheduler	  179.99 05-DEC-2024			  SQL*Net message from GINESYS-AP Idle
	 4	 2481	   28755 eWebReportsScheduler	   98.98 08-NOV-2024			  SQL*Net message from DESKTOP-C6 Idle
	 5	  856	   20969 oracle@prddb (DBRM)	   80.08 03-OCT-2024			  rdbms ipc message    UNKNOWN	  Idle
	 6	  859	   34340 oracle@prddb (CJQ0)	   45.58 03-OCT-2024			  rdbms ipc message    UNKNOWN	  Idle
	 7	  872	   10228 POSDxDataGatherer.ex	   34.34 08-DEC-2024			  latch free	       GINESYS-AP Other
	 8	 2293	   16219 JDBC Thin Client	   21.25 08-DEC-2024			  SQL*Net message from unknown	  Idle
	 9	 1531	   41033 POSDxDataGatherer.ex	   20.76 08-DEC-2024			  latch free	       GINESYS-AP Other
	10	    8	   54569 POSDxDataGatherer.ex	   20.75 08-DEC-2024			  latch free	       GINESYS-AP Other

10 rows selected.

********************************************************************************************************************************************************************
###TOP CPU CONSUMING SESSION(PROGRAM WISE) END###
********************************************************************************************************************************************************************
###Today Cube Refresh status START###
********************************************************************************************************************************************************************

      CODE DATACUBE_CODE  CUBE_CODE START_TIM END_TIME	RUN_DURATI CREATOR		STATUS		   ERROR_REASON
---------- ------------- ---------- --------- --------- ---------- -------------------- ------------------ ----------------------------------------
     55545	      24       3485 08-DEC-24 08-DEC-24 00:01:10   01-PAWAN KUMAR PRAJA Refresh completed
     55544	      61       2695 08-DEC-24 08-DEC-24 00:02:28   01-Ranjeet Kumar Jha Refresh completed
     55543	      31       3363 08-DEC-24 08-DEC-24 00:44:21   01-PRAVEEN BHANDARI	Refresh completed
     55542	      25       3502 08-DEC-24 08-DEC-24 00:07:45   01-PRAVEEN BHANDARI	Refresh completed
     55541	      22       3493 08-DEC-24 08-DEC-24 00:04:11   01-PRAVEEN BHANDARI	Refresh completed
     55540	      29       3490 08-DEC-24 08-DEC-24 01:00:29   01-PRAVEEN BHANDARI	Refresh completed
     55539	       5       3488 08-DEC-24 08-DEC-24 02:35:33   01-PRAVEEN BHANDARI	Refresh completed
     55538	       4       2528 08-DEC-24 08-DEC-24 01:50:51   01-Bipin Kumar	Refresh completed
     55537	     108       3501 08-DEC-24 08-DEC-24 05:30:30   01-PRAVEEN BHANDARI	Refresh completed
     55536	      21       3366 08-DEC-24 08-DEC-24 01:22:11   01-SATISH TIWARI	Refresh completed

10 rows selected.

###Today Cube Refresh status END###
********************************************************************************************************************************************************************
********************************************************************************************************************************************************************
###CURRENT ARCHIVE GENERATED###
********************************************************************************************************************************************************************

DAY	    NUM_ARCHIVES_GENERATED ARCHIVE_SIZE_GB
----------- ---------------------- ---------------
2024-12-08		       720	    190.91
2024-12-07		      1999	    606.44
2024-12-06		      1728	    523.68
2024-12-05		      1979	    608.87
2024-12-04		      1835	     542.7

********************************************************************************************************************************************************************
###CURRENT ARCHIVE GENERATED###
********************************************************************************************************************************************************************
