PRODUCTION SERVER DISK SPACE START
***********************************************************************************************************************
Filesystem             Size  Used Avail Use% Mounted on
/dev/mapper/rhel-root   92G  7.9G   80G  10% /
devtmpfs                79G     0   79G   0% /dev
tmpfs                   79G  1.7M   79G   1% /dev/shm
tmpfs                   79G  2.3G   77G   3% /run
tmpfs                   79G     0   79G   0% /sys/fs/cgroup
/dev/sda2              922M  149M  710M  18% /boot
/dev/sdb1              2.7T  1.8T  790G  70% /backup
/dev/sdb2              3.6T  1.6T  1.9T  46% /arch
/dev/mapper/rhel-u02   2.3T  1.6T  598G  73% /u02
/dev/mapper/rhel-u01   5.0T  3.1T  1.7T  65% /u01
/dev/mapper/rhel-u03   5.5T  9.6G  5.2T   1% /u03
tmpfs                   16G     0   16G   0% /run/user/1001
tmpfs                   16G   32K   16G   1% /run/user/0
PRODUCTION SERVER DISK SPACE END
***********************************************************************************************************************
BACKUP SERVER DISK SPACE START
***********************************************************************************************************************
Filesystem      Size  Used Avail Use% Mounted on
/dev/sda3        50G   25G   23G  53% /
tmpfs            16G   72K   16G   1% /dev/shm
/dev/sda4       3.5T  2.7T  664G  81% /oracle
/dev/sdb        3.6T  2.8T  627G  82% /oracle2
/dev/sdc        3.6T  2.4T  1.1T  70% /oracle1
/dev/sdd2       4.6T  3.6T  995G  79% /mnt/usb
BACKUP SERVER DISK SPACE END
***********************************************************************************************************************
top - 17:30:01 up 89 days,  3:53,  5 users,  load average: 18.75, 20.52, 18.77
Tasks: 925 total,  20 running, 905 sleeping,   0 stopped,   0 zombie
%Cpu(s): 45.1 us,  9.2 sy,  0.0 ni, 35.0 id, 10.4 wa,  0.0 hi,  0.3 si,  0.0 st
KiB Mem : 16489044+total,   626396 free, 38959200 used, 12530484+buff/cache
KiB Swap: 12500172+total, 11368536+free, 11316368 used. 56088280 avail Mem 

  PID USER      PR  NI    VIRT    RES    SHR S  %CPU %MEM     TIME+ COMMAND
 8007 oracle    20   0 75.381g 0.025t 0.025t R 100.0 16.0   8:31.06 ora_j005_g+
 8310 oracle    20   0 75.356g 7.780g 7.765g R 100.0  4.9   3:17.84 oracle_831+
 9135 oracle    20   0 75.345g 6.745g 6.735g R 100.0  4.3   0:46.01 oracle_913+
16775 oracle    20   0 75.407g 0.030t 0.030t R 100.0 19.8  49:41.92 oracle_167+
 1314 oracle    20   0 75.359g 0.018t 0.018t R  94.4 11.7 131:46.64 oracle_131+
 2971 oracle    20   0 75.400g  57648  34436 R  94.4  0.0 557:35.04 ora_arc0_g+
 5130 oracle    20   0 76.104g 0.021t 0.021t R  94.4 13.9  13:58.24 ora_j001_g+
 8539 oracle    20   0 75.344g 5.966g 5.959g R  94.4  3.8   2:39.43 oracle_853+
 8746 oracle    20   0 75.358g 5.298g 5.291g R  94.4  3.4   2:23.27 oracle_874+
 9199 oracle    20   0 75.341g 3.863g 3.857g R  94.4  2.5   1:12.99 oracle_919+
10512 oracle    20   0 75.376g 2.000g 1.981g R  94.4  1.3   0:35.04 oracle_105+
 4433 oracle    20   0 75.359g 4.371g 4.354g R  83.3  2.8  23:30.78 oracle_443+
 7869 oracle    20   0 75.344g 9.209g 9.201g R  83.3  5.9   4:33.86 oracle_786+
********************************************************************************************************************************************************************
###LONG RUNNING QUERY FOR MORE THAN ONE MINUTE###
********************************************************************************************************************************************************************

USERNAME			      SID    SERIAL# MINS_RUNNING
------------------------------ ---------- ---------- ------------
GINCUSTOM			     2970      20069   178.783333
VMHO				      490      56146   22.9166667
VMHO				      777      22959   14.1666667
VMHO				     1548      55942   3.93333333
INFORSTAGE			      585      14132   1.36666667
GININTG 			      403      16873   1.01666667

6 rows selected.


USERNAME   SID	 SERIA MINS_RUNNING PROGRAM		 SQL_ID        ADDRESS		TERMINAL	     ACTION		  EVENT 	       LOGON_TIME	    WAIT_CLASS
---------- ----- ----- ------------ -------------------- ------------- ---------------- -------------------- -------------------- -------------------- -------------------- ---------------
GINCUSTOM  2970  20069	 179.116667 DtsDebugHost.exe	 cxt302u8th160 00000000F12F9AB0 MANTHAN-DATA				  latch: cache buffers 31-DEC-2024 14:31:13 Concurrency
VMHO	   490	 56146	      23.25 Finance.API 	 229k7pbnhg530 0000000E944C09A8 GINESYS-APP				  db file sequential r 31-DEC-2024 17:01:50 User I/O
VMHO	   777	 22959	       14.5 oracle@prddb (J001)  brgjvtjy1whfr 0000000F932FD8A0 UNKNOWN 	     OUTBOUND_DATA_TRANS_ db file parallel rea 31-DEC-2024 17:15:51 User I/O
GININTG    403	 16873	       1.35 JDBC Thin Client	 4fvvh8unsb8bh 0000000FA4052D38 unknown 				  enq: TX - row lock c 27-DEC-2024 18:41:13 Application

********************************************************************************************************************************************************************
###LONG RUNNING QUERY FOR MORE THAN ONE MINUTE###
********************************************************************************************************************************************************************
********************************************************************************************************************************************************************
###LOCKING SESSION###
********************************************************************************************************************************************************************

BLOCKER 			      SID 'ISBLOCKING'	BLOCKEE 			      SID
------------------------------ ---------- ------------- ------------------------------ ----------
GININTG 			      403  is blocking	GININTG 			     2205
GININTG 			      403  is blocking	GININTG 			     1426
GININTG 			     1426  is blocking	GININTG 			     1047
GININTG 			     1426  is blocking	GININTG 			      196


'BLOCKE SID   SERIAL USERNAME	LOCKWAIT	 STATUS   OSUSER	  MACHINE	  TERMINAL   PROGRAM	LOGON_TIME
------- ----- ------ ---------- ---------------- -------- --------------- --------------- ---------- ---------- -----------
BLOCKEE 1047  39740  GININTG	0000001301D1F458 ACTIVE   Administrator   SUPPLYMINT	  unknown    JDBC Thin	27-DEC-2024
BLOCKEE 1426  21459  GININTG	0000001301CF9C68 ACTIVE   Administrator   SUPPLYMINT	  unknown    JDBC Thin	23-DEC-2024
BLOCKEE 196   42945  GININTG	0000001301CF8720 ACTIVE   Administrator   SUPPLYMINT	  unknown    JDBC Thin	27-DEC-2024
BLOCKEE 2205  41800  GININTG	0000001301D24548 ACTIVE   Administrator   SUPPLYMINT	  unknown    JDBC Thin	23-DEC-2024
BLOCKER 1426  21459  GININTG	0000001301CF9C68 ACTIVE   Administrator   SUPPLYMINT	  unknown    JDBC Thin	23-DEC-2024
BLOCKER 403   16873  GININTG			 ACTIVE   Administrator   SUPPLYMINT	  unknown    JDBC Thin	27-DEC-2024

6 rows selected.

********************************************************************************************************************************************************************
###LOCKING SESSION###
********************************************************************************************************************************************************************
********************************************************************************************************************************************************************
###TEMP TABLESPACE ###
********************************************************************************************************************************************************************

TABLESPACE			 MB_TOTAL    MB_USED	MB_FREE
------------------------------ ---------- ---------- ----------
TEMP			       163837.938	6685 157152.938

********************************************************************************************************************************************************************
###TEMP TABLESPACE ###
********************************************************************************************************************************************************************
********************************************************************************************************************************************************************
###SESSION USING TEMP  ###
********************************************************************************************************************************************************************

SID_SERIAL	USERNAME	OSUSER		     SPID      MODULE			 PROGRAM	    MB_USED TABLESPACE	    STATEMENTS
--------------- --------------- -------------------- --------- ------------------------- --------------- ---------- --------------- ----------
1054,51374	VMHO		GINESYS-APP$	     10916     DataSync.API		 oracle@prddb		  1 TEMP	    1
1060,49328	VMHO		SYSTEM		     10079     w3wp.exe 		 oracle@prddb		  3 TEMP	    3
1063,39780	VMHO		GINESYS-APP$	     10875     DataSync.API		 oracle@prddb		  1 TEMP	    1
107,49411	GINCUSTOM	Administrator	     18247     SQL Developer		 oracle@prddb		  4 TEMP	    4
1071,28367	VMHO		GINESYS-APP$	     10899     DataSync.API		 oracle@prddb		  1 TEMP	    1
1146,24387	VMHO		GINESYS-APP$	     10848     DataSync.API		 oracle@prddb		  1 TEMP	    1
1152,18718	VMHO		GINESYS-APP$	     10902     DataSync.API		 oracle@prddb		  1 TEMP	    1
1163,37432	GINCUSTOM	Administrator	     14690     SQL Developer		 oracle@prddb		  4 TEMP	    4
118,38318	VMHO		SYSTEM		     9140      w3wp.exe 		 oracle@prddb		  3 TEMP	    3
1337,8798	VMHO		GINESYS-APP$	     10904     DataSync.API		 oracle@prddb		  1 TEMP	    1
1436,37244	VMHO		GINESYS-APP$	     10906     DataSync.API		 oracle@prddb		  1 TEMP	    1
1438,24160	VMHO		GINESYS-APP$	     9480      Ginesys.API		 oracle@prddb		  1 TEMP	    1
1451,7671	VMHO		GINESYS-APP$	     10853     DataSync.API		 oracle@prddb		  1 TEMP	    1
1537,34559	VMHO		GINESYS-APP$	     10855     DataSync.API		 oracle@prddb		  1 TEMP	    1
1620,51912	VMHO		GINESYS-APP$	     10871     DataSync.API		 oracle@prddb		  1 TEMP	    1
1622,48975	VMHO		Administrator	     26782     TOAD 12.9.0.71		 oracle@prddb		  1 TEMP	    1
1624,34253	VMHO		Administrator	     4847      TOAD 12.9.0.71		 oracle@prddb		  1 TEMP	    1
1631,38782	VMHO		SYSTEM		     8065      POSDxDataGatherer.exe	 oracle@prddb		  2 TEMP	    2
1638,40391	VMHO		SYSTEM		     8957      POSDxDataGatherer.exe	 oracle@prddb		  1 TEMP	    1
1714,44424	VMHO		GINESYS-APP$	     10925     DataSync.API		 oracle@prddb		  1 TEMP	    1
1715,17822	GINCUSTOM	Administrator	     2808      SQL Developer		 oracle@prddb		  1 TEMP	    1
1823,19007	VMHO		GINESYS-APP$	     10928     Ginesys.API		 oracle@prddb		  1 TEMP	    1
1921,1659	VMHO		SYSTEM		     7612      POSDxDataGatherer.exe	 oracle@prddb		  3 TEMP	    2
197,38580	VMHO		Administrator	     26478     TOAD 12.9.0.71		 oracle@prddb		  1 TEMP	    1
20,42003	VMHO		GINESYS-APP$	     10862     DataSync.API		 oracle@prddb		  1 TEMP	    1
2019,40981	VMHO		GINESYS-APP$	     10860     DataSync.API		 oracle@prddb		  1 TEMP	    1
2026,58865			oracle		     10960     MMON_SLAVE		 oracle@prddb (M	  4 TEMP	    4
2092,18478	GININTG 	Administrator	     31161     TOAD 12.9.0.71		 oracle@prddb		  1 TEMP	    1
2094,15553	VMHO		SYSTEM		     9199      POSDxDataGatherer.exe	 oracle@prddb		  2 TEMP	    2
216,14708	VMHO		GINESYS-APP$	     10885     DataSync.API		 oracle@prddb		  1 TEMP	    1
2199,29673	VMHO		GINESYS-APP$	     10919     DataSync.API		 oracle@prddb		  1 TEMP	    1
2286,52788	VMHO		SYSTEM		     10085     w3wp.exe 		 oracle@prddb		  3 TEMP	    3
2293,2311	VMHO		GINESYS-APP$	     10908     DataSync.API		 oracle@prddb		  1 TEMP	    1
2297,61400	VMHO		Administrator	     21228     TOAD 12.9.0.71		 oracle@prddb		  1 TEMP	    1
2380,40811	GINCUSTOM	Administrator	     4104      SQL Developer		 oracle@prddb		  4 TEMP	    4
2388,46441	VMHO		Administrator	     25270     TOAD 12.9.0.71		 oracle@prddb		  1 TEMP	    1
2403,44986	VMHO		Administrator	     10481     GDS.EventBusRunner.exe	 oracle@prddb		  2 TEMP	    2
2473,32581	VMHO		SYSTEM		     10087     w3wp.exe 		 oracle@prddb		  3 TEMP	    3
2477,28805	VMHO		Administrator	     18652     TOAD 12.9.0.71		 oracle@prddb	       6587 TEMP	    2
2486,2674	VMHO		SYSTEM		     8310      POSDxDataGatherer.exe	 oracle@prddb		  2 TEMP	    2
2499,64891	VMHO		GINESYS-APP$	     10910     DataSync.API		 oracle@prddb		  1 TEMP	    1
2567,2303	GININTG 	Administrator	     26780     TOAD 12.9.0.71		 oracle@prddb		  1 TEMP	    1
2572,58688	VMHO		GINESYS-APP$	     10858     DataSync.API		 oracle@prddb		  1 TEMP	    1
2767,49417	VMHO		GINESYS-APP$	     10921     DataSync.API		 oracle@prddb		  1 TEMP	    1
2775,48885	VMHO		GINESYS-APP$	     10869     DataSync.API		 oracle@prddb		  1 TEMP	    1
2860,20138	VMHO		GINESYS-APP$	     10873     DataSync.API		 oracle@prddb		  1 TEMP	    1
2947,50086	VMHO		GINESYS-APP$	     10877     DataSync.API		 oracle@prddb		  1 TEMP	    1
2964,50282	VMHO		SYSTEM		     9135      w3wp.exe 		 oracle@prddb		  3 TEMP	    3
306,6059	VMHO		SYSTEM		     10089     w3wp.exe 		 oracle@prddb		  3 TEMP	    3
385,57938	VMHO		GINESYS-APP$	     10864     DataSync.API		 oracle@prddb		  1 TEMP	    1
399,27003	VMHO		GINESYS-APP$	     10881     DataSync.API		 oracle@prddb		  1 TEMP	    1
405,49742	VMHO		SYSTEM		     9142      w3wp.exe 		 oracle@prddb		  4 TEMP	    4
489,40122	VMHO		GINESYS-APP$	     10912     DataSync.API		 oracle@prddb		  1 TEMP	    1
496,37658	VMHO		GINESYS-APP$	     10923     DataSync.API		 oracle@prddb		  1 TEMP	    1
666,17548	VMHO		GINESYS-APP$	     10891     DataSync.API		 oracle@prddb		  1 TEMP	    1
774,40055	VMHO		GINESYS-APP$	     10914     DataSync.API		 oracle@prddb		  1 TEMP	    1
780,56913	VMHO		SYSTEM		     8746      POSDxDataGatherer.exe	 oracle@prddb		  1 TEMP	    1
787,3946	VMHO		SYSTEM		     7796      w3wp.exe 		 oracle@prddb		  4 TEMP	    4
953,43239	VMHO		SYSTEM		     8539      POSDxDataGatherer.exe	 oracle@prddb		  1 TEMP	    1
955,26694	VMHO		GINESYS-APP$	     10895     DataSync.API		 oracle@prddb		  1 TEMP	    1
974,57743	VMHO		SYSTEM		     7869      POSDxDataGatherer.exe	 oracle@prddb		  2 TEMP	    2
976,54414	VMHO		GINESYS-APP$	     10867     DataSync.API		 oracle@prddb		  1 TEMP	    1

62 rows selected.

********************************************************************************************************************************************************************
###SESSION USING TEMP  ###
********************************************************************************************************************************************************************
********************************************************************************************************************************************************************
###MV LAST REFRESH TIME###
********************************************************************************************************************************************************************

OWNER		MVIEW_NAME		       LAST_REFRESH_DATE
--------------- ------------------------------ -------------------
VMHO		COST_SHEET_MV		       2024-12-31 17:29:06
VMHO		INVGRP_MV		       2024-12-31 17:30:08
VMHO		COA_MV_6		       2023-02-04 13:00:19
VMHO		SALESPERSON_MV		       2024-12-31 17:29:50
VMHO		SITE_DETAIL_MV		       2024-12-31 16:48:04
VMHO		ITEM_MV 		       2024-12-31 17:29:07
VMHO		CONTROL_SL_MV		       2024-12-31 17:29:28
VMHO		PLN_RANGING_SITE_MV	       2023-02-04 14:18:15
VMHO		LEDGER_MV		       2024-12-31 17:29:07
VMHO		MV_REP_SITE		       2024-12-31 00:23:08
VMHO		PRICE_CHART_MV		       2024-12-31 17:30:08
VMHO		ROUTE_MV		       2024-12-31 17:30:08
GINCUSTOM	INFOR_PENDING_ORDERS_MV        2020-03-25 13:01:26
VMHO		SITE_MV 		       2024-12-31 17:30:08
VMHO		ADMOU_MV		       2024-12-31 17:29:31
VMHO		BOM_MV			       2024-02-02 18:36:53
VMHO		COA_MV			       2024-12-31 17:29:06
GININTG 	INVSETMAIN_MV		       2024-12-31 17:25:47
VMHO		FACT_POS_SALE_DET_MV	       2024-12-31 17:30:04

19 rows selected.


OWNER		MVIEW_NAME		       LAST_REFRESH_DATE
--------------- ------------------------------ -------------------
VMHO		BOM_MV			       2024-02-02 18:36:53

********************************************************************************************************************************************************************
###MV LAST REFRESH TIME###
********************************************************************************************************************************************************************
********************************************************************************************************************************************************************
###PROGRAM WISE SESSIONS###
********************************************************************************************************************************************************************

PROGRAM 			    TOTAL_SESSIONS ACTIVE_SESSIONS INACTIVE_SESSIONS
----------------------------------- -------------- --------------- -----------------
POSDxDataGatherer.exe				 8		 8		   0
JDBC Thin Client			       100		 6		  94
Finance.API					 3		 2		   1
sqlplus@prddb (TNS V1-V3)			 2		 1		   1
oracle@prddb (J005)				 1		 1		   0
oracle@prddb (J001)				 1		 1		   0
oracle@prddb (J003)				 1		 1		   0
w3wp.exe					22		 1		  21
DtsDebugHost.exe				 1		 1		   0
oracle@prddb (J002)				 1		 1		   0
oracle@prddb (J008)				 1		 1		   0
oracle@prddb (J000)				 1		 1		   0
oracle@prddb (J004)				 1		 1		   0
GDS3.WebhookNotifier.exe			17		 0		  17
oracle@dbserver (TNS V1-V3)			 7		 0		   7
oracle@dbsrv (TNS V1-V3)			18		 0		  18
LaunchPad.exe					 2		 0		   2
DataSync.API					30		 0		  30
Ginesys.API					 2		 0		   2
DataExchange.exe				 3		 0		   3
GDS.EventBusRunner				 1		 0		   1
LicenseManager.Service.exe			 1		 0		   1
REPLMain.exe					 1		 0		   1
eWebReportsScheduler.exe			 7		 0		   7
GINESYSReplenishmentScheduler.exe		 1		 0		   1
						 1		 0		   1
GDS.EventBusRunner.exe				 1		 0		   1
GDS3.WebhookNotifier				 4		 0		   4
Toad.exe					13		 0		  13
ORACLE.EXE					 3		 0		   3
SQL Developer					 6		 0		   6

31 rows selected.

********************************************************************************************************************************************************************
###PROGRAM WISE SESSIONS###
********************************************************************************************************************************************************************
********************************************************************************************************************************************************************
###TOP CPU CONSUMING SESSION(PROGRAM WISE) START###
********************************************************************************************************************************************************************

      RANK	  SID	 SERIAL# PROGRAM		 CPUMINS LOGON_TIME  ACTION		  EVENT 	       TERMINAL   WAIT_CLASS
---------- ---------- ---------- -------------------- ---------- ----------- -------------------- -------------------- ---------- ---------------
	 1	 2471	   18718 oracle@prddb (MMON)	  857.56 03-OCT-2024			  rdbms ipc message    UNKNOWN	  Idle
	 2	 2205	   41800 JDBC Thin Client	  783.09 23-DEC-2024			  latch: cache buffers unknown	  Other
	 3	 2091	   61314 oracle@prddb (MMNL)	  538.97 03-OCT-2024			  rdbms ipc message    UNKNOWN	  Idle
	 4	 2289	    1593 eWebReportsScheduler	  334.26 26-DEC-2024			  SQL*Net message from GINESYS-AP Idle
	 5	 2481	   28755 eWebReportsScheduler	   298.3 08-NOV-2024			  SQL*Net message from DESKTOP-C6 Idle
	 6	 1426	   21459 JDBC Thin Client	  224.68 23-DEC-2024			  enq: TX - row lock c unknown	  Application
	 7	 1715	   17822 SQL Developer		   167.9 26-DEC-2024			  SQL*Net message from unknown	  Idle
	 8	 2388	   46441 Toad.exe		   152.9 23-DEC-2024			  SQL*Net message from GSL-DESKTO Idle
	 9	 2970	   20069 DtsDebugHost.exe	  128.97 31-DEC-2024			  latch: cache buffers MANTHAN-DA Concurrency
	10	  196	   42945 JDBC Thin Client	  112.45 27-DEC-2024			  enq: TX - row lock c unknown	  Application

10 rows selected.

********************************************************************************************************************************************************************
###TOP CPU CONSUMING SESSION(PROGRAM WISE) END###
********************************************************************************************************************************************************************
###Today Cube Refresh status START###
********************************************************************************************************************************************************************

      CODE DATACUBE_CODE  CUBE_CODE START_TIM END_TIME	RUN_DURATI CREATOR		STATUS		   ERROR_REASON
---------- ------------- ---------- --------- --------- ---------- -------------------- ------------------ ----------------------------------------
     55793	      24       3485 31-DEC-24 31-DEC-24 00:00:34   01-PAWAN KUMAR PRAJA Refresh completed
     55792	      61       2695 31-DEC-24 31-DEC-24 00:03:08   01-Ranjeet Kumar Jha Refresh completed
     55791	      31       3363 31-DEC-24 31-DEC-24 01:30:16   01-PRAVEEN BHANDARI	Refresh completed
     55790	      25       3502 31-DEC-24 31-DEC-24 00:07:39   01-PRAVEEN BHANDARI	Refresh completed
     55789	      22       3493 31-DEC-24 31-DEC-24 00:04:11   01-PRAVEEN BHANDARI	Refresh completed
     55788	      29       3490 31-DEC-24 31-DEC-24 01:09:31   01-PRAVEEN BHANDARI	Refresh completed
     55787	       5       3488 31-DEC-24 31-DEC-24 02:16:23   01-PRAVEEN BHANDARI	Refresh completed
     55786	       4       2528 31-DEC-24 31-DEC-24 01:45:47   01-Bipin Kumar	Refresh completed
     55785	     108       3501 31-DEC-24 31-DEC-24 06:49:36   01-PRAVEEN BHANDARI	Refresh completed
     55784	      21       3366 31-DEC-24 31-DEC-24 01:24:38   01-SATISH TIWARI	Refresh completed

10 rows selected.

###Today Cube Refresh status END###
********************************************************************************************************************************************************************
********************************************************************************************************************************************************************
###CURRENT ARCHIVE GENERATED###
********************************************************************************************************************************************************************

DAY	    NUM_ARCHIVES_GENERATED ARCHIVE_SIZE_GB
----------- ---------------------- ---------------
2024-12-31		      1261	     376.6
2024-12-30		      1974	    604.58
2024-12-29		      1107	    299.76
2024-12-28		      1131	    315.24
2024-12-27		      2293	    726.15

********************************************************************************************************************************************************************
###CURRENT ARCHIVE GENERATED###
********************************************************************************************************************************************************************
