PRODUCTION SERVER DISK SPACE
********************************************************************************************************************************************************************

Filesystem             Size  Used Avail Use% Mounted on
devtmpfs                63G     0   63G   0% /dev
tmpfs                   63G  1.7M   63G   1% /dev/shm
tmpfs                   63G  4.1G   59G   7% /run
tmpfs                   63G     0   63G   0% /sys/fs/cgroup
/dev/mapper/rhel-root   99G  9.6G   84G  11% /
/dev/sda2              976M  190M  720M  21% /boot
/dev/sdb2              1.3T  310G  859G  27% /arch
/dev/sda1             1022M  8.4M 1014M   1% /boot/efi
/dev/sdb1              1.4T  1.1T  282G  79% /backup
/dev/mapper/rhel-u02   1.6T   75G  1.5T   5% /u02
/dev/mapper/rhel-u01   1.7T  1.3T  375G  77% /u01
tmpfs                   13G     0   13G   0% /run/user/1001
tmpfs                   13G   44K   13G   1% /run/user/0
PRODUCTION SERVER DISK SPACE
********************************************************************************************************************************************************************
BACKUP SERVER DISK SPACE START
********************************************************************************************************************************************************************
Filesystem               Size  Used Avail Use% Mounted on
devtmpfs                  55G     0   55G   0% /dev
tmpfs                     55G     0   55G   0% /dev/shm
tmpfs                     55G  4.1G   51G   8% /run
tmpfs                     55G     0   55G   0% /sys/fs/cgroup
/dev/mapper/rhel00-root   99G   33G   61G  36% /
/dev/sda2                976M  242M  667M  27% /boot
/dev/sda1               1022M  8.4M 1014M   1% /boot/efi
/dev/mapper/rhel-home    1.3T  704G  497G  59% /backup
/dev/mapper/rhel00-u01   1.7T  1.2T  402G  75% /u01
/dev/mapper/rhel00-arch  966G  328G  590G  36% /arch
tmpfs                     11G   88K   11G   1% /run/user/0
tmpfs                     11G     0   11G   0% /run/user/1001
BACKUP SERVER DISK SPACE END
********************************************************************************************************************************************************************
PRODUCTION LOAD
********************************************************************************************************************************************************************

top - 22:30:01 up 263 days,  7:04,  4 users,  load average: 0.03, 0.10, 0.22
Tasks: 1188 total,   3 running, 1185 sleeping,   0 stopped,   0 zombie
%Cpu(s):  2.0 us,  0.6 sy,  0.0 ni, 97.4 id,  0.0 wa,  0.0 hi,  0.0 si,  0.0 st
KiB Mem : 13142464+total,  3414100 free,  8703008 used, 11930752+buff/cache
KiB Swap: 13421772+total, 12175000+free, 12467724 used. 76920384 avail Mem 

   PID USER      PR  NI    VIRT    RES    SHR S  %CPU %MEM     TIME+ COMMAND
140265 oracle    20   0   52.0g   6.2g   6.2g R 100.0  5.0   1:57.24 ora_j000_+
145269 oracle    20   0   52.0g 994876 985340 R 100.0  0.8   0:00.88 ora_j002_+
145632 oracle    20   0  163172   3164   1536 R  12.5  0.0   0:00.03 top
  4164 oracle    -2   0   52.0g  13660  13528 S   6.2  0.0   1114:08 ora_vktm_+
145643 oracle    20   0   52.0g  27084  23904 S   6.2  0.0   0:00.01 oracle_14+
     1 root      20   0  191528   3208   1676 S   0.0  0.0   1245:30 systemd
     2 root      20   0       0      0      0 S   0.0  0.0   4:41.59 kthreadd
     4 root       0 -20       0      0      0 S   0.0  0.0   0:00.00 kworker/0+
     6 root      20   0       0      0      0 S   0.0  0.0  30:48.74 ksoftirqd+
     7 root      rt   0       0      0      0 S   0.0  0.0   0:10.50 migration+
     8 root      20   0       0      0      0 S   0.0  0.0   0:00.00 rcu_bh
     9 root      20   0       0      0      0 S   0.0  0.0 267:53.15 rcu_sched
    10 root       0 -20       0      0      0 S   0.0  0.0   0:00.00 lru-add-d+
PRODUCTION LOAD
********************************************************************************************************************************************************************
********************************************************************************************************************************************************************
###LONG RUNNING QUERY FOR MORE THAN ONE MINUTE###
********************************************************************************************************************************************************************

no rows selected


no rows selected

********************************************************************************************************************************************************************
###LONG RUNNING QUERY FOR MORE THAN ONE MINUTE###
********************************************************************************************************************************************************************
********************************************************************************************************************************************************************
###LOCKING SESSION###
********************************************************************************************************************************************************************

no rows selected


no rows selected

********************************************************************************************************************************************************************
###LOCKING SESSION###
********************************************************************************************************************************************************************
********************************************************************************************************************************************************************
###KILLED SESSION###
********************************************************************************************************************************************************************

  COUNT(*) KILL_TIME SESSION_L
---------- --------- ---------
	 1 04-DEC-24 04-DEC-24
	 1 03-DEC-24 03-DEC-24
	 1 01-DEC-24 01-DEC-24
	 3 27-NOV-24 27-NOV-24
	 2 24-NOV-24 24-NOV-24
	 6 17-NOV-24 17-NOV-24
	 2 15-NOV-24 15-NOV-24
	 1 10-NOV-24 10-NOV-24
	 1 28-OCT-24 27-OCT-24
	 7 27-OCT-24 27-OCT-24

10 rows selected.

********************************************************************************************************************************************************************
###KILLED SESSION###
********************************************************************************************************************************************************************
********************************************************************************************************************************************************************
###TEMP TABLESPACE###
********************************************************************************************************************************************************************

TABLESPACE			 MB_TOTAL    MB_USED	MB_FREE
------------------------------ ---------- ---------- ----------
TEMP			       65534.9844	   1 65533.9844

********************************************************************************************************************************************************************
###TEMP TABLESPACE###
********************************************************************************************************************************************************************
********************************************************************************************************************************************************************
###SESSION USING TEMP###
********************************************************************************************************************************************************************

SID_SERIAL	USERNAME	OSUSER		     SPID      MODULE			 PROGRAM	    MB_USED TABLESPACE	    STATEMENTS
--------------- --------------- -------------------- --------- ------------------------- --------------- ---------- --------------- ----------
1677,16992	MMPL		SYSTEM		     145566    GinApps.Scheduler.exe	 oracle@prd		  1 TEMP	    1

********************************************************************************************************************************************************************
###SESSION USING TEMP###
********************************************************************************************************************************************************************
********************************************************************************************************************************************************************
###MV LAST REFRESH TIME###
********************************************************************************************************************************************************************

OWNER		MVIEW_NAME		       LAST_REFRESH_DATE
--------------- ------------------------------ -------------------
MMPL		ADMOU_MV		       2024-12-05 22:27:00
MMPL		BOM_MV			       2024-12-05 22:27:00
MMPL		SITE_MV 		       2024-12-05 22:27:00
MMPL		COA_MV			       2024-12-05 22:27:00
MMPL		CONTROL_SL_MV		       2024-12-05 22:27:00
MMPL		LEDGER_MV		       2024-12-05 22:27:00
MMPL		POS_CUSTOMER_MV 	       2024-12-05 22:27:00
MMPL		PRICE_CHART_MV		       2024-12-05 22:27:00
MMPL		ROUTE_MV		       2024-12-05 22:27:00
MMPL		SALESPERSON_MV		       2024-12-05 22:27:00
MMPL		COST_SHEET_MV		       2024-12-05 22:27:00
MMPL		FACT_POS_SALE_DET_MV	       2024-12-05 22:30:01
MMPL		INVGRP_MV		       2024-12-05 22:27:00
MMPL		ITEM_MV 		       2024-12-05 22:27:00

14 rows selected.


no rows selected

********************************************************************************************************************************************************************
###MV LAST REFRESH TIME###
********************************************************************************************************************************************************************
###PROGRAM WISE SESSIONS###
********************************************************************************************************************************************************************

PROGRAM 			    TOTAL_SESSIONS ACTIVE_SESSIONS INACTIVE_SESSIONS
----------------------------------- -------------- --------------- -----------------
oracle@prd (J002)				 1		 1		   0
oracle@prd (J007)				 1		 1		   0
oracle@prd (J005)				 1		 1		   0
oracle@prd (J004)				 1		 1		   0
oracle@prd (J001)				 1		 1		   0
oracle@prd (J006)				 1		 1		   0
sqlplus@prd (TNS V1-V3) 			 1		 1		   0
oracle@prd (J000)				 1		 1		   0
oracle@prd (J003)				 1		 1		   0
php.exe 					 1		 0		   1
GinApps.Scheduler.exe				 7		 0		   7
LaunchPad.exe					16		 0		  16
LicenseManager.exe				 2		 0		   2
LicenseManager.Service.exe			 1		 0		   1
ORACLE.EXE					12		 0		  12
Toad.exe					 2		 0		   2
w3wp.exe					 4		 0		   4
eWebReportsScheduler.exe			 3		 0		   3
Analytics.exe					15		 0		  15
DataSync.API					 9		 0		   9
JDBC Thin Client				 1		 0		   1
CPOS.SettlementAuthorization.exe		 3		 0		   3

22 rows selected.

********************************************************************************************************************************************************************
###TOP CPU CONSUMING SESSION(PROGRAM WISE) START###
********************************************************************************************************************************************************************

      RANK	  SID	 SERIAL# PROGRAM		 CPUMINS LOGON_TIME  ACTION		  EVENT 	       TERMINAL   WAIT_CLASS
---------- ---------- ---------- -------------------- ---------- ----------- -------------------- -------------------- ---------- ---------------
	 1	 2998	   34469 JDBC Thin Client	 9400.21 26-AUG-2024			  SQL*Net message from unknown	  Idle
	 2	  244	   28203 oracle@prd (DBRM)	  773.93 17-MAR-2024			  rdbms ipc message    UNKNOWN	  Idle
	 3	  973	    9563 oracle@prd (MMON)	  724.99 17-MAR-2024			  rdbms ipc message    UNKNOWN	  Idle
	 4	 1000	   56026 oracle@prd (MMNL)	  388.64 17-MAR-2024			  rdbms ipc message    UNKNOWN	  Idle
	 5	  867	   15799 eWebReportsScheduler	  175.76 15-OCT-2024			  SQL*Net message from GINESYS	  Idle
	 6	 1378	   37322 oracle@prd (CJQ0)	   54.04 17-MAR-2024			  rdbms ipc message    UNKNOWN	  Idle
	 7	 2000	   19421 oracle@prd (W00H)	   39.69 01-APR-2024 KTSJ Slave 	  Space Manager: slave UNKNOWN	  Idle
	 8	 1594	   19595 oracle@prd (W003)	   37.88 17-MAR-2024 KTSJ Slave 	  Space Manager: slave UNKNOWN	  Idle
	 9	 1515	   58690 oracle@prd (W004)	   36.94 18-MAR-2024 KTSJ Slave 	  Space Manager: slave UNKNOWN	  Idle
	10	 1109	   36686 oracle@prd (W00C)	   35.08 26-MAR-2024 KTSJ Slave 	  Space Manager: slave UNKNOWN	  Idle

10 rows selected.

###TOP CPU CONSUMING SESSION(PROGRAM WISE) END###
********************************************************************************************************************************************************************
###Today Cube Refresh status START###
********************************************************************************************************************************************************************

      CODE DATACUBE_CODE  CUBE_CODE START_TIM END_TIME	RUN_DURATI CREATOR		STATUS		   ERROR_REASON
---------- ------------- ---------- --------- --------- ---------- -------------------- ------------------ ----------------------------------------
    130225	       4	979 05-DEC-24 05-DEC-24 00:02:12   Ashok		Refresh completed
    130224	      22	913 05-DEC-24 05-DEC-24 00:00:54   shriya thapa magar	Refresh completed
    130223	      25	954 05-DEC-24 05-DEC-24 00:32:40   Youbaraj Gurung	Refresh completed
    130222	      21	988 05-DEC-24 05-DEC-24 00:18:33   Shriya Magar 	Refresh completed
    130221	      19	917 05-DEC-24 05-DEC-24 00:03:10   shriya thapa magar	Refresh completed
    130220	      21	988 05-DEC-24 05-DEC-24 00:19:17   Shriya Magar 	Refresh completed
    130219	       5       1004 05-DEC-24 05-DEC-24 00:30:57   Shriya Magar 	Refresh completed
    130218	      22	913 05-DEC-24 05-DEC-24 00:00:47   shriya thapa magar	Refresh completed
    130217	      62	937 05-DEC-24 05-DEC-24 00:02:47   Youbaraj Gurung	Refresh completed
    130216	      21	988 05-DEC-24 05-DEC-24 00:19:04   Shriya Magar 	Refresh completed
    130215	       4	979 05-DEC-24 05-DEC-24 00:02:20   Aashish Maharjan	Refresh completed
    130214	      63       1019 05-DEC-24 05-DEC-24 00:05:13   Ashok		Refresh completed
    130213	       4	979 05-DEC-24 05-DEC-24 00:02:15   Anish Tandukar	Refresh completed
    130212	       5       1004 05-DEC-24 05-DEC-24 00:32:54   Anish Tandukar	Refresh completed
    130211	      85	925 05-DEC-24 05-DEC-24 01:05:10   Shriya Magar 	Refresh completed
    130210	      22	913 05-DEC-24 05-DEC-24 00:00:48   shriya thapa magar	Refresh completed
    130209	       4	979 05-DEC-24 05-DEC-24 00:02:20   Aashish Maharjan	Refresh completed
    130208	       5       1004 05-DEC-24 05-DEC-24 00:32:40   Shriya Magar 	Refresh completed
    130207	      24	922 05-DEC-24 05-DEC-24 00:06:25   shriya thapa magar	Refresh completed
    130206	      19	917 05-DEC-24 05-DEC-24 00:03:00   shriya thapa magar	Refresh completed
    130205	      35	916 05-DEC-24 05-DEC-24 00:10:29   Anzali		Refresh completed
    130204	      21	988 05-DEC-24 05-DEC-24 00:19:52   Shriya Magar 	Refresh completed
    130203	      22	913 05-DEC-24 05-DEC-24 00:00:50   shriya thapa magar	Refresh completed
    130202	      24	922 05-DEC-24 05-DEC-24 00:06:15   shriya thapa magar	Refresh completed
    130201	       9	924 05-DEC-24 05-DEC-24 00:07:49   shriya thapa magar	Refresh completed
    130200	       5       1004 05-DEC-24 05-DEC-24 00:30:14   Shriya Magar 	Refresh completed
    130199	      35	916 05-DEC-24 05-DEC-24 00:11:51   Shriya Magar 	Refresh completed
    130198	      22	913 05-DEC-24 05-DEC-24 00:00:58   shriya thapa magar	Refresh completed
    130197	      25	954 05-DEC-24 05-DEC-24 00:36:02   Youbaraj Gurung	Refresh completed
    130196	      29       1027 05-DEC-24 05-DEC-24 00:23:20   Youbaraj Gurung	Refresh completed
    130195	      22	913 05-DEC-24 05-DEC-24 00:00:54   shriya thapa magar	Refresh completed
    130194	      29       1026 05-DEC-24 05-DEC-24 00:01:46   Lalit Tamang 	Refresh completed
    130193	      62	937 05-DEC-24 05-DEC-24 00:02:55   Youbaraj Gurung	Refresh completed
    130192	      21	988 05-DEC-24 05-DEC-24 00:22:57   Shriya Magar 	Refresh completed
    130191	      62	937 05-DEC-24 05-DEC-24 00:02:53   Anish Tandukar	Refresh completed
    130190	      63       1019 05-DEC-24 05-DEC-24 00:04:46   Ashok		Refresh completed
    130189	      24	922 05-DEC-24 05-DEC-24 00:06:23   shriya thapa magar	Refresh completed
    130188	      63       1019 05-DEC-24 05-DEC-24 00:04:57   Lalit Tamang 	Refresh completed
    130187	       4	979 05-DEC-24 05-DEC-24 00:02:24   Aashish Maharjan	Refresh completed
    130186	       5       1004 05-DEC-24 05-DEC-24 00:47:27   Shriya Magar 	Refresh completed
    130185	      13	918 05-DEC-24 05-DEC-24 00:05:51   shriya thapa magar	Refresh completed
    130184	       3	928 05-DEC-24 05-DEC-24 00:03:57   shriya thapa magar	Refresh completed
    130183	      35	916 05-DEC-24 05-DEC-24 00:10:06   shriya thapa magar	Refresh completed
    130182	      21	988 05-DEC-24 05-DEC-24 00:18:37   Shriya Magar 	Refresh completed
    130181	      25	954 05-DEC-24 05-DEC-24 00:31:50   Youbaraj Gurung	Refresh completed
    130180	      24	922 05-DEC-24 05-DEC-24 00:06:34   shriya thapa magar	Refresh completed
    130179	      24	922 05-DEC-24 05-DEC-24 00:05:45   shriya thapa magar	Refresh completed
    130178	      24	922 05-DEC-24 05-DEC-24 00:04:37   shriya thapa magar	Refresh completed

48 rows selected.

###Today Cube Refresh status END###
********************************************************************************************************************************************************************
********************************************************************************************************************************************************************
###CURRENT ARCHIVE GENERATED###
********************************************************************************************************************************************************************

DAY	    NUM_ARCHIVES_GENERATED ARCHIVE_SIZE_GB
----------- ---------------------- ---------------
2024-12-05		       661	      31.7
2024-12-04		      1627	    122.51
2024-12-03		       733	     34.47
2024-12-02		       596	      21.6
2024-12-01		       684	     30.64

********************************************************************************************************************************************************************
###CURRENT ARCHIVE GENERATED###
********************************************************************************************************************************************************************
