
APPLY DATE and TIME
------------------------------
12-31-2024 13:07:01


NAME	  OPEN_MODE	       DATABASE_ROLE
--------- -------------------- ----------------
GINESYS   MOUNTED	       PRIMARY


Archive Applied
------------------------------------------------------------------------
Last Archive Sequence Applied : 2071140

ORA-00279: change 39731592313 generated at 12/31/2024 12:04:01 needed for
thread 1
ORA-00289: suggestion :
/arch/GINESYS/archivelog/2024_12_31/o1_mf_1_2071141_mq744yp9_.arc
ORA-00280: change 39731592313 for thread 1 is in sequence #2071141


ORA-00279: change 39731728664 generated at 12/31/2024 12:05:10 needed for
thread 1
ORA-00289: suggestion :
/arch/GINESYS/archivelog/2024_12_31/o1_mf_1_2071142_mq746ly7_.arc
ORA-00280: change 39731728664 for thread 1 is in sequence #2071142
ORA-00278: log file
'/arch/GINESYS/archivelog/2024_12_31/o1_mf_1_2071141_mq744yp9_.arc' no longer
needed for this recovery


ORA-00279: change 39731736933 generated at 12/31/2024 12:06:02 needed for
thread 1
ORA-00289: suggestion :
/arch/GINESYS/archivelog/2024_12_31/o1_mf_1_2071143_mq74bc26_.arc
ORA-00280: change 39731736933 for thread 1 is in sequence #2071143
ORA-00278: log file
'/arch/GINESYS/archivelog/2024_12_31/o1_mf_1_2071142_mq746ly7_.arc' no longer
needed for this recovery


ORA-00279: change 39731757944 generated at 12/31/2024 12:08:03 needed for
thread 1
ORA-00289: suggestion :
/arch/GINESYS/archivelog/2024_12_31/o1_mf_1_2071144_mq74f9q0_.arc
ORA-00280: change 39731757944 for thread 1 is in sequence #2071144
ORA-00278: log file
'/arch/GINESYS/archivelog/2024_12_31/o1_mf_1_2071143_mq74bc26_.arc' no longer
needed for this recovery


ORA-00279: change 39731771220 generated at 12/31/2024 12:09:37 needed for
thread 1
ORA-00289: suggestion :
/arch/GINESYS/archivelog/2024_12_31/o1_mf_1_2071145_mq74g1y0_.arc
ORA-00280: change 39731771220 for thread 1 is in sequence #2071145
ORA-00278: log file
'/arch/GINESYS/archivelog/2024_12_31/o1_mf_1_2071144_mq74f9q0_.arc' no longer
needed for this recovery


ORA-00279: change 39731777078 generated at 12/31/2024 12:10:01 needed for
thread 1
ORA-00289: suggestion :
/arch/GINESYS/archivelog/2024_12_31/o1_mf_1_2071146_mq74gzqo_.arc
ORA-00280: change 39731777078 for thread 1 is in sequence #2071146
ORA-00278: log file
'/arch/GINESYS/archivelog/2024_12_31/o1_mf_1_2071145_mq74g1y0_.arc' no longer
needed for this recovery


ORA-00279: change 39731781434 generated at 12/31/2024 12:10:31 needed for
thread 1
ORA-00289: suggestion :
/arch/GINESYS/archivelog/2024_12_31/o1_mf_1_2071147_mq74jvqc_.arc
ORA-00280: change 39731781434 for thread 1 is in sequence #2071147
ORA-00278: log file
'/arch/GINESYS/archivelog/2024_12_31/o1_mf_1_2071146_mq74gzqo_.arc' no longer
needed for this recovery


ORA-00279: change 39731797663 generated at 12/31/2024 12:11:31 needed for
thread 1
ORA-00289: suggestion :
/arch/GINESYS/archivelog/2024_12_31/o1_mf_1_2071148_mq74kstq_.arc
ORA-00280: change 39731797663 for thread 1 is in sequence #2071148
ORA-00278: log file
'/arch/GINESYS/archivelog/2024_12_31/o1_mf_1_2071147_mq74jvqc_.arc' no longer
needed for this recovery


ORA-00279: change 39731802866 generated at 12/31/2024 12:12:01 needed for
thread 1
ORA-00289: suggestion :
/arch/GINESYS/archivelog/2024_12_31/o1_mf_1_2071149_mq74m3qh_.arc
ORA-00280: change 39731802866 for thread 1 is in sequence #2071149
ORA-00278: log file
'/arch/GINESYS/archivelog/2024_12_31/o1_mf_1_2071148_mq74kstq_.arc' no longer
needed for this recovery


ORA-00279: change 39731812448 generated at 12/31/2024 12:12:43 needed for
thread 1
ORA-00289: suggestion :
/arch/GINESYS/archivelog/2024_12_31/o1_mf_1_2071150_mq74okdp_.arc
ORA-00280: change 39731812448 for thread 1 is in sequence #2071150
ORA-00278: log file
'/arch/GINESYS/archivelog/2024_12_31/o1_mf_1_2071149_mq74m3qh_.arc' no longer
needed for this recovery


ORA-00279: change 39731824819 generated at 12/31/2024 12:14:01 needed for
thread 1
ORA-00289: suggestion :
/arch/GINESYS/archivelog/2024_12_31/o1_mf_1_2071151_mq74s9t3_.arc
ORA-00280: change 39731824819 for thread 1 is in sequence #2071151
ORA-00278: log file
'/arch/GINESYS/archivelog/2024_12_31/o1_mf_1_2071150_mq74okdp_.arc' no longer
needed for this recovery


ORA-00279: change 39731866330 generated at 12/31/2024 12:16:01 needed for
thread 1
ORA-00289: suggestion :
/arch/GINESYS/archivelog/2024_12_31/o1_mf_1_2071152_mq74x1tw_.arc
ORA-00280: change 39731866330 for thread 1 is in sequence #2071152
ORA-00278: log file
'/arch/GINESYS/archivelog/2024_12_31/o1_mf_1_2071151_mq74s9t3_.arc' no longer
needed for this recovery


ORA-00279: change 39731903802 generated at 12/31/2024 12:18:01 needed for
thread 1
ORA-00289: suggestion :
/arch/GINESYS/archivelog/2024_12_31/o1_mf_1_2071153_mq74zoqn_.arc
ORA-00280: change 39731903802 for thread 1 is in sequence #2071153
ORA-00278: log file
'/arch/GINESYS/archivelog/2024_12_31/o1_mf_1_2071152_mq74x1tw_.arc' no longer
needed for this recovery


ORA-00279: change 39731921937 generated at 12/31/2024 12:19:25 needed for
thread 1
ORA-00289: suggestion :
/arch/GINESYS/archivelog/2024_12_31/o1_mf_1_2071154_mq750sv9_.arc
ORA-00280: change 39731921937 for thread 1 is in sequence #2071154
ORA-00278: log file
'/arch/GINESYS/archivelog/2024_12_31/o1_mf_1_2071153_mq74zoqn_.arc' no longer
needed for this recovery


ORA-00279: change 39731963208 generated at 12/31/2024 12:20:01 needed for
thread 1
ORA-00289: suggestion :
/arch/GINESYS/archivelog/2024_12_31/o1_mf_1_2071155_mq7523qv_.arc
ORA-00280: change 39731963208 for thread 1 is in sequence #2071155
ORA-00278: log file
'/arch/GINESYS/archivelog/2024_12_31/o1_mf_1_2071154_mq750sv9_.arc' no longer
needed for this recovery


ORA-00279: change 39731976516 generated at 12/31/2024 12:20:43 needed for
thread 1
ORA-00289: suggestion :
/arch/GINESYS/archivelog/2024_12_31/o1_mf_1_2071156_mq754ksc_.arc
ORA-00280: change 39731976516 for thread 1 is in sequence #2071156
ORA-00278: log file
'/arch/GINESYS/archivelog/2024_12_31/o1_mf_1_2071155_mq7523qv_.arc' no longer
needed for this recovery


ORA-00279: change 39731987514 generated at 12/31/2024 12:22:01 needed for
thread 1
ORA-00289: suggestion :
/arch/GINESYS/archivelog/2024_12_31/o1_mf_1_2071157_mq7589mk_.arc
ORA-00280: change 39731987514 for thread 1 is in sequence #2071157
ORA-00278: log file
'/arch/GINESYS/archivelog/2024_12_31/o1_mf_1_2071156_mq754ksc_.arc' no longer
needed for this recovery


ORA-00279: change 39732007303 generated at 12/31/2024 12:24:01 needed for
thread 1
ORA-00289: suggestion :
/arch/GINESYS/archivelog/2024_12_31/o1_mf_1_2071158_mq75d18r_.arc
ORA-00280: change 39732007303 for thread 1 is in sequence #2071158
ORA-00278: log file
'/arch/GINESYS/archivelog/2024_12_31/o1_mf_1_2071157_mq7589mk_.arc' no longer
needed for this recovery


ORA-00279: change 39732036179 generated at 12/31/2024 12:26:01 needed for
thread 1
ORA-00289: suggestion :
/arch/GINESYS/archivelog/2024_12_31/o1_mf_1_2071159_mq75hsv4_.arc
ORA-00280: change 39732036179 for thread 1 is in sequence #2071159
ORA-00278: log file
'/arch/GINESYS/archivelog/2024_12_31/o1_mf_1_2071158_mq75d18r_.arc' no longer
needed for this recovery


ORA-00279: change 39732054047 generated at 12/31/2024 12:28:01 needed for
thread 1
ORA-00289: suggestion :
/arch/GINESYS/archivelog/2024_12_31/o1_mf_1_2071160_mq75mkdx_.arc
ORA-00280: change 39732054047 for thread 1 is in sequence #2071160
ORA-00278: log file
'/arch/GINESYS/archivelog/2024_12_31/o1_mf_1_2071159_mq75hsv4_.arc' no longer
needed for this recovery


ORA-00279: change 39732098763 generated at 12/31/2024 12:30:01 needed for
thread 1
ORA-00289: suggestion :
/arch/GINESYS/archivelog/2024_12_31/o1_mf_1_2071161_mq75nrqq_.arc
ORA-00280: change 39732098763 for thread 1 is in sequence #2071161
ORA-00278: log file
'/arch/GINESYS/archivelog/2024_12_31/o1_mf_1_2071160_mq75mkdx_.arc' no longer
needed for this recovery


ORA-00279: change 39732100244 generated at 12/31/2024 12:30:40 needed for
thread 1
ORA-00289: suggestion :
/arch/GINESYS/archivelog/2024_12_31/o1_mf_1_2071162_mq75q3qv_.arc
ORA-00280: change 39732100244 for thread 1 is in sequence #2071162
ORA-00278: log file
'/arch/GINESYS/archivelog/2024_12_31/o1_mf_1_2071161_mq75nrqq_.arc' no longer
needed for this recovery


ORA-00279: change 39732103039 generated at 12/31/2024 12:31:55 needed for
thread 1
ORA-00289: suggestion :
/arch/GINESYS/archivelog/2024_12_31/o1_mf_1_2071163_mq75q98s_.arc
ORA-00280: change 39732103039 for thread 1 is in sequence #2071163
ORA-00278: log file
'/arch/GINESYS/archivelog/2024_12_31/o1_mf_1_2071162_mq75q3qv_.arc' no longer
needed for this recovery


ORA-00279: change 39732106182 generated at 12/31/2024 12:32:01 needed for
thread 1
ORA-00289: suggestion :
/arch/GINESYS/archivelog/2024_12_31/o1_mf_1_2071164_mq75v1nm_.arc
ORA-00280: change 39732106182 for thread 1 is in sequence #2071164
ORA-00278: log file
'/arch/GINESYS/archivelog/2024_12_31/o1_mf_1_2071163_mq75q98s_.arc' no longer
needed for this recovery


ORA-00279: change 39732119136 generated at 12/31/2024 12:34:01 needed for
thread 1
ORA-00289: suggestion :
/arch/GINESYS/archivelog/2024_12_31/o1_mf_1_2071165_mq75ys4q_.arc
ORA-00280: change 39732119136 for thread 1 is in sequence #2071165
ORA-00278: log file
'/arch/GINESYS/archivelog/2024_12_31/o1_mf_1_2071164_mq75v1nm_.arc' no longer
needed for this recovery


ORA-00279: change 39732132780 generated at 12/31/2024 12:36:01 needed for
thread 1
ORA-00289: suggestion :
/arch/GINESYS/archivelog/2024_12_31/o1_mf_1_2071166_mq762kvm_.arc
ORA-00280: change 39732132780 for thread 1 is in sequence #2071166
ORA-00278: log file
'/arch/GINESYS/archivelog/2024_12_31/o1_mf_1_2071165_mq75ys4q_.arc' no longer
needed for this recovery


ORA-00279: change 39732138837 generated at 12/31/2024 12:38:01 needed for
thread 1
ORA-00289: suggestion :
/arch/GINESYS/archivelog/2024_12_31/o1_mf_1_2071167_mq764wqz_.arc
ORA-00280: change 39732138837 for thread 1 is in sequence #2071167
ORA-00278: log file
'/arch/GINESYS/archivelog/2024_12_31/o1_mf_1_2071166_mq762kvm_.arc' no longer
needed for this recovery


ORA-00279: change 39732143655 generated at 12/31/2024 12:39:16 needed for
thread 1
ORA-00289: suggestion :
/arch/GINESYS/archivelog/2024_12_31/o1_mf_1_2071168_mq7663sl_.arc
ORA-00280: change 39732143655 for thread 1 is in sequence #2071168
ORA-00278: log file
'/arch/GINESYS/archivelog/2024_12_31/o1_mf_1_2071167_mq764wqz_.arc' no longer
needed for this recovery


ORA-00279: change 39732145660 generated at 12/31/2024 12:39:55 needed for
thread 1
ORA-00289: suggestion :
/arch/GINESYS/archivelog/2024_12_31/o1_mf_1_2071169_mq7669g2_.arc
ORA-00280: change 39732145660 for thread 1 is in sequence #2071169
ORA-00278: log file
'/arch/GINESYS/archivelog/2024_12_31/o1_mf_1_2071168_mq7663sl_.arc' no longer
needed for this recovery


ORA-00279: change 39732148317 generated at 12/31/2024 12:40:01 needed for
thread 1
ORA-00289: suggestion :
/arch/GINESYS/archivelog/2024_12_31/o1_mf_1_2071170_mq768cy1_.arc
ORA-00280: change 39732148317 for thread 1 is in sequence #2071170
ORA-00278: log file
'/arch/GINESYS/archivelog/2024_12_31/o1_mf_1_2071169_mq7669g2_.arc' no longer
needed for this recovery


ORA-00279: change 39732150744 generated at 12/31/2024 12:41:07 needed for
thread 1
ORA-00289: suggestion :
/arch/GINESYS/archivelog/2024_12_31/o1_mf_1_2071171_mq76b1m3_.arc
ORA-00280: change 39732150744 for thread 1 is in sequence #2071171
ORA-00278: log file
'/arch/GINESYS/archivelog/2024_12_31/o1_mf_1_2071170_mq768cy1_.arc' no longer
needed for this recovery


ORA-00279: change 39732153781 generated at 12/31/2024 12:42:01 needed for
thread 1
ORA-00289: suggestion :
/arch/GINESYS/archivelog/2024_12_31/o1_mf_1_2071172_mq76d9y4_.arc
ORA-00280: change 39732153781 for thread 1 is in sequence #2071172
ORA-00278: log file
'/arch/GINESYS/archivelog/2024_12_31/o1_mf_1_2071171_mq76b1m3_.arc' no longer
needed for this recovery


ORA-00279: change 39732654558 generated at 12/31/2024 12:43:13 needed for
thread 1
ORA-00289: suggestion :
/arch/GINESYS/archivelog/2024_12_31/o1_mf_1_2071173_mq76fs7q_.arc
ORA-00280: change 39732654558 for thread 1 is in sequence #2071173
ORA-00278: log file
'/arch/GINESYS/archivelog/2024_12_31/o1_mf_1_2071172_mq76d9y4_.arc' no longer
needed for this recovery


ORA-00279: change 39732832310 generated at 12/31/2024 12:44:01 needed for
thread 1
ORA-00289: suggestion :
/arch/GINESYS/archivelog/2024_12_31/o1_mf_1_2071174_mq76kkln_.arc
ORA-00280: change 39732832310 for thread 1 is in sequence #2071174
ORA-00278: log file
'/arch/GINESYS/archivelog/2024_12_31/o1_mf_1_2071173_mq76fs7q_.arc' no longer
needed for this recovery


ORA-00279: change 39732850419 generated at 12/31/2024 12:46:01 needed for
thread 1
ORA-00289: suggestion :
/arch/GINESYS/archivelog/2024_12_31/o1_mf_1_2071175_mq76o969_.arc
ORA-00280: change 39732850419 for thread 1 is in sequence #2071175
ORA-00278: log file
'/arch/GINESYS/archivelog/2024_12_31/o1_mf_1_2071174_mq76kkln_.arc' no longer
needed for this recovery


ORA-00279: change 39732864634 generated at 12/31/2024 12:48:01 needed for
thread 1
ORA-00289: suggestion :
/arch/GINESYS/archivelog/2024_12_31/o1_mf_1_2071176_mq76s1po_.arc
ORA-00280: change 39732864634 for thread 1 is in sequence #2071176
ORA-00278: log file
'/arch/GINESYS/archivelog/2024_12_31/o1_mf_1_2071175_mq76o969_.arc' no longer
needed for this recovery


ORA-00279: change 39732879770 generated at 12/31/2024 12:50:01 needed for
thread 1
ORA-00289: suggestion :
/arch/GINESYS/archivelog/2024_12_31/o1_mf_1_2071177_mq76ws8j_.arc
ORA-00280: change 39732879770 for thread 1 is in sequence #2071177
ORA-00278: log file
'/arch/GINESYS/archivelog/2024_12_31/o1_mf_1_2071176_mq76s1po_.arc' no longer
needed for this recovery


ORA-00279: change 39732889573 generated at 12/31/2024 12:52:01 needed for
thread 1
ORA-00289: suggestion :
/arch/GINESYS/archivelog/2024_12_31/o1_mf_1_2071178_mq770cyb_.arc
ORA-00280: change 39732889573 for thread 1 is in sequence #2071178
ORA-00278: log file
'/arch/GINESYS/archivelog/2024_12_31/o1_mf_1_2071177_mq76ws8j_.arc' no longer
needed for this recovery


ORA-00279: change 39733466023 generated at 12/31/2024 12:53:55 needed for
thread 1
ORA-00289: suggestion :
/arch/GINESYS/archivelog/2024_12_31/o1_mf_1_2071179_mq770knw_.arc
ORA-00280: change 39733466023 for thread 1 is in sequence #2071179
ORA-00278: log file
'/arch/GINESYS/archivelog/2024_12_31/o1_mf_1_2071178_mq770cyb_.arc' no longer
needed for this recovery


ORA-00279: change 39733573121 generated at 12/31/2024 12:54:01 needed for
thread 1
ORA-00289: suggestion :
/arch/GINESYS/archivelog/2024_12_31/o1_mf_1_2071180_mq774955_.arc
ORA-00280: change 39733573121 for thread 1 is in sequence #2071180
ORA-00278: log file
'/arch/GINESYS/archivelog/2024_12_31/o1_mf_1_2071179_mq770knw_.arc' no longer
needed for this recovery


ORA-00279: change 39733627351 generated at 12/31/2024 12:56:01 needed for
thread 1
ORA-00289: suggestion :
/arch/GINESYS/archivelog/2024_12_31/o1_mf_1_2071181_mq7781pg_.arc
ORA-00280: change 39733627351 for thread 1 is in sequence #2071181
ORA-00278: log file
'/arch/GINESYS/archivelog/2024_12_31/o1_mf_1_2071180_mq774955_.arc' no longer
needed for this recovery


ORA-00279: change 39733646669 generated at 12/31/2024 12:58:01 needed for
thread 1
ORA-00289: suggestion :
/arch/GINESYS/archivelog/2024_12_31/o1_mf_1_2071182_mq77cpyq_.arc
ORA-00280: change 39733646669 for thread 1 is in sequence #2071182
ORA-00278: log file
'/arch/GINESYS/archivelog/2024_12_31/o1_mf_1_2071181_mq7781pg_.arc' no longer
needed for this recovery


ORA-00279: change 39733653081 generated at 12/31/2024 12:59:58 needed for
thread 1
ORA-00289: suggestion :
/arch/GINESYS/archivelog/2024_12_31/o1_mf_1_2071183_mq77csdp_.arc
ORA-00280: change 39733653081 for thread 1 is in sequence #2071183
ORA-00278: log file
'/arch/GINESYS/archivelog/2024_12_31/o1_mf_1_2071182_mq77cpyq_.arc' no longer
needed for this recovery


ORA-00279: change 39733659151 generated at 12/31/2024 13:00:01 needed for
thread 1
ORA-00289: suggestion :
/arch/GINESYS/archivelog/2024_12_31/o1_mf_1_2071184_mq77dgyt_.arc
ORA-00280: change 39733659151 for thread 1 is in sequence #2071184
ORA-00278: log file
'/arch/GINESYS/archivelog/2024_12_31/o1_mf_1_2071183_mq77csdp_.arc' no longer
needed for this recovery


ORA-00279: change 39733661451 generated at 12/31/2024 13:00:22 needed for
thread 1
ORA-00289: suggestion :
/arch/GINESYS/archivelog/2024_12_31/o1_mf_1_2071185_mq77fvz5_.arc
ORA-00280: change 39733661451 for thread 1 is in sequence #2071185
ORA-00278: log file
'/arch/GINESYS/archivelog/2024_12_31/o1_mf_1_2071184_mq77dgyt_.arc' no longer
needed for this recovery


ORA-00279: change 39733663026 generated at 12/31/2024 13:01:07 needed for
thread 1
ORA-00289: suggestion :
/arch/GINESYS/archivelog/2024_12_31/o1_mf_1_2071186_mq77gzz4_.arc
ORA-00280: change 39733663026 for thread 1 is in sequence #2071186
ORA-00278: log file
'/arch/GINESYS/archivelog/2024_12_31/o1_mf_1_2071185_mq77fvz5_.arc' no longer
needed for this recovery


ORA-00279: change 39733663792 generated at 12/31/2024 13:01:43 needed for
thread 1
ORA-00289: suggestion :
/arch/GINESYS/archivelog/2024_12_31/o1_mf_1_2071187_mq77hkfz_.arc
ORA-00280: change 39733663792 for thread 1 is in sequence #2071187
ORA-00278: log file
'/arch/GINESYS/archivelog/2024_12_31/o1_mf_1_2071186_mq77gzz4_.arc' no longer
needed for this recovery


ORA-00279: change 39733665510 generated at 12/31/2024 13:02:01 needed for
thread 1
ORA-00289: suggestion :
/arch/GINESYS/archivelog/2024_12_31/o1_mf_1_2071188_mq77l90c_.arc
ORA-00280: change 39733665510 for thread 1 is in sequence #2071188
ORA-00278: log file
'/arch/GINESYS/archivelog/2024_12_31/o1_mf_1_2071187_mq77hkfz_.arc' no longer
needed for this recovery


ORA-00279: change 39733667358 generated at 12/31/2024 13:03:28 needed for
thread 1
ORA-00289: suggestion :
/arch/GINESYS/archivelog/2024_12_31/o1_mf_1_2071189_mq77m9kp_.arc
ORA-00280: change 39733667358 for thread 1 is in sequence #2071189
ORA-00278: log file
'/arch/GINESYS/archivelog/2024_12_31/o1_mf_1_2071188_mq77l90c_.arc' no longer
needed for this recovery


ORA-00279: change 39733668274 generated at 12/31/2024 13:04:01 needed for
thread 1
ORA-00289: suggestion :
/arch/GINESYS/archivelog/2024_12_31/o1_mf_1_2071190_%u_.arc
ORA-00280: change 39733668274 for thread 1 is in sequence #2071190
ORA-00278: log file
'/arch/GINESYS/archivelog/2024_12_31/o1_mf_1_2071189_mq77m9kp_.arc' no longer
needed for this recovery


ORA-00308: cannot open archived log
'/arch/GINESYS/archivelog/2024_12_31/o1_mf_1_2071190_%u_.arc'
ORA-27037: unable to obtain file status
Linux-x86_64 Error: 2: No such file or directory
Additional information: 3



Archive Applied
------------------------------------------------------------------------
Last Archive Sequence Applied : 2071189


Finished DATE and TIME
------------------------------
12-31-2024 13:08:12

