********************************************************************************************************************************************************************
###TABLESPACE INFORMATION START###
********************************************************************************************************************************************************************

TABLESPACE_NAME        TOTAL_GB    USED_GB    FREE_GB	TMAXSIZE      USED%
-------------------- ---------- ---------- ---------- ---------- ----------
USERS			     94 	62	   32	      96	 66
INDX			     49 	30	   19	      64	 61
UNDOTBS1		     32 	 1	   31	      32	  3
TEMP			     32 	 0	   32	      32	  0
GINOLAP 		     20 	 7	   13	      32	 35
SYSAUX			     13 	11	    2	      32	 85
SYSTEM			      2 	 1	    1	      32	 50
GIN_TS_NOLOGGING	      2 	 0	    2	      32	  0
GIN_TS_SUMMARY		      2 	 0	    2	      32	  0
GIN_TS_TX_DATA		      2 	 0	    2	      32	  0

10 rows selected.


no rows selected

********************************************************************************************************************************************************************
###TABLESPACE INFORMATION END###
********************************************************************************************************************************************************************
********************************************************************************************************************************************************************
###RMAN BACKUP INFORMATION START###
********************************************************************************************************************************************************************

COMMAND_ID	     START_TIME 	   TIME_TAKEN_DISPLAY	STATUS		INPUT_TYPE    OUTPUT_DEVICE_TYP INPUT_BYTES_DISPLAY  OUTPUT_BYTES_DISPLAY
-------------------- --------------------- -------------------- --------------- ------------- ----------------- -------------------- --------------------
2024-12-31T00:10:01  31-DEC-24 12:10:42 AM 00:06:21		COMPLETED	DB FULL       DISK		  215.25G	       131.24G
2024-12-30T00:10:02  30-DEC-24 12:10:42 AM 00:06:11		COMPLETED	DB FULL       DISK		  215.25G	       131.01G
2024-12-29T00:10:01  29-DEC-24 12:10:43 AM 00:06:00		COMPLETED	DB FULL       DISK		  215.25G	       131.00G
2024-12-28T00:10:01  28-DEC-24 12:10:42 AM 00:06:11		COMPLETED	DB FULL       DISK		  215.25G	       131.18G
2024-12-27T00:10:02  27-DEC-24 12:10:42 AM 00:06:11		COMPLETED	DB FULL       DISK		  215.25G	       131.03G
2024-12-26T00:10:01  26-DEC-24 12:10:41 AM 00:06:11		COMPLETED	DB FULL       DISK		  215.25G	       130.97G
2024-12-25T00:10:02  25-DEC-24 12:10:42 AM 00:06:11		COMPLETED	DB FULL       DISK		  215.25G	       130.89G
2024-12-24T00:10:01  24-DEC-24 12:10:43 AM 00:06:21		COMPLETED	DB FULL       DISK		  215.25G	       130.97G
2024-12-23T00:10:02  23-DEC-24 12:10:45 AM 00:06:21		COMPLETED	DB FULL       DISK		  215.25G	       130.97G
2024-12-22T00:10:01  22-DEC-24 12:10:48 AM 00:06:11		COMPLETED	DB FULL       DISK		  215.25G	       130.95G

10 rows selected.

********************************************************************************************************************************************************************
###RMAN BACKUP INFORMATION END###
********************************************************************************************************************************************************************
********************************************************************************************************************************************************************
### SCHEMA SIZE INFORMATION START ###
********************************************************************************************************************************************************************

OWNER		     SCHEMA_SIZE_MB SCHEMA_SIZE_GB
-------------------- -------------- --------------
SLPL			   86154.19	     84.13
SYS			   11848.63	     11.57
MISRETAIL		    7143.56	      6.98
GINARCHIVE		    7082.69	      6.92
AUDSYS			    1387.19	      1.35
APEX_040200			194	       .19
GINVIEW 		      149.5	       .15
MDSYS			      78.69	       .08
XDB			      69.31	       .07
SYSTEM			      32.19	       .03
ORDDATA 		      16.13	       .02
GININTG 		      14.44	       .01
WMSYS			       7.19	       .01
DVSYS			       4.44		 0
CTXSYS			       3.81		 0
GSMADMIN_INTERNAL	       1.38		 0
DBSNMP				.81		 0
GATEWAY 			.69		 0
OUTLN				.56		 0
ORDSYS				.44		 0
OJVMSYS 			.38		 0
SCOTT				.38		 0
LBACSYS 			.31		 0

23 rows selected.

********************************************************************************************************************************************************************
### SCHEMA SIZE INFORMATION END ###
********************************************************************************************************************************************************************
********************************************************************************************************************************************************************
### DATA DELETION  INFORMATION START ###
********************************************************************************************************************************************************************

OWNER SEGMENT_NAME		     SEGMENT_TY TABLE_NAME		       COLUMN_NAME	    TABLESPA SCHEMA_SIZE_MB SCHEMA_SIZE_GIG
----- ------------------------------ ---------- ------------------------------ -------------------- -------- -------------- ---------------
SLPL  SYS_LOB0002258735C00008$$      LOBSEGMENT GDS2_EVENT_QUEUE_DATA_ARCHIVE  BATCH_DATA	    USERS	   10113.19	       9.88
SLPL  SYS_LOB0000163838C00008$$      LOBSEGMENT GDS2_EVENT_QUEUE_DATA	       BATCH_DATA	    USERS	    3958.19	       3.87
SLPL  PSITE_EMRTRANSACTION_LOG	     TABLE							    USERS	       2905	       2.84
SLPL  SYS_LOB0000095050C00002$$      LOBSEGMENT DXRECEIVEDATA		       FILEDATA 	    USERS	    2596.13	       2.54
SLPL  SYS_LOB0000095047C00002$$      LOBSEGMENT DXSENDDATA		       FILEDATA 	    USERS	    2310.13	       2.26
SLPL  INBOUND_API_LOG		     TABLE							    USERS		876		.86
SLPL  DXSENDDATA		     TABLE							    USERS		857		.84
SLPL  GDS2_EVENT_TRACK_ARCHIVE	     TABLE							    USERS		781		.76
SLPL  GDS2_WEBHOOK_SUCCESS	     TABLE							    USERS		597		.58
SLPL  DXRECEIVEDATA		     TABLE							    USERS		568		.55
SLPL  GDS2_EVENT_QUEUE_ARCHIVE	     TABLE							    USERS		368		.36
SLPL  GDS2_WEBHOOK_FAILURE	     TABLE							    USERS		112		.11
SLPL  GDS2_WEBHOOK_STATS	     TABLE							    USERS		 64		.06
SLPL  SYS_LOB0003573397C00006$$      LOBSEGMENT INBOUND_API_LOG 	       REQUEST_DATA	    USERS	      57.19		.06
SLPL  ADMERRAUDIT		     TABLE							    USERS		 44		.04

15 rows selected.

********************************************************************************************************************************************************************
### DATA DELETION  INFORMATION END ###
********************************************************************************************************************************************************************
********************************************************************************************************************************************************************
### OBJECT INFORMATION ###
********************************************************************************************************************************************************************

SNAP_TIME   OBJECT_NAME 														     BLOCK_CHANGED
----------- -------------------------------------------------------------------------------------------------------------------------------- -------------
24-12-30 15 SEQ$																   3710416
24-12-30 14 SEQ$																   2853040
24-12-30 01 SEQ$																   2795280
24-12-30 23 PSITE_EVENT_TRACKING														   1797248
24-12-30 23 P_PSEV_TRACKING_CODE														   1791648
24-12-30 19 PSITE_EVENT 															   1434480
24-12-30 20 PSITE_EVENT 															   1424368

7 rows selected.

********************************************************************************************************************************************************************
### OBJECT INFORMATION ###
********************************************************************************************************************************************************************
********************************************************************************************************************************************************************
###MOST MODIFIED TABLES###
********************************************************************************************************************************************************************

TABLE_NAME				    INSERTS TIMESTAMP LAST_ANALYZED
---------------------------------------- ---------- --------- ---------------
OBJECT_SEGMENT				      61280 31-DEC-24 27-DEC-24
PROMO_ASSORTMENT_INCLUDE		      33627 31-DEC-24 28-DEC-24
INT$STG_PRMOASTINCL			      30529 31-DEC-24 30-DEC-24
INVSTOCK				      10903 31-DEC-24 28-DEC-24
ADMERRAUDIT				      10709 30-DEC-24 27-DEC-24
PSITE_POSSTLMAUDIT_HO			       6909 30-DEC-24 28-DEC-24
PSITE_POSSTLMAUDIT_POS			       6909 30-DEC-24 28-DEC-24
FINVCHDET				       3409 30-DEC-24 27-DEC-24
FINVCHMAIN				       3404 30-DEC-24 27-DEC-24
FINPOST 				       3224 31-DEC-24 28-DEC-24
FINCOSTTAG				       2850 30-DEC-24 28-DEC-24
PSITE_POSBILLITEM			       2806 30-DEC-24 28-DEC-24
SALCSDET				       2790 30-DEC-24 28-DEC-24
INVPUTDET				       2447 30-DEC-24 27-DEC-24
PRDWIPTRANS				       2420 30-DEC-24 28-DEC-24
TEMP_INVDCSO_CHECK			       2420 30-DEC-24 28-DEC-24
SALORDDET				       2420 30-DEC-24 28-DEC-24
DXRECEIVE				       2312 30-DEC-24 27-DEC-24
DXRECEIVEDATA				       2312 30-DEC-24 27-DEC-24
PRD_RATE_STAGING			       1914 30-DEC-24 27-DEC-24
DXSEND					       1262 31-DEC-24 27-DEC-24
DXSENDDATA				       1262 31-DEC-24 27-DEC-24
INVDCDET				       1249 30-DEC-24 28-DEC-24
TEMP_SALINVDET_STAGING			       1249 30-DEC-24 28-DEC-24
PSITE_EVENT_ARCHIVE			       1227 31-DEC-24 27-DEC-24
SALINVDET				       1143 30-DEC-24 28-DEC-24
SALORDCHG_ITEM				       1085 30-DEC-24 28-DEC-24
PSITE_POSBILLMOP			       1038 30-DEC-24 28-DEC-24
FINPOST_CHECK				       1014 31-DEC-24 28-DEC-24
PSITE_POSBILL					963 30-DEC-24 28-DEC-24
PSITE_POSSTLMDETAIL				962 30-DEC-24 27-DEC-24
FINCOSTTAG_CHECK				947 30-DEC-24 28-DEC-24
PSITE_EVENT_TRACKING				877 31-DEC-24 30-DEC-24
PSITE_WEB_EVENT_ARCHIVE 			876 31-DEC-24 27-DEC-24
SALINVCHG_ITEM					823 30-DEC-24 28-DEC-24
FINJRNDET					756 30-DEC-24 27-DEC-24
PSITE_POSSTLMSTOCKRECO_POS			755 30-DEC-24 27-DEC-24
TEMP_ALLOC_CUSTOMER				719 31-DEC-24 28-DEC-24
PSITE_CUSTOMER_DIST				621 30-DEC-24 28-DEC-24
SALCSMOP					531 30-DEC-24 27-DEC-24
PSITE_CUSTOMER					517 31-DEC-24 28-DEC-24
DXSESSIONLOG					497 31-DEC-24 27-DEC-24
PSITE_POSSTLMSTOCKINFO_HO			473 30-DEC-24 27-DEC-24
PSITE_POSSTLMSTOCKINFO_POS			473 30-DEC-24 27-DEC-24
INVBINSTOCK_ONHAND				465 31-DEC-24 28-DEC-24
HRDEMP_OU					432 30-DEC-24 27-DEC-24
PSITE_POSPAYMOP 				428 30-DEC-24 27-DEC-24
INVSTOCK_ONHAND_AGG				415 31-DEC-24 28-DEC-24
INVSTOCK_LOG					399 31-DEC-24 30-DEC-24
PSITE_GRCCHGITEM				378 30-DEC-24 28-DEC-24

50 rows selected.


TABLE_NAME				    UPDATES TIMESTAMP LAST_ANALYZED
---------------------------------------- ---------- --------- ---------------
INT$STG_PRMOASTINCL			      31806 31-DEC-24 30-DEC-24
TEMP_INVDCSO_CHECK			      15574 30-DEC-24 28-DEC-24
INVSTOCK				      14188 31-DEC-24 28-DEC-24
INVSTOCK_ONHAND_AGG			      10375 31-DEC-24 28-DEC-24
FINPOST 				       9756 31-DEC-24 28-DEC-24
INVSTOCK_ONHAND_STOCKPOINT_AGG		       8632 31-DEC-24 28-DEC-24
FINCOSTTAG_CHECK			       6840 30-DEC-24 28-DEC-24
FINVCHMAIN				       5533 30-DEC-24 27-DEC-24
SALORDDET				       5345 30-DEC-24 28-DEC-24
FINPOST_CHECK				       5309 31-DEC-24 28-DEC-24
PRDJOBBOM				       3134 30-DEC-24 27-DEC-24
PRDJRCBOM				       2867 30-DEC-24 27-DEC-24
DXSEND					       2414 31-DEC-24 27-DEC-24
DXRECEIVE				       2312 30-DEC-24 27-DEC-24
FINVCHDET				       2211 30-DEC-24 27-DEC-24
PRDBOMDET				       1753 30-DEC-24 28-DEC-24
PRDWIPTRANS				       1404 30-DEC-24 28-DEC-24
INVDCDET				       1220 30-DEC-24 28-DEC-24
INVPUTDET				       1050 30-DEC-24 27-DEC-24
DXSESSIONLOG					994 31-DEC-24 27-DEC-24
PSITE_EVENT_TRACKING				754 31-DEC-24 30-DEC-24
PSITE_POSSTLM					674 30-DEC-24 28-DEC-24
SALCSMAIN					608 30-DEC-24 28-DEC-24
PRDJRCDET					464 30-DEC-24 27-DEC-24
PRDJOBDET					453 30-DEC-24 27-DEC-24
PRDLOTOPERATION 				409 30-DEC-24 28-DEC-24
INVSTOCK_LOG					399 31-DEC-24 30-DEC-24
PURSRVCHG					388 30-DEC-24 27-DEC-24
FINCOSTTAG					378 30-DEC-24 28-DEC-24
INVITEM 					357 30-DEC-24 27-DEC-24
PURSRVMAIN					345 30-DEC-24 27-DEC-24
PRDBOMOPERATION 				324 30-DEC-24 27-DEC-24
GRIDSTATE					323 30-DEC-24 27-DEC-24
SALORDMAIN					304 30-DEC-24 28-DEC-24
PRDWIPDET					267 30-DEC-24 27-DEC-24
ADMSITE 					251 31-DEC-24 30-DEC-24
PSITE_GRT					250 30-DEC-24 27-DEC-24
INVBINSTOCK_ONHAND				247 31-DEC-24 28-DEC-24
RETAILORDDET					234 31-DEC-24 27-DEC-24
INVDCMAIN					230 30-DEC-24 28-DEC-24
INVITEMLASTINWARD				203 30-DEC-24 28-DEC-24
PSITE_PACKET					178 30-DEC-24 28-DEC-24
SALINVMAIN					136 30-DEC-24 28-DEC-24
FINJRNMAIN					131 30-DEC-24 27-DEC-24
RETAILORDMAIN					129 31-DEC-24 27-DEC-24
SALORDCHG					129 30-DEC-24 28-DEC-24
FINJRNDET					114 30-DEC-24 27-DEC-24
INVPICKLISTDET					108 30-DEC-24 28-DEC-24
INVRESERVEDET					 90 31-DEC-24 27-DEC-24
INVPICKLISTCONFIRMDET				 80 30-DEC-24 27-DEC-24

50 rows selected.


TABLE_NAME				    DELETES TIMESTAMP LAST_ANALYZED
---------------------------------------- ---------- --------- ---------------
PROMO_ASSORTMENT_INCLUDE		      32087 31-DEC-24 28-DEC-24
INT$STG_PRMOASTINCL			      16675 31-DEC-24 30-DEC-24
ADMERRAUDIT				       8480 30-DEC-24 27-DEC-24
PRDWIPTRANS				       1747 30-DEC-24 28-DEC-24
INVPUTDET				       1397 30-DEC-24 27-DEC-24
PSITE_EVENT_TRACKING				754 31-DEC-24 30-DEC-24
TEMP_ALLOC_CUSTOMER				703 31-DEC-24 28-DEC-24
INVSTOCK					623 31-DEC-24 28-DEC-24
HRDEMP_OU					432 30-DEC-24 27-DEC-24
INVSTOCK_LOG					399 31-DEC-24 30-DEC-24
FINCOSTTAG					203 30-DEC-24 28-DEC-24
PURSRVCHG					141 30-DEC-24 27-DEC-24
FINPOST 					139 31-DEC-24 28-DEC-24
PURSRVCHG_ITEM					113 30-DEC-24 27-DEC-24
PSITE_POSBILLITEM_PARK				 95 30-DEC-24 30-DEC-24
FINCOSTTAG_CHECK				 76 30-DEC-24 28-DEC-24
FINPOST_CHECK					 75 31-DEC-24 28-DEC-24
PSITE_APPUSER					 71 30-DEC-24 27-DEC-24
PSITE_POSBILLMOP_PARK				 45 30-DEC-24 30-DEC-24
PSITE_POSBILLITEM				 41 30-DEC-24 28-DEC-24
PSITE_POSBILL_PARK				 36 30-DEC-24 30-DEC-24
PSITE_POSSTLMAUDIT_HO				 21 30-DEC-24 28-DEC-24
PSITE_POSSTLMAUDIT_POS				 21 30-DEC-24 28-DEC-24
STAGING_SETTLEMENTDATA				 19 30-DEC-24 30-DEC-24
PSITE_SALESPERSON				 17 29-DEC-24 28-DEC-24
PSITE_POSBILLMOP				 15 30-DEC-24 28-DEC-24
INVTAKEDET					 14 30-DEC-24 27-DEC-24
PSITE_POSBILL					 14 30-DEC-24 28-DEC-24
PSITE_ALLOCATION_DETAIL 			 12 30-DEC-24 27-DEC-24
OLAP_CUBE_REFRESH_HISTORY			  9 31-DEC-24 27-DEC-24
TEMP_PSITE_POSSTLM				  9 31-DEC-24 30-DEC-24
FINTAG						  8 30-DEC-24 27-DEC-24
PSITE_WEB_EVENT 				  6 31-DEC-24 30-DEC-24
STAGING_POSBILLITEM				  6 30-DEC-24 30-DEC-24
OLAP_CUBESET_REFRESH_STATUS			  4 31-DEC-24 28-DEC-24
OLAP_CUBE_SESSION				  2 31-DEC-24 30-DEC-24
STAGING_POSBILLMOP				  2 30-DEC-24 30-DEC-24
STAGING_POSBILL 				  2 30-DEC-24 30-DEC-24
PSITE_POSSTLMSTOCKRECO_POS			  2 30-DEC-24 27-DEC-24
PSITE_POSBILLMOPDENO				  2 30-DEC-24 27-DEC-24
FINVCHDET					  1 30-DEC-24 27-DEC-24
PSITE_POSREPRINTBILLAUDIT			  1 30-DEC-24 27-DEC-24
ADMCMP						  0 31-DEC-24 30-DEC-24
INVGST_EINVOICE 				  0 30-DEC-24 27-DEC-24
INVITEM 					  0 30-DEC-24 27-DEC-24
INVITEMLASTINWARD				  0 30-DEC-24 28-DEC-24
INVLGTNOTE					  0 30-DEC-24 27-DEC-24
INVPICKLISTCONFIRMDET				  0 30-DEC-24 27-DEC-24
INVPICKLISTDET					  0 30-DEC-24 28-DEC-24
INVPICKLISTMAIN 				  0 30-DEC-24 28-DEC-24

50 rows selected.

********************************************************************************************************************************************************************
###MOST MODIFIED TABLES###
********************************************************************************************************************************************************************
********************************************************************************************************************************************************************
###MST_STATTAB LAST ANALYZED ###
********************************************************************************************************************************************************************

TABLE_NAME				 DBA_STATISTICS  DBA_TABLES
---------------------------------------- --------------- ---------------
INVSTOCK_ONHAND_STOCKPOINT_AGG		 28-DEC-24	 28-DEC-24
INVSTOCK				 28-DEC-24	 28-DEC-24
INVSTOCK_ONHAND_AGG			 28-DEC-24	 28-DEC-24
PURINVCHG_ITEM				 28-DEC-24	 28-DEC-24
PURINVCHG				 28-DEC-24	 28-DEC-24
PURINVMAIN				 28-DEC-24	 28-DEC-24
PURINVDET				 28-DEC-24	 28-DEC-24
INVGRCCHG				 28-DEC-24	 28-DEC-24
INVGRCCHG_ITEM				 28-DEC-24	 28-DEC-24
INVGRCMAIN				 28-DEC-24	 28-DEC-24
INVGRCDET				 28-DEC-24	 28-DEC-24
SALCSDET				 28-DEC-24	 28-DEC-24
SALCSMAIN				 28-DEC-24	 28-DEC-24
PSITE_POSBILLITEM			 28-DEC-24	 28-DEC-24
PSITE_POSBILL				 28-DEC-24	 28-DEC-24
PSITE_POSBILLMOP			 28-DEC-24	 28-DEC-24
FINPOST 				 28-DEC-24	 28-DEC-24
INVDCDET				 28-DEC-24	 28-DEC-24
TEMP_INVDCSO_CHECK			 28-DEC-24	 28-DEC-24
TEMP_SALINVDET_STAGING			 28-DEC-24	 28-DEC-24
INVDCMAIN				 28-DEC-24	 28-DEC-24
SALORDDET				 28-DEC-24	 28-DEC-24
SALORDMAIN				 28-DEC-24	 28-DEC-24
SALINVCHG_ITEM				 28-DEC-24	 28-DEC-24
SALINVCHG				 28-DEC-24	 28-DEC-24
SALINVMAIN				 28-DEC-24	 28-DEC-24
SALINVDET				 28-DEC-24	 28-DEC-24
FINPOST_CHECK				 28-DEC-24	 28-DEC-24
TEMP_ALLOC_CUSTOMER			 28-DEC-24	 28-DEC-24
PSITE_GRCCHGITEM			 28-DEC-24	 28-DEC-24
PSITE_GRCITEM				 28-DEC-24	 28-DEC-24
PSITE_GRC				 28-DEC-24	 28-DEC-24
PSITE_GRCCHG				 28-DEC-24	 28-DEC-24
INT$STG_CREATEPO_ALL_FLD		 28-DEC-24	 28-DEC-24
SALORDCHG_ITEM				 28-DEC-24	 28-DEC-24
SALORDCHG				 28-DEC-24	 28-DEC-24
INVITEMLASTINWARD			 28-DEC-24	 28-DEC-24
TEMP_ALLOC_ITEM 			 28-DEC-24	 28-DEC-24
PSITE_AUDITJOURNALITEM			 28-DEC-24	 28-DEC-24
PSITE_AUDITJOURNAL			 28-DEC-24	 28-DEC-24
PURRTMAIN				 28-DEC-24	 28-DEC-24
INT$STG_CREATEITEM_ALL_FLD		 28-DEC-24	 28-DEC-24
PURRTDET				 28-DEC-24	 28-DEC-24
PURRTCHG				 28-DEC-24	 28-DEC-24
PURRTCHG_ITEM				 28-DEC-24	 28-DEC-24
INVGRTMAIN				 28-DEC-24	 28-DEC-24
FINCOSTTAG_CHECK			 28-DEC-24	 28-DEC-24
INVGRTCHG				 28-DEC-24	 28-DEC-24
INVGRTCHG_ITEM				 28-DEC-24	 28-DEC-24
INVGRTDET				 28-DEC-24	 28-DEC-24
FINCOSTTAG				 28-DEC-24	 28-DEC-24
PSITE_ALLOC_ITEM			 28-DEC-24	 28-DEC-24
PSITE_CUSTOMER				 28-DEC-24	 28-DEC-24
INVBARCODELOG				 28-DEC-24	 28-DEC-24
PRDBOMDET				 28-DEC-24	 28-DEC-24
PRDLOTOPERATION 			 28-DEC-24	 28-DEC-24
PSITE_CUSTOMER_DIST			 28-DEC-24	 28-DEC-24
PRDLOTBOM				 28-DEC-24	 28-DEC-24
INVSTOCK_INTRA				 28-DEC-24	 28-DEC-24
PRDWIPTRANS				 28-DEC-24	 28-DEC-24
INVBINSTOCK_ONHAND			 28-DEC-24	 28-DEC-24
SALRTCHG_ITEM				 28-DEC-24	 28-DEC-24
SALRTCHG				 28-DEC-24	 28-DEC-24
SALRTMAIN				 28-DEC-24	 28-DEC-24
SALRTDET				 28-DEC-24	 28-DEC-24
INVSTOCK_ONHAND_INTRA_AGG		 28-DEC-24	 28-DEC-24
PSITE_POSSTLM				 28-DEC-24	 28-DEC-24
PROMO_ASSORTMENT_INCLUDE		 28-DEC-24	 28-DEC-24
PROMO_ASSORTMENT_EXCLUDE		 28-DEC-24	 28-DEC-24
INVPICKLISTDET				 28-DEC-24	 28-DEC-24
PURORDCHG_ITEM				 28-DEC-24	 28-DEC-24
INVPICKLISTMAIN 			 28-DEC-24	 28-DEC-24
PURORDCHG				 28-DEC-24	 28-DEC-24
PSITE_DELIVERYSLIPITEM			 28-DEC-24	 28-DEC-24
PURORDMAIN				 28-DEC-24	 28-DEC-24
PURORDDET				 28-DEC-24	 28-DEC-24
PSITE_POSSTLMAUDIT_POS			 28-DEC-24	 28-DEC-24
PSITE_POSSTLMAUDIT_HO			 28-DEC-24	 28-DEC-24
PSITE_PACKETITEM			 28-DEC-24	 28-DEC-24
PSITE_SALESPERSON			 28-DEC-24	 28-DEC-24
PSITE_PACKET				 28-DEC-24	 28-DEC-24
PSITE_EMRSUBMIT_QUEUE			 28-DEC-24	 28-DEC-24
PSITE_DELIVERYSLIPITEMVOID		 28-DEC-24	 28-DEC-24
INVSTOCK_LOG				 30-DEC-24	 30-DEC-24

84 rows selected.

********************************************************************************************************************************************************************
###MST_STATTAB LAST ANALYZED ###
********************************************************************************************************************************************************************
********************************************************************************************************************************************************************
###Archive INFORMATION START###
********************************************************************************************************************************************************************

NAME		     SPACE_LIMIT SPACE_USED SPACE_RECLIMABLE NUMBER_OF_FILES
-------------------- ----------- ---------- ---------------- ---------------
/arch/			     700	195		 186		7232

********************************************************************************************************************************************************************
###Archive INFORMATION END###
********************************************************************************************************************************************************************
