********************************************************************************************************************************************************************
###TABLESPACE INFORMATION START###
********************************************************************************************************************************************************************

TABLESPACE_NAME        TOTAL_GB    USED_GB    FREE_GB	TMAXSIZE      USED%
-------------------- ---------- ---------- ---------- ---------- ----------
USERS			    768        759	    9	     800	 99
INDX			    340        329	   11	     352	 97
TEMP			     64 	 0	   64	      64	  0
UNDOTBS1		     23 	 1	   22	      32	  4
SYSAUX			     10 	 5	    5	      32	 50
GINOLAP 		      2 	 2	    0	      32	100
GIN_TS_SUMMARY		      2 	 0	    2	      32	  0
SYSTEM			      2 	 1	    1	      32	 50
GIN_TS_NOLOGGING	      2 	 1	    1	      32	 50
GIN_TS_TX_DATA		      1 	 0	    1	      32	  0

10 rows selected.


no rows selected

********************************************************************************************************************************************************************
###TABLESPACE INFORMATION END###
********************************************************************************************************************************************************************
********************************************************************************************************************************************************************
###RMAN BACKUP INFORMATION START###
********************************************************************************************************************************************************************

COMMAND_ID	     START_TIME 	   TIME_TAKEN_DISPLAY	STATUS		INPUT_TYPE    OUTPUT_DEVICE_TYP INPUT_BYTES_DISPLAY  OUTPUT_BYTES_DISPLAY
-------------------- --------------------- -------------------- --------------- ------------- ----------------- -------------------- --------------------
2024-12-31T00:10:01  31-DEC-24 12:10:15 AM 07:47:04		COMPLETED	DB FULL       DISK		    1.12T	       365.35G
2024-12-30T00:10:01  30-DEC-24 12:10:14 AM 07:50:23		COMPLETED	DB FULL       DISK		    1.12T	       365.37G
2024-12-29T00:10:01  29-DEC-24 12:10:14 AM 07:44:25		COMPLETED	DB FULL       DISK		    1.12T	       364.92G
2024-12-28T00:10:01  28-DEC-24 12:10:14 AM 07:49:54		COMPLETED	DB FULL       DISK		    1.12T	       364.81G
2024-12-27T00:10:01  27-DEC-24 12:10:16 AM 07:56:24		COMPLETED	DB FULL       DISK		    1.12T	       364.34G
2024-12-26T00:10:01  26-DEC-24 12:10:14 AM 07:58:14		COMPLETED	DB FULL       DISK		    1.12T	       363.54G
2024-12-25T00:10:01  25-DEC-24 12:10:17 AM 07:47:35		COMPLETED	DB FULL       DISK		    1.12T	       362.97G
2024-12-24T00:10:01  24-DEC-24 12:10:16 AM 07:52:54		COMPLETED	DB FULL       DISK		    1.12T	       362.63G
2024-12-23T00:10:02  23-DEC-24 12:10:15 AM 07:47:04		COMPLETED	DB FULL       DISK		    1.12T	       362.14G
2024-12-22T00:10:02  22-DEC-24 12:10:16 AM 07:44:34		COMPLETED	DB FULL       DISK		    1.12T	       361.89G

10 rows selected.

********************************************************************************************************************************************************************
###RMAN BACKUP INFORMATION END###
********************************************************************************************************************************************************************
********************************************************************************************************************************************************************
### SCHEMA SIZE INFORMATION START ###
********************************************************************************************************************************************************************

OWNER		     SCHEMA_SIZE_MB SCHEMA_SIZE_GB
-------------------- -------------- --------------
MMPL			 1110402.75	   1084.38
SYSMAN			    3953.88	      3.86
GINARCHIVE		    3865.19	      3.77
SYS			    3736.44	      3.65
MISRETAIL		    2043.81		 2
COGS_MIGRATION		     981.13	       .96
GATEWAY 		     240.38	       .23
GINVIEW 		     207.06		.2
APEX_040200			194	       .19
AUDSYS			     107.81	       .11
MDSYS			      78.69	       .08
XDB			       68.5	       .07
SYSTEM			      32.75	       .03
ORDDATA 		      16.13	       .02
WMSYS			       7.19	       .01
DVSYS			       4.44		 0
CTXSYS			       3.81		 0
GSMADMIN_INTERNAL	       1.38		 0
OUTLN				.56		 0
ORDSYS				.44		 0
SCOTT				.38		 0
OJVMSYS 			.38		 0
LBACSYS 			.31		 0
DBSNMP				.19		 0

24 rows selected.

********************************************************************************************************************************************************************
### SCHEMA SIZE INFORMATION END ###
********************************************************************************************************************************************************************
********************************************************************************************************************************************************************
### DATA DELETION  INFORMATION START ###
********************************************************************************************************************************************************************

OWNER SEGMENT_NAME		     SEGMENT_TY TABLE_NAME		       COLUMN_NAME	    TABLESPA SCHEMA_SIZE_MB SCHEMA_SIZE_GIG
----- ------------------------------ ---------- ------------------------------ -------------------- -------- -------------- ---------------
MMPL  SYS_LOB0000099825C00010$$      LOBSEGMENT DXRECEIVE2		       RECEIVEDATA	    USERS	   14202.13	      13.87
MMPL  SYS_LOB0000099831C00016$$      LOBSEGMENT DXSEND2 		       SENDDATA 	    USERS	    2121.19	       2.07
MMPL  DXSEND2			     TABLE							    USERS	       1089	       1.06
MMPL  DXRECEIVE2		     TABLE							    USERS		497		.49
MMPL  GDS2_WEBHOOK_STATS	     TABLE							    USERS		343		.33
MMPL  MLOG$_PSITE_POSBILL	     TABLE							    USERS		296		.29
MMPL  SYS_LOB0000099757C00013$$      LOBSEGMENT GDS2_WEBHOOK_SUCCESS	       REQUEST_DATA	    USERS	      96.13		.09
MMPL  GDS2_EVENT_TRACK_ARCHIVE	     TABLE							    USERS		 36		.04
MMPL  ADMERRAUDIT		     TABLE							    USERS		 30		.03
MMPL  SYS_LOB0000095099C00002$$      LOBSEGMENT DXSENDDATA		       FILEDATA 	    USERS		  8		.01
MMPL  INT$ERROR_LOG		     TABLE							    USERS		  7		.01
MMPL  DXSENDDATA		     TABLE							    USERS		  6		.01
MMPL  DXRECEIVEDATA		     TABLE							    USERS		  4		  0
MMPL  SYS_LOB0000095096C00002$$      LOBSEGMENT DXRECEIVEDATA		       FILEDATA 	    USERS		  2		  0
MMPL  SYS_LOB0000099808C00018$$      LOBSEGMENT GDS2_WEBHOOK_FAILURE	       RESPONSE_MSG	    USERS	       1.19		  0

15 rows selected.

********************************************************************************************************************************************************************
### DATA DELETION  INFORMATION END ###
********************************************************************************************************************************************************************
********************************************************************************************************************************************************************
### OBJECT INFORMATION ###
********************************************************************************************************************************************************************

SNAP_TIME   OBJECT_NAME 														     BLOCK_CHANGED
----------- -------------------------------------------------------------------------------------------------------------------------------- -------------
24-12-30 19 SEQ$																  55321088
24-12-30 18 SEQ$																  53958944
24-12-30 08 SEQ$																   7522512
24-12-30 10 SEQ$																   6704512
24-12-30 09 SEQ$																   3242272
24-12-30 20 INVSTOCK_LOG															    999840
24-12-30 16 INVSTOCK_LOG															    992976

7 rows selected.

********************************************************************************************************************************************************************
### OBJECT INFORMATION ###
********************************************************************************************************************************************************************
********************************************************************************************************************************************************************
###MOST MODIFIED TABLES###
********************************************************************************************************************************************************************

TABLE_NAME				    INSERTS TIMESTAMP LAST_ANALYZED
---------------------------------------- ---------- --------- ---------------
INVSTOCK				    1174204 31-DEC-24 28-DEC-24
INVSTOCK_LOG				     393022 31-DEC-24 30-DEC-24
PSITE_POSBILLITEM			     187790 31-DEC-24 28-DEC-24
SALCSDET				     124338 31-DEC-24 28-DEC-24
SALORDDET				     122734 31-DEC-24 28-DEC-24
TEMP_INVDCSO_CHECK			     122734 31-DEC-24 28-DEC-24
INVDCDET				     113188 31-DEC-24 28-DEC-24
TEMP_SALINVDET_STAGING			     104971 31-DEC-24 28-DEC-24
SALINVDET				     104959 31-DEC-24 28-DEC-24
INVPICKLISTCONFIRMDET			     102149 31-DEC-24 27-DEC-24
INVPICKLISTDET				     102142 31-DEC-24 28-DEC-24
INVRESERVEDET				     102142 31-DEC-24 27-DEC-24
PSITE_GRCITEM				      97529 31-DEC-24 28-DEC-24
OBJECT_SEGMENT				      71477 31-DEC-24 28-DEC-24
PSITE_EVENT_ARCHIVE			      64618 31-DEC-24 28-DEC-24
PSITE_POSBILLMOP			      59727 31-DEC-24 28-DEC-24
PSITE_POSBILL				      59074 31-DEC-24 28-DEC-24
PSITE_WEB_EVENT_ARCHIVE 		      56862 31-DEC-24 28-DEC-24
PSITE_EMRSUBMIT_QUEUE			      56599 31-DEC-24 28-DEC-24
PSITE_AUDITJOURNALITEM			      51633 31-DEC-24 28-DEC-24
ADMERRAUDIT				      33591 31-DEC-24 30-DEC-24
INT$STG_SO_BARCODE			      33578 31-DEC-24 30-DEC-24
INVGRCCHG_ITEM				      30708 31-DEC-24 28-DEC-24
TEMP_ALLOC_CUSTOMER			      20921 31-DEC-24 28-DEC-24
PSITE_POSSTLMAUDIT_POS			      18879 31-DEC-24 28-DEC-24
PURORDCHG_ITEM				      17556 30-DEC-24 28-DEC-24
INVGRTCHG_ITEM				      16896 31-DEC-24 28-DEC-24
FINPOST 				      12120 31-DEC-24 28-DEC-24
FINCOSTTAG				      11874 31-DEC-24 28-DEC-24
INVSTOCK_INTRA				      11316 31-DEC-24 28-DEC-24
PSITE_POSSTLMSTOCKINFO_POS		      10039 31-DEC-24 28-DEC-24
PURINVCHG_ITEM				       8688 30-DEC-24 28-DEC-24
PURRTCHG_ITEM				       8184 31-DEC-24 28-DEC-24
FINCOSTTAG_CHECK			       7459 31-DEC-24 28-DEC-24
INVDCMAIN				       7347 31-DEC-24 28-DEC-24
INVGRCCHG				       6844 31-DEC-24 28-DEC-24
INVMISCDET				       6319 31-DEC-24 27-DEC-24
PSITE_GRTITEM				       6283 31-DEC-24 28-DEC-24
PSITE_POSBILLITEM_PARK			       5849 31-DEC-24 30-DEC-24
SALRTDET				       5656 31-DEC-24 28-DEC-24
PSITE_PACKETITEM			       5644 31-DEC-24 28-DEC-24
FINPOST_CHECK				       5377 31-DEC-24 28-DEC-24
DXSESSIONLOG2				       4944 31-DEC-24 27-DEC-24
PSITE_CUSTOMER_DIST			       4936 31-DEC-24 28-DEC-24
PSITE_POSSTLMAUDIT_HO			       4725 31-DEC-24 28-DEC-24
DS_JOB_QUEUE				       4692 31-DEC-24 30-DEC-24
STAGING2_AUDITJOURNALITEM		       4593 31-DEC-24 30-DEC-24
INVPUTDET				       4351 30-DEC-24 27-DEC-24
DXRECEIVE2				       3523 31-DEC-24 30-DEC-24
PSITE_POSSTLMSTOCKRECO_POS		       2806 31-DEC-24 28-DEC-24

50 rows selected.


TABLE_NAME				    UPDATES TIMESTAMP LAST_ANALYZED
---------------------------------------- ---------- --------- ---------------
TEMP_INVDCSO_CHECK			    1239321 31-DEC-24 28-DEC-24
INVSTOCK				    1221479 31-DEC-24 28-DEC-24
SALORDDET				     424557 31-DEC-24 28-DEC-24
INVSTOCK_LOG				     391424 31-DEC-24 30-DEC-24
INT$STG_SO_BARCODE			     335780 31-DEC-24 30-DEC-24
INVPICKLISTDET				     193378 31-DEC-24 28-DEC-24
INVDCDET				     120362 31-DEC-24 28-DEC-24
INVSTOCK_ONHAND_AGG			     118119 31-DEC-24 30-DEC-24
INVRESERVEDET				     103956 31-DEC-24 27-DEC-24
INVBINSTOCK_ONHAND			      97583 31-DEC-24 30-DEC-24
INVPICKLISTCONFIRMDET			      89197 31-DEC-24 27-DEC-24
PSITE_GRTITEM				      82441 31-DEC-24 28-DEC-24
FINPOST 				      81908 31-DEC-24 28-DEC-24
FINPOST_CHECK				      81271 31-DEC-24 28-DEC-24
INVSTOCK_ONHAND_STOCKPOINT_AGG		      76945 31-DEC-24 30-DEC-24
DS_POS_STATISTICS			      70994 31-DEC-24 30-DEC-24
INVMISCDET				      64927 31-DEC-24 27-DEC-24
LPCARD_POINT				      50202 31-DEC-24 28-DEC-24
FINCOSTTAG_CHECK			      41020 31-DEC-24 28-DEC-24
INVDCMAIN				      21777 31-DEC-24 28-DEC-24
SALRTDET				      16806 31-DEC-24 28-DEC-24
PRDIS					      14581 30-DEC-24 28-DEC-24
SALORDMAIN				      12755 31-DEC-24 28-DEC-24
DXSESSIONLOG2				       9888 31-DEC-24 27-DEC-24
INVSTOCK_ONHAND_INTRA_AGG		       9490 31-DEC-24 28-DEC-24
INVITEM_PRICE				       9387 31-DEC-24 27-DEC-24
INVGRCDET				       6909 31-DEC-24 28-DEC-24
PURORDDET				       6749 31-DEC-24 28-DEC-24
INVSTKADJDET				       6665 30-DEC-24 27-DEC-24
SALINVMAIN				       6568 31-DEC-24 28-DEC-24
SALRTMAIN				       4656 31-DEC-24 28-DEC-24
INVITEMLASTINWARD			       4349 31-DEC-24 28-DEC-24
PURINVCHG				       4312 30-DEC-24 28-DEC-24
INVGRTDET				       3590 31-DEC-24 28-DEC-24
DXRECEIVE2				       3523 31-DEC-24 30-DEC-24
INVGRCMAIN				       3426 31-DEC-24 28-DEC-24
LPCARD					       3170 31-DEC-24 28-DEC-24
PSITE_ALLOC_ITEM			       3113 31-DEC-24 28-DEC-24
PSITE_CUSTOMER				       2920 31-DEC-24 28-DEC-24
PSITE_GRT				       2710 31-DEC-24 28-DEC-24
PURORDMAIN				       2659 31-DEC-24 28-DEC-24
PSITE_PACKET				       2465 31-DEC-24 28-DEC-24
FINCOSTTAG				       2376 31-DEC-24 28-DEC-24
GRIDSTATE				       2328 31-DEC-24 30-DEC-24
INVGATEIN				       2280 31-DEC-24 27-DEC-24
INVPUTDET				       2176 30-DEC-24 27-DEC-24
ADMLASTDOC				       2146 31-DEC-24 30-DEC-24
INVMISCMAIN				       1698 31-DEC-24 27-DEC-24
PURRTCHG				       1633 31-DEC-24 28-DEC-24
INVSTOCK_INTRA_LOG			       1608 31-DEC-24 30-DEC-24

50 rows selected.


TABLE_NAME				    DELETES TIMESTAMP LAST_ANALYZED
---------------------------------------- ---------- --------- ---------------
INVSTOCK_LOG				     391424 31-DEC-24 30-DEC-24
INVSTOCK				      43453 31-DEC-24 28-DEC-24
INT$STG_SO_BARCODE			      33578 31-DEC-24 30-DEC-24
TEMP_ALLOC_CUSTOMER			      18827 31-DEC-24 28-DEC-24
INVGRTCHG_ITEM				      14760 31-DEC-24 28-DEC-24
PSITE_POSSTLMAUDIT_POS			      14238 31-DEC-24 28-DEC-24
INVGRCCHG_ITEM				      14172 31-DEC-24 28-DEC-24
PSITE_POSBILLITEM			       9300 31-DEC-24 28-DEC-24
PSITE_POSSTLMSTOCKINFO_POS		       7514 31-DEC-24 28-DEC-24
FINCOSTTAG				       6101 31-DEC-24 28-DEC-24
DS_JOB_QUEUE				       4692 31-DEC-24 30-DEC-24
STAGING2_AUDITJOURNALITEM		       4593 31-DEC-24 30-DEC-24
FINCOSTTAG_CHECK			       3262 31-DEC-24 28-DEC-24
PSITE_POSBILLITEM_PARK			       3078 31-DEC-24 30-DEC-24
INVGRCCHG				       2894 31-DEC-24 28-DEC-24
PSITE_POSBILLMOP			       2554 31-DEC-24 28-DEC-24
SALCSDET				       2500 31-DEC-24 28-DEC-24
PSITE_POSBILL				       2480 31-DEC-24 28-DEC-24
INVPUTDET				       2176 30-DEC-24 27-DEC-24
PSITE_POSSTLMSTOCKRECO_POS		       2000 31-DEC-24 28-DEC-24
INVGRTCHG				       1988 31-DEC-24 28-DEC-24
INVSTOCK_INTRA_LOG			       1608 31-DEC-24 30-DEC-24
PSITE_WEB_EVENT 			       1528 31-DEC-24 30-DEC-24
PURORDCHG_ITEM				       1452 30-DEC-24 28-DEC-24
FINPOST_CHECK				       1050 31-DEC-24 28-DEC-24
PSITE_POSBILLMOP_PARK				777 31-DEC-24 30-DEC-24
PSITE_POSBILL_PARK				766 31-DEC-24 30-DEC-24
PSITE_EVENT_TRACKING2				594 31-DEC-24 30-DEC-24
INVTAKEDET					338 31-DEC-24 28-DEC-24
PSITE_POSREPRINTBILLAUDIT			329 31-DEC-24 28-DEC-24
INVGRTDET					268 31-DEC-24 28-DEC-24
FINGL_SITE					191 30-DEC-24 27-DEC-24
PURORDCHG					174 30-DEC-24 28-DEC-24
STAGING2_AUDITJRNASSRTMNT			163 31-DEC-24 30-DEC-24
PURINVCHG_ITEM					138 30-DEC-24 28-DEC-24
TEMP_ALLOC_ARTICLE				110 29-DEC-24 28-DEC-24
STAGING2_AUDITJOURNAL				106 31-DEC-24 30-DEC-24
PSITE_EVENT_TRACKING				 93 31-DEC-24 30-DEC-24
PSITE_POSSTLMAUDIT_HO				 84 31-DEC-24 28-DEC-24
PSITE_POSBILLCNADJ				 71 31-DEC-24 28-DEC-24
TEMP_ALLOC_LPCARD				 66 29-DEC-24 28-DEC-24
PSITE_POSSTLMDETAIL				 64 31-DEC-24 28-DEC-24
INVDCDET					 62 31-DEC-24 28-DEC-24
PSITE_POSSTLMSTOCKINFO_HO			 62 31-DEC-24 28-DEC-24
INVBINADJDET					 51 31-DEC-24 27-DEC-24
PROMO_BUY					 48 30-DEC-24 28-DEC-24
PSITE_POSSTLMSESSION				 48 31-DEC-24 28-DEC-24
PROMO_SLAB					 47 30-DEC-24 28-DEC-24
SALCSMOP					 41 31-DEC-24 28-DEC-24
INT$STG_CREATEITEM				 34 31-DEC-24 30-DEC-24

50 rows selected.

********************************************************************************************************************************************************************
###MOST MODIFIED TABLES###
********************************************************************************************************************************************************************
********************************************************************************************************************************************************************
###MST_STATTAB LAST ANALYZED ###
********************************************************************************************************************************************************************

TABLE_NAME				 DBA_STATISTICS  DBA_TABLES
---------------------------------------- --------------- ---------------
INVSTOCK				 28-DEC-24	 28-DEC-24
PURINVCHG_ITEM				 28-DEC-24	 28-DEC-24
PURINVCHG				 28-DEC-24	 28-DEC-24
PURINVMAIN				 28-DEC-24	 28-DEC-24
PURINVDET				 28-DEC-24	 28-DEC-24
INVGRCCHG_ITEM				 28-DEC-24	 28-DEC-24
INVGRCCHG				 28-DEC-24	 28-DEC-24
INVGRCMAIN				 28-DEC-24	 28-DEC-24
INVGRCDET				 28-DEC-24	 28-DEC-24
SALCSDET				 28-DEC-24	 28-DEC-24
SALCSMAIN				 28-DEC-24	 28-DEC-24
PSITE_POSBILLITEM			 28-DEC-24	 28-DEC-24
PSITE_POSBILL				 28-DEC-24	 28-DEC-24
PSITE_POSBILLMOP			 28-DEC-24	 28-DEC-24
FINPOST 				 28-DEC-24	 28-DEC-24
INVDCDET				 28-DEC-24	 28-DEC-24
TEMP_INVDCSO_CHECK			 28-DEC-24	 28-DEC-24
TEMP_SALINVDET_STAGING			 28-DEC-24	 28-DEC-24
INVDCMAIN				 28-DEC-24	 28-DEC-24
SALORDDET				 28-DEC-24	 28-DEC-24
SALORDMAIN				 28-DEC-24	 28-DEC-24
SALINVCHG_ITEM				 28-DEC-24	 28-DEC-24
SALINVCHG				 28-DEC-24	 28-DEC-24
SALINVMAIN				 28-DEC-24	 28-DEC-24
SALINVDET				 28-DEC-24	 28-DEC-24
FINPOST_CHECK				 28-DEC-24	 28-DEC-24
TEMP_ALLOC_CUSTOMER			 28-DEC-24	 28-DEC-24
PSITE_GRCCHGITEM			 28-DEC-24	 28-DEC-24
PSITE_GRCITEM				 28-DEC-24	 28-DEC-24
PSITE_GRC				 28-DEC-24	 28-DEC-24
PSITE_GRCCHG				 28-DEC-24	 28-DEC-24
SALORDCHG				 28-DEC-24	 28-DEC-24
INVITEMLASTINWARD			 28-DEC-24	 28-DEC-24
SALORDCHG_ITEM				 28-DEC-24	 28-DEC-24
TEMP_ALLOC_ITEM 			 28-DEC-24	 28-DEC-24
PSITE_AUDITJOURNALITEM			 28-DEC-24	 28-DEC-24
PSITE_AUDITJOURNAL			 28-DEC-24	 28-DEC-24
PURRTCHG_ITEM				 28-DEC-24	 28-DEC-24
PURRTCHG				 28-DEC-24	 28-DEC-24
PURRTMAIN				 28-DEC-24	 28-DEC-24
PURRTDET				 28-DEC-24	 28-DEC-24
FINCOSTTAG_CHECK			 28-DEC-24	 28-DEC-24
INVGRTCHG_ITEM				 28-DEC-24	 28-DEC-24
INVGRTCHG				 28-DEC-24	 28-DEC-24
INVGRTMAIN				 28-DEC-24	 28-DEC-24
INVGRTDET				 28-DEC-24	 28-DEC-24
FINCOSTTAG				 28-DEC-24	 28-DEC-24
PSITE_ALLOC_ITEM			 28-DEC-24	 28-DEC-24
PSITE_CUSTOMER				 28-DEC-24	 28-DEC-24
INVBARCODELOG				 28-DEC-24	 28-DEC-24
PRDBOMDET				 28-DEC-24	 28-DEC-24
PRDLOTOPERATION 			 28-DEC-24	 28-DEC-24
PSITE_CUSTOMER_DIST			 28-DEC-24	 28-DEC-24
PRDLOTBOM				 28-DEC-24	 28-DEC-24
INVSTOCK_INTRA				 28-DEC-24	 28-DEC-24
SALRTCHG_ITEM				 28-DEC-24	 28-DEC-24
PRDWIPTRANS				 28-DEC-24	 28-DEC-24
SALRTCHG				 28-DEC-24	 28-DEC-24
SALRTMAIN				 28-DEC-24	 28-DEC-24
SALRTDET				 28-DEC-24	 28-DEC-24
INVSTOCK_ONHAND_INTRA_AGG		 28-DEC-24	 28-DEC-24
PSITE_POSSTLM				 28-DEC-24	 28-DEC-24
PROMO_ASSORTMENT_EXCLUDE		 28-DEC-24	 28-DEC-24
PROMO_ASSORTMENT_INCLUDE		 28-DEC-24	 28-DEC-24
INVPICKLISTDET				 28-DEC-24	 28-DEC-24
PSITE_DELIVERYSLIPITEM			 28-DEC-24	 28-DEC-24
INVPICKLISTMAIN 			 28-DEC-24	 28-DEC-24
PURORDCHG_ITEM				 28-DEC-24	 28-DEC-24
PURORDCHG				 28-DEC-24	 28-DEC-24
PURORDMAIN				 28-DEC-24	 28-DEC-24
PURORDDET				 28-DEC-24	 28-DEC-24
PSITE_POSSTLMAUDIT_POS			 28-DEC-24	 28-DEC-24
PSITE_POSSTLMAUDIT_HO			 28-DEC-24	 28-DEC-24
PSITE_PACKETITEM			 28-DEC-24	 28-DEC-24
PSITE_PACKET				 28-DEC-24	 28-DEC-24
PSITE_SALESPERSON			 28-DEC-24	 28-DEC-24
PSITE_EMRSUBMIT_QUEUE			 28-DEC-24	 28-DEC-24
PSITE_DELIVERYSLIPITEMVOID		 28-DEC-24	 28-DEC-24
INVBINSTOCK_ONHAND			 30-DEC-24	 30-DEC-24
INT$STG_CREATEPO_ALL_FLD		 30-DEC-24	 30-DEC-24
INT$STG_CREATEITEM_ALL_FLD		 30-DEC-24	 30-DEC-24
INVSTOCK_ONHAND_AGG			 30-DEC-24	 30-DEC-24
INVSTOCK_ONHAND_STOCKPOINT_AGG		 30-DEC-24	 30-DEC-24
INVSTOCK_LOG				 30-DEC-24	 30-DEC-24

84 rows selected.

********************************************************************************************************************************************************************
###MST_STATTAB LAST ANALYZED ###
********************************************************************************************************************************************************************
********************************************************************************************************************************************************************
###Archive INFORMATION START###
********************************************************************************************************************************************************************

NAME		     SPACE_LIMIT SPACE_USED SPACE_RECLIMABLE NUMBER_OF_FILES
-------------------- ----------- ---------- ---------------- ---------------
/arch			    1124	375		 370		6084

********************************************************************************************************************************************************************
###Archive INFORMATION END###
********************************************************************************************************************************************************************
