PRODUCTION SERVER DISK SPACE START
********************************************************************************************************************************************************************

Filesystem                     Size  Used Avail Use% Mounted on
/dev/mapper/rhel-root           99G  5.4G   88G   6% /
devtmpfs                        63G     0   63G   0% /dev
tmpfs                           63G     0   63G   0% /dev/shm
tmpfs                           63G   58M   63G   1% /run
tmpfs                           63G     0   63G   0% /sys/fs/cgroup
/dev/sda2                      976M  142M  768M  16% /boot
/dev/sda1                     1022M  9.8M 1013M   1% /boot/efi
/dev/mapper/vg_data-lv_backup  2.4T  1.5T  792G  66% /backup
/dev/mapper/rhel-u01           2.7T  1.2T  1.5T  44% /u01
/dev/mapper/vg_data-lv_arch    886G  478G  363G  57% /arch
tmpfs                           13G   28K   13G   1% /run/user/1001
PRODUCTION SERVER DISK SPACE END
********************************************************************************************************************************************************************
BACKUP SERVER DISK SPACE START
********************************************************************************************************************************************************************
Filesystem                     Size  Used Avail Use% Mounted on
/dev/mapper/rhel-root           99G  5.1G   89G   6% /
devtmpfs                        63G     0   63G   0% /dev
tmpfs                           63G     0   63G   0% /dev/shm
tmpfs                           63G   34M   63G   1% /run
tmpfs                           63G     0   63G   0% /sys/fs/cgroup
/dev/sda2                      976M  142M  768M  16% /boot
/dev/sda1                     1022M  9.8M 1013M   1% /boot/efi
/dev/mapper/vg_data-lv_arch    886G  478G  363G  57% /arch
/dev/mapper/vg_data-lv_backup  2.4T  1.1T  1.2T  49% /backup
/dev/mapper/rhel-u01           2.7T  1.1T  1.5T  41% /u01
tmpfs                           13G   36K   13G   1% /run/user/1001
BACKUP SERVER DISK SPACE END
********************************************************************************************************************************************************************
PRODUCTION LOAD
********************************************************************************************************************************************************************

top - 17:30:01 up 2 days,  4:35,  2 users,  load average: 2.29, 2.81, 2.86
Tasks: 758 total,   4 running, 754 sleeping,   0 stopped,   0 zombie
%Cpu(s):  8.1 us,  3.0 sy,  0.0 ni, 88.6 id,  0.4 wa,  0.0 hi,  0.0 si,  0.0 st
KiB Mem : 13172836+total,   413684 free, 32840340 used, 98474344 buff/cache
KiB Swap: 13421772+total, 13197932+free,  2238396 used. 37682172 avail Mem 

  PID USER      PR  NI    VIRT    RES    SHR S  %CPU %MEM     TIME+ COMMAND
23176 oracle    20   0 65.515g 0.020t 0.020t R 100.0 16.3   4:39.47 ora_j000_g+
25464 oracle    20   0 65.374g 1.408g 1.364g R 100.0  1.1   0:22.60 oracle_254+
27536 oracle    20   0 65.326g 1.530g 1.528g R 100.0  1.2   0:01.34 ora_j004_g+
 2510 oracle    20   0 65.356g  43924  17408 S  18.8  0.0   1:33.98 ora_arc0_g+
  184 root      20   0       0      0      0 S   6.2  0.0  47:08.73 kswapd0
  185 root      20   0       0      0      0 S   6.2  0.0  38:11.86 kswapd1
27605 oracle    20   0 65.329g  27460  24896 S   6.2  0.0   0:00.01 oracle_276+
    1 root      20   0  193304   3232   1832 S   0.0  0.0   2:53.77 systemd
    2 root      20   0       0      0      0 S   0.0  0.0   0:00.14 kthreadd
    3 root      20   0       0      0      0 S   0.0  0.0   0:02.79 ksoftirqd/0
    5 root       0 -20       0      0      0 S   0.0  0.0   0:00.00 kworker/0:+
    8 root      rt   0       0      0      0 S   0.0  0.0   0:02.96 migration/0
    9 root      20   0       0      0      0 S   0.0  0.0   0:00.00 rcu_bh
PRODUCTION LOAD
********************************************************************************************************************************************************************
********************************************************************************************************************************************************************
###LONG RUNNING QUERY FOR MORE THAN ONE MINUTE###
********************************************************************************************************************************************************************

USERNAME			      SID    SERIAL# MINS_RUNNING
------------------------------ ---------- ---------- ------------
CSPL				      200      56351   3.16666667


USERNAME   SID	 SERIA MINS_RUNNING PROGRAM		 SQL_ID        ADDRESS		TERMINAL	     ACTION		  EVENT 	       LOGON_TIME	    WAIT_CLASS
---------- ----- ----- ------------ -------------------- ------------- ---------------- -------------------- -------------------- -------------------- -------------------- ---------------
CSPL	   200	 56351	 3.36666667 oracle@prddb (J000)  2m5ty6d23ccu5 000000105F4E46C8 UNKNOWN 	     MASTERDATA_ETL_JOB   log file switch (pri 31-DEC-2024 17:26:52 Configuration

********************************************************************************************************************************************************************
###LONG RUNNING QUERY FOR MORE THAN ONE MINUTE###
********************************************************************************************************************************************************************
********************************************************************************************************************************************************************
###LOCKING SESSION###
********************************************************************************************************************************************************************

no rows selected


no rows selected

********************************************************************************************************************************************************************
###LOCKING SESSION###
***********************************************************************************************************************
###KILLED SESSION###
***********************************************************************************************************************

  COUNT(1) KILL_TIME	       SESSION_LOGON_TIME
---------- ------------------- -------------------
	 1 2024-12-30 21:00:01 2024-12-30 19:45:51
	 1 2024-12-24 21:00:01 2024-12-24 18:43:01
	 1 2024-12-24 20:30:01 2024-12-24 18:43:01
	 1 2024-12-24 20:00:02 2024-12-24 15:40:27
	 1 2024-12-19 18:30:00 2024-12-19 16:47:29
	 1 2024-12-19 15:30:03 2024-12-19 12:30:02
	 1 2024-12-19 15:00:00 2024-12-19 12:30:02

7 rows selected.

***********************************************************************************************************************
###KILLED SESSION###
***********************************************************************************************************************
********************************************************************************************************************************************************************
********************************************************************************************************************************************************************
###TEMP TABLESPACE###
********************************************************************************************************************************************************************

TABLESPACE			 MB_TOTAL    MB_USED	MB_FREE
------------------------------ ---------- ---------- ----------
TEMP			       65535.9688	  29 65506.9688

********************************************************************************************************************************************************************
###TEMP TABLESPACE###
********************************************************************************************************************************************************************
********************************************************************************************************************************************************************
###SESSION USING TEMP###
********************************************************************************************************************************************************************

SID_SERIAL	USERNAME	OSUSER		     SPID      MODULE			 PROGRAM	    MB_USED TABLESPACE	    STATEMENTS
--------------- --------------- -------------------- --------- ------------------------- --------------- ---------- --------------- ----------
1069,19337	CSPL		V11SERVER$	     27610     DataSync.API		 oracle@prddb		  1 TEMP	    1
1163,21145	CSPL		SYSTEM		     27342     w3wp.exe 		 oracle@prddb		  3 TEMP	    3
12,42633	CSPL		V11SERVER$	     27649     DataSync.API		 oracle@prddb		  1 TEMP	    1
1212,56579	CSPL		V11SERVER$	     27614     DataSync.API		 oracle@prddb		  1 TEMP	    1
1307,48048	CSPL		V11SERVER$	     27636     DataSync.API		 oracle@prddb		  1 TEMP	    1
1308,56704	CSPL		V11SERVER$	     27617     DataSync.API		 oracle@prddb		  1 TEMP	    1
1357,43526	CSPL		V11SERVER$	     27619     DataSync.API		 oracle@prddb		  1 TEMP	    1
1501,60697	CSPL		SYSTEM		     27134     w3wp.exe 		 oracle@prddb		  3 TEMP	    3
195,65250	CSPL		SYSTEM		     26307     w3wp.exe 		 oracle@prddb		  4 TEMP	    4
252,16222	CSPL		SYSTEM		     27136     w3wp.exe 		 oracle@prddb		  3 TEMP	    3
298,10697	CSPL		SYSTEM		     27338     w3wp.exe 		 oracle@prddb		  3 TEMP	    3
58,3477 	CSPL		SYSTEM		     26305     w3wp.exe 		 oracle@prddb		  1 TEMP	    1
626,22596	GININTG 	Administrator	     4832      JDBC Thin Client 	 oracle@prddb		  1 TEMP	    1
676,29417	CSPL		V11SERVER$	     27173     Ginesys.API		 oracle@prddb		  1 TEMP	    1
684,17513	CSPL		V11SERVER$	     27175     Ginesys.API		 oracle@prddb		  1 TEMP	    1
777,27803	CSPL		V11SERVER$	     27546     DataSync.API		 oracle@prddb		  1 TEMP	    1
923,1845	CSPL		V11SERVER$	     27188     Ginesys.API		 oracle@prddb		  1 TEMP	    1
973,4504	CSPL		V11SERVER$	     27628     DataSync.API		 oracle@prddb		  1 TEMP	    1

18 rows selected.

********************************************************************************************************************************************************************
###SESSION USING TEMP###
********************************************************************************************************************************************************************
###UNDO TABLESPACE###
********************************************************************************************************************************************************************

TABLESPACE_NAME 		   SIZEMB    USAGEMB	 FREEMB
------------------------------ ---------- ---------- ----------
UNDOTBS1		       98303.9531   11296.25 87007.7031

********************************************************************************************************************************************************************
###SESSION USING UNDO###
********************************************************************************************************************************************************************

SID_SERIAL	USERNAME	OSUSER		     PROGRAM		       START_TIME	    ACTIVE_UNDO_SIZE_IN_MB
--------------- --------------- -------------------- ------------------------- -------------------- ----------------------
200,56351	CSPL		oracle		     oracle@prddb (J000)       12/31/24 17:29:41		   .765625

********************************************************************************************************************************************************************
###UNDO SEGMENT STATUS###
********************************************************************************************************************************************************************

TABLESPACE		       STATUS	  SUM_IN_MB	COUNTS
------------------------------ --------- ---------- ----------
UNDOTBS1		       ACTIVE		  8	     1
UNDOTBS1		       EXPIRED	   9055.875	   786
UNDOTBS1		       UNEXPIRED   2232.375	   213

********************************************************************************************************************************************************************
********************************************************************************************************************************************************************
###MV LAST REFRESH TIME###
********************************************************************************************************************************************************************

OWNER		MVIEW_NAME		       LAST_REFRESH_DATE
--------------- ------------------------------ -------------------
CSPL		CONTROL_SL_MV		       2024-12-31 17:30:00
CSPL		ITEM_MV 		       2024-12-31 17:30:00
CSPL		COST_SHEET_MV		       2024-12-31 17:30:00
CSPL		INVGRP_MV		       2024-12-31 17:30:01
CSPL		SITE_MV 		       2024-12-31 17:30:01
CSPL		BOM_MV			       2024-12-31 17:30:00
CSPL		COA_MV			       2024-12-31 17:30:00
CSPL		LEDGER_MV		       2024-12-31 17:30:00
CSPL		POS_CUSTOMER_MV 	       2024-12-31 17:30:01
CSPL		PRICE_CHART_MV		       2024-12-31 17:30:01
CSPL		ROUTE_MV		       2024-12-31 17:30:01
CSPL		SALESPERSON_MV		       2024-12-31 17:30:01
CSPL		ADMOU_MV		       2024-12-31 17:30:00

13 rows selected.


no rows selected

********************************************************************************************************************************************************************
###MV LAST REFRESH TIME###
********************************************************************************************************************************************************************
###PROGRAM WISE SESSIONS###
********************************************************************************************************************************************************************

PROGRAM 			    TOTAL_SESSIONS ACTIVE_SESSIONS INACTIVE_SESSIONS
----------------------------------- -------------- --------------- -----------------
oracle@prddb (J007)				 1		 1		   0
oracle@prddb (J006)				 1		 1		   0
sqlplus@prddb (TNS V1-V3)			 1		 1		   0
w3wp.exe					18		 1		  17
oracle@prddb (J004)				 1		 1		   0
oracle@prddb (J001)				 1		 1		   0
oracle@prddb (J005)				 1		 1		   0
oracle@prddb (J002)				 1		 1		   0
oracle@prddb (J003)				 1		 1		   0
oracle@prddb (J000)				 1		 1		   0
GinApps.Scheduler.exe				 2		 0		   2
dis51usr.exe				       231		 0		 231
DataSync.API					14		 0		  14
JDBC Thin Client				20		 0		  20
LaunchPad.exe					 4		 0		   4
oracle@prddb (TNS V1-V3)			 1		 0		   1
DataExchange.exe				 3		 0		   3
Ginesys.API					13		 0		  13
LicenseManager.Service.exe			 1		 0		   1
Planning.Service.exe				 1		 0		   1
SMTPMailer.Service.exe				 1		 0		   1
CPOS.SettlementAuthorization.exe		 3		 0		   3
eWebReportsScheduler.exe			 2		 0		   2
Analytics.exe					 6		 0		   6
Toad.exe					 2		 0		   2
GNFS.Service.exe				 1		 0		   1

26 rows selected.

********************************************************************************************************************************************************************
###TOP CPU CONSUMING SESSION(PROGRAM WISE) START###
********************************************************************************************************************************************************************

      RANK	  SID	 SERIAL# PROGRAM		 CPUMINS LOGON_TIME  ACTION		  EVENT 	       TERMINAL   WAIT_CLASS
---------- ---------- ---------- -------------------- ---------- ----------- -------------------- -------------------- ---------- ---------------
	 1	   99	   26339 dis51usr.exe		   30.86 30-DEC-2024			  SQL*Net message from HO	  Idle
	 2	  626	   22596 JDBC Thin Client	    27.5 29-DEC-2024			  SQL*Net message from unknown	  Idle
	 3	  102	   43712 dis51usr.exe		   23.16 30-DEC-2024			  SQL*Net message from HO	  Idle
	 4	  871	   43387 dis51usr.exe		   20.24 30-DEC-2024			  SQL*Net message from HO	  Idle
	 5	  150	    5295 dis51usr.exe		   19.72 30-DEC-2024			  SQL*Net message from HO	  Idle
	 6	  773	   27379 dis51usr.exe		   19.08 29-DEC-2024			  SQL*Net message from HO	  Idle
	 7	 1211	    9125 dis51usr.exe		   17.48 30-DEC-2024			  SQL*Net message from HO	  Idle
	 8	 1060	   21461 dis51usr.exe		   17.25 30-DEC-2024			  SQL*Net message from HO	  Idle
	 9	  390	   20239 dis51usr.exe		   16.41 30-DEC-2024			  SQL*Net message from HO	  Idle
	10	  776	   46174 eWebReportsScheduler	   15.86 31-DEC-2024			  SQL*Net message from V11SERVER  Idle

10 rows selected.

###TOP CPU CONSUMING SESSION(PROGRAM WISE) END###
********************************************************************************************************************************************************************
###Today Cube Refresh status START###
********************************************************************************************************************************************************************

      CODE DATACUBE_CODE  CUBE_CODE START_TIM END_TIME	RUN_DURATI CREATOR		STATUS		   ERROR_REASON
---------- ------------- ---------- --------- --------- ---------- -------------------- ------------------ ----------------------------------------
    156899	      18       1165 31-DEC-24 31-DEC-24 00:00:05   mohit		Refresh completed
    156898	      18       1165 31-DEC-24 31-DEC-24 00:00:05   LALIT BISHT		Refresh completed
    156897	      18       1165 31-DEC-24 31-DEC-24 00:00:06   mohit		Refresh completed
    156896	       5       1003 31-DEC-24 31-DEC-24 00:16:15   ARJUN		Refresh completed
    156895	      18       1165 31-DEC-24 31-DEC-24 00:00:06   mohit		Refresh completed
    156894	      29       1184 31-DEC-24 31-DEC-24 00:00:30   Amrita Mishra	Refresh completed
    156893	      18       1165 31-DEC-24 31-DEC-24 00:00:06   LALIT BISHT		Refresh completed
    156892	      18       1165 31-DEC-24 31-DEC-24 00:00:05   LALIT BISHT		Refresh completed
    156891	      29       1184 31-DEC-24 31-DEC-24 00:00:21   swati		Refresh completed
    156890	      29       1184 31-DEC-24 31-DEC-24 00:00:29   swati		Refresh completed
    156889	      21       1134 31-DEC-24 31-DEC-24 00:15:41   PRASHANT		Refresh completed
    156888	      19       1002 31-DEC-24 31-DEC-24 00:04:03   PRASHANT		Refresh completed
    156887	      22       1048 31-DEC-24 31-DEC-24 00:00:46   mohit		Refresh completed
    156886	      18       1165 31-DEC-24 31-DEC-24 00:00:06   mohit		Refresh completed
    156885	      19       1002 31-DEC-24 31-DEC-24 00:04:15   ARJUN		Refresh completed
    156884	      18       1165 31-DEC-24 31-DEC-24 00:00:06   LALIT BISHT		Refresh completed
    156883	      22       1048 31-DEC-24 31-DEC-24 00:00:43   mohit		Refresh completed
    156882	       5       1003 31-DEC-24 31-DEC-24 00:15:22   ARJUN		Refresh completed
    156881	      18       1165 31-DEC-24 31-DEC-24 00:00:07   LALIT BISHT		Refresh completed
    156880	      18       1165 31-DEC-24 31-DEC-24 00:00:06   LALIT BISHT		Refresh completed
    156879	      18       1165 31-DEC-24 31-DEC-24 00:00:06   LALIT BISHT		Refresh completed
    156878	      21       1134 31-DEC-24 31-DEC-24 00:15:30   ARJUN		Refresh completed
    156877	      18       1165 31-DEC-24 31-DEC-24 00:00:05   mohit		Refresh completed
    156876	      29       1184 31-DEC-24 31-DEC-24 00:00:27   swati		Refresh completed
    156875	      18       1165 31-DEC-24 31-DEC-24 00:00:06   LALIT BISHT		Refresh completed
    156874	      36	945 31-DEC-24 31-DEC-24 00:09:37   Deepak		Refresh completed
    156873	      19       1002 31-DEC-24 31-DEC-24 00:04:01   RAJA 		Refresh completed
    156872	      29       1184 31-DEC-24 31-DEC-24 00:00:27   MnS			Refresh completed
    156871	     106       1096 31-DEC-24 31-DEC-24 00:03:11   DHEERAJ		Refresh completed
    156870	      19       1160 31-DEC-24 31-DEC-24 00:00:49   DHEERAJ		Refresh completed
    156869	      36	945 31-DEC-24 31-DEC-24 00:03:05   RAJU 		Refresh completed
    156868	      36	945 31-DEC-24 31-DEC-24 00:00:09   RAJU 		Refresh completed
    156867	      29	835 31-DEC-24 31-DEC-24 00:18:22   RAJU 		Refresh completed

33 rows selected.

###Today Cube Refresh status END###
********************************************************************************************************************************************************************
********************************************************************************************************************************************************************
###CURRENT ARCHIVE GENERATED###
********************************************************************************************************************************************************************

DAY	    NUM_ARCHIVES_GENERATED ARCHIVE_SIZE_GB
----------- ---------------------- ---------------
2024-12-31		       880	     59.97
2024-12-30		      1158	     97.87
2024-12-29		       820	     56.52
2024-12-28		      1015	     72.45
2024-12-27		       847	     45.26

********************************************************************************************************************************************************************
###CURRENT ARCHIVE GENERATED###
********************************************************************************************************************************************************************
