PRODUCTION SERVER DISK SPACE START
********************************************************************************************************************************************************************

Filesystem                   Size  Used Avail Use% Mounted on
/dev/mapper/rhel_prd-root    296G   13G  268G   5% /
devtmpfs                      63G     0   63G   0% /dev
tmpfs                         63G  1.7M   63G   1% /dev/shm
tmpfs                         63G  3.3G   60G   6% /run
tmpfs                         63G     0   63G   0% /sys/fs/cgroup
/dev/sda                     1.8T  1.5T  196G  89% /u01
/dev/sdb2                    976M  135M  775M  15% /boot
/dev/sdc                     1.8T   77M  1.7T   1% /u02
/dev/sdb1                   1022M  9.8M 1013M   1% /boot/efi
/dev/mapper/rhel_prd-arch    1.4T  1.1T  268G  80% /arch
/dev/mapper/rhel_prd-backup  2.6T  1.5T  987G  60% /backup
tmpfs                         13G   40K   13G   1% /run/user/1001
tmpfs                         13G  4.0K   13G   1% /run/user/42
PRODUCTION SERVER DISK SPACE END
********************************************************************************************************************************************************************
BACKUP SERVER DISK SPACE START
********************************************************************************************************************************************************************
Filesystem                     Size  Used Avail Use% Mounted on
/dev/mapper/rhel_prdbk-root    296G  7.1G  274G   3% /
devtmpfs                        63G     0   63G   0% /dev
tmpfs                           63G     0   63G   0% /dev/shm
tmpfs                           63G  1.1G   62G   2% /run
tmpfs                           63G     0   63G   0% /sys/fs/cgroup
/dev/sdb2                      976M  135M  775M  15% /boot
/dev/sda                       1.8T  1.4T  317G  82% /u01
/dev/sdc                       1.8T   77M  1.7T   1% /u02
/dev/sdb1                     1022M  9.8M 1013M   1% /boot/efi
/dev/mapper/rhel_prdbk-backup  2.6T  2.1T  404G  84% /backup
/dev/mapper/rhel_prdbk-arch    1.4T  1.1T  268G  80% /arch
tmpfs                           13G  4.0K   13G   1% /run/user/42
tmpfs                           13G   44K   13G   1% /run/user/1001
BACKUP SERVER DISK SPACE END
********************************************************************************************************************************************************************
PRODUCTION LOAD
********************************************************************************************************************************************************************

top - 17:00:01 up 54 days,  8:20,  2 users,  load average: 6.32, 4.55, 3.26
Tasks: 656 total,  11 running, 645 sleeping,   0 stopped,   0 zombie
%Cpu(s): 23.9 us,  5.3 sy,  0.0 ni, 62.3 id,  8.5 wa,  0.0 hi,  0.0 si,  0.0 st
KiB Mem : 13147200+total,  3566840 free, 21410888 used, 10649427+buff/cache
KiB Swap: 13421772+total, 12543613+free,  8781588 used. 47189788 avail Mem 

   PID USER      PR  NI    VIRT    RES    SHR S  %CPU %MEM     TIME+ COMMAND
421317 oracle    20   0   64.4g   2.7g   2.6g R 100.0  2.1   1:00.01 oracle_42+
421333 oracle    20   0   64.3g   1.6g   1.6g R 100.0  1.2   0:02.07 oracle_42+
421298 oracle    20   0   65.7g   6.5g   5.1g R  94.1  5.2   1:49.76 oracle_42+
421329 oracle    20   0   64.3g   2.9g   2.8g R  94.1  2.3   0:16.52 oracle_42+
421323 oracle    20   0   64.3g   2.5g   2.5g R  88.2  2.0   0:08.89 oracle_42+
421632 oracle    20   0  268432  42428   4436 R  88.2  0.0   0:00.41 aws
421691 oracle    20   0  284052  38660   5020 R  88.2  0.0   0:00.37 aws
417766 oracle    20   0   64.5g   8.1g   7.9g R  76.5  6.4   3:20.51 ora_j001_+
 22140 oracle    20   0   64.3g  42.8g  42.8g D  35.3 34.1 418:49.55 ora_dbw0_+
 22152 oracle    20   0   64.3g  42.8g  42.8g R  35.3 34.1 423:29.68 ora_dbw1_+
 22171 oracle    20   0   64.3g  42.8g  42.7g D  35.3 34.1 415:47.74 ora_dbw3_+
 22163 oracle    20   0   64.3g  42.8g  42.8g R  29.4 34.1 425:57.86 ora_dbw2_+
421302 oracle    20   0   64.3g   1.9g   1.9g S  11.8  1.5   0:18.82 oracle_42+
PRODUCTION LOAD
********************************************************************************************************************************************************************
********************************************************************************************************************************************************************
###LONG RUNNING QUERY FOR MORE THAN ONE MINUTE###
********************************************************************************************************************************************************************

USERNAME			      SID    SERIAL# MINS_RUNNING
------------------------------ ---------- ---------- ------------
SSRK				     4724      40483   3.23333333
MISRETAIL			     5438      56905   1.91666667


USERNAME   SID	 SERIA MINS_RUNNING PROGRAM		 SQL_ID        ADDRESS		TERMINAL	     ACTION		  EVENT 	       LOGON_TIME	    WAIT_CLASS
---------- ----- ----- ------------ -------------------- ------------- ---------------- -------------------- -------------------- -------------------- -------------------- ---------------
SSRK	   4724  40483	 3.31666667 oracle@prd (J001)	 9rq1rpdfpbrjf 0000000FFEC6C350 UNKNOWN 	     MASTERDATA_ETL_JOB   direct path write te 31-DEC-2024 16:56:47 User I/O
MISRETAIL  5438  56905		  2 w3wp.exe		 6nhs4yjh8qjra 00000001E2D43758 CKHO					  direct path write te 31-DEC-2024 16:58:07 User I/O

********************************************************************************************************************************************************************
###LONG RUNNING QUERY FOR MORE THAN ONE MINUTE###
********************************************************************************************************************************************************************
********************************************************************************************************************************************************************
###LOCKING SESSION###
********************************************************************************************************************************************************************

no rows selected


no rows selected

********************************************************************************************************************************************************************
###LOCKING SESSION###
***********************************************************************************************************************
###KILLED SESSION###
***********************************************************************************************************************

  COUNT(1) KILL_TIME	       SESSION_LOGON_TIME
---------- ------------------- -------------------
	 1 2024-11-27 19:00:02 2024-11-27 17:40:55

***********************************************************************************************************************
###KILLED SESSION###
***********************************************************************************************************************
********************************************************************************************************************************************************************
********************************************************************************************************************************************************************
###TEMP TABLESPACE###
********************************************************************************************************************************************************************

TABLESPACE			 MB_TOTAL    MB_USED	MB_FREE
------------------------------ ---------- ---------- ----------
TEMP				    65534	6701	  58833

********************************************************************************************************************************************************************
###TEMP TABLESPACE###
********************************************************************************************************************************************************************
********************************************************************************************************************************************************************
###SESSION USING TEMP###
********************************************************************************************************************************************************************

SID_SERIAL	USERNAME	OSUSER		     SPID      MODULE			 PROGRAM	    MB_USED TABLESPACE	    STATEMENTS
--------------- --------------- -------------------- --------- ------------------------- --------------- ---------- --------------- ----------
1421,23288	REPORT		CS9866		     404765    SQL Developer		 oracle@prd		329 TEMP	    2
1427,39363	SSRK		LOCAL SERVICE	     421578    GDS.EventBusRunner.exe	 oracle@prd		  1 TEMP	    1
1893,59107	SSRK		Administrator	     15921     TOAD 12.9.0.71		 oracle@prd		  1 TEMP	    1
2362,8068	CK_A2166	A2166		     383360    SQL Developer		 oracle@prd		  3 TEMP	    2
2836,46857	SSRK		SYSTEM		     421284    w3wp.exe 		 oracle@prd		  3 TEMP	    3
2839,56636	SSRK		Administrator	     421600    GDS.EventBusRunner.exe	 oracle@prd		  1 TEMP	    1
4019,59709	MISRETAIL	Administrator	     294845    TOAD 12.9.0.71		 oracle@prd		  1 TEMP	    1
4491,29631	SSRK		SYSTEM		     421317    w3wp.exe 		 oracle@prd		  3 TEMP	    3
4724,40483	SSRK		oracle		     417766    DBMS_SCHEDULER		 oracle@prd (J00       5682 TEMP	    3
4729,13869	SSRK		SYSTEM		     421319    w3wp.exe 		 oracle@prd		  3 TEMP	    3
481,17124	SSRK		SYSTEM		     420891    w3wp.exe 		 oracle@prd		  3 TEMP	    3
4962,16783	SSRK		SYSTEM		     421321    w3wp.exe 		 oracle@prd		  3 TEMP	    3
5432,30826	SSRK		SYSTEM		     421325    w3wp.exe 		 oracle@prd		  3 TEMP	    3
5438,56905	MISRETAIL	SYSTEM		     421298    w3wp.exe 		 oracle@prd		650 TEMP	    1
5675,28494	SSRK		SYSTEM		     421323    w3wp.exe 		 oracle@prd		  3 TEMP	    3
5909,60410	SSRK		SYSTEM		     421327    w3wp.exe 		 oracle@prd		  3 TEMP	    3
6146,53980	SSRK		SYSTEM		     421329    w3wp.exe 		 oracle@prd		  3 TEMP	    3
6848,32607	MISRETAIL	Administrator	     367863    TOAD 12.9.0.71		 oracle@prd		  1 TEMP	    1
712,11651	SSRK		SYSTEM		     421228    GinApps.Scheduler.exe	 oracle@prd		  1 TEMP	    1
716,10224	SSRK		DB citykart	     73380     TOAD 12.9.0.71		 oracle@prd		  1 TEMP	    1
8,65049 	SSRK		SYSTEM		     421102    OLAP_CUBE		 oracle@prd		  3 TEMP	    3

21 rows selected.

********************************************************************************************************************************************************************
###SESSION USING TEMP###
********************************************************************************************************************************************************************
###UNDO TABLESPACE###
********************************************************************************************************************************************************************

TABLESPACE_NAME 		   SIZEMB    USAGEMB	 FREEMB
------------------------------ ---------- ---------- ----------
UNDOTBS1		       98303.9531  31446.125 66857.8281

********************************************************************************************************************************************************************
###SESSION USING UNDO###
********************************************************************************************************************************************************************

SID_SERIAL	USERNAME	OSUSER		     PROGRAM		       START_TIME	    ACTIVE_UNDO_SIZE_IN_MB
--------------- --------------- -------------------- ------------------------- -------------------- ----------------------
5438,56905	MISRETAIL	SYSTEM		     w3wp.exe		       12/31/24 16:58:06		577.585938
4724,40483	SSRK		oracle		     oracle@prd (J001)	       12/31/24 16:58:07		  .0078125

********************************************************************************************************************************************************************
###UNDO SEGMENT STATUS###
********************************************************************************************************************************************************************

TABLESPACE_NAME 	       SIZE_MB	       USAGE_MB        FREE_MB
------------------------------ --------------- --------------- ---------------
UNDOTBS1		       98303.953125    31454.125       66849.828125


TABLESPACE		       STATUS	 SUM_IN_MB	 COUNTS
------------------------------ --------- --------------- ---------------
UNDOTBS1		       ACTIVE	 1409		 97
UNDOTBS1		       EXPIRED	 25842.6875	 1079
UNDOTBS1		       UNEXPIRED 4210.4375	 270

********************************************************************************************************************************************************************
###UNDO SEGMENT STATUS###
********************************************************************************************************************************************************************
********************************************************************************************************************************************************************
###MV LAST REFRESH TIME###
********************************************************************************************************************************************************************

OWNER		MVIEW_NAME		       LAST_REFRESH_DATE
--------------- ------------------------------ -------------------
SSRK		POS_CUSTOMER_MV 	       2024-12-31 16:58:54
SSRK		PRICE_CHART_MV		       2024-12-31 16:58:54
SSRK		ROUTE_MV		       2024-12-31 16:58:54
SSRK		SALESPERSON_MV		       2024-12-31 16:58:54
SSRK		ADMOU_MV		       2024-12-31 16:58:54
SSRK		LEDGER_MV		       2024-12-31 16:58:52
SSRK		CONTROL_SL_MV		       2024-12-31 16:58:54
SSRK		MD_REGEX_MVIEW		       2023-06-14 13:54:36
SSRK		ITEM_MV 		       2024-12-31 16:58:52
SSRK		MD_REGEX_SCHEMA_MVIEW	       2023-06-14 13:54:36
SSRK		MD_REGEX_CATALOG_MVIEW	       2023-06-14 13:54:36
SSRK		BOM_MV			       2024-12-31 16:58:52
SSRK		COA_MV			       2024-12-31 16:58:52
SSRK		INVGRP_MV		       2024-12-31 16:58:54
SSRK		COST_SHEET_MV		       2024-12-31 16:58:52
SSRK		SITE_MV 		       2024-12-31 16:58:54

16 rows selected.


no rows selected

********************************************************************************************************************************************************************
###MV LAST REFRESH TIME###
********************************************************************************************************************************************************************
###PROGRAM WISE SESSIONS###
********************************************************************************************************************************************************************

PROGRAM 			    TOTAL_SESSIONS ACTIVE_SESSIONS INACTIVE_SESSIONS
----------------------------------- -------------- --------------- -----------------
w3wp.exe					32		 3		  29
GDS.EventBusRunner				 2		 2		   0
oracle@prd (J004)				 1		 1		   0
oracle@prd (J001)				 1		 1		   0
oracle@prd (J002)				 1		 1		   0
oracle@prd (J000)				 1		 1		   0
oracle@prd (J005)				 1		 1		   0
sqlplus@prd (TNS V1-V3) 			 1		 1		   0
GinApps.Scheduler.exe				19		 1		  18
oracle@prd (J003)				 1		 1		   0
oracle@prd (J006)				 1		 1		   0
dis51usr.exe					 6		 0		   6
LaunchPad.exe					 2		 0		   2
DataExchange.exe				 3		 0		   3
LicenseManager.Service.exe			 1		 0		   1
Planning.Service.exe				 1		 0		   1
Finance.API					 1		 0		   1
eWebReportsScheduler.exe			 2		 0		   2
SMTPMailer.Service.exe				 1		 0		   1
GNFS.Service.exe				 1		 0		   1
oracle@prd (TNS V1-V3)				 5		 0		   5
GDS.EventBusRunner.exe				 2		 0		   2
JDBC Thin Client				20		 0		  20
Toad.exe					 5		 0		   5
SQL Developer					 2		 0		   2

25 rows selected.

********************************************************************************************************************************************************************
###TOP CPU CONSUMING SESSION(PROGRAM WISE) START###
********************************************************************************************************************************************************************

      RANK	  SID	 SERIAL# PROGRAM		 CPUMINS LOGON_TIME  ACTION		  EVENT 	       TERMINAL   WAIT_CLASS
---------- ---------- ---------- -------------------- ---------- ----------- -------------------- -------------------- ---------- ---------------
	 1	 2125	   27366 oracle@prd (DBRM)	  256.13 07-NOV-2024			  rdbms ipc message    UNKNOWN	  Idle
	 2	 5901	   30569 oracle@prd (MMNL)	  167.94 07-NOV-2024			  rdbms ipc message    UNKNOWN	  Idle
	 3	 1893	   59107 Toad.exe		  156.73 25-NOV-2024			  SQL*Net message from CKVW16SCMD Idle
	 4	 3779	   57197 JDBC Thin Client	  134.64 06-DEC-2024			  SQL*Net message from unknown	  Idle
	 5	 5665	   27526 oracle@prd (MMON)	   95.23 07-NOV-2024			  rdbms ipc message    UNKNOWN	  Idle
	 6	 1890	   42605 oracle@prd (CJQ0)	   28.62 07-NOV-2024			  rdbms ipc message    UNKNOWN	  Idle
	 7	 2834	    7998 JDBC Thin Client	   27.34 19-DEC-2024			  SQL*Net message from unknown	  Idle
	 8	    9	   20785 w3wp.exe		   15.15 31-DEC-2024			  SQL*Net message from CITYKARTAP Idle
	 9	 7319	   17793 w3wp.exe		   15.08 31-DEC-2024			  SQL*Net message from CITYKARTAP Idle
	10	  483	   65131 w3wp.exe		    14.8 31-DEC-2024			  SQL*Net message from CITYKARTAP Idle

10 rows selected.

###TOP CPU CONSUMING SESSION(PROGRAM WISE) END###
********************************************************************************************************************************************************************
###Today Cube Refresh status START###
********************************************************************************************************************************************************************

      CODE DATACUBE_CODE  CUBE_CODE START_TIM END_TIME	RUN_DURATI CREATOR		STATUS		   ERROR_REASON
---------- ------------- ---------- --------- --------- ---------- -------------------- ------------------ ----------------------------------------
    137012	      27	 15 31-DEC-24			   Sandeep Negi 	In-Progress
    137011	       8	765 31-DEC-24 31-DEC-24 00:01:02   Lalat		Refresh completed
    137010	      11	863 31-DEC-24 31-DEC-24 00:00:06   Lalat		Refresh completed
    137009	      11	863 31-DEC-24 31-DEC-24 00:00:08   Lalat		Refresh completed
    137008	      22	550 31-DEC-24 31-DEC-24 00:00:23   Reports		Refresh completed
    137007	      22	550 31-DEC-24 31-DEC-24 00:00:22   Reports		Refresh completed
    137006	      22	550 31-DEC-24 31-DEC-24 00:00:23   Reports		Refresh completed
    137005	      22	550 31-DEC-24 31-DEC-24 00:00:21   Reports		Refresh completed
    137004	      22	550 31-DEC-24 31-DEC-24 00:00:29   Reports		Refresh completed
    137003	      22	550 31-DEC-24 31-DEC-24 00:00:26   Reports		Refresh completed
    137002	      35	873 31-DEC-24 31-DEC-24 00:12:28   Sandeep Negi 	Refresh completed
    137001	      40	586 31-DEC-24 31-DEC-24 00:00:01   Vicky		Failed		   This Cube refresh is not supported from
    137000	      32	196 31-DEC-24 31-DEC-24 00:07:45   Reports		Refresh completed
    136999	      35	806 31-DEC-24 31-DEC-24 00:06:59   Sandeep Negi 	Refresh completed
    136998	      37	807 31-DEC-24 31-DEC-24 00:00:03   Sandeep Negi 	Refresh completed
    136997	       1	875 31-DEC-24 31-DEC-24 00:30:58   Sandeep Negi 	Refresh completed
    136996	      36	805 31-DEC-24 31-DEC-24 00:10:27   Sandeep Negi 	Refresh completed
    136995	      35	843 31-DEC-24 31-DEC-24 00:15:24   Sandeep Negi 	Refresh completed
    136994	      31	 90 31-DEC-24 31-DEC-24 00:06:51   Sandeep Negi 	Refresh completed
    136993	      60	254 31-DEC-24 31-DEC-24 00:01:14   Sandeep Negi 	Refresh completed
    136992	      62	587 31-DEC-24 31-DEC-24 00:02:08   Ashutosh		Refresh completed
    136991	      37	842 31-DEC-24 31-DEC-24 00:00:04   Sandeep Negi 	Refresh completed
    136990	      36	844 31-DEC-24 31-DEC-24 00:11:10   Sandeep Negi 	Refresh completed
    136989	      11	812 31-DEC-24 31-DEC-24 00:00:17   Ginesys		Refresh completed
    136988	      19	620 31-DEC-24 31-DEC-24 00:00:58   Ashutosh		Refresh completed
    136987	      36	874 31-DEC-24 31-DEC-24 00:12:33   Sandeep Negi 	Refresh completed
    136986	      77	849 31-DEC-24 31-DEC-24 01:10:32   Sandeep Negi 	Refresh completed
    136985	       2	533 31-DEC-24 31-DEC-24 00:00:47   Vicky		Refresh completed
    136984	       1	539 31-DEC-24 31-DEC-24 03:04:21   Suraj		Refresh completed
    136983	      37	872 31-DEC-24 31-DEC-24 00:00:06   Sandeep Negi 	Refresh completed
    136982	      32	809 31-DEC-24 31-DEC-24 00:30:16   Sandeep Negi 	Refresh completed
    136981	      77	834 31-DEC-24 31-DEC-24 00:55:40   Ginesys		Refresh completed
    136980	      71	724 31-DEC-24 31-DEC-24 00:03:59   Sandeep Negi 	Refresh completed
    136979	      11	723 31-DEC-24 31-DEC-24 00:00:17   Ashutosh		Refresh completed
    136978	      29	692 31-DEC-24 31-DEC-24 01:52:56   Ashutosh		Refresh completed
    136977	      29	301 31-DEC-24 31-DEC-24 00:15:07   Vicky		Refresh completed
    136976	      14	681 31-DEC-24 31-DEC-24 01:16:07   Ashutosh		Refresh completed
    136975	       5	540 31-DEC-24 31-DEC-24 01:12:14   Reports		Refresh completed
    136974	      28	871 31-DEC-24 31-DEC-24 00:21:16   Sandeep Negi 	Refresh completed
    136973	      25	379 31-DEC-24 31-DEC-24 00:54:08   Nisha		Refresh completed
    136972	      27	 15 31-DEC-24 31-DEC-24 00:06:13   Sandeep Negi 	Refresh completed
    136971	      22	550 31-DEC-24 31-DEC-24 00:00:23   Reports		Refresh completed
    136970	      77	532 31-DEC-24 31-DEC-24 00:36:58   Vicky		Refresh completed
    136969	      21	549 31-DEC-24 31-DEC-24 00:05:40   Reports		Refresh completed
    136968	     104	745 31-DEC-24 31-DEC-24 00:00:03   Sandeep Negi 	Refresh completed
    136967	     114	856 31-DEC-24 31-DEC-24 00:32:27   Ginesys		Refresh completed
    136966	      27	791 31-DEC-24 31-DEC-24 00:06:45   Ginesys		Refresh completed
    136965	      18	564 31-DEC-24 31-DEC-24 00:00:14   Reports		Refresh completed
    136964	      24	 25 31-DEC-24 31-DEC-24 00:02:17   Reports		Refresh completed

49 rows selected.

###Today Cube Refresh status END###
********************************************************************************************************************************************************************
********************************************************************************************************************************************************************
###CURRENT ARCHIVE GENERATED###
********************************************************************************************************************************************************************

DAY	    NUM_ARCHIVES_GENERATED ARCHIVE_SIZE_GB
----------- ---------------------- ---------------
2024-12-31		      2428	    219.77
2024-12-30		      3164	    276.21
2024-12-29		      2692	    228.16
2024-12-28		      2777	    238.84
2024-12-27		      2605	    221.66

********************************************************************************************************************************************************************
###CURRENT ARCHIVE GENERATED###
********************************************************************************************************************************************************************
